params: J2= 1.0 Lx= 4 Lt= 4 bounds= 0 0
32
mf=[[ 1.0000000e+00  1.0000000e+00  1.0000000e+00  0.0000000e+00
   0.0000000e+00  0.0000000e+00  0.0000000e+00  0.0000000e+00
   0.0000000e+00  0.0000000e+00]
 [ 1.0000000e+00  1.0000000e+00  6.1232340e-17  0.0000000e+00
  -1.0000000e+00  0.0000000e+00  0.0000000e+00  0.0000000e+00
   0.0000000e+00  0.0000000e+00]
 [ 1.0000000e+00  1.0000000e+00 -1.0000000e+00  0.0000000e+00
   3.6739404e-16  0.0000000e+00  0.0000000e+00  0.0000000e+00
   0.0000000e+00  0.0000000e+00]
 [ 1.0000000e+00  1.0000000e+00 -1.8369702e-16  0.0000000e+00
   1.0000000e+00  0.0000000e+00  0.0000000e+00  0.0000000e+00
   0.0000000e+00  0.0000000e+00]
 [ 1.0000000e+00  6.1232340e-17  1.0000000e+00 -1.0000000e+00
   0.0000000e+00  0.0000000e+00  0.0000000e+00  0.0000000e+00
   0.0000000e+00  0.0000000e+00]
 [ 1.0000000e+00  6.1232340e-17  6.1232340e-17 -1.0000000e+00
  -1.0000000e+00  0.0000000e+00  0.0000000e+00  0.0000000e+00
   0.0000000e+00  0.0000000e+00]
 [ 1.0000000e+00  6.1232340e-17 -1.0000000e+00 -1.0000000e+00
   3.6739404e-16  0.0000000e+00  0.0000000e+00  0.0000000e+00
   0.0000000e+00  0.0000000e+00]
 [ 1.0000000e+00  6.1232340e-17 -1.8369702e-16 -1.0000000e+00
   1.0000000e+00  0.0000000e+00  0.0000000e+00  0.0000000e+00
   0.0000000e+00  0.0000000e+00]
 [ 1.0000000e+00 -1.0000000e+00  1.0000000e+00  3.6739404e-16
   0.0000000e+00  0.0000000e+00  0.0000000e+00  0.0000000e+00
   0.0000000e+00  0.0000000e+00]
 [ 1.0000000e+00 -1.0000000e+00  6.1232340e-17  3.6739404e-16
  -1.0000000e+00  0.0000000e+00  0.0000000e+00  0.0000000e+00
   0.0000000e+00  0.0000000e+00]
 [ 1.0000000e+00 -1.0000000e+00 -1.0000000e+00  3.6739404e-16
   3.6739404e-16  0.0000000e+00  0.0000000e+00  0.0000000e+00
   0.0000000e+00  0.0000000e+00]
 [ 1.0000000e+00 -1.0000000e+00 -1.8369702e-16  3.6739404e-16
   1.0000000e+00  0.0000000e+00  0.0000000e+00  0.0000000e+00
   0.0000000e+00  0.0000000e+00]
 [ 1.0000000e+00 -1.8369702e-16  1.0000000e+00  1.0000000e+00
   0.0000000e+00  0.0000000e+00  0.0000000e+00  0.0000000e+00
   0.0000000e+00  0.0000000e+00]
 [ 1.0000000e+00 -1.8369702e-16  6.1232340e-17  1.0000000e+00
  -1.0000000e+00  0.0000000e+00  0.0000000e+00  0.0000000e+00
   0.0000000e+00  0.0000000e+00]
 [ 1.0000000e+00 -1.8369702e-16 -1.0000000e+00  1.0000000e+00
   3.6739404e-16  0.0000000e+00  0.0000000e+00  0.0000000e+00
   0.0000000e+00  0.0000000e+00]
 [ 1.0000000e+00 -1.8369702e-16 -1.8369702e-16  1.0000000e+00
   1.0000000e+00  0.0000000e+00  0.0000000e+00  0.0000000e+00
   0.0000000e+00  0.0000000e+00]
 [ 0.0000000e+00  0.0000000e+00  0.0000000e+00  0.0000000e+00
   0.0000000e+00  1.0000000e+00  1.0000000e+00  1.0000000e+00
   0.0000000e+00  0.0000000e+00]
 [ 0.0000000e+00  0.0000000e+00  0.0000000e+00  0.0000000e+00
   0.0000000e+00  1.0000000e+00  1.0000000e+00  6.1232340e-17
   0.0000000e+00 -1.0000000e+00]
 [ 0.0000000e+00  0.0000000e+00  0.0000000e+00  0.0000000e+00
   0.0000000e+00  1.0000000e+00  1.0000000e+00 -1.0000000e+00
   0.0000000e+00  3.6739404e-16]
 [ 0.0000000e+00  0.0000000e+00  0.0000000e+00  0.0000000e+00
   0.0000000e+00  1.0000000e+00  1.0000000e+00 -1.8369702e-16
   0.0000000e+00  1.0000000e+00]
 [ 0.0000000e+00  0.0000000e+00  0.0000000e+00  0.0000000e+00
   0.0000000e+00  1.0000000e+00  6.1232340e-17  1.0000000e+00
  -1.0000000e+00  0.0000000e+00]
 [ 0.0000000e+00  0.0000000e+00  0.0000000e+00  0.0000000e+00
   0.0000000e+00  1.0000000e+00  6.1232340e-17  6.1232340e-17
  -1.0000000e+00 -1.0000000e+00]
 [ 0.0000000e+00  0.0000000e+00  0.0000000e+00  0.0000000e+00
   0.0000000e+00  1.0000000e+00  6.1232340e-17 -1.0000000e+00
  -1.0000000e+00  3.6739404e-16]
 [ 0.0000000e+00  0.0000000e+00  0.0000000e+00  0.0000000e+00
   0.0000000e+00  1.0000000e+00  6.1232340e-17 -1.8369702e-16
  -1.0000000e+00  1.0000000e+00]
 [ 0.0000000e+00  0.0000000e+00  0.0000000e+00  0.0000000e+00
   0.0000000e+00  1.0000000e+00 -1.0000000e+00  1.0000000e+00
   3.6739404e-16  0.0000000e+00]
 [ 0.0000000e+00  0.0000000e+00  0.0000000e+00  0.0000000e+00
   0.0000000e+00  1.0000000e+00 -1.0000000e+00  6.1232340e-17
   3.6739404e-16 -1.0000000e+00]
 [ 0.0000000e+00  0.0000000e+00  0.0000000e+00  0.0000000e+00
   0.0000000e+00  1.0000000e+00 -1.0000000e+00 -1.0000000e+00
   3.6739404e-16  3.6739404e-16]
 [ 0.0000000e+00  0.0000000e+00  0.0000000e+00  0.0000000e+00
   0.0000000e+00  1.0000000e+00 -1.0000000e+00 -1.8369702e-16
   3.6739404e-16  1.0000000e+00]
 [ 0.0000000e+00  0.0000000e+00  0.0000000e+00  0.0000000e+00
   0.0000000e+00  1.0000000e+00 -1.8369702e-16  1.0000000e+00
   1.0000000e+00  0.0000000e+00]
 [ 0.0000000e+00  0.0000000e+00  0.0000000e+00  0.0000000e+00
   0.0000000e+00  1.0000000e+00 -1.8369702e-16  6.1232340e-17
   1.0000000e+00 -1.0000000e+00]
 [ 0.0000000e+00  0.0000000e+00  0.0000000e+00  0.0000000e+00
   0.0000000e+00  1.0000000e+00 -1.8369702e-16 -1.0000000e+00
   1.0000000e+00  3.6739404e-16]
 [ 0.0000000e+00  0.0000000e+00  0.0000000e+00  0.0000000e+00
   0.0000000e+00  1.0000000e+00 -1.8369702e-16 -1.8369702e-16
   1.0000000e+00  1.0000000e+00]]
Total number of parameters: 8268
