2025-12-03 17:43:54,092 - __main__ - INFO - Parsing command-line arguments.
2025-12-03 17:43:54,092 - __main__ - INFO - J2 coupling parameter set to: 0.2
2025-12-03 17:43:54,092 - __main__ - INFO - Physical and model parameters set.
2025-12-03 17:43:54,092 - __main__ - INFO - Script starting execution.
2025-12-03 17:43:54,134 - __main__ - INFO - Output will be saved to: HFDS_Heisenberg/plot/spin_new/layers1_hidd1_feat1_sample256_lr0.025_iter3_parityTrue_rotTrue_InitG_MF_typecomplex/J=0.2/seed_1
2025-12-03 17:43:54,790 - __main__ - INFO - Hilbert space created.
2025-12-03 17:43:54,796 - __main__ - INFO - Hamiltonian created.
2025-12-03 17:44:01,308 - __main__ - INFO - Exact ground state calculated.
2025-12-03 17:44:01,308 - __main__ - INFO - Starting Gutzwiller parameter optimization before VMC.
2025-12-03 17:44:01,308 - HFDS_Heisenberg.Optimized_Gutwiller_MF_Init - INFO - Starting optimization of Gutzwiller parameters.
2025-12-03 17:44:01,692 - HFDS_Heisenberg.Gutzwiller_MF_Init - INFO - MF energy Initialize orbitals: Traced<ShapedArray(float64[])>with<DynamicJaxprTrace>
2025-12-03 17:44:01,844 - HFDS_Heisenberg.Gutzwiller_MF_Init - INFO - MF energy Initialize orbitals: Traced<ShapedArray(float64[])>with<DynamicJaxprTrace>
2025-12-03 17:44:01,846 - HFDS_Heisenberg.Gutzwiller_MF_Init - INFO - Finished updating Gutzwiller MF orbitals.
2025-12-03 17:44:02,185 - HFDS_Heisenberg.Gutzwiller_MF_Init - INFO - MF energy Initialize orbitals: Traced<ShapedArray(float64[])>with<DynamicJaxprTrace>
2025-12-03 17:44:02,337 - HFDS_Heisenberg.Gutzwiller_MF_Init - INFO - MF energy Initialize orbitals: Traced<ShapedArray(float64[])>with<DynamicJaxprTrace>
2025-12-03 17:44:02,338 - HFDS_Heisenberg.Gutzwiller_MF_Init - INFO - Finished updating Gutzwiller MF orbitals.
2025-12-03 17:44:02,558 - HFDS_Heisenberg.Optimized_Gutwiller_MF_Init - INFO - Running Gutzwiller optimization for 2 iterations.
2025-12-03 17:44:02,888 - HFDS_Heisenberg.Gutzwiller_MF_Init - INFO - MF energy Initialize orbitals: Traced<ShapedArray(float64[])>with<DynamicJaxprTrace>
2025-12-03 17:44:03,043 - HFDS_Heisenberg.Gutzwiller_MF_Init - INFO - MF energy Initialize orbitals: Traced<ShapedArray(float64[])>with<DynamicJaxprTrace>
2025-12-03 17:44:03,043 - HFDS_Heisenberg.Gutzwiller_MF_Init - INFO - Finished updating Gutzwiller MF orbitals.
2025-12-03 17:44:04,321 - HFDS_Heisenberg.Gutzwiller_MF_Init - INFO - MF energy Initialize orbitals: Traced<ShapedArray(float64[])>with<DynamicJaxprTrace>
2025-12-03 17:44:04,537 - HFDS_Heisenberg.Gutzwiller_MF_Init - INFO - MF energy Initialize orbitals: Traced<ShapedArray(float64[])>with<DynamicJaxprTrace>
2025-12-03 17:44:04,538 - HFDS_Heisenberg.Gutzwiller_MF_Init - INFO - Finished updating Gutzwiller MF orbitals.
2025-12-03 17:44:09,656 - HFDS_Heisenberg.Gutzwiller_MF_Init - INFO - MF energy Initialize orbitals: Traced<ShapedArray(float64[])>with<DynamicJaxprTrace>
2025-12-03 17:44:09,871 - HFDS_Heisenberg.Gutzwiller_MF_Init - INFO - MF energy Initialize orbitals: Traced<ShapedArray(float64[])>with<DynamicJaxprTrace>
2025-12-03 17:44:09,872 - HFDS_Heisenberg.Gutzwiller_MF_Init - INFO - Finished updating Gutzwiller MF orbitals.
2025-12-03 17:44:15,234 - HFDS_Heisenberg.Gutzwiller_MF_Init - INFO - MF energy Initialize orbitals: Traced<ShapedArray(float64[])>with<DynamicJaxprTrace>
2025-12-03 17:44:15,389 - HFDS_Heisenberg.Gutzwiller_MF_Init - INFO - MF energy Initialize orbitals: Traced<ShapedArray(float64[])>with<DynamicJaxprTrace>
2025-12-03 17:44:15,390 - HFDS_Heisenberg.Gutzwiller_MF_Init - INFO - Finished updating Gutzwiller MF orbitals.
2025-12-03 17:44:15,569 - HFDS_Heisenberg.Gutzwiller_MF_Init - INFO - MF energy Initialize orbitals: Traced<ShapedArray(float64[])>with<DynamicJaxprTrace>
2025-12-03 17:44:15,724 - HFDS_Heisenberg.Gutzwiller_MF_Init - INFO - MF energy Initialize orbitals: Traced<ShapedArray(float64[])>with<DynamicJaxprTrace>
2025-12-03 17:44:15,725 - HFDS_Heisenberg.Gutzwiller_MF_Init - INFO - Finished updating Gutzwiller MF orbitals.
2025-12-03 17:44:15,942 - HFDS_Heisenberg.Gutzwiller_MF_Init - INFO - MF energy Initialize orbitals: Traced<ShapedArray(float64[])>with<DynamicJaxprTrace>
2025-12-03 17:44:16,099 - HFDS_Heisenberg.Gutzwiller_MF_Init - INFO - MF energy Initialize orbitals: Traced<ShapedArray(float64[])>with<DynamicJaxprTrace>
2025-12-03 17:44:16,099 - HFDS_Heisenberg.Gutzwiller_MF_Init - INFO - Finished updating Gutzwiller MF orbitals.
2025-12-03 17:44:16,793 - HFDS_Heisenberg.Gutzwiller_MF_Init - INFO - MF energy Initialize orbitals: Traced<ShapedArray(float64[])>with<JVPTrace> with
  primal = Traced<ShapedArray(float64[])>with<DynamicJaxprTrace>
  tangent = Traced<ShapedArray(float64[])>with<JaxprTrace> with
    pval = (ShapedArray(float64[]), None)
    recipe = JaxprEqnRecipe(eqn_id=<object object at 0x145281837df0>, in_tracers=(Traced<ShapedArray(float64[]):JaxprTrace>,), out_tracer_refs=[<weakref at 0x1452816cede0; to 'JaxprTracer' at 0x1452816cd260>], out_avals=[ShapedArray(float64[])], primitive=pjit, params={'jaxpr': { lambda ; a:f64[]. let  in (a,) }, 'in_shardings': (UnspecifiedValue,), 'out_shardings': (UnspecifiedValue,), 'in_layouts': (None,), 'out_layouts': (None,), 'donated_invars': (False,), 'ctx_mesh': None, 'name': 'add', 'keep_unused': False, 'inline': True, 'compiler_options_kvs': ()}, effects=set(), source_info=<jax._src.source_info_util.SourceInfo object at 0x1452816dc220>, ctx=JaxprEqnContext(compute_type=None, threefry_partitionable=True, cur_abstract_mesh=AbstractMesh((), axis_types=()), xla_metadata=None))
2025-12-03 17:44:17,160 - HFDS_Heisenberg.Gutzwiller_MF_Init - INFO - MF energy Initialize orbitals: Traced<ShapedArray(float64[])>with<JVPTrace> with
  primal = Traced<ShapedArray(float64[])>with<DynamicJaxprTrace>
  tangent = Traced<ShapedArray(float64[])>with<JaxprTrace> with
    pval = (ShapedArray(float64[]), None)
    recipe = JaxprEqnRecipe(eqn_id=<object object at 0x1452814887d0>, in_tracers=(Traced<ShapedArray(float64[]):JaxprTrace>,), out_tracer_refs=[<weakref at 0x14528147ce50; to 'JaxprTracer' at 0x14528147ef20>], out_avals=[ShapedArray(float64[])], primitive=pjit, params={'jaxpr': { lambda ; a:f64[]. let  in (a,) }, 'in_shardings': (UnspecifiedValue,), 'out_shardings': (UnspecifiedValue,), 'in_layouts': (None,), 'out_layouts': (None,), 'donated_invars': (False,), 'ctx_mesh': None, 'name': 'add', 'keep_unused': False, 'inline': True, 'compiler_options_kvs': ()}, effects=set(), source_info=<jax._src.source_info_util.SourceInfo object at 0x145281496110>, ctx=JaxprEqnContext(compute_type=None, threefry_partitionable=True, cur_abstract_mesh=AbstractMesh((), axis_types=()), xla_metadata=None))
2025-12-03 17:44:17,164 - HFDS_Heisenberg.Gutzwiller_MF_Init - INFO - Finished updating Gutzwiller MF orbitals.
2025-12-03 17:44:17,635 - HFDS_Heisenberg.Gutzwiller_MF_Init - INFO - MF energy Initialize orbitals: Traced<ShapedArray(float64[])>with<JVPTrace> with
  primal = Traced<ShapedArray(float64[])>with<DynamicJaxprTrace>
  tangent = Traced<ShapedArray(float64[])>with<JaxprTrace> with
    pval = (ShapedArray(float64[]), None)
    recipe = JaxprEqnRecipe(eqn_id=<object object at 0x1452813cacc0>, in_tracers=(Traced<ShapedArray(float64[]):JaxprTrace>,), out_tracer_refs=[<weakref at 0x14528113c860; to 'JaxprTracer' at 0x14528113f1a0>], out_avals=[ShapedArray(float64[])], primitive=pjit, params={'jaxpr': { lambda ; a:f64[]. let  in (a,) }, 'in_shardings': (UnspecifiedValue,), 'out_shardings': (UnspecifiedValue,), 'in_layouts': (None,), 'out_layouts': (None,), 'donated_invars': (False,), 'ctx_mesh': None, 'name': 'add', 'keep_unused': False, 'inline': True, 'compiler_options_kvs': ()}, effects=set(), source_info=<jax._src.source_info_util.SourceInfo object at 0x145281120850>, ctx=JaxprEqnContext(compute_type=None, threefry_partitionable=True, cur_abstract_mesh=AbstractMesh((), axis_types=()), xla_metadata=None))
2025-12-03 17:44:18,002 - HFDS_Heisenberg.Gutzwiller_MF_Init - INFO - MF energy Initialize orbitals: Traced<ShapedArray(float64[])>with<JVPTrace> with
  primal = Traced<ShapedArray(float64[])>with<DynamicJaxprTrace>
  tangent = Traced<ShapedArray(float64[])>with<JaxprTrace> with
    pval = (ShapedArray(float64[]), None)
    recipe = JaxprEqnRecipe(eqn_id=<object object at 0x14528107f6e0>, in_tracers=(Traced<ShapedArray(float64[]):JaxprTrace>,), out_tracer_refs=[<weakref at 0x14528106e340; to 'JaxprTracer' at 0x145280f00a40>], out_avals=[ShapedArray(float64[])], primitive=pjit, params={'jaxpr': { lambda ; a:f64[]. let  in (a,) }, 'in_shardings': (UnspecifiedValue,), 'out_shardings': (UnspecifiedValue,), 'in_layouts': (None,), 'out_layouts': (None,), 'donated_invars': (False,), 'ctx_mesh': None, 'name': 'add', 'keep_unused': False, 'inline': True, 'compiler_options_kvs': ()}, effects=set(), source_info=<jax._src.source_info_util.SourceInfo object at 0x145280f336a0>, ctx=JaxprEqnContext(compute_type=None, threefry_partitionable=True, cur_abstract_mesh=AbstractMesh((), axis_types=()), xla_metadata=None))
2025-12-03 17:44:18,003 - HFDS_Heisenberg.Gutzwiller_MF_Init - INFO - Finished updating Gutzwiller MF orbitals.
2025-12-03 17:44:33,464 - HFDS_Heisenberg.Gutzwiller_MF_Init - INFO - MF energy Initialize orbitals: Traced<ShapedArray(float64[])>with<DynamicJaxprTrace>
2025-12-03 17:44:33,618 - HFDS_Heisenberg.Gutzwiller_MF_Init - INFO - MF energy Initialize orbitals: Traced<ShapedArray(float64[])>with<DynamicJaxprTrace>
2025-12-03 17:44:33,619 - HFDS_Heisenberg.Gutzwiller_MF_Init - INFO - Finished updating Gutzwiller MF orbitals.
2025-12-03 17:44:33,782 - HFDS_Heisenberg.Gutzwiller_MF_Init - INFO - MF energy Initialize orbitals: Traced<ShapedArray(float64[])>with<DynamicJaxprTrace>
2025-12-03 17:44:33,936 - HFDS_Heisenberg.Gutzwiller_MF_Init - INFO - MF energy Initialize orbitals: Traced<ShapedArray(float64[])>with<DynamicJaxprTrace>
2025-12-03 17:44:33,937 - HFDS_Heisenberg.Gutzwiller_MF_Init - INFO - Finished updating Gutzwiller MF orbitals.
2025-12-03 17:45:04,455 - HFDS_Heisenberg.Optimized_Gutwiller_MF_Init - INFO - Iteration 0: Mean Energy = -2.7-0.0j ± 1.1 [σ²=6.3e+02, R̂=1.409], Variance = 280.93560049607487
2025-12-03 17:45:04,456 - HFDS_Heisenberg.Optimized_Gutwiller_MF_Init - INFO - Iteration 0: Gradients = {'h': Array(6.60272815, dtype=float64), 'phi': Array(6.9157247e-08, dtype=float64)}
2025-12-03 17:45:04,666 - HFDS_Heisenberg.Optimized_Gutwiller_MF_Init - INFO - Iteration 0: Updated params = {'h': Array(0.05, dtype=float64), 'phi': Array(0.09126331, dtype=float64)}
2025-12-03 17:45:38,450 - HFDS_Heisenberg.Optimized_Gutwiller_MF_Init - INFO - Iteration 1: Mean Energy = -2.7+0.0j ± 1.1 [σ²=6.2e+02, R̂=1.409], Variance = 273.1696527268592
2025-12-03 17:45:38,451 - HFDS_Heisenberg.Optimized_Gutwiller_MF_Init - INFO - Iteration 1: Gradients = {'h': Array(6.40060406, dtype=float64), 'phi': Array(-2.96663014e-07, dtype=float64)}
2025-12-03 17:45:38,455 - HFDS_Heisenberg.Optimized_Gutwiller_MF_Init - INFO - Iteration 1: Updated params = {'h': Array(0.04000931, dtype=float64), 'phi': Array(0.09673602, dtype=float64)}
2025-12-03 17:45:38,456 - HFDS_Heisenberg.Optimized_Gutwiller_MF_Init - INFO - Gutzwiller optimization finished. Final params: {'h': Array(0.06, dtype=float64), 'phi': Array(0.1, dtype=float64)}
2025-12-03 17:45:38,777 - HFDS_Heisenberg.Optimized_Gutwiller_MF_Init - INFO - Gutzwiller optimization plots saved in HFDS_Heisenberg/plot/spin_new/layers1_hidd1_feat1_sample256_lr0.025_iter3_parityTrue_rotTrue_InitG_MF_typecomplex/J=0.2/seed_1
2025-12-03 17:45:38,792 - __main__ - INFO - Gutzwiller optimization finished. Using h=0.04000931030311155, phi=0.09673602222885119
2025-12-03 17:45:38,792 - __main__ - INFO - HiddenFermion model initialized.
2025-12-03 17:45:38,805 - __main__ - INFO - MetropolisExchange sampler created.
2025-12-03 17:45:39,004 - HFDS_Heisenberg.HFDS_model_spin - INFO - Setting up HiddenFermion model.
2025-12-03 17:45:39,007 - HFDS_Heisenberg.HFDS_model_spin - INFO - HiddenFermion model setup complete.
2025-12-03 17:45:39,017 - HFDS_Heisenberg.Init_orbitals - INFO - Initializing Gutzwiller orbitals with h=0.04000931030311155, phi=0.09673602222885119
2025-12-03 17:45:39,204 - HFDS_Heisenberg.Gutzwiller_MF_Init - INFO - MF energy Initialize orbitals: Traced<ShapedArray(float64[])>with<DynamicJaxprTrace>
2025-12-03 17:45:39,382 - HFDS_Heisenberg.Gutzwiller_MF_Init - INFO - MF energy Initialize orbitals: Traced<ShapedArray(float64[])>with<DynamicJaxprTrace>
2025-12-03 17:45:39,384 - HFDS_Heisenberg.Gutzwiller_MF_Init - INFO - Finished updating Gutzwiller MF orbitals.
2025-12-03 17:45:40,730 - HFDS_Heisenberg.HFDS_model_spin - INFO - Setting up HiddenFermion model.
2025-12-03 17:45:40,731 - HFDS_Heisenberg.HFDS_model_spin - INFO - HiddenFermion model setup complete.
2025-12-03 17:45:40,741 - HFDS_Heisenberg.Init_orbitals - INFO - Initializing Gutzwiller orbitals with h=0.04000931030311155, phi=0.09673602222885119
2025-12-03 17:45:40,897 - HFDS_Heisenberg.Gutzwiller_MF_Init - INFO - MF energy Initialize orbitals: Traced<ShapedArray(float64[])>with<DynamicJaxprTrace>
2025-12-03 17:45:41,052 - HFDS_Heisenberg.Gutzwiller_MF_Init - INFO - MF energy Initialize orbitals: Traced<ShapedArray(float64[])>with<DynamicJaxprTrace>
2025-12-03 17:45:41,053 - HFDS_Heisenberg.Gutzwiller_MF_Init - INFO - Finished updating Gutzwiller MF orbitals.
2025-12-03 17:45:41,391 - __main__ - INFO - MCState (vstate) created.
2025-12-03 17:45:41,466 - __main__ - INFO - VMC_SR driver created.
2025-12-03 17:45:41,467 - __main__ - INFO - Starting VMC optimization for 3 iterations.
2025-12-03 17:45:41,494 - HFDS_Heisenberg.HFDS_model_spin - INFO - Setting up HiddenFermion model.
2025-12-03 17:45:41,496 - HFDS_Heisenberg.HFDS_model_spin - INFO - HiddenFermion model setup complete.
2025-12-03 17:45:41,508 - HFDS_Heisenberg.Init_orbitals - INFO - Initializing Gutzwiller orbitals with h=0.04000931030311155, phi=0.09673602222885119
2025-12-03 17:45:41,663 - HFDS_Heisenberg.Gutzwiller_MF_Init - INFO - MF energy Initialize orbitals: Traced<ShapedArray(float64[])>with<DynamicJaxprTrace>
2025-12-03 17:45:41,818 - HFDS_Heisenberg.Gutzwiller_MF_Init - INFO - MF energy Initialize orbitals: Traced<ShapedArray(float64[])>with<DynamicJaxprTrace>
2025-12-03 17:45:41,818 - HFDS_Heisenberg.Gutzwiller_MF_Init - INFO - Finished updating Gutzwiller MF orbitals.
2025-12-03 17:45:42,127 - HFDS_Heisenberg.HFDS_model_spin - INFO - Setting up HiddenFermion model.
2025-12-03 17:45:42,129 - HFDS_Heisenberg.HFDS_model_spin - INFO - HiddenFermion model setup complete.
2025-12-03 17:45:42,139 - HFDS_Heisenberg.Init_orbitals - INFO - Initializing Gutzwiller orbitals with h=0.04000931030311155, phi=0.09673602222885119
2025-12-03 17:45:42,613 - HFDS_Heisenberg.Gutzwiller_MF_Init - INFO - MF energy Initialize orbitals: Traced<ShapedArray(float64[])>with<DynamicJaxprTrace>
2025-12-03 17:45:42,768 - HFDS_Heisenberg.Gutzwiller_MF_Init - INFO - MF energy Initialize orbitals: Traced<ShapedArray(float64[])>with<DynamicJaxprTrace>
2025-12-03 17:45:42,769 - HFDS_Heisenberg.Gutzwiller_MF_Init - INFO - Finished updating Gutzwiller MF orbitals.
2025-12-03 17:45:43,373 - HFDS_Heisenberg.HFDS_model_spin - INFO - Setting up HiddenFermion model.
2025-12-03 17:45:43,374 - HFDS_Heisenberg.HFDS_model_spin - INFO - HiddenFermion model setup complete.
2025-12-03 17:45:43,386 - HFDS_Heisenberg.Init_orbitals - INFO - Initializing Gutzwiller orbitals with h=0.04000931030311155, phi=0.09673602222885119
2025-12-03 17:45:43,540 - HFDS_Heisenberg.Gutzwiller_MF_Init - INFO - MF energy Initialize orbitals: Traced<ShapedArray(float64[])>with<DynamicJaxprTrace>
2025-12-03 17:45:43,695 - HFDS_Heisenberg.Gutzwiller_MF_Init - INFO - MF energy Initialize orbitals: Traced<ShapedArray(float64[])>with<DynamicJaxprTrace>
2025-12-03 17:45:43,696 - HFDS_Heisenberg.Gutzwiller_MF_Init - INFO - Finished updating Gutzwiller MF orbitals.
2025-12-03 17:45:44,346 - HFDS_Heisenberg.HFDS_model_spin - INFO - Setting up HiddenFermion model.
2025-12-03 17:45:44,347 - HFDS_Heisenberg.HFDS_model_spin - INFO - HiddenFermion model setup complete.
2025-12-03 17:45:44,356 - HFDS_Heisenberg.Init_orbitals - INFO - Initializing Gutzwiller orbitals with h=0.04000931030311155, phi=0.09673602222885119
2025-12-03 17:45:44,520 - HFDS_Heisenberg.Gutzwiller_MF_Init - INFO - MF energy Initialize orbitals: Traced<ShapedArray(float64[])>with<DynamicJaxprTrace>
2025-12-03 17:45:44,684 - HFDS_Heisenberg.Gutzwiller_MF_Init - INFO - MF energy Initialize orbitals: Traced<ShapedArray(float64[])>with<DynamicJaxprTrace>
2025-12-03 17:45:44,685 - HFDS_Heisenberg.Gutzwiller_MF_Init - INFO - Finished updating Gutzwiller MF orbitals.
2025-12-03 17:45:44,796 - HFDS_Heisenberg.HFDS_model_spin - INFO - Setting up HiddenFermion model.
2025-12-03 17:45:44,797 - HFDS_Heisenberg.HFDS_model_spin - INFO - HiddenFermion model setup complete.
2025-12-03 17:45:44,806 - HFDS_Heisenberg.Init_orbitals - INFO - Initializing Gutzwiller orbitals with h=0.04000931030311155, phi=0.09673602222885119
2025-12-03 17:45:44,970 - HFDS_Heisenberg.Gutzwiller_MF_Init - INFO - MF energy Initialize orbitals: Traced<ShapedArray(float64[])>with<DynamicJaxprTrace>
2025-12-03 17:45:45,135 - HFDS_Heisenberg.Gutzwiller_MF_Init - INFO - MF energy Initialize orbitals: Traced<ShapedArray(float64[])>with<DynamicJaxprTrace>
2025-12-03 17:45:45,136 - HFDS_Heisenberg.Gutzwiller_MF_Init - INFO - Finished updating Gutzwiller MF orbitals.
2025-12-03 17:45:45,851 - HFDS_Heisenberg.HFDS_model_spin - INFO - Setting up HiddenFermion model.
2025-12-03 17:45:45,853 - HFDS_Heisenberg.HFDS_model_spin - INFO - HiddenFermion model setup complete.
2025-12-03 17:45:45,866 - HFDS_Heisenberg.Init_orbitals - INFO - Initializing Gutzwiller orbitals with h=0.04000931030311155, phi=0.09673602222885119
2025-12-03 17:45:46,046 - HFDS_Heisenberg.Gutzwiller_MF_Init - INFO - MF energy Initialize orbitals: Traced<ShapedArray(float64[])>with<DynamicJaxprTrace>
2025-12-03 17:45:46,557 - HFDS_Heisenberg.Gutzwiller_MF_Init - INFO - MF energy Initialize orbitals: Traced<ShapedArray(float64[])>with<DynamicJaxprTrace>
2025-12-03 17:45:46,560 - HFDS_Heisenberg.Gutzwiller_MF_Init - INFO - Finished updating Gutzwiller MF orbitals.
2025-12-03 17:45:46,723 - HFDS_Heisenberg.HFDS_model_spin - INFO - Setting up HiddenFermion model.
2025-12-03 17:45:46,726 - HFDS_Heisenberg.HFDS_model_spin - INFO - HiddenFermion model setup complete.
2025-12-03 17:45:46,748 - HFDS_Heisenberg.Init_orbitals - INFO - Initializing Gutzwiller orbitals with h=0.04000931030311155, phi=0.09673602222885119
2025-12-03 17:45:46,919 - HFDS_Heisenberg.Gutzwiller_MF_Init - INFO - MF energy Initialize orbitals: Traced<ShapedArray(float64[])>with<DynamicJaxprTrace>
2025-12-03 17:45:47,091 - HFDS_Heisenberg.Gutzwiller_MF_Init - INFO - MF energy Initialize orbitals: Traced<ShapedArray(float64[])>with<DynamicJaxprTrace>
2025-12-03 17:45:47,092 - HFDS_Heisenberg.Gutzwiller_MF_Init - INFO - Finished updating Gutzwiller MF orbitals.
2025-12-03 17:45:47,434 - HFDS_Heisenberg.HFDS_model_spin - INFO - Setting up HiddenFermion model.
2025-12-03 17:45:47,436 - HFDS_Heisenberg.HFDS_model_spin - INFO - HiddenFermion model setup complete.
2025-12-03 17:45:47,456 - HFDS_Heisenberg.Init_orbitals - INFO - Initializing Gutzwiller orbitals with h=0.04000931030311155, phi=0.09673602222885119
2025-12-03 17:45:47,628 - HFDS_Heisenberg.Gutzwiller_MF_Init - INFO - MF energy Initialize orbitals: Traced<ShapedArray(float64[])>with<DynamicJaxprTrace>
2025-12-03 17:45:47,801 - HFDS_Heisenberg.Gutzwiller_MF_Init - INFO - MF energy Initialize orbitals: Traced<ShapedArray(float64[])>with<DynamicJaxprTrace>
2025-12-03 17:45:47,802 - HFDS_Heisenberg.Gutzwiller_MF_Init - INFO - Finished updating Gutzwiller MF orbitals.
2025-12-03 17:45:47,961 - HFDS_Heisenberg.HFDS_model_spin - INFO - Setting up HiddenFermion model.
2025-12-03 17:45:47,964 - HFDS_Heisenberg.HFDS_model_spin - INFO - HiddenFermion model setup complete.
2025-12-03 17:45:47,973 - HFDS_Heisenberg.Init_orbitals - INFO - Initializing Gutzwiller orbitals with h=0.04000931030311155, phi=0.09673602222885119
2025-12-03 17:45:48,129 - HFDS_Heisenberg.Gutzwiller_MF_Init - INFO - MF energy Initialize orbitals: Traced<ShapedArray(float64[])>with<DynamicJaxprTrace>
2025-12-03 17:45:48,285 - HFDS_Heisenberg.Gutzwiller_MF_Init - INFO - MF energy Initialize orbitals: Traced<ShapedArray(float64[])>with<DynamicJaxprTrace>
2025-12-03 17:45:48,286 - HFDS_Heisenberg.Gutzwiller_MF_Init - INFO - Finished updating Gutzwiller MF orbitals.
2025-12-03 17:45:48,365 - HFDS_Heisenberg.HFDS_model_spin - INFO - Setting up HiddenFermion model.
2025-12-03 17:45:48,369 - HFDS_Heisenberg.HFDS_model_spin - INFO - HiddenFermion model setup complete.
2025-12-03 17:45:48,381 - HFDS_Heisenberg.Init_orbitals - INFO - Initializing Gutzwiller orbitals with h=0.04000931030311155, phi=0.09673602222885119
2025-12-03 17:45:48,537 - HFDS_Heisenberg.Gutzwiller_MF_Init - INFO - MF energy Initialize orbitals: Traced<ShapedArray(float64[])>with<DynamicJaxprTrace>
2025-12-03 17:45:48,693 - HFDS_Heisenberg.Gutzwiller_MF_Init - INFO - MF energy Initialize orbitals: Traced<ShapedArray(float64[])>with<DynamicJaxprTrace>
2025-12-03 17:45:48,694 - HFDS_Heisenberg.Gutzwiller_MF_Init - INFO - Finished updating Gutzwiller MF orbitals.
2025-12-03 17:46:17,870 - HFDS_Heisenberg.HFDS_model_spin - INFO - Setting up HiddenFermion model.
2025-12-03 17:46:17,872 - HFDS_Heisenberg.HFDS_model_spin - INFO - HiddenFermion model setup complete.
2025-12-03 17:46:17,887 - HFDS_Heisenberg.Init_orbitals - INFO - Initializing Gutzwiller orbitals with h=0.04000931030311155, phi=0.09673602222885119
2025-12-03 17:46:18,044 - HFDS_Heisenberg.Gutzwiller_MF_Init - INFO - MF energy Initialize orbitals: Traced<ShapedArray(float64[])>with<DynamicJaxprTrace>
2025-12-03 17:46:18,198 - HFDS_Heisenberg.Gutzwiller_MF_Init - INFO - MF energy Initialize orbitals: Traced<ShapedArray(float64[])>with<DynamicJaxprTrace>
2025-12-03 17:46:18,199 - HFDS_Heisenberg.Gutzwiller_MF_Init - INFO - Finished updating Gutzwiller MF orbitals.
2025-12-03 17:47:27,089 - __main__ - INFO - VMC optimization finished.
  0%|          | 0/3 [00:00<?, ?it/s]  0%|          | 0/3 [00:36<?, ?it/s, Energy=-23.54-0.59j ± 0.64 [σ²=8.3e+01, R̂=1.225]]  0%|          | 0/3 [00:35<?, ?it/s, Energy=-28.07+0.35j ± 0.71 [σ²=1.4e+02, R̂=1.225]] 33%|███▎      | 1/3 [00:35<01:10, 35.41s/it, Energy=-28.07+0.35j ± 0.71 [σ²=1.4e+02, R̂=1.225]] 33%|███▎      | 1/3 [01:09<01:10, 35.41s/it, Energy=-30.18-0.40j ± 0.65 [σ²=8.6e+01, R̂=1.225]] 67%|██████▋   | 2/3 [01:09<00:34, 34.49s/it, Energy=-30.18-0.40j ± 0.65 [σ²=8.6e+01, R̂=1.225]]100%|██████████| 3/3 [01:09<00:00, 23.09s/it, Energy=-30.18-0.40j ± 0.65 [σ²=8.6e+01, R̂=1.225]]
2025-12-03 17:47:27,098 - __main__ - INFO - Starting post-simulation analysis.
2025-12-03 17:47:27,243 - HFDS_Heisenberg.HFDS_model_spin - INFO - Setting up HiddenFermion model.
2025-12-03 17:47:27,245 - HFDS_Heisenberg.HFDS_model_spin - INFO - HiddenFermion model setup complete.
2025-12-03 17:47:27,256 - HFDS_Heisenberg.Init_orbitals - INFO - Initializing Gutzwiller orbitals with h=0.04000931030311155, phi=0.09673602222885119
2025-12-03 17:47:27,412 - HFDS_Heisenberg.Gutzwiller_MF_Init - INFO - MF energy Initialize orbitals: Traced<ShapedArray(float64[])>with<DynamicJaxprTrace>
2025-12-03 17:47:27,569 - HFDS_Heisenberg.Gutzwiller_MF_Init - INFO - MF energy Initialize orbitals: Traced<ShapedArray(float64[])>with<DynamicJaxprTrace>
2025-12-03 17:47:27,570 - HFDS_Heisenberg.Gutzwiller_MF_Init - INFO - Finished updating Gutzwiller MF orbitals.
2025-12-03 17:47:28,571 - HFDS_Heisenberg.HFDS_model_spin - INFO - Setting up HiddenFermion model.
2025-12-03 17:47:28,572 - HFDS_Heisenberg.HFDS_model_spin - INFO - HiddenFermion model setup complete.
2025-12-03 17:47:28,580 - HFDS_Heisenberg.Init_orbitals - INFO - Initializing Gutzwiller orbitals with h=0.04000931030311155, phi=0.09673602222885119
2025-12-03 17:47:28,747 - HFDS_Heisenberg.Gutzwiller_MF_Init - INFO - MF energy Initialize orbitals: Traced<ShapedArray(float64[])>with<DynamicJaxprTrace>
2025-12-03 17:47:28,916 - HFDS_Heisenberg.Gutzwiller_MF_Init - INFO - MF energy Initialize orbitals: Traced<ShapedArray(float64[])>with<DynamicJaxprTrace>
2025-12-03 17:47:28,916 - HFDS_Heisenberg.Gutzwiller_MF_Init - INFO - Finished updating Gutzwiller MF orbitals.
2025-12-03 17:47:29,031 - HFDS_Heisenberg.HFDS_model_spin - INFO - Setting up HiddenFermion model.
2025-12-03 17:47:29,032 - HFDS_Heisenberg.HFDS_model_spin - INFO - HiddenFermion model setup complete.
2025-12-03 17:47:29,040 - HFDS_Heisenberg.Init_orbitals - INFO - Initializing Gutzwiller orbitals with h=0.04000931030311155, phi=0.09673602222885119
2025-12-03 17:47:29,207 - HFDS_Heisenberg.Gutzwiller_MF_Init - INFO - MF energy Initialize orbitals: Traced<ShapedArray(float64[])>with<DynamicJaxprTrace>
2025-12-03 17:47:29,372 - HFDS_Heisenberg.Gutzwiller_MF_Init - INFO - MF energy Initialize orbitals: Traced<ShapedArray(float64[])>with<DynamicJaxprTrace>
2025-12-03 17:47:29,373 - HFDS_Heisenberg.Gutzwiller_MF_Init - INFO - Finished updating Gutzwiller MF orbitals.
2025-12-03 17:48:02,801 - HFDS_Heisenberg.HFDS_model_spin - INFO - Setting up HiddenFermion model.
2025-12-03 17:48:02,802 - HFDS_Heisenberg.HFDS_model_spin - INFO - HiddenFermion model setup complete.
2025-12-03 17:48:02,810 - HFDS_Heisenberg.Init_orbitals - INFO - Initializing Gutzwiller orbitals with h=0.04000931030311155, phi=0.09673602222885119
2025-12-03 17:48:02,974 - HFDS_Heisenberg.Gutzwiller_MF_Init - INFO - MF energy Initialize orbitals: Traced<ShapedArray(float64[])>with<DynamicJaxprTrace>
2025-12-03 17:48:03,138 - HFDS_Heisenberg.Gutzwiller_MF_Init - INFO - MF energy Initialize orbitals: Traced<ShapedArray(float64[])>with<DynamicJaxprTrace>
2025-12-03 17:48:03,139 - HFDS_Heisenberg.Gutzwiller_MF_Init - INFO - Finished updating Gutzwiller MF orbitals.
2025-12-03 17:48:03,202 - HFDS_Heisenberg.HFDS_model_spin - INFO - Setting up HiddenFermion model.
2025-12-03 17:48:03,203 - HFDS_Heisenberg.HFDS_model_spin - INFO - HiddenFermion model setup complete.
2025-12-03 17:48:03,211 - HFDS_Heisenberg.Init_orbitals - INFO - Initializing Gutzwiller orbitals with h=0.04000931030311155, phi=0.09673602222885119
2025-12-03 17:48:03,374 - HFDS_Heisenberg.Gutzwiller_MF_Init - INFO - MF energy Initialize orbitals: Traced<ShapedArray(float64[])>with<DynamicJaxprTrace>
2025-12-03 17:48:03,537 - HFDS_Heisenberg.Gutzwiller_MF_Init - INFO - MF energy Initialize orbitals: Traced<ShapedArray(float64[])>with<DynamicJaxprTrace>
2025-12-03 17:48:03,538 - HFDS_Heisenberg.Gutzwiller_MF_Init - INFO - Finished updating Gutzwiller MF orbitals.
2025-12-03 17:48:57,842 - HFDS_Heisenberg.HFDS_model_spin - INFO - Setting up HiddenFermion model.
2025-12-03 17:48:57,844 - HFDS_Heisenberg.HFDS_model_spin - INFO - HiddenFermion model setup complete.
2025-12-03 17:48:57,853 - HFDS_Heisenberg.Init_orbitals - INFO - Initializing Gutzwiller orbitals with h=0.04000931030311155, phi=0.09673602222885119
2025-12-03 17:48:58,082 - HFDS_Heisenberg.Gutzwiller_MF_Init - INFO - MF energy Initialize orbitals: Traced<ShapedArray(float64[])>with<DynamicJaxprTrace>
2025-12-03 17:48:58,286 - HFDS_Heisenberg.Gutzwiller_MF_Init - INFO - MF energy Initialize orbitals: Traced<ShapedArray(float64[])>with<DynamicJaxprTrace>
2025-12-03 17:48:58,287 - HFDS_Heisenberg.Gutzwiller_MF_Init - INFO - Finished updating Gutzwiller MF orbitals.
2025-12-03 17:48:59,653 - HFDS_Heisenberg.HFDS_model_spin - INFO - Setting up HiddenFermion model.
2025-12-03 17:48:59,654 - HFDS_Heisenberg.HFDS_model_spin - INFO - HiddenFermion model setup complete.
2025-12-03 17:48:59,662 - HFDS_Heisenberg.Init_orbitals - INFO - Initializing Gutzwiller orbitals with h=0.04000931030311155, phi=0.09673602222885119
2025-12-03 17:48:59,828 - HFDS_Heisenberg.Gutzwiller_MF_Init - INFO - MF energy Initialize orbitals: Traced<ShapedArray(float64[])>with<DynamicJaxprTrace>
2025-12-03 17:48:59,992 - HFDS_Heisenberg.Gutzwiller_MF_Init - INFO - MF energy Initialize orbitals: Traced<ShapedArray(float64[])>with<DynamicJaxprTrace>
2025-12-03 17:48:59,993 - HFDS_Heisenberg.Gutzwiller_MF_Init - INFO - Finished updating Gutzwiller MF orbitals.
2025-12-03 17:49:00,055 - HFDS_Heisenberg.HFDS_model_spin - INFO - Setting up HiddenFermion model.
2025-12-03 17:49:00,056 - HFDS_Heisenberg.HFDS_model_spin - INFO - HiddenFermion model setup complete.
2025-12-03 17:49:00,064 - HFDS_Heisenberg.Init_orbitals - INFO - Initializing Gutzwiller orbitals with h=0.04000931030311155, phi=0.09673602222885119
2025-12-03 17:49:00,228 - HFDS_Heisenberg.Gutzwiller_MF_Init - INFO - MF energy Initialize orbitals: Traced<ShapedArray(float64[])>with<DynamicJaxprTrace>
2025-12-03 17:49:00,391 - HFDS_Heisenberg.Gutzwiller_MF_Init - INFO - MF energy Initialize orbitals: Traced<ShapedArray(float64[])>with<DynamicJaxprTrace>
2025-12-03 17:49:00,392 - HFDS_Heisenberg.Gutzwiller_MF_Init - INFO - Finished updating Gutzwiller MF orbitals.
2025-12-03 17:49:01,295 - HFDS_Heisenberg.HFDS_model_spin - INFO - Setting up HiddenFermion model.
2025-12-03 17:49:01,297 - HFDS_Heisenberg.HFDS_model_spin - INFO - HiddenFermion model setup complete.
2025-12-03 17:49:01,308 - HFDS_Heisenberg.Init_orbitals - INFO - Initializing Gutzwiller orbitals with h=0.04000931030311155, phi=0.09673602222885119
2025-12-03 17:49:01,903 - HFDS_Heisenberg.Gutzwiller_MF_Init - INFO - MF energy Initialize orbitals: Traced<ShapedArray(float64[])>with<DynamicJaxprTrace>
2025-12-03 17:49:02,098 - HFDS_Heisenberg.Gutzwiller_MF_Init - INFO - MF energy Initialize orbitals: Traced<ShapedArray(float64[])>with<DynamicJaxprTrace>
2025-12-03 17:49:02,099 - HFDS_Heisenberg.Gutzwiller_MF_Init - INFO - Finished updating Gutzwiller MF orbitals.
2025-12-03 17:49:03,915 - HFDS_Heisenberg.HFDS_model_spin - INFO - Setting up HiddenFermion model.
2025-12-03 17:49:03,917 - HFDS_Heisenberg.HFDS_model_spin - INFO - HiddenFermion model setup complete.
2025-12-03 17:49:03,926 - HFDS_Heisenberg.Init_orbitals - INFO - Initializing Gutzwiller orbitals with h=0.04000931030311155, phi=0.09673602222885119
2025-12-03 17:49:04,107 - HFDS_Heisenberg.Gutzwiller_MF_Init - INFO - MF energy Initialize orbitals: Traced<ShapedArray(float64[])>with<DynamicJaxprTrace>
2025-12-03 17:49:04,286 - HFDS_Heisenberg.Gutzwiller_MF_Init - INFO - MF energy Initialize orbitals: Traced<ShapedArray(float64[])>with<DynamicJaxprTrace>
2025-12-03 17:49:04,287 - HFDS_Heisenberg.Gutzwiller_MF_Init - INFO - Finished updating Gutzwiller MF orbitals.
2025-12-03 17:49:08,033 - HFDS_Heisenberg.HFDS_model_spin - INFO - Setting up HiddenFermion model.
2025-12-03 17:49:08,034 - HFDS_Heisenberg.HFDS_model_spin - INFO - HiddenFermion model setup complete.
2025-12-03 17:49:08,042 - HFDS_Heisenberg.Init_orbitals - INFO - Initializing Gutzwiller orbitals with h=0.04000931030311155, phi=0.09673602222885119
2025-12-03 17:49:08,230 - HFDS_Heisenberg.Gutzwiller_MF_Init - INFO - MF energy Initialize orbitals: Traced<ShapedArray(float64[])>with<DynamicJaxprTrace>
2025-12-03 17:49:08,417 - HFDS_Heisenberg.Gutzwiller_MF_Init - INFO - MF energy Initialize orbitals: Traced<ShapedArray(float64[])>with<DynamicJaxprTrace>
2025-12-03 17:49:08,418 - HFDS_Heisenberg.Gutzwiller_MF_Init - INFO - Finished updating Gutzwiller MF orbitals.
/cluster/home/fconoscenti/Thesis_QSL/Elaborate/Plotting/Sign_vs_iteration.py:352: UserWarning: This figure includes Axes that are not compatible with tight_layout, so results might be incorrect.
  plt.tight_layout(rect=[0, 0, 0.80, 1])  # leave room on the right for our insets
2025-12-03 17:49:34,335 - __main__ - INFO - Analysis variables saved to pickle file.
2025-12-03 17:49:34,335 - __main__ - INFO - Script finished successfully.
