2025-12-04 18:23:02,090 - __main__ - INFO - ket_gs outside model (first 10): [-0.00070554 -0.00105366  0.00042426 -0.00105366  0.00287639  0.00044247
 -0.00021193  0.00044247 -0.00116081  0.00042426]
2025-12-04 18:23:02,090 - __main__ - INFO - ket_gs shape: (12870, 1)
2025-12-04 18:23:02,392 - HFDS_Heisenberg.Init_orbitals - INFO - Initializing Gutzwiller orbitals with h=0.0, phi=0.0
2025-12-04 18:23:02,556 - HFDS_Heisenberg.Gutzwiller_MF_Init - INFO - MF energy Initialize orbitals: Traced<ShapedArray(float64[])>with<DynamicJaxprTrace>
2025-12-04 18:23:02,708 - HFDS_Heisenberg.Gutzwiller_MF_Init - INFO - MF energy Initialize orbitals: Traced<ShapedArray(float64[])>with<DynamicJaxprTrace>
2025-12-04 18:23:02,710 - HFDS_Heisenberg.Gutzwiller_MF_Init - INFO - Finished updating Gutzwiller MF orbitals.
2025-12-04 18:23:04,228 - HFDS_Heisenberg.Init_orbitals - INFO - Initializing Gutzwiller orbitals with h=0.0, phi=0.0
2025-12-04 18:23:04,387 - HFDS_Heisenberg.Gutzwiller_MF_Init - INFO - MF energy Initialize orbitals: Traced<ShapedArray(float64[])>with<DynamicJaxprTrace>
2025-12-04 18:23:04,541 - HFDS_Heisenberg.Gutzwiller_MF_Init - INFO - MF energy Initialize orbitals: Traced<ShapedArray(float64[])>with<DynamicJaxprTrace>
2025-12-04 18:23:04,541 - HFDS_Heisenberg.Gutzwiller_MF_Init - INFO - Finished updating Gutzwiller MF orbitals.
2025-12-04 18:23:05,248 - HFDS_Heisenberg.Init_orbitals - INFO - Initializing Gutzwiller orbitals with h=0.0, phi=0.0
2025-12-04 18:23:05,452 - HFDS_Heisenberg.Gutzwiller_MF_Init - INFO - MF energy Initialize orbitals: Traced<ShapedArray(float64[])>with<DynamicJaxprTrace>
2025-12-04 18:23:05,655 - HFDS_Heisenberg.Gutzwiller_MF_Init - INFO - MF energy Initialize orbitals: Traced<ShapedArray(float64[])>with<DynamicJaxprTrace>
2025-12-04 18:23:05,656 - HFDS_Heisenberg.Gutzwiller_MF_Init - INFO - Finished updating Gutzwiller MF orbitals.
2025-12-04 18:23:06,056 - HFDS_Heisenberg.Init_orbitals - INFO - Initializing Gutzwiller orbitals with h=0.0, phi=0.0
2025-12-04 18:23:06,212 - HFDS_Heisenberg.Gutzwiller_MF_Init - INFO - MF energy Initialize orbitals: Traced<ShapedArray(float64[])>with<DynamicJaxprTrace>
2025-12-04 18:23:06,366 - HFDS_Heisenberg.Gutzwiller_MF_Init - INFO - MF energy Initialize orbitals: Traced<ShapedArray(float64[])>with<DynamicJaxprTrace>
2025-12-04 18:23:06,367 - HFDS_Heisenberg.Gutzwiller_MF_Init - INFO - Finished updating Gutzwiller MF orbitals.
2025-12-04 18:23:27,814 - HFDS_Heisenberg.Init_orbitals - INFO - Initializing Gutzwiller orbitals with h=0.0, phi=0.0
2025-12-04 18:23:27,969 - HFDS_Heisenberg.Gutzwiller_MF_Init - INFO - MF energy Initialize orbitals: Traced<ShapedArray(float64[])>with<DynamicJaxprTrace>
2025-12-04 18:23:28,281 - HFDS_Heisenberg.Gutzwiller_MF_Init - INFO - MF energy Initialize orbitals: Traced<ShapedArray(float64[])>with<DynamicJaxprTrace>
2025-12-04 18:23:28,282 - HFDS_Heisenberg.Gutzwiller_MF_Init - INFO - Finished updating Gutzwiller MF orbitals.
2025-12-04 18:23:29,280 - HFDS_Heisenberg.Init_orbitals - INFO - Initializing Gutzwiller orbitals with h=0.0, phi=0.0
2025-12-04 18:23:29,486 - HFDS_Heisenberg.Gutzwiller_MF_Init - INFO - MF energy Initialize orbitals: Traced<ShapedArray(float64[])>with<DynamicJaxprTrace>
2025-12-04 18:23:29,691 - HFDS_Heisenberg.Gutzwiller_MF_Init - INFO - MF energy Initialize orbitals: Traced<ShapedArray(float64[])>with<DynamicJaxprTrace>
2025-12-04 18:23:29,692 - HFDS_Heisenberg.Gutzwiller_MF_Init - INFO - Finished updating Gutzwiller MF orbitals.
2025-12-04 18:23:29,908 - HFDS_Heisenberg.Init_orbitals - INFO - Initializing Gutzwiller orbitals with h=0.0, phi=0.0
2025-12-04 18:23:30,114 - HFDS_Heisenberg.Gutzwiller_MF_Init - INFO - MF energy Initialize orbitals: Traced<ShapedArray(float64[])>with<DynamicJaxprTrace>
2025-12-04 18:23:30,318 - HFDS_Heisenberg.Gutzwiller_MF_Init - INFO - MF energy Initialize orbitals: Traced<ShapedArray(float64[])>with<DynamicJaxprTrace>
2025-12-04 18:23:30,319 - HFDS_Heisenberg.Gutzwiller_MF_Init - INFO - Finished updating Gutzwiller MF orbitals.
2025-12-04 18:23:31,830 - HFDS_Heisenberg.Init_orbitals - INFO - Initializing Gutzwiller orbitals with h=0.0, phi=0.0
2025-12-04 18:23:32,015 - HFDS_Heisenberg.Gutzwiller_MF_Init - INFO - MF energy Initialize orbitals: Traced<ShapedArray(float64[])>with<DynamicJaxprTrace>
2025-12-04 18:23:32,346 - HFDS_Heisenberg.Gutzwiller_MF_Init - INFO - MF energy Initialize orbitals: Traced<ShapedArray(float64[])>with<DynamicJaxprTrace>
2025-12-04 18:23:32,350 - HFDS_Heisenberg.Gutzwiller_MF_Init - INFO - Finished updating Gutzwiller MF orbitals.
  0%|          | 0/1 [00:00<?, ?it/s]  0%|          | 0/1 [00:28<?, ?it/s, Energy=-14.43+0.14j ± 0.40 [σ²=1.4e+02, R̂=1.225]]100%|██████████| 1/1 [00:00<00:00, 22.90it/s, Energy=-14.43+0.14j ± 0.40 [σ²=1.4e+02, R̂=1.225]]
2025-12-04 18:23:33,563 - HFDS_Heisenberg.Init_orbitals - INFO - Initializing Gutzwiller orbitals with h=0.0, phi=0.0
2025-12-04 18:23:33,774 - HFDS_Heisenberg.Gutzwiller_MF_Init - INFO - MF energy Initialize orbitals: Traced<ShapedArray(float64[])>with<DynamicJaxprTrace>
2025-12-04 18:23:33,979 - HFDS_Heisenberg.Gutzwiller_MF_Init - INFO - MF energy Initialize orbitals: Traced<ShapedArray(float64[])>with<DynamicJaxprTrace>
2025-12-04 18:23:33,980 - HFDS_Heisenberg.Gutzwiller_MF_Init - INFO - Finished updating Gutzwiller MF orbitals.
2025-12-04 18:23:34,366 - HFDS_Heisenberg.Init_orbitals - INFO - Initializing Gutzwiller orbitals with h=0.0, phi=0.0
2025-12-04 18:23:34,520 - HFDS_Heisenberg.Gutzwiller_MF_Init - INFO - MF energy Initialize orbitals: Traced<ShapedArray(float64[])>with<DynamicJaxprTrace>
2025-12-04 18:23:34,675 - HFDS_Heisenberg.Gutzwiller_MF_Init - INFO - MF energy Initialize orbitals: Traced<ShapedArray(float64[])>with<DynamicJaxprTrace>
2025-12-04 18:23:34,676 - HFDS_Heisenberg.Gutzwiller_MF_Init - INFO - Finished updating Gutzwiller MF orbitals.
2025-12-04 18:23:54,124 - HFDS_Heisenberg.Init_orbitals - INFO - Initializing Gutzwiller orbitals with h=0.0, phi=0.0
2025-12-04 18:23:54,278 - HFDS_Heisenberg.Gutzwiller_MF_Init - INFO - MF energy Initialize orbitals: Traced<ShapedArray(float64[])>with<DynamicJaxprTrace>
2025-12-04 18:23:54,433 - HFDS_Heisenberg.Gutzwiller_MF_Init - INFO - MF energy Initialize orbitals: Traced<ShapedArray(float64[])>with<DynamicJaxprTrace>
2025-12-04 18:23:54,433 - HFDS_Heisenberg.Gutzwiller_MF_Init - INFO - Finished updating Gutzwiller MF orbitals.
2025-12-04 18:23:55,730 - HFDS_Heisenberg.Init_orbitals - INFO - Initializing Gutzwiller orbitals with h=0.0, phi=0.0
2025-12-04 18:23:55,936 - HFDS_Heisenberg.Gutzwiller_MF_Init - INFO - MF energy Initialize orbitals: Traced<ShapedArray(float64[])>with<DynamicJaxprTrace>
2025-12-04 18:23:56,141 - HFDS_Heisenberg.Gutzwiller_MF_Init - INFO - MF energy Initialize orbitals: Traced<ShapedArray(float64[])>with<DynamicJaxprTrace>
2025-12-04 18:23:56,142 - HFDS_Heisenberg.Gutzwiller_MF_Init - INFO - Finished updating Gutzwiller MF orbitals.
2025-12-04 18:23:56,225 - HFDS_Heisenberg.Init_orbitals - INFO - Initializing Gutzwiller orbitals with h=0.0, phi=0.0
2025-12-04 18:23:56,430 - HFDS_Heisenberg.Gutzwiller_MF_Init - INFO - MF energy Initialize orbitals: Traced<ShapedArray(float64[])>with<DynamicJaxprTrace>
2025-12-04 18:23:56,636 - HFDS_Heisenberg.Gutzwiller_MF_Init - INFO - MF energy Initialize orbitals: Traced<ShapedArray(float64[])>with<DynamicJaxprTrace>
2025-12-04 18:23:56,637 - HFDS_Heisenberg.Gutzwiller_MF_Init - INFO - Finished updating Gutzwiller MF orbitals.
2025-12-04 18:23:57,865 - HFDS_Heisenberg.Init_orbitals - INFO - Initializing Gutzwiller orbitals with h=0.0, phi=0.0
2025-12-04 18:23:58,037 - HFDS_Heisenberg.Gutzwiller_MF_Init - INFO - MF energy Initialize orbitals: Traced<ShapedArray(float64[])>with<DynamicJaxprTrace>
2025-12-04 18:23:58,393 - HFDS_Heisenberg.Gutzwiller_MF_Init - INFO - MF energy Initialize orbitals: Traced<ShapedArray(float64[])>with<DynamicJaxprTrace>
2025-12-04 18:23:58,394 - HFDS_Heisenberg.Gutzwiller_MF_Init - INFO - Finished updating Gutzwiller MF orbitals.
  0%|          | 0/1 [00:00<?, ?it/s]  0%|          | 0/1 [00:25<?, ?it/s, Energy=nan+nanj ± nan [σ²=nan]]100%|██████████| 1/1 [00:00<00:00, 1580.97it/s, Energy=nan+nanj ± nan [σ²=nan]]
2025-12-04 18:23:59,183 - HFDS_Heisenberg.Init_orbitals - INFO - Initializing Gutzwiller orbitals with h=0.0, phi=0.0
2025-12-04 18:23:59,401 - HFDS_Heisenberg.Gutzwiller_MF_Init - INFO - MF energy Initialize orbitals: Traced<ShapedArray(float64[])>with<DynamicJaxprTrace>
2025-12-04 18:23:59,619 - HFDS_Heisenberg.Gutzwiller_MF_Init - INFO - MF energy Initialize orbitals: Traced<ShapedArray(float64[])>with<DynamicJaxprTrace>
2025-12-04 18:23:59,620 - HFDS_Heisenberg.Gutzwiller_MF_Init - INFO - Finished updating Gutzwiller MF orbitals.
2025-12-04 18:23:59,970 - HFDS_Heisenberg.Init_orbitals - INFO - Initializing Gutzwiller orbitals with h=0.0, phi=0.0
2025-12-04 18:24:00,124 - HFDS_Heisenberg.Gutzwiller_MF_Init - INFO - MF energy Initialize orbitals: Traced<ShapedArray(float64[])>with<DynamicJaxprTrace>
2025-12-04 18:24:00,279 - HFDS_Heisenberg.Gutzwiller_MF_Init - INFO - MF energy Initialize orbitals: Traced<ShapedArray(float64[])>with<DynamicJaxprTrace>
2025-12-04 18:24:00,279 - HFDS_Heisenberg.Gutzwiller_MF_Init - INFO - Finished updating Gutzwiller MF orbitals.
2025-12-04 18:24:20,178 - HFDS_Heisenberg.Init_orbitals - INFO - Initializing Gutzwiller orbitals with h=0.0, phi=0.0
2025-12-04 18:24:20,384 - HFDS_Heisenberg.Gutzwiller_MF_Init - INFO - MF energy Initialize orbitals: Traced<ShapedArray(float64[])>with<DynamicJaxprTrace>
2025-12-04 18:24:20,590 - HFDS_Heisenberg.Gutzwiller_MF_Init - INFO - MF energy Initialize orbitals: Traced<ShapedArray(float64[])>with<DynamicJaxprTrace>
2025-12-04 18:24:20,591 - HFDS_Heisenberg.Gutzwiller_MF_Init - INFO - Finished updating Gutzwiller MF orbitals.
2025-12-04 18:24:20,777 - HFDS_Heisenberg.Init_orbitals - INFO - Initializing Gutzwiller orbitals with h=0.0, phi=0.0
2025-12-04 18:24:21,183 - HFDS_Heisenberg.Gutzwiller_MF_Init - INFO - MF energy Initialize orbitals: Traced<ShapedArray(float64[])>with<DynamicJaxprTrace>
2025-12-04 18:24:21,388 - HFDS_Heisenberg.Gutzwiller_MF_Init - INFO - MF energy Initialize orbitals: Traced<ShapedArray(float64[])>with<DynamicJaxprTrace>
2025-12-04 18:24:21,389 - HFDS_Heisenberg.Gutzwiller_MF_Init - INFO - Finished updating Gutzwiller MF orbitals.
2025-12-04 18:24:22,214 - HFDS_Heisenberg.Init_orbitals - INFO - Initializing Gutzwiller orbitals with h=0.0, phi=0.0
2025-12-04 18:24:22,421 - HFDS_Heisenberg.Gutzwiller_MF_Init - INFO - MF energy Initialize orbitals: Traced<ShapedArray(float64[])>with<DynamicJaxprTrace>
2025-12-04 18:24:22,627 - HFDS_Heisenberg.Gutzwiller_MF_Init - INFO - MF energy Initialize orbitals: Traced<ShapedArray(float64[])>with<DynamicJaxprTrace>
2025-12-04 18:24:22,628 - HFDS_Heisenberg.Gutzwiller_MF_Init - INFO - Finished updating Gutzwiller MF orbitals.
2025-12-04 18:24:22,683 - HFDS_Heisenberg.Init_orbitals - INFO - Initializing Gutzwiller orbitals with h=0.0, phi=0.0
2025-12-04 18:24:22,889 - HFDS_Heisenberg.Gutzwiller_MF_Init - INFO - MF energy Initialize orbitals: Traced<ShapedArray(float64[])>with<DynamicJaxprTrace>
2025-12-04 18:24:23,096 - HFDS_Heisenberg.Gutzwiller_MF_Init - INFO - MF energy Initialize orbitals: Traced<ShapedArray(float64[])>with<DynamicJaxprTrace>
2025-12-04 18:24:23,097 - HFDS_Heisenberg.Gutzwiller_MF_Init - INFO - Finished updating Gutzwiller MF orbitals.
2025-12-04 18:24:36,936 - HFDS_Heisenberg.Init_orbitals - INFO - Initializing Gutzwiller orbitals with h=0.0, phi=0.0
2025-12-04 18:24:37,154 - HFDS_Heisenberg.Gutzwiller_MF_Init - INFO - MF energy Initialize orbitals: Traced<ShapedArray(float64[])>with<DynamicJaxprTrace>
2025-12-04 18:24:37,348 - HFDS_Heisenberg.Gutzwiller_MF_Init - INFO - MF energy Initialize orbitals: Traced<ShapedArray(float64[])>with<DynamicJaxprTrace>
2025-12-04 18:24:37,348 - HFDS_Heisenberg.Gutzwiller_MF_Init - INFO - Finished updating Gutzwiller MF orbitals.
/cluster/home/fconoscenti/Thesis_QSL/Elaborate/Statistics/Error_Stat.py:54: RuntimeWarning: invalid value encountered in divide
  fidelity_val = np.abs(overlap_val) ** 2 / (np.vdot(vstate_array, vstate_array) * np.vdot(ket_gs, ket_gs))
2025-12-04 18:24:38,402 - HFDS_Heisenberg.Init_orbitals - INFO - Initializing Gutzwiller orbitals with h=0.0, phi=0.0
2025-12-04 18:24:38,613 - HFDS_Heisenberg.Gutzwiller_MF_Init - INFO - MF energy Initialize orbitals: Traced<ShapedArray(float64[])>with<DynamicJaxprTrace>
2025-12-04 18:24:38,822 - HFDS_Heisenberg.Gutzwiller_MF_Init - INFO - MF energy Initialize orbitals: Traced<ShapedArray(float64[])>with<DynamicJaxprTrace>
2025-12-04 18:24:38,823 - HFDS_Heisenberg.Gutzwiller_MF_Init - INFO - Finished updating Gutzwiller MF orbitals.
2025-12-04 18:24:38,878 - HFDS_Heisenberg.Init_orbitals - INFO - Initializing Gutzwiller orbitals with h=0.0, phi=0.0
2025-12-04 18:24:39,088 - HFDS_Heisenberg.Gutzwiller_MF_Init - INFO - MF energy Initialize orbitals: Traced<ShapedArray(float64[])>with<DynamicJaxprTrace>
2025-12-04 18:24:39,297 - HFDS_Heisenberg.Gutzwiller_MF_Init - INFO - MF energy Initialize orbitals: Traced<ShapedArray(float64[])>with<DynamicJaxprTrace>
2025-12-04 18:24:39,298 - HFDS_Heisenberg.Gutzwiller_MF_Init - INFO - Finished updating Gutzwiller MF orbitals.
2025-12-04 18:24:40,250 - HFDS_Heisenberg.Init_orbitals - INFO - Initializing Gutzwiller orbitals with h=0.0, phi=0.0
2025-12-04 18:24:40,447 - HFDS_Heisenberg.Gutzwiller_MF_Init - INFO - MF energy Initialize orbitals: Traced<ShapedArray(float64[])>with<DynamicJaxprTrace>
2025-12-04 18:24:40,642 - HFDS_Heisenberg.Gutzwiller_MF_Init - INFO - MF energy Initialize orbitals: Traced<ShapedArray(float64[])>with<DynamicJaxprTrace>
2025-12-04 18:24:40,642 - HFDS_Heisenberg.Gutzwiller_MF_Init - INFO - Finished updating Gutzwiller MF orbitals.
2025-12-04 18:24:41,570 - HFDS_Heisenberg.Init_orbitals - INFO - Initializing Gutzwiller orbitals with h=0.0, phi=0.0
2025-12-04 18:24:41,776 - HFDS_Heisenberg.Gutzwiller_MF_Init - INFO - MF energy Initialize orbitals: Traced<ShapedArray(float64[])>with<DynamicJaxprTrace>
2025-12-04 18:24:41,981 - HFDS_Heisenberg.Gutzwiller_MF_Init - INFO - MF energy Initialize orbitals: Traced<ShapedArray(float64[])>with<DynamicJaxprTrace>
2025-12-04 18:24:41,981 - HFDS_Heisenberg.Gutzwiller_MF_Init - INFO - Finished updating Gutzwiller MF orbitals.
/cluster/home/fconoscenti/Thesis_QSL/Elaborate/Statistics/Error_Stat.py:54: RuntimeWarning: invalid value encountered in divide
  fidelity_val = np.abs(overlap_val) ** 2 / (np.vdot(vstate_array, vstate_array) * np.vdot(ket_gs, ket_gs))
2025-12-04 18:24:43,780 - HFDS_Heisenberg.Init_orbitals - INFO - Initializing Gutzwiller orbitals with h=0.0, phi=0.0
2025-12-04 18:24:43,989 - HFDS_Heisenberg.Gutzwiller_MF_Init - INFO - MF energy Initialize orbitals: Traced<ShapedArray(float64[])>with<DynamicJaxprTrace>
2025-12-04 18:24:44,190 - HFDS_Heisenberg.Gutzwiller_MF_Init - INFO - MF energy Initialize orbitals: Traced<ShapedArray(float64[])>with<DynamicJaxprTrace>
2025-12-04 18:24:44,191 - HFDS_Heisenberg.Gutzwiller_MF_Init - INFO - Finished updating Gutzwiller MF orbitals.
/cluster/home/fconoscenti/Thesis_QSL/Elaborate/Plotting/Sign_vs_iteration.py:352: UserWarning: This figure includes Axes that are not compatible with tight_layout, so results might be incorrect.
  plt.tight_layout(rect=[0, 0, 0.80, 1])  # leave room on the right for our insets
/cluster/home/fconoscenti/Thesis_QSL/Elaborate/Plotting/Sign_vs_iteration.py:605: RuntimeWarning: invalid value encountered in divide
  psi_vstate_norm = psi_vstate_unnorm / norm_vstate
/cluster/home/fconoscenti/Thesis_QSL/HFDS_Heisenberg/run_spin_amp.py:403: UserWarning: n_samples=256 (256 per JAX device) does not divide n_chains=512, increased to 512 (512 per JAX device)
  vstate.n_samples = 256
2025-12-04 18:24:51,346 - HFDS_Heisenberg.Init_orbitals - INFO - Initializing Gutzwiller orbitals with h=0.0, phi=0.0
2025-12-04 18:24:51,550 - HFDS_Heisenberg.Gutzwiller_MF_Init - INFO - MF energy Initialize orbitals: Traced<ShapedArray(float64[])>with<DynamicJaxprTrace>
2025-12-04 18:24:51,750 - HFDS_Heisenberg.Gutzwiller_MF_Init - INFO - MF energy Initialize orbitals: Traced<ShapedArray(float64[])>with<DynamicJaxprTrace>
2025-12-04 18:24:51,751 - HFDS_Heisenberg.Gutzwiller_MF_Init - INFO - Finished updating Gutzwiller MF orbitals.
2025-12-04 18:24:52,095 - HFDS_Heisenberg.Init_orbitals - INFO - Initializing Gutzwiller orbitals with h=0.0, phi=0.0
2025-12-04 18:24:52,249 - HFDS_Heisenberg.Gutzwiller_MF_Init - INFO - MF energy Initialize orbitals: Traced<ShapedArray(float64[])>with<DynamicJaxprTrace>
2025-12-04 18:24:52,404 - HFDS_Heisenberg.Gutzwiller_MF_Init - INFO - MF energy Initialize orbitals: Traced<ShapedArray(float64[])>with<DynamicJaxprTrace>
2025-12-04 18:24:52,405 - HFDS_Heisenberg.Gutzwiller_MF_Init - INFO - Finished updating Gutzwiller MF orbitals.
2025-12-04 18:25:11,704 - HFDS_Heisenberg.Init_orbitals - INFO - Initializing Gutzwiller orbitals with h=0.0, phi=0.0
2025-12-04 18:25:11,857 - HFDS_Heisenberg.Gutzwiller_MF_Init - INFO - MF energy Initialize orbitals: Traced<ShapedArray(float64[])>with<DynamicJaxprTrace>
2025-12-04 18:25:12,010 - HFDS_Heisenberg.Gutzwiller_MF_Init - INFO - MF energy Initialize orbitals: Traced<ShapedArray(float64[])>with<DynamicJaxprTrace>
2025-12-04 18:25:12,011 - HFDS_Heisenberg.Gutzwiller_MF_Init - INFO - Finished updating Gutzwiller MF orbitals.
/cluster/home/fconoscenti/netket_venv/lib/python3.11/site-packages/netket/optimizer/qgt/qgt_onthefly.py:138: HolomorphicUndeclaredWarning: 
Defaulting to `holomorphic=False`, but this might lead to increased
computational cost or disabled features. Check if your variational
function is holomorphic, and if so specify `holomorphic=True`as an extra
keyword argument.

To silence this warning, specify the `holomorphic=False/True` keyword
argument.

To numerically check whether your variational function is or not holomorphic
you can use the following snippet:

```python
   vs = nk.vqs.MCState(...)

   nk.utils.is_probably_holomorphic(vs._apply_fun, vs.parameters, vs.samples, vs.model_state)
```

if `nk.utils.is_probably_holomorphic` returns False, then your function is not holomorphic.
If it returns True, it is probably holomorphic.


-------------------------------------------------------
For more detailed informations, visit the following link:
	 https://netket.readthedocs.io/en/latest/api/_generated/errors/netket.errors.HolomorphicUndeclaredWarning.html
or the list of all common errors and warnings at
	 https://netket.readthedocs.io/en/latest/api/errors.html
-------------------------------------------------------

  warnings.warn(HolomorphicUndeclaredWarning(), UserWarning)
2025-12-04 18:25:13,018 - HFDS_Heisenberg.Init_orbitals - INFO - Initializing Gutzwiller orbitals with h=0.0, phi=0.0
2025-12-04 18:25:13,172 - HFDS_Heisenberg.Gutzwiller_MF_Init - INFO - MF energy Initialize orbitals: Traced<ShapedArray(float64[])>with<DynamicJaxprTrace>
2025-12-04 18:25:13,326 - HFDS_Heisenberg.Gutzwiller_MF_Init - INFO - MF energy Initialize orbitals: Traced<ShapedArray(float64[])>with<DynamicJaxprTrace>
2025-12-04 18:25:13,326 - HFDS_Heisenberg.Gutzwiller_MF_Init - INFO - Finished updating Gutzwiller MF orbitals.
/cluster/home/fconoscenti/netket_venv/lib/python3.11/site-packages/jax/_src/linear_util.py:388: HolomorphicUndeclaredWarning: 
Defaulting to `holomorphic=False`, but this might lead to increased
computational cost or disabled features. Check if your variational
function is holomorphic, and if so specify `holomorphic=True`as an extra
keyword argument.

To silence this warning, specify the `holomorphic=False/True` keyword
argument.

To numerically check whether your variational function is or not holomorphic
you can use the following snippet:

```python
   vs = nk.vqs.MCState(...)

   nk.utils.is_probably_holomorphic(vs._apply_fun, vs.parameters, vs.samples, vs.model_state)
```

if `nk.utils.is_probably_holomorphic` returns False, then your function is not holomorphic.
If it returns True, it is probably holomorphic.


-------------------------------------------------------
For more detailed informations, visit the following link:
	 https://netket.readthedocs.io/en/latest/api/_generated/errors/netket.errors.HolomorphicUndeclaredWarning.html
or the list of all common errors and warnings at
	 https://netket.readthedocs.io/en/latest/api/errors.html
-------------------------------------------------------

  ans = _fun(*args, **kwargs)
2025-12-04 18:25:13,397 - HFDS_Heisenberg.Init_orbitals - INFO - Initializing Gutzwiller orbitals with h=0.0, phi=0.0
2025-12-04 18:25:13,551 - HFDS_Heisenberg.Gutzwiller_MF_Init - INFO - MF energy Initialize orbitals: Traced<ShapedArray(float64[])>with<DynamicJaxprTrace>
2025-12-04 18:25:13,705 - HFDS_Heisenberg.Gutzwiller_MF_Init - INFO - MF energy Initialize orbitals: Traced<ShapedArray(float64[])>with<DynamicJaxprTrace>
2025-12-04 18:25:13,705 - HFDS_Heisenberg.Gutzwiller_MF_Init - INFO - Finished updating Gutzwiller MF orbitals.
Traceback (most recent call last):
  File "<frozen runpy>", line 198, in _run_module_as_main
  File "<frozen runpy>", line 88, in _run_code
  File "/cluster/home/fconoscenti/Thesis_QSL/HFDS_Heisenberg/run_spin_amp.py", line 404, in <module>
    vstate.n_samples = 256
                           
  File "/cluster/home/fconoscenti/Thesis_QSL/Elaborate/Plotting/S_matrix_vs_iteration.py", line 20, in plot_S_matrix_eigenvalues
    S_matrix = compute_S_matrix(vstate, folder_path, hi)
               ^^^^^^^^^^^^^^^^^^^^^^^^^^^^^^^^^^^^^^^^^
  File "/cluster/home/fconoscenti/Thesis_QSL/Elaborate/S_matrix_Obs.py", line 23, in compute_S_matrix
    S_matrix = compute_S_matrix_single_model(vstate, hi)
               ^^^^^^^^^^^^^^^^^^^^^^^^^^^^^^^^^^^^^^^^^
  File "/cluster/home/fconoscenti/Thesis_QSL/Elaborate/S_matrix_Obs.py", line 31, in compute_S_matrix_single_model
    S_matrix = qgt.to_dense()
               ^^^^^^^^^^^^^^
  File "/cluster/home/fconoscenti/netket_venv/lib/python3.11/site-packages/netket/optimizer/qgt/qgt_onthefly.py", line 222, in to_dense
    raise NonHolomorphicQGTOnTheFlyDenseRepresentationError()
netket.errors.NonHolomorphicQGTOnTheFlyDenseRepresentationError: 
QGTOnTheFly cannot be converted to a dense matrix for non-holomorphic
functions which have complex parameters.

This limitation does not apply if the parameters are all real.

This error might have happened for two reasons:
 - you specified `holomorphic=False` because your ansatz is non-holomorphic.
   In that case you should use `QGTJacobianPyTree` or `QGTJacobianDense`
   implementations.

 - you did not specify `holomorphic`, which leads to the default value of
   `holomorphic=False` (in that case, you should have seen a warning). If
   that is the case, you should carefully check if your ansatz is holomorhic
   almost everywhere, and if that is the case, specify `holomorphic=True`.
   If your ansatz is not-holomorphic, the same suggestion as above applies.

Be warned that if you specify `holomorphic=True` when your ansatz is mathematically
not holomorphic is a surprisingly bad idea and will lead to numerically wrong results,
so I'd invite you not to lie to your computer.


-------------------------------------------------------
For more detailed informations, visit the following link:
	 https://netket.readthedocs.io/en/latest/api/_generated/errors/netket.errors.NonHolomorphicQGTOnTheFlyDenseRepresentationError.html
or the list of all common errors at
	 https://netket.readthedocs.io/en/latest/api/errors.html
-------------------------------------------------------

srun: error: eu-g5-003-1: task 0: Exited with exit code 1
