Traceback (most recent call last):
  File "<frozen runpy>", line 198, in _run_module_as_main
  File "<frozen runpy>", line 88, in _run_code
  File "/cluster/home/fconoscenti/Thesis_QSL/Elaborate/Plotting/plot_avarage_models.py", line 202, in <module>
    avarage_plots_seeds(model_path, Js, plot_variance=True)
  File "/cluster/home/fconoscenti/Thesis_QSL/Elaborate/Plotting/plot_avarage_models.py", line 142, in avarage_plots_seeds
    loaded_data = pickle.load(open(f'{folder}/J={J}/variables_average', 'rb')) 
                              ^^^^^^^^^^^^^^^^^^^^^^^^^^^^^^^^^^^^^^^^^^^^^^^
FileNotFoundError: [Errno 2] No such file or directory: '/cluster/home/fconoscenti/Thesis_QSL/HFDS_Heisenberg/plot/spin_new/layers1_hidd1_feat1_sample256_lr0.025_iter2_parityTrue_rotTrue_InitFermi_typecomplex/J=0.0/variables_average'

==================== Processing Model: layers1_hidd1_feat1_sample256_lr0.025_iter2_parityTrue_rotTrue_InitFermi_typecomplex ====================

✅ Averaged data saved to: /cluster/home/fconoscenti/Thesis_QSL/HFDS_Heisenberg/plot/spin_new/layers1_hidd1_feat1_sample256_lr0.025_iter2_parityTrue_rotTrue_InitFermi_typecomplex/J=0.0/variables_average.pkl
Saved keys: E_exact, E_init_mean, E_init_var, E_vs_mean, E_vs_var, amp_overlap_mean, amp_overlap_var, configs, fidelity_mean, fidelity_var, sign_err_var, sign_exact_mean, sign_exact_var, sign_overlap_mean, sign_overlap_var, sign_vstate_config_mean, sign_vstate_config_var, sign_vstate_mean, sign_vstate_var, weight_exact_mean, weight_exact_var, weight_vstate_mean, weight_vstate_var

✅ Averaged data saved to: /cluster/home/fconoscenti/Thesis_QSL/HFDS_Heisenberg/plot/spin_new/layers1_hidd1_feat1_sample256_lr0.025_iter2_parityTrue_rotTrue_InitFermi_typecomplex/J=0.2/variables_average.pkl
Saved keys: E_exact, E_init_mean, E_init_var, E_vs_mean, E_vs_var, amp_overlap_mean, amp_overlap_var, configs, fidelity_mean, fidelity_var, sign_err_var, sign_exact_mean, sign_exact_var, sign_overlap_mean, sign_overlap_var, sign_vstate_config_mean, sign_vstate_config_var, sign_vstate_mean, sign_vstate_var, weight_exact_mean, weight_exact_var, weight_vstate_mean, weight_vstate_var

✅ Averaged data saved to: /cluster/home/fconoscenti/Thesis_QSL/HFDS_Heisenberg/plot/spin_new/layers1_hidd1_feat1_sample256_lr0.025_iter2_parityTrue_rotTrue_InitFermi_typecomplex/J=0.5/variables_average.pkl
Saved keys: E_exact, E_init_mean, E_init_var, E_vs_mean, E_vs_var, amp_overlap_mean, amp_overlap_var, configs, fidelity_mean, fidelity_var, sign_err_var, sign_exact_mean, sign_exact_var, sign_overlap_mean, sign_overlap_var, sign_vstate_config_mean, sign_vstate_config_var, sign_vstate_mean, sign_vstate_var, weight_exact_mean, weight_exact_var, weight_vstate_mean, weight_vstate_var

✅ Averaged data saved to: /cluster/home/fconoscenti/Thesis_QSL/HFDS_Heisenberg/plot/spin_new/layers1_hidd1_feat1_sample256_lr0.025_iter2_parityTrue_rotTrue_InitFermi_typecomplex/J=0.7/variables_average.pkl
Saved keys: E_exact, E_init_mean, E_init_var, E_vs_mean, E_vs_var, amp_overlap_mean, amp_overlap_var, configs, fidelity_mean, fidelity_var, sign_err_var, sign_exact_mean, sign_exact_var, sign_overlap_mean, sign_overlap_var, sign_vstate_config_mean, sign_vstate_config_var, sign_vstate_mean, sign_vstate_var, weight_exact_mean, weight_exact_var, weight_vstate_mean, weight_vstate_var

✅ Averaged data saved to: /cluster/home/fconoscenti/Thesis_QSL/HFDS_Heisenberg/plot/spin_new/layers1_hidd1_feat1_sample256_lr0.025_iter2_parityTrue_rotTrue_InitFermi_typecomplex/J=1.0/variables_average.pkl
Saved keys: E_exact, E_init_mean, E_init_var, E_vs_mean, E_vs_var, amp_overlap_mean, amp_overlap_var, configs, fidelity_mean, fidelity_var, sign_err_var, sign_exact_mean, sign_exact_var, sign_overlap_mean, sign_overlap_var, sign_vstate_config_mean, sign_vstate_config_var, sign_vstate_mean, sign_vstate_var, weight_exact_mean, weight_exact_var, weight_vstate_mean, weight_vstate_var
srun: error: eu-g5-007-2: task 0: Exited with exit code 1
