--- Obtaining DMRG ground state and generating samples ---
--- Loading pre-trained DMRG state from DMRG/trained_models/dmrg_L4_J2_0.5.pkl.gz ---
--- DMRG state loaded. ---
--- DMRG sampling complete ---

--- Calculating Exact Ground State ---

--- Starting NetKet RBM Calculation ---
Automatic SR implementation choice:  QGT
  0%|          | 0/1 [00:00<?, ?it/s]  0%|          | 0/1 [00:14<?, ?it/s, Energy=11.9978-0.0014j ± 0.0039 [σ²=1.3e-02, R̂=1.013]]100%|██████████| 1/1 [00:00<00:00, 14.37it/s, Energy=11.9978-0.0014j ± 0.0039 [σ²=1.3e-02, R̂=1.013]]
Final RBM Energy: 11.997799
Final RBM Energy per site: 0.749862
--- NetKet RBM Calculation Finished ---
Exact GS Marshall Sign: 0.974538

==================== Running for n_iter = 40 ====================

--- Starting NetKet RBM Calculation ---
--- Loading pre-trained RBM parameters from DMRG/trained_models/rbm_L4_J2_0.5_iter40_iter40.mpack ---
--- RBM parameters loaded. ---
--- NetKet RBM Calculation Finished ---
MCMC Marshall Sign:       -0.010498 ± 0.010971
RBM Sign on DMRG Samples: -0.415995

==================== Running for n_iter = 50 ====================

--- Starting NetKet RBM Calculation ---
--- Loading pre-trained RBM parameters from DMRG/trained_models/rbm_L4_J2_0.5_iter50_iter50.mpack ---
--- RBM parameters loaded. ---
--- NetKet RBM Calculation Finished ---
MCMC Marshall Sign:       -0.083984 ± 0.011469
RBM Sign on DMRG Samples: -0.949677

==================== Running for n_iter = 60 ====================

--- Starting NetKet RBM Calculation ---
--- Loading pre-trained RBM parameters from DMRG/trained_models/rbm_L4_J2_0.5_iter60_iter60.mpack ---
--- RBM parameters loaded. ---
--- NetKet RBM Calculation Finished ---
MCMC Marshall Sign:       -0.090576 ± 0.011891
RBM Sign on DMRG Samples: 0.278977

==================== Running for n_iter = 80 ====================

--- Starting NetKet RBM Calculation ---
--- Loading pre-trained RBM parameters from DMRG/trained_models/rbm_L4_J2_0.5_iter80_iter80.mpack ---
--- RBM parameters loaded. ---
--- NetKet RBM Calculation Finished ---
MCMC Marshall Sign:       -0.232910 ± 0.011613
RBM Sign on DMRG Samples: -0.138858

==================== Running for n_iter = 100 ====================

--- Starting NetKet RBM Calculation ---
--- Loading pre-trained RBM parameters from DMRG/trained_models/rbm_L4_J2_0.5_iter100_iter100.mpack ---
--- RBM parameters loaded. ---
--- NetKet RBM Calculation Finished ---
MCMC Marshall Sign:       -0.395508 ± 0.011941
RBM Sign on DMRG Samples: -0.470991

==================== Running for n_iter = 120 ====================

--- Starting NetKet RBM Calculation ---
--- Loading pre-trained RBM parameters from DMRG/trained_models/rbm_L4_J2_0.5_iter120_iter120.mpack ---
--- RBM parameters loaded. ---
--- NetKet RBM Calculation Finished ---
MCMC Marshall Sign:       -0.568115 ± 0.010817
RBM Sign on DMRG Samples: -0.525582

==================== Running for n_iter = 140 ====================

--- Starting NetKet RBM Calculation ---
--- Loading pre-trained RBM parameters from DMRG/trained_models/rbm_L4_J2_0.5_iter140_iter140.mpack ---
--- RBM parameters loaded. ---
--- NetKet RBM Calculation Finished ---
MCMC Marshall Sign:       -0.697510 ± 0.009743
RBM Sign on DMRG Samples: -0.687954

==================== Running for n_iter = 160 ====================

--- Starting NetKet RBM Calculation ---
--- Loading pre-trained RBM parameters from DMRG/trained_models/rbm_L4_J2_0.5_iter160_iter160.mpack ---
--- RBM parameters loaded. ---
--- NetKet RBM Calculation Finished ---
MCMC Marshall Sign:       -0.781250 ± 0.009148
RBM Sign on DMRG Samples: -0.748819

==================== Running for n_iter = 180 ====================

--- Starting NetKet RBM Calculation ---
--- Loading pre-trained RBM parameters from DMRG/trained_models/rbm_L4_J2_0.5_iter180_iter180.mpack ---
--- RBM parameters loaded. ---
--- NetKet RBM Calculation Finished ---
MCMC Marshall Sign:       -0.854004 ± 0.007578
RBM Sign on DMRG Samples: -0.847963

==================== Running for n_iter = 200 ====================

--- Starting NetKet RBM Calculation ---
--- Loading pre-trained RBM parameters from DMRG/trained_models/rbm_L4_J2_0.5_iter200_iter200.mpack ---
--- RBM parameters loaded. ---
--- NetKet RBM Calculation Finished ---
MCMC Marshall Sign:       -0.883545 ± 0.007245
RBM Sign on DMRG Samples: -0.853519

==================== Running for n_iter = 300 ====================

--- Starting NetKet RBM Calculation ---
--- Loading pre-trained RBM parameters from DMRG/trained_models/rbm_L4_J2_0.5_iter300_iter300.mpack ---
--- RBM parameters loaded. ---
--- NetKet RBM Calculation Finished ---
MCMC Marshall Sign:       -0.968994 ± 0.003747
RBM Sign on DMRG Samples: -0.978406

==================== Running for n_iter = 400 ====================

--- Starting NetKet RBM Calculation ---
--- Loading pre-trained RBM parameters from DMRG/trained_models/rbm_L4_J2_0.5_iter400_iter400.mpack ---
--- RBM parameters loaded. ---
--- NetKet RBM Calculation Finished ---
MCMC Marshall Sign:       -0.981201 ± 0.002507
RBM Sign on DMRG Samples: -0.979599

==================== Running for n_iter = 500 ====================

--- Starting NetKet RBM Calculation ---
--- Loading pre-trained RBM parameters from DMRG/trained_models/rbm_L4_J2_0.5_iter500_iter500.mpack ---
--- RBM parameters loaded. ---
--- NetKet RBM Calculation Finished ---
MCMC Marshall Sign:       -0.985352 ± 0.003039
RBM Sign on DMRG Samples: -0.988047

==================== Running for n_iter = 700 ====================

--- Starting NetKet RBM Calculation ---
--- Loading pre-trained RBM parameters from DMRG/trained_models/rbm_L4_J2_0.5_iter700_iter700.mpack ---
--- RBM parameters loaded. ---
--- NetKet RBM Calculation Finished ---
MCMC Marshall Sign:       -0.989502 ± 0.001881
RBM Sign on DMRG Samples: -0.990655

==================== Running for n_iter = 1000 ====================

--- Starting NetKet RBM Calculation ---
--- Loading pre-trained RBM parameters from DMRG/trained_models/rbm_L4_J2_0.5_iter1000_iter1000.mpack ---
--- RBM parameters loaded. ---
--- NetKet RBM Calculation Finished ---
MCMC Marshall Sign:       -0.991943 ± 0.002141
RBM Sign on DMRG Samples: -0.992149

✅ Final sign plot saved to DMRG/plot/Sign_vs_Iterations/sign_vs_n_iter_L4_J2_0.5.png
