[CpuDevice(id=0)]
Processing J=1.0 in /scratch/f/F.Conoscenti/Thesis_QSL/HFDS_Heisenberg/plot/spin_new/layers1_hidd4_feat32_sample1024_lr0.025_iter400_parityTrue_rotationFalse_InitFermi_typereal/J=1.0/seed_4
Plotting S-matrix eigenvalues... (10, 3792)
S-matrix eigenvalues saved to /scratch/f/F.Conoscenti/Thesis_QSL/HFDS_Heisenberg/plot/spin_new/layers1_hidd4_feat32_sample1024_lr0.025_iter400_parityTrue_rotationFalse_InitFermi_typereal/J=1.0/seed_4/Sign_plot/S_matrix_eigenvalues.pkl using pickle.
✅ Successfully generated plot for /scratch/f/F.Conoscenti/Thesis_QSL/HFDS_Heisenberg/plot/spin_new/layers1_hidd4_feat32_sample1024_lr0.025_iter400_parityTrue_rotationFalse_InitFermi_typereal/J=1.0/seed_4
Processing J=1.0 in /scratch/f/F.Conoscenti/Thesis_QSL/HFDS_Heisenberg/plot/spin_new/layers1_hidd4_feat32_sample1024_lr0.025_iter400_parityTrue_rotationFalse_InitFermi_typereal/J=1.0/seed_3
Plotting S-matrix eigenvalues... (10, 3792)
S-matrix eigenvalues saved to /scratch/f/F.Conoscenti/Thesis_QSL/HFDS_Heisenberg/plot/spin_new/layers1_hidd4_feat32_sample1024_lr0.025_iter400_parityTrue_rotationFalse_InitFermi_typereal/J=1.0/seed_3/Sign_plot/S_matrix_eigenvalues.pkl using pickle.
✅ Successfully generated plot for /scratch/f/F.Conoscenti/Thesis_QSL/HFDS_Heisenberg/plot/spin_new/layers1_hidd4_feat32_sample1024_lr0.025_iter400_parityTrue_rotationFalse_InitFermi_typereal/J=1.0/seed_3
Processing J=0.7 in /scratch/f/F.Conoscenti/Thesis_QSL/HFDS_Heisenberg/plot/spin_new/layers1_hidd4_feat32_sample1024_lr0.025_iter400_parityTrue_rotationFalse_InitFermi_typereal/J=0.7/seed_2
Plotting S-matrix eigenvalues... (10, 3792)
S-matrix eigenvalues saved to /scratch/f/F.Conoscenti/Thesis_QSL/HFDS_Heisenberg/plot/spin_new/layers1_hidd4_feat32_sample1024_lr0.025_iter400_parityTrue_rotationFalse_InitFermi_typereal/J=0.7/seed_2/Sign_plot/S_matrix_eigenvalues.pkl using pickle.
✅ Successfully generated plot for /scratch/f/F.Conoscenti/Thesis_QSL/HFDS_Heisenberg/plot/spin_new/layers1_hidd4_feat32_sample1024_lr0.025_iter400_parityTrue_rotationFalse_InitFermi_typereal/J=0.7/seed_2
Processing J=0.7 in /scratch/f/F.Conoscenti/Thesis_QSL/HFDS_Heisenberg/plot/spin_new/layers1_hidd4_feat32_sample1024_lr0.025_iter400_parityTrue_rotationFalse_InitFermi_typereal/J=0.7/seed_3
Plotting S-matrix eigenvalues... (10, 3792)
S-matrix eigenvalues saved to /scratch/f/F.Conoscenti/Thesis_QSL/HFDS_Heisenberg/plot/spin_new/layers1_hidd4_feat32_sample1024_lr0.025_iter400_parityTrue_rotationFalse_InitFermi_typereal/J=0.7/seed_3/Sign_plot/S_matrix_eigenvalues.pkl using pickle.
✅ Successfully generated plot for /scratch/f/F.Conoscenti/Thesis_QSL/HFDS_Heisenberg/plot/spin_new/layers1_hidd4_feat32_sample1024_lr0.025_iter400_parityTrue_rotationFalse_InitFermi_typereal/J=0.7/seed_3
Processing J=0.7 in /scratch/f/F.Conoscenti/Thesis_QSL/HFDS_Heisenberg/plot/spin_new/layers1_hidd4_feat32_sample1024_lr0.025_iter400_parityTrue_rotationFalse_InitFermi_typereal/J=0.7/seed_4
Plotting S-matrix eigenvalues... (10, 3792)
S-matrix eigenvalues saved to /scratch/f/F.Conoscenti/Thesis_QSL/HFDS_Heisenberg/plot/spin_new/layers1_hidd4_feat32_sample1024_lr0.025_iter400_parityTrue_rotationFalse_InitFermi_typereal/J=0.7/seed_4/Sign_plot/S_matrix_eigenvalues.pkl using pickle.
✅ Successfully generated plot for /scratch/f/F.Conoscenti/Thesis_QSL/HFDS_Heisenberg/plot/spin_new/layers1_hidd4_feat32_sample1024_lr0.025_iter400_parityTrue_rotationFalse_InitFermi_typereal/J=0.7/seed_4
Processing J=0.2 in /scratch/f/F.Conoscenti/Thesis_QSL/HFDS_Heisenberg/plot/spin_new/layers1_hidd4_feat32_sample1024_lr0.025_iter400_parityTrue_rotationFalse_InitFermi_typereal/J=0.2/seed_4
Plotting S-matrix eigenvalues... (10, 3792)
S-matrix eigenvalues saved to /scratch/f/F.Conoscenti/Thesis_QSL/HFDS_Heisenberg/plot/spin_new/layers1_hidd4_feat32_sample1024_lr0.025_iter400_parityTrue_rotationFalse_InitFermi_typereal/J=0.2/seed_4/Sign_plot/S_matrix_eigenvalues.pkl using pickle.
✅ Successfully generated plot for /scratch/f/F.Conoscenti/Thesis_QSL/HFDS_Heisenberg/plot/spin_new/layers1_hidd4_feat32_sample1024_lr0.025_iter400_parityTrue_rotationFalse_InitFermi_typereal/J=0.2/seed_4
Processing J=0.2 in /scratch/f/F.Conoscenti/Thesis_QSL/HFDS_Heisenberg/plot/spin_new/layers1_hidd4_feat32_sample1024_lr0.025_iter400_parityTrue_rotationFalse_InitFermi_typereal/J=0.2/seed_2
Plotting S-matrix eigenvalues... (10, 3792)
S-matrix eigenvalues saved to /scratch/f/F.Conoscenti/Thesis_QSL/HFDS_Heisenberg/plot/spin_new/layers1_hidd4_feat32_sample1024_lr0.025_iter400_parityTrue_rotationFalse_InitFermi_typereal/J=0.2/seed_2/Sign_plot/S_matrix_eigenvalues.pkl using pickle.
✅ Successfully generated plot for /scratch/f/F.Conoscenti/Thesis_QSL/HFDS_Heisenberg/plot/spin_new/layers1_hidd4_feat32_sample1024_lr0.025_iter400_parityTrue_rotationFalse_InitFermi_typereal/J=0.2/seed_2
Processing J=0.5 in /scratch/f/F.Conoscenti/Thesis_QSL/HFDS_Heisenberg/plot/spin_new/layers1_hidd4_feat32_sample1024_lr0.025_iter400_parityTrue_rotationFalse_InitFermi_typereal/J=0.5/seed_4
Plotting S-matrix eigenvalues... (10, 3792)
S-matrix eigenvalues saved to /scratch/f/F.Conoscenti/Thesis_QSL/HFDS_Heisenberg/plot/spin_new/layers1_hidd4_feat32_sample1024_lr0.025_iter400_parityTrue_rotationFalse_InitFermi_typereal/J=0.5/seed_4/Sign_plot/S_matrix_eigenvalues.pkl using pickle.
✅ Successfully generated plot for /scratch/f/F.Conoscenti/Thesis_QSL/HFDS_Heisenberg/plot/spin_new/layers1_hidd4_feat32_sample1024_lr0.025_iter400_parityTrue_rotationFalse_InitFermi_typereal/J=0.5/seed_4
Processing J=0.5 in /scratch/f/F.Conoscenti/Thesis_QSL/HFDS_Heisenberg/plot/spin_new/layers1_hidd4_feat32_sample1024_lr0.025_iter400_parityTrue_rotationFalse_InitFermi_typereal/J=0.5/seed_1
Plotting S-matrix eigenvalues... (10, 3792)
S-matrix eigenvalues saved to /scratch/f/F.Conoscenti/Thesis_QSL/HFDS_Heisenberg/plot/spin_new/layers1_hidd4_feat32_sample1024_lr0.025_iter400_parityTrue_rotationFalse_InitFermi_typereal/J=0.5/seed_1/Sign_plot/S_matrix_eigenvalues.pkl using pickle.
✅ Successfully generated plot for /scratch/f/F.Conoscenti/Thesis_QSL/HFDS_Heisenberg/plot/spin_new/layers1_hidd4_feat32_sample1024_lr0.025_iter400_parityTrue_rotationFalse_InitFermi_typereal/J=0.5/seed_1
