Rank=0: Total number of GPUs: 1, devices: [CudaDevice(id=0)]
Rank=0: Local number of GPUs: 1, devices: [CudaDevice(id=0)]
  0%|          | 0/1 [00:00<?, ?it/s]  0%|          | 0/1 [06:52<?, ?it/s, Energy=-5.95-0.00j ± 0.21 [σ²=3.9e+01, R̂=1.225]]100%|██████████| 1/1 [00:00<00:00, 10.42it/s, Energy=-5.95-0.00j ± 0.21 [σ²=3.9e+01, R̂=1.225]]
  0%|          | 0/1 [00:00<?, ?it/s]  0%|          | 0/1 [00:02<?, ?it/s, Energy=-7.41-0.00j ± 0.29 [σ²=7.8e+01, R̂=1.225]]100%|██████████| 1/1 [00:00<00:00, 2002.05it/s, Energy=-7.41-0.00j ± 0.29 [σ²=7.8e+01, R̂=1.225]]
  0%|          | 0/1 [00:00<?, ?it/s]  0%|          | 0/1 [00:01<?, ?it/s, Energy=-6.15-0.00j ± 0.31 [σ²=9.7e+01, R̂=1.225]]100%|██████████| 1/1 [00:00<00:00, 2065.14it/s, Energy=-6.15-0.00j ± 0.31 [σ²=9.7e+01, R̂=1.225]]
  0%|          | 0/1 [00:00<?, ?it/s]  0%|          | 0/1 [00:01<?, ?it/s, Energy=-7.97+0.00j ± 0.32 [σ²=1.0e+02, R̂=1.225]]100%|██████████| 1/1 [00:00<00:00, 1959.96it/s, Energy=-7.97+0.00j ± 0.32 [σ²=1.0e+02, R̂=1.225]]
  0%|          | 0/1 [00:00<?, ?it/s]  0%|          | 0/1 [00:01<?, ?it/s, Energy=-9.06-0.00j ± 0.31 [σ²=9.5e+01, R̂=1.225]]100%|██████████| 1/1 [00:00<00:00, 416.43it/s, Energy=-9.06-0.00j ± 0.31 [σ²=9.5e+01, R̂=1.225]]
Traceback (most recent call last):
  File "<frozen runpy>", line 198, in _run_module_as_main
  File "<frozen runpy>", line 88, in _run_code
  File "/scratch/f/F.Conoscenti/Thesis_QSL/HFDS_Heisenberg/run_spin.py", line 215, in <module>
    sign_vstate_full, sign_exact, fidelity = plot_Sign_Fidelity(ket_gs, vstate, hi,  folder, one_avg = "one")
                                             ^^^^^^^^^^^^^^^^^^^^^^^^^^^^^^^^^^^^^^^^^^^^^^^^^^^^^^^^^^^^^^^^
  File "/scratch/f/F.Conoscenti/Thesis_QSL/Elaborate/Sign_vs_iteration.py", line 67, in plot_Sign_Fidelity
    sign_vstate_full,_ = Marshall_Sign_full_hilbert(vstate, folder_path, hi)
                       ^^^^^^^^^^^^^^^^^^^^^^^^^^^^^^^^^^^^^^^^^^^^^^^^^^^
  File "/scratch/f/F.Conoscenti/Thesis_QSL/Elaborate/Sign_Obs.py", line 241, in Marshall_Sign_full_hilbert
    signs_vstate = np.zeros((number_models, hi.n_states))
                   ^^^^^^^^^^^^^^^^^^^^^^^^^^^^^^^^
TypeError: Cannot interpret '16' as a data type
srun: error: th-cl-naples08: task 0: Exited with exit code 1
srun: Terminating StepId=10009000.0
