
==================== Processing Model: layers1_hidd1_feat1_sample256_lr0.025_iter1_parityTrue_rotTrue_InitFermi_typecomplex ====================
Warning: Directory not found, skipping: /cluster/home/fconoscenti/Thesis_QSL/HFDS_Heisenberg/plot/spin_new/layers1_hidd1_feat1_sample256_lr0.025_iter1_parityTrue_rotTrue_InitFermi_typecomplex/J=0.0
Warning: Directory not found, skipping: /cluster/home/fconoscenti/Thesis_QSL/HFDS_Heisenberg/plot/spin_new/layers1_hidd1_feat1_sample256_lr0.025_iter1_parityTrue_rotTrue_InitFermi_typecomplex/J=0.2
Warning: Directory not found, skipping: /cluster/home/fconoscenti/Thesis_QSL/HFDS_Heisenberg/plot/spin_new/layers1_hidd1_feat1_sample256_lr0.025_iter1_parityTrue_rotTrue_InitFermi_typecomplex/J=0.5
Warning: Directory not found, skipping: /cluster/home/fconoscenti/Thesis_QSL/HFDS_Heisenberg/plot/spin_new/layers1_hidd1_feat1_sample256_lr0.025_iter1_parityTrue_rotTrue_InitFermi_typecomplex/J=0.7
Warning: Directory not found, skipping: /cluster/home/fconoscenti/Thesis_QSL/HFDS_Heisenberg/plot/spin_new/layers1_hidd1_feat1_sample256_lr0.025_iter1_parityTrue_rotTrue_InitFermi_typecomplex/J=1.0
Warning: Average data file not found, skipping plots for J=0.0: /cluster/home/fconoscenti/Thesis_QSL/HFDS_Heisenberg/plot/spin_new/layers1_hidd1_feat1_sample256_lr0.025_iter1_parityTrue_rotTrue_InitFermi_typecomplex/J=0.0/variables_average
Warning: Average data file not found, skipping plots for J=0.2: /cluster/home/fconoscenti/Thesis_QSL/HFDS_Heisenberg/plot/spin_new/layers1_hidd1_feat1_sample256_lr0.025_iter1_parityTrue_rotTrue_InitFermi_typecomplex/J=0.2/variables_average
Warning: Average data file not found, skipping plots for J=0.5: /cluster/home/fconoscenti/Thesis_QSL/HFDS_Heisenberg/plot/spin_new/layers1_hidd1_feat1_sample256_lr0.025_iter1_parityTrue_rotTrue_InitFermi_typecomplex/J=0.5/variables_average
Warning: Average data file not found, skipping plots for J=0.7: /cluster/home/fconoscenti/Thesis_QSL/HFDS_Heisenberg/plot/spin_new/layers1_hidd1_feat1_sample256_lr0.025_iter1_parityTrue_rotTrue_InitFermi_typecomplex/J=0.7/variables_average
Warning: Average data file not found, skipping plots for J=1.0: /cluster/home/fconoscenti/Thesis_QSL/HFDS_Heisenberg/plot/spin_new/layers1_hidd1_feat1_sample256_lr0.025_iter1_parityTrue_rotTrue_InitFermi_typecomplex/J=1.0/variables_average
==================== Finished Processing Model: layers1_hidd1_feat1_sample256_lr0.025_iter1_parityTrue_rotTrue_InitFermi_typecomplex ====================


==================== Processing Model: layers1_hidd1_feat1_sample256_lr0.025_iter1_parityTrue_rotTrue_InitG_MF_typecomplex ====================

✅ Averaged data saved to: /cluster/home/fconoscenti/Thesis_QSL/HFDS_Heisenberg/plot/spin_new/layers1_hidd1_feat1_sample256_lr0.025_iter1_parityTrue_rotTrue_InitG_MF_typecomplex/J=0.0/variables_average.pkl
Saved keys: E_exact, E_init_mean, E_init_var, E_vs_mean, E_vs_var, amp_overlap_mean, amp_overlap_var, configs, fidelity_mean, fidelity_var, sign_err_var, sign_exact_mean, sign_exact_var, sign_overlap_mean, sign_overlap_var, sign_vstate_config_mean, sign_vstate_config_var, sign_vstate_mean, sign_vstate_var, weight_exact_mean, weight_exact_var, weight_vstate_mean, weight_vstate_var

✅ Averaged data saved to: /cluster/home/fconoscenti/Thesis_QSL/HFDS_Heisenberg/plot/spin_new/layers1_hidd1_feat1_sample256_lr0.025_iter1_parityTrue_rotTrue_InitG_MF_typecomplex/J=0.2/variables_average.pkl
Saved keys: E_exact, E_init_mean, E_init_var, E_vs_mean, E_vs_var, amp_overlap_mean, amp_overlap_var, configs, fidelity_mean, fidelity_var, sign_err_var, sign_exact_mean, sign_exact_var, sign_overlap_mean, sign_overlap_var, sign_vstate_config_mean, sign_vstate_config_var, sign_vstate_mean, sign_vstate_var, weight_exact_mean, weight_exact_var, weight_vstate_mean, weight_vstate_var

✅ Averaged data saved to: /cluster/home/fconoscenti/Thesis_QSL/HFDS_Heisenberg/plot/spin_new/layers1_hidd1_feat1_sample256_lr0.025_iter1_parityTrue_rotTrue_InitG_MF_typecomplex/J=0.5/variables_average.pkl
Saved keys: E_exact, E_init_mean, E_init_var, E_vs_mean, E_vs_var, amp_overlap_mean, amp_overlap_var, configs, fidelity_mean, fidelity_var, sign_err_var, sign_exact_mean, sign_exact_var, sign_overlap_mean, sign_overlap_var, sign_vstate_config_mean, sign_vstate_config_var, sign_vstate_mean, sign_vstate_var, weight_exact_mean, weight_exact_var, weight_vstate_mean, weight_vstate_var

✅ Averaged data saved to: /cluster/home/fconoscenti/Thesis_QSL/HFDS_Heisenberg/plot/spin_new/layers1_hidd1_feat1_sample256_lr0.025_iter1_parityTrue_rotTrue_InitG_MF_typecomplex/J=0.7/variables_average.pkl
Saved keys: E_exact, E_init_mean, E_init_var, E_vs_mean, E_vs_var, amp_overlap_mean, amp_overlap_var, configs, fidelity_mean, fidelity_var, sign_err_var, sign_exact_mean, sign_exact_var, sign_overlap_mean, sign_overlap_var, sign_vstate_config_mean, sign_vstate_config_var, sign_vstate_mean, sign_vstate_var, weight_exact_mean, weight_exact_var, weight_vstate_mean, weight_vstate_var

✅ Averaged data saved to: /cluster/home/fconoscenti/Thesis_QSL/HFDS_Heisenberg/plot/spin_new/layers1_hidd1_feat1_sample256_lr0.025_iter1_parityTrue_rotTrue_InitG_MF_typecomplex/J=1.0/variables_average.pkl
Saved keys: E_exact, E_init_mean, E_init_var, E_vs_mean, E_vs_var, amp_overlap_mean, amp_overlap_var, configs, fidelity_mean, fidelity_var, sign_err_var, sign_exact_mean, sign_exact_var, sign_overlap_mean, sign_overlap_var, sign_vstate_config_mean, sign_vstate_config_var, sign_vstate_mean, sign_vstate_var, weight_exact_mean, weight_exact_var, weight_vstate_mean, weight_vstate_var
==================== Finished Processing Model: layers1_hidd1_feat1_sample256_lr0.025_iter1_parityTrue_rotTrue_InitG_MF_typecomplex ====================


==================== Processing Model: layers1_hidd1_feat1_sample256_lr0.025_iter1_parityTrue_rotTrue_Initrandom_typecomplex ====================

✅ Averaged data saved to: /cluster/home/fconoscenti/Thesis_QSL/HFDS_Heisenberg/plot/spin_new/layers1_hidd1_feat1_sample256_lr0.025_iter1_parityTrue_rotTrue_Initrandom_typecomplex/J=0.0/variables_average.pkl
Saved keys: E_exact, E_init_mean, E_init_var, E_vs_mean, E_vs_var, amp_overlap_mean, amp_overlap_var, configs, fidelity_mean, fidelity_var, sign_err_var, sign_exact_mean, sign_exact_var, sign_overlap_mean, sign_overlap_var, sign_vstate_config_mean, sign_vstate_config_var, sign_vstate_mean, sign_vstate_var, weight_exact_mean, weight_exact_var, weight_vstate_mean, weight_vstate_var

✅ Averaged data saved to: /cluster/home/fconoscenti/Thesis_QSL/HFDS_Heisenberg/plot/spin_new/layers1_hidd1_feat1_sample256_lr0.025_iter1_parityTrue_rotTrue_Initrandom_typecomplex/J=0.2/variables_average.pkl
Saved keys: E_exact, E_init_mean, E_init_var, E_vs_mean, E_vs_var, amp_overlap_mean, amp_overlap_var, configs, fidelity_mean, fidelity_var, sign_err_var, sign_exact_mean, sign_exact_var, sign_overlap_mean, sign_overlap_var, sign_vstate_config_mean, sign_vstate_config_var, sign_vstate_mean, sign_vstate_var, weight_exact_mean, weight_exact_var, weight_vstate_mean, weight_vstate_var

✅ Averaged data saved to: /cluster/home/fconoscenti/Thesis_QSL/HFDS_Heisenberg/plot/spin_new/layers1_hidd1_feat1_sample256_lr0.025_iter1_parityTrue_rotTrue_Initrandom_typecomplex/J=0.5/variables_average.pkl
Saved keys: E_exact, E_init_mean, E_init_var, E_vs_mean, E_vs_var, amp_overlap_mean, amp_overlap_var, configs, fidelity_mean, fidelity_var, sign_err_var, sign_exact_mean, sign_exact_var, sign_overlap_mean, sign_overlap_var, sign_vstate_config_mean, sign_vstate_config_var, sign_vstate_mean, sign_vstate_var, weight_exact_mean, weight_exact_var, weight_vstate_mean, weight_vstate_var

✅ Averaged data saved to: /cluster/home/fconoscenti/Thesis_QSL/HFDS_Heisenberg/plot/spin_new/layers1_hidd1_feat1_sample256_lr0.025_iter1_parityTrue_rotTrue_Initrandom_typecomplex/J=0.7/variables_average.pkl
Saved keys: E_exact, E_init_mean, E_init_var, E_vs_mean, E_vs_var, amp_overlap_mean, amp_overlap_var, configs, fidelity_mean, fidelity_var, sign_err_var, sign_exact_mean, sign_exact_var, sign_overlap_mean, sign_overlap_var, sign_vstate_config_mean, sign_vstate_config_var, sign_vstate_mean, sign_vstate_var, weight_exact_mean, weight_exact_var, weight_vstate_mean, weight_vstate_var

✅ Averaged data saved to: /cluster/home/fconoscenti/Thesis_QSL/HFDS_Heisenberg/plot/spin_new/layers1_hidd1_feat1_sample256_lr0.025_iter1_parityTrue_rotTrue_Initrandom_typecomplex/J=1.0/variables_average.pkl
Saved keys: E_exact, E_init_mean, E_init_var, E_vs_mean, E_vs_var, amp_overlap_mean, amp_overlap_var, configs, fidelity_mean, fidelity_var, sign_err_var, sign_exact_mean, sign_exact_var, sign_overlap_mean, sign_overlap_var, sign_vstate_config_mean, sign_vstate_config_var, sign_vstate_mean, sign_vstate_var, weight_exact_mean, weight_exact_var, weight_vstate_mean, weight_vstate_var
==================== Finished Processing Model: layers1_hidd1_feat1_sample256_lr0.025_iter1_parityTrue_rotTrue_Initrandom_typecomplex ====================

