Rank=0: Total number of GPUs: 1, devices: [CpuDevice(id=0)]
Rank=0: Local number of GPUs: 1, devices: [CpuDevice(id=0)]
Traceback (most recent call last):
  File "<frozen runpy>", line 198, in _run_module_as_main
  File "<frozen runpy>", line 88, in _run_code
  File "/scratch/f/F.Conoscenti/Thesis_QSL/HFDS_Heisenberg/run_spin_new_1.py", line 163, in <module>
    vstate = nk.vqs.MCState(
             ^^^^^^^^^^^^^^^
  File "/scratch/f/F.Conoscenti/netket_venv1/lib/python3.11/site-packages/netket/vqs/mc/mc_state/state.py", line 279, in __init__
    self.init(seed, dtype=sampler.dtype)
  File "/scratch/f/F.Conoscenti/netket_venv1/lib/python3.11/site-packages/netket/vqs/mc/mc_state/state.py", line 328, in init
    variables = jax.jit(self._init_fun, out_shardings=par_sharding)(
                ^^^^^^^^^^^^^^^^^^^^^^^^^^^^^^^^^^^^^^^^^^^^^^^^^^^^
  File "/scratch/f/F.Conoscenti/netket_venv1/lib/python3.11/site-packages/netket/vqs/mc/mc_state/state.py", line 249, in <lambda>
    lambda model, *args, **kwargs: model.init(*args, **kwargs), model
                                   ^^^^^^^^^^^^^^^^^^^^^^^^^^^
  File "/scratch/f/F.Conoscenti/Thesis_QSL/HFDS_Heisenberg/HFDS_model_spin_new_1.py", line 106, in __call__
    x_sym = self.gen_sym_samples(x)
            ^^^^^^^^^^^^^^^^^^^^^^^
  File "/scratch/f/F.Conoscenti/Thesis_QSL/HFDS_Heisenberg/HFDS_model_spin_new_1.py", line 94, in gen_sym_samples
    x_rot1, x_rot2, x_rot3 = self.gen_rotated_samples(x)
                             ^^^^^^^^^^^^^^^^^^^^^^^^^^^
  File "/scratch/f/F.Conoscenti/Thesis_QSL/HFDS_Heisenberg/HFDS_model_spin_new_1.py", line 76, in gen_rotated_samples
    x_rot1 = x[:, self.idx_rot]
                  ^^^^^^^^^^^^
AttributeError: "HiddenFermion_new_1" object has no attribute "idx_rot".
--------------------
For simplicity, JAX has removed its internal frames from the traceback of the following exception. Set JAX_TRACEBACK_FILTERING=off to include these.
srun: error: usm-cl-seitz3: task 0: Exited with exit code 1
srun: Terminating StepId=10917723.0
