2025-12-04 09:58:45,443 - __main__ - INFO - Parsing command-line arguments.
2025-12-04 09:58:45,443 - __main__ - INFO - J2 coupling parameter set to: 0.5
2025-12-04 09:58:45,443 - __main__ - INFO - Physical and model parameters set.
2025-12-04 09:58:45,443 - __main__ - INFO - Script starting execution.
2025-12-04 09:58:45,497 - __main__ - INFO - Output will be saved to: HFDS_Heisenberg/plot/spin_new/layers1_hidd1_feat1_sample256_lr0.025_iter3_parityTrue_rotTrue_InitG_MF_typecomplex_opt_1/J=0.5/seed_4
2025-12-04 09:58:45,539 - __main__ - INFO - Hilbert space created.
2025-12-04 09:58:45,545 - __main__ - INFO - Hamiltonian created.
2025-12-04 09:58:49,786 - __main__ - INFO - Exact ground state calculated.
2025-12-04 09:58:49,786 - __main__ - INFO - HiddenFermion model initialized.
2025-12-04 09:58:49,819 - __main__ - INFO - MetropolisExchange sampler created.
2025-12-04 09:58:50,065 - HFDS_Heisenberg.HFDS_model_spin - INFO - Setting up HiddenFermion model.
2025-12-04 09:58:50,067 - HFDS_Heisenberg.HFDS_model_spin - INFO - HiddenFermion model setup complete.
2025-12-04 09:58:50,077 - HFDS_Heisenberg.Init_orbitals - INFO - Initializing Gutzwiller orbitals with h=0.4, phi=0.04
2025-12-04 09:58:50,289 - HFDS_Heisenberg.Gutzwiller_MF_Init - INFO - MF energy Initialize orbitals: Traced<ShapedArray(float64[])>with<DynamicJaxprTrace>
2025-12-04 09:58:50,485 - HFDS_Heisenberg.Gutzwiller_MF_Init - INFO - MF energy Initialize orbitals: Traced<ShapedArray(float64[])>with<DynamicJaxprTrace>
2025-12-04 09:58:50,489 - HFDS_Heisenberg.Gutzwiller_MF_Init - INFO - Finished updating Gutzwiller MF orbitals.
2025-12-04 09:58:51,978 - HFDS_Heisenberg.HFDS_model_spin - INFO - Setting up HiddenFermion model.
2025-12-04 09:58:51,980 - HFDS_Heisenberg.HFDS_model_spin - INFO - HiddenFermion model setup complete.
2025-12-04 09:58:51,991 - HFDS_Heisenberg.Init_orbitals - INFO - Initializing Gutzwiller orbitals with h=0.4, phi=0.04
2025-12-04 09:58:52,145 - HFDS_Heisenberg.Gutzwiller_MF_Init - INFO - MF energy Initialize orbitals: Traced<ShapedArray(float64[])>with<DynamicJaxprTrace>
2025-12-04 09:58:52,299 - HFDS_Heisenberg.Gutzwiller_MF_Init - INFO - MF energy Initialize orbitals: Traced<ShapedArray(float64[])>with<DynamicJaxprTrace>
2025-12-04 09:58:52,299 - HFDS_Heisenberg.Gutzwiller_MF_Init - INFO - Finished updating Gutzwiller MF orbitals.
2025-12-04 09:58:52,760 - __main__ - INFO - MCState (vstate) created.
2025-12-04 09:58:52,828 - __main__ - INFO - VMC_SR driver created.
2025-12-04 09:58:52,828 - __main__ - INFO - Starting VMC optimization for 3 iterations.
2025-12-04 09:58:52,852 - HFDS_Heisenberg.HFDS_model_spin - INFO - Setting up HiddenFermion model.
2025-12-04 09:58:52,853 - HFDS_Heisenberg.HFDS_model_spin - INFO - HiddenFermion model setup complete.
2025-12-04 09:58:52,861 - HFDS_Heisenberg.Init_orbitals - INFO - Initializing Gutzwiller orbitals with h=0.4, phi=0.04
2025-12-04 09:58:53,015 - HFDS_Heisenberg.Gutzwiller_MF_Init - INFO - MF energy Initialize orbitals: Traced<ShapedArray(float64[])>with<DynamicJaxprTrace>
2025-12-04 09:58:53,169 - HFDS_Heisenberg.Gutzwiller_MF_Init - INFO - MF energy Initialize orbitals: Traced<ShapedArray(float64[])>with<DynamicJaxprTrace>
2025-12-04 09:58:53,170 - HFDS_Heisenberg.Gutzwiller_MF_Init - INFO - Finished updating Gutzwiller MF orbitals.
2025-12-04 09:58:53,486 - HFDS_Heisenberg.HFDS_model_spin - INFO - Setting up HiddenFermion model.
2025-12-04 09:58:53,487 - HFDS_Heisenberg.HFDS_model_spin - INFO - HiddenFermion model setup complete.
2025-12-04 09:58:53,497 - HFDS_Heisenberg.Init_orbitals - INFO - Initializing Gutzwiller orbitals with h=0.4, phi=0.04
2025-12-04 09:58:53,653 - HFDS_Heisenberg.Gutzwiller_MF_Init - INFO - MF energy Initialize orbitals: Traced<ShapedArray(float64[])>with<DynamicJaxprTrace>
2025-12-04 09:58:53,810 - HFDS_Heisenberg.Gutzwiller_MF_Init - INFO - MF energy Initialize orbitals: Traced<ShapedArray(float64[])>with<DynamicJaxprTrace>
2025-12-04 09:58:53,811 - HFDS_Heisenberg.Gutzwiller_MF_Init - INFO - Finished updating Gutzwiller MF orbitals.
2025-12-04 09:58:54,438 - HFDS_Heisenberg.HFDS_model_spin - INFO - Setting up HiddenFermion model.
2025-12-04 09:58:54,439 - HFDS_Heisenberg.HFDS_model_spin - INFO - HiddenFermion model setup complete.
2025-12-04 09:58:54,451 - HFDS_Heisenberg.Init_orbitals - INFO - Initializing Gutzwiller orbitals with h=0.4, phi=0.04
2025-12-04 09:58:54,608 - HFDS_Heisenberg.Gutzwiller_MF_Init - INFO - MF energy Initialize orbitals: Traced<ShapedArray(float64[])>with<DynamicJaxprTrace>
2025-12-04 09:58:54,914 - HFDS_Heisenberg.Gutzwiller_MF_Init - INFO - MF energy Initialize orbitals: Traced<ShapedArray(float64[])>with<DynamicJaxprTrace>
2025-12-04 09:58:54,915 - HFDS_Heisenberg.Gutzwiller_MF_Init - INFO - Finished updating Gutzwiller MF orbitals.
2025-12-04 09:58:55,558 - HFDS_Heisenberg.HFDS_model_spin - INFO - Setting up HiddenFermion model.
2025-12-04 09:58:55,559 - HFDS_Heisenberg.HFDS_model_spin - INFO - HiddenFermion model setup complete.
2025-12-04 09:58:55,568 - HFDS_Heisenberg.Init_orbitals - INFO - Initializing Gutzwiller orbitals with h=0.4, phi=0.04
2025-12-04 09:58:55,737 - HFDS_Heisenberg.Gutzwiller_MF_Init - INFO - MF energy Initialize orbitals: Traced<ShapedArray(float64[])>with<DynamicJaxprTrace>
2025-12-04 09:58:55,906 - HFDS_Heisenberg.Gutzwiller_MF_Init - INFO - MF energy Initialize orbitals: Traced<ShapedArray(float64[])>with<DynamicJaxprTrace>
2025-12-04 09:58:55,907 - HFDS_Heisenberg.Gutzwiller_MF_Init - INFO - Finished updating Gutzwiller MF orbitals.
2025-12-04 09:58:56,018 - HFDS_Heisenberg.HFDS_model_spin - INFO - Setting up HiddenFermion model.
2025-12-04 09:58:56,019 - HFDS_Heisenberg.HFDS_model_spin - INFO - HiddenFermion model setup complete.
2025-12-04 09:58:56,027 - HFDS_Heisenberg.Init_orbitals - INFO - Initializing Gutzwiller orbitals with h=0.4, phi=0.04
2025-12-04 09:58:56,196 - HFDS_Heisenberg.Gutzwiller_MF_Init - INFO - MF energy Initialize orbitals: Traced<ShapedArray(float64[])>with<DynamicJaxprTrace>
2025-12-04 09:58:56,362 - HFDS_Heisenberg.Gutzwiller_MF_Init - INFO - MF energy Initialize orbitals: Traced<ShapedArray(float64[])>with<DynamicJaxprTrace>
2025-12-04 09:58:56,363 - HFDS_Heisenberg.Gutzwiller_MF_Init - INFO - Finished updating Gutzwiller MF orbitals.
2025-12-04 09:58:57,103 - HFDS_Heisenberg.HFDS_model_spin - INFO - Setting up HiddenFermion model.
2025-12-04 09:58:57,105 - HFDS_Heisenberg.HFDS_model_spin - INFO - HiddenFermion model setup complete.
2025-12-04 09:58:57,119 - HFDS_Heisenberg.Init_orbitals - INFO - Initializing Gutzwiller orbitals with h=0.4, phi=0.04
2025-12-04 09:58:57,298 - HFDS_Heisenberg.Gutzwiller_MF_Init - INFO - MF energy Initialize orbitals: Traced<ShapedArray(float64[])>with<DynamicJaxprTrace>
2025-12-04 09:58:57,630 - HFDS_Heisenberg.Gutzwiller_MF_Init - INFO - MF energy Initialize orbitals: Traced<ShapedArray(float64[])>with<DynamicJaxprTrace>
2025-12-04 09:58:57,633 - HFDS_Heisenberg.Gutzwiller_MF_Init - INFO - Finished updating Gutzwiller MF orbitals.
2025-12-04 09:58:57,795 - HFDS_Heisenberg.HFDS_model_spin - INFO - Setting up HiddenFermion model.
2025-12-04 09:58:57,798 - HFDS_Heisenberg.HFDS_model_spin - INFO - HiddenFermion model setup complete.
2025-12-04 09:58:57,819 - HFDS_Heisenberg.Init_orbitals - INFO - Initializing Gutzwiller orbitals with h=0.4, phi=0.04
2025-12-04 09:58:57,989 - HFDS_Heisenberg.Gutzwiller_MF_Init - INFO - MF energy Initialize orbitals: Traced<ShapedArray(float64[])>with<DynamicJaxprTrace>
2025-12-04 09:58:58,159 - HFDS_Heisenberg.Gutzwiller_MF_Init - INFO - MF energy Initialize orbitals: Traced<ShapedArray(float64[])>with<DynamicJaxprTrace>
2025-12-04 09:58:58,160 - HFDS_Heisenberg.Gutzwiller_MF_Init - INFO - Finished updating Gutzwiller MF orbitals.
2025-12-04 09:58:58,499 - HFDS_Heisenberg.HFDS_model_spin - INFO - Setting up HiddenFermion model.
2025-12-04 09:58:58,502 - HFDS_Heisenberg.HFDS_model_spin - INFO - HiddenFermion model setup complete.
2025-12-04 09:58:58,522 - HFDS_Heisenberg.Init_orbitals - INFO - Initializing Gutzwiller orbitals with h=0.4, phi=0.04
2025-12-04 09:58:58,695 - HFDS_Heisenberg.Gutzwiller_MF_Init - INFO - MF energy Initialize orbitals: Traced<ShapedArray(float64[])>with<DynamicJaxprTrace>
2025-12-04 09:58:58,869 - HFDS_Heisenberg.Gutzwiller_MF_Init - INFO - MF energy Initialize orbitals: Traced<ShapedArray(float64[])>with<DynamicJaxprTrace>
2025-12-04 09:58:58,870 - HFDS_Heisenberg.Gutzwiller_MF_Init - INFO - Finished updating Gutzwiller MF orbitals.
2025-12-04 09:58:59,201 - HFDS_Heisenberg.HFDS_model_spin - INFO - Setting up HiddenFermion model.
2025-12-04 09:58:59,204 - HFDS_Heisenberg.HFDS_model_spin - INFO - HiddenFermion model setup complete.
2025-12-04 09:58:59,212 - HFDS_Heisenberg.Init_orbitals - INFO - Initializing Gutzwiller orbitals with h=0.4, phi=0.04
2025-12-04 09:58:59,370 - HFDS_Heisenberg.Gutzwiller_MF_Init - INFO - MF energy Initialize orbitals: Traced<ShapedArray(float64[])>with<DynamicJaxprTrace>
2025-12-04 09:58:59,526 - HFDS_Heisenberg.Gutzwiller_MF_Init - INFO - MF energy Initialize orbitals: Traced<ShapedArray(float64[])>with<DynamicJaxprTrace>
2025-12-04 09:58:59,527 - HFDS_Heisenberg.Gutzwiller_MF_Init - INFO - Finished updating Gutzwiller MF orbitals.
2025-12-04 09:58:59,606 - HFDS_Heisenberg.HFDS_model_spin - INFO - Setting up HiddenFermion model.
2025-12-04 09:58:59,610 - HFDS_Heisenberg.HFDS_model_spin - INFO - HiddenFermion model setup complete.
2025-12-04 09:58:59,623 - HFDS_Heisenberg.Init_orbitals - INFO - Initializing Gutzwiller orbitals with h=0.4, phi=0.04
2025-12-04 09:58:59,780 - HFDS_Heisenberg.Gutzwiller_MF_Init - INFO - MF energy Initialize orbitals: Traced<ShapedArray(float64[])>with<DynamicJaxprTrace>
2025-12-04 09:58:59,937 - HFDS_Heisenberg.Gutzwiller_MF_Init - INFO - MF energy Initialize orbitals: Traced<ShapedArray(float64[])>with<DynamicJaxprTrace>
2025-12-04 09:58:59,938 - HFDS_Heisenberg.Gutzwiller_MF_Init - INFO - Finished updating Gutzwiller MF orbitals.
2025-12-04 09:59:29,048 - HFDS_Heisenberg.HFDS_model_spin - INFO - Setting up HiddenFermion model.
2025-12-04 09:59:29,050 - HFDS_Heisenberg.HFDS_model_spin - INFO - HiddenFermion model setup complete.
2025-12-04 09:59:29,060 - HFDS_Heisenberg.Init_orbitals - INFO - Initializing Gutzwiller orbitals with h=0.4, phi=0.04
2025-12-04 09:59:29,213 - HFDS_Heisenberg.Gutzwiller_MF_Init - INFO - MF energy Initialize orbitals: Traced<ShapedArray(float64[])>with<DynamicJaxprTrace>
2025-12-04 09:59:29,367 - HFDS_Heisenberg.Gutzwiller_MF_Init - INFO - MF energy Initialize orbitals: Traced<ShapedArray(float64[])>with<DynamicJaxprTrace>
2025-12-04 09:59:29,368 - HFDS_Heisenberg.Gutzwiller_MF_Init - INFO - Finished updating Gutzwiller MF orbitals.
2025-12-04 10:00:38,667 - __main__ - INFO - VMC optimization finished.
  0%|          | 0/3 [00:00<?, ?it/s]  0%|          | 0/3 [00:36<?, ?it/s, Energy=-16.05-0.19j ± 0.41 [σ²=3.6e+01, R̂=1.225]]  0%|          | 0/3 [00:35<?, ?it/s, Energy=-17.80-0.30j ± 0.62 [σ²=9.0e+01, R̂=1.225]] 33%|███▎      | 1/3 [00:35<01:10, 35.37s/it, Energy=-17.80-0.30j ± 0.62 [σ²=9.0e+01, R̂=1.225]] 33%|███▎      | 1/3 [01:09<01:10, 35.37s/it, Energy=-20.61-0.08j ± 0.64 [σ²=9.3e+01, R̂=1.225]] 67%|██████▋   | 2/3 [01:09<00:34, 34.74s/it, Energy=-20.61-0.08j ± 0.64 [σ²=9.3e+01, R̂=1.225]]100%|██████████| 3/3 [01:09<00:00, 23.22s/it, Energy=-20.61-0.08j ± 0.64 [σ²=9.3e+01, R̂=1.225]]
2025-12-04 10:00:38,682 - __main__ - INFO - Starting post-simulation analysis.
2025-12-04 10:00:38,873 - HFDS_Heisenberg.HFDS_model_spin - INFO - Setting up HiddenFermion model.
2025-12-04 10:00:38,875 - HFDS_Heisenberg.HFDS_model_spin - INFO - HiddenFermion model setup complete.
2025-12-04 10:00:38,885 - HFDS_Heisenberg.Init_orbitals - INFO - Initializing Gutzwiller orbitals with h=0.4, phi=0.04
2025-12-04 10:00:39,041 - HFDS_Heisenberg.Gutzwiller_MF_Init - INFO - MF energy Initialize orbitals: Traced<ShapedArray(float64[])>with<DynamicJaxprTrace>
2025-12-04 10:00:39,197 - HFDS_Heisenberg.Gutzwiller_MF_Init - INFO - MF energy Initialize orbitals: Traced<ShapedArray(float64[])>with<DynamicJaxprTrace>
2025-12-04 10:00:39,198 - HFDS_Heisenberg.Gutzwiller_MF_Init - INFO - Finished updating Gutzwiller MF orbitals.
2025-12-04 10:00:40,181 - HFDS_Heisenberg.HFDS_model_spin - INFO - Setting up HiddenFermion model.
2025-12-04 10:00:40,182 - HFDS_Heisenberg.HFDS_model_spin - INFO - HiddenFermion model setup complete.
2025-12-04 10:00:40,190 - HFDS_Heisenberg.Init_orbitals - INFO - Initializing Gutzwiller orbitals with h=0.4, phi=0.04
2025-12-04 10:00:40,357 - HFDS_Heisenberg.Gutzwiller_MF_Init - INFO - MF energy Initialize orbitals: Traced<ShapedArray(float64[])>with<DynamicJaxprTrace>
2025-12-04 10:00:40,525 - HFDS_Heisenberg.Gutzwiller_MF_Init - INFO - MF energy Initialize orbitals: Traced<ShapedArray(float64[])>with<DynamicJaxprTrace>
2025-12-04 10:00:40,525 - HFDS_Heisenberg.Gutzwiller_MF_Init - INFO - Finished updating Gutzwiller MF orbitals.
2025-12-04 10:00:40,639 - HFDS_Heisenberg.HFDS_model_spin - INFO - Setting up HiddenFermion model.
2025-12-04 10:00:40,640 - HFDS_Heisenberg.HFDS_model_spin - INFO - HiddenFermion model setup complete.
2025-12-04 10:00:40,648 - HFDS_Heisenberg.Init_orbitals - INFO - Initializing Gutzwiller orbitals with h=0.4, phi=0.04
2025-12-04 10:00:40,813 - HFDS_Heisenberg.Gutzwiller_MF_Init - INFO - MF energy Initialize orbitals: Traced<ShapedArray(float64[])>with<DynamicJaxprTrace>
2025-12-04 10:00:40,978 - HFDS_Heisenberg.Gutzwiller_MF_Init - INFO - MF energy Initialize orbitals: Traced<ShapedArray(float64[])>with<DynamicJaxprTrace>
2025-12-04 10:00:40,979 - HFDS_Heisenberg.Gutzwiller_MF_Init - INFO - Finished updating Gutzwiller MF orbitals.
2025-12-04 10:01:13,772 - HFDS_Heisenberg.HFDS_model_spin - INFO - Setting up HiddenFermion model.
2025-12-04 10:01:13,773 - HFDS_Heisenberg.HFDS_model_spin - INFO - HiddenFermion model setup complete.
2025-12-04 10:01:13,780 - HFDS_Heisenberg.Init_orbitals - INFO - Initializing Gutzwiller orbitals with h=0.4, phi=0.04
2025-12-04 10:01:13,943 - HFDS_Heisenberg.Gutzwiller_MF_Init - INFO - MF energy Initialize orbitals: Traced<ShapedArray(float64[])>with<DynamicJaxprTrace>
2025-12-04 10:01:14,107 - HFDS_Heisenberg.Gutzwiller_MF_Init - INFO - MF energy Initialize orbitals: Traced<ShapedArray(float64[])>with<DynamicJaxprTrace>
2025-12-04 10:01:14,108 - HFDS_Heisenberg.Gutzwiller_MF_Init - INFO - Finished updating Gutzwiller MF orbitals.
2025-12-04 10:01:14,169 - HFDS_Heisenberg.HFDS_model_spin - INFO - Setting up HiddenFermion model.
2025-12-04 10:01:14,170 - HFDS_Heisenberg.HFDS_model_spin - INFO - HiddenFermion model setup complete.
2025-12-04 10:01:14,178 - HFDS_Heisenberg.Init_orbitals - INFO - Initializing Gutzwiller orbitals with h=0.4, phi=0.04
2025-12-04 10:01:14,343 - HFDS_Heisenberg.Gutzwiller_MF_Init - INFO - MF energy Initialize orbitals: Traced<ShapedArray(float64[])>with<DynamicJaxprTrace>
2025-12-04 10:01:14,506 - HFDS_Heisenberg.Gutzwiller_MF_Init - INFO - MF energy Initialize orbitals: Traced<ShapedArray(float64[])>with<DynamicJaxprTrace>
2025-12-04 10:01:14,507 - HFDS_Heisenberg.Gutzwiller_MF_Init - INFO - Finished updating Gutzwiller MF orbitals.
2025-12-04 10:02:08,800 - HFDS_Heisenberg.HFDS_model_spin - INFO - Setting up HiddenFermion model.
2025-12-04 10:02:08,802 - HFDS_Heisenberg.HFDS_model_spin - INFO - HiddenFermion model setup complete.
2025-12-04 10:02:08,811 - HFDS_Heisenberg.Init_orbitals - INFO - Initializing Gutzwiller orbitals with h=0.4, phi=0.04
2025-12-04 10:02:09,037 - HFDS_Heisenberg.Gutzwiller_MF_Init - INFO - MF energy Initialize orbitals: Traced<ShapedArray(float64[])>with<DynamicJaxprTrace>
2025-12-04 10:02:09,243 - HFDS_Heisenberg.Gutzwiller_MF_Init - INFO - MF energy Initialize orbitals: Traced<ShapedArray(float64[])>with<DynamicJaxprTrace>
2025-12-04 10:02:09,244 - HFDS_Heisenberg.Gutzwiller_MF_Init - INFO - Finished updating Gutzwiller MF orbitals.
2025-12-04 10:02:10,825 - HFDS_Heisenberg.HFDS_model_spin - INFO - Setting up HiddenFermion model.
2025-12-04 10:02:10,826 - HFDS_Heisenberg.HFDS_model_spin - INFO - HiddenFermion model setup complete.
2025-12-04 10:02:10,834 - HFDS_Heisenberg.Init_orbitals - INFO - Initializing Gutzwiller orbitals with h=0.4, phi=0.04
2025-12-04 10:02:10,998 - HFDS_Heisenberg.Gutzwiller_MF_Init - INFO - MF energy Initialize orbitals: Traced<ShapedArray(float64[])>with<DynamicJaxprTrace>
2025-12-04 10:02:11,160 - HFDS_Heisenberg.Gutzwiller_MF_Init - INFO - MF energy Initialize orbitals: Traced<ShapedArray(float64[])>with<DynamicJaxprTrace>
2025-12-04 10:02:11,161 - HFDS_Heisenberg.Gutzwiller_MF_Init - INFO - Finished updating Gutzwiller MF orbitals.
2025-12-04 10:02:11,221 - HFDS_Heisenberg.HFDS_model_spin - INFO - Setting up HiddenFermion model.
2025-12-04 10:02:11,222 - HFDS_Heisenberg.HFDS_model_spin - INFO - HiddenFermion model setup complete.
2025-12-04 10:02:11,230 - HFDS_Heisenberg.Init_orbitals - INFO - Initializing Gutzwiller orbitals with h=0.4, phi=0.04
2025-12-04 10:02:11,392 - HFDS_Heisenberg.Gutzwiller_MF_Init - INFO - MF energy Initialize orbitals: Traced<ShapedArray(float64[])>with<DynamicJaxprTrace>
2025-12-04 10:02:11,553 - HFDS_Heisenberg.Gutzwiller_MF_Init - INFO - MF energy Initialize orbitals: Traced<ShapedArray(float64[])>with<DynamicJaxprTrace>
2025-12-04 10:02:11,554 - HFDS_Heisenberg.Gutzwiller_MF_Init - INFO - Finished updating Gutzwiller MF orbitals.
2025-12-04 10:02:12,423 - HFDS_Heisenberg.HFDS_model_spin - INFO - Setting up HiddenFermion model.
2025-12-04 10:02:12,426 - HFDS_Heisenberg.HFDS_model_spin - INFO - HiddenFermion model setup complete.
2025-12-04 10:02:12,436 - HFDS_Heisenberg.Init_orbitals - INFO - Initializing Gutzwiller orbitals with h=0.4, phi=0.04
2025-12-04 10:02:12,635 - HFDS_Heisenberg.Gutzwiller_MF_Init - INFO - MF energy Initialize orbitals: Traced<ShapedArray(float64[])>with<DynamicJaxprTrace>
2025-12-04 10:02:12,835 - HFDS_Heisenberg.Gutzwiller_MF_Init - INFO - MF energy Initialize orbitals: Traced<ShapedArray(float64[])>with<DynamicJaxprTrace>
2025-12-04 10:02:12,836 - HFDS_Heisenberg.Gutzwiller_MF_Init - INFO - Finished updating Gutzwiller MF orbitals.
2025-12-04 10:02:14,637 - HFDS_Heisenberg.HFDS_model_spin - INFO - Setting up HiddenFermion model.
2025-12-04 10:02:14,639 - HFDS_Heisenberg.HFDS_model_spin - INFO - HiddenFermion model setup complete.
2025-12-04 10:02:14,652 - HFDS_Heisenberg.Init_orbitals - INFO - Initializing Gutzwiller orbitals with h=0.4, phi=0.04
2025-12-04 10:02:14,833 - HFDS_Heisenberg.Gutzwiller_MF_Init - INFO - MF energy Initialize orbitals: Traced<ShapedArray(float64[])>with<DynamicJaxprTrace>
2025-12-04 10:02:15,021 - HFDS_Heisenberg.Gutzwiller_MF_Init - INFO - MF energy Initialize orbitals: Traced<ShapedArray(float64[])>with<DynamicJaxprTrace>
2025-12-04 10:02:15,022 - HFDS_Heisenberg.Gutzwiller_MF_Init - INFO - Finished updating Gutzwiller MF orbitals.
2025-12-04 10:02:18,882 - HFDS_Heisenberg.HFDS_model_spin - INFO - Setting up HiddenFermion model.
2025-12-04 10:02:18,884 - HFDS_Heisenberg.HFDS_model_spin - INFO - HiddenFermion model setup complete.
2025-12-04 10:02:18,898 - HFDS_Heisenberg.Init_orbitals - INFO - Initializing Gutzwiller orbitals with h=0.4, phi=0.04
2025-12-04 10:02:19,384 - HFDS_Heisenberg.Gutzwiller_MF_Init - INFO - MF energy Initialize orbitals: Traced<ShapedArray(float64[])>with<DynamicJaxprTrace>
2025-12-04 10:02:19,577 - HFDS_Heisenberg.Gutzwiller_MF_Init - INFO - MF energy Initialize orbitals: Traced<ShapedArray(float64[])>with<DynamicJaxprTrace>
2025-12-04 10:02:19,578 - HFDS_Heisenberg.Gutzwiller_MF_Init - INFO - Finished updating Gutzwiller MF orbitals.
/cluster/home/fconoscenti/Thesis_QSL/Elaborate/Plotting/Sign_vs_iteration.py:352: UserWarning: This figure includes Axes that are not compatible with tight_layout, so results might be incorrect.
  plt.tight_layout(rect=[0, 0, 0.80, 1])  # leave room on the right for our insets
2025-12-04 10:02:45,683 - __main__ - INFO - Analysis variables saved to pickle file.
2025-12-04 10:02:45,684 - __main__ - INFO - Script finished successfully.
