Rank=0: Total number of GPUs: 1, devices: [CudaDevice(id=0)]
Rank=0: Local number of GPUs: 1, devices: [CudaDevice(id=0)]
  0%|          | 0/1 [00:00<?, ?it/s]  0%|          | 0/1 [00:23<?, ?it/s, Energy=-5.71+0.00j ± 0.20 [σ²=3.8e+01, R̂=1.225]]100%|██████████| 1/1 [00:00<00:00, 11.56it/s, Energy=-5.71+0.00j ± 0.20 [σ²=3.8e+01, R̂=1.225]]
  0%|          | 0/1 [00:00<?, ?it/s]  0%|          | 0/1 [00:02<?, ?it/s, Energy=-7.02+0.00j ± 0.34 [σ²=1.1e+02, R̂=1.225]]100%|██████████| 1/1 [00:00<00:00, 1679.74it/s, Energy=-7.02+0.00j ± 0.34 [σ²=1.1e+02, R̂=1.225]]
  0%|          | 0/1 [00:00<?, ?it/s]  0%|          | 0/1 [00:01<?, ?it/s, Energy=-6.77+0.00j ± 0.30 [σ²=8.7e+01, R̂=1.225]]100%|██████████| 1/1 [00:00<00:00, 1840.41it/s, Energy=-6.77+0.00j ± 0.30 [σ²=8.7e+01, R̂=1.225]]
  0%|          | 0/1 [00:00<?, ?it/s]  0%|          | 0/1 [00:01<?, ?it/s, Energy=-7.70-0.00j ± 0.29 [σ²=8.7e+01, R̂=1.225]]100%|██████████| 1/1 [00:00<00:00, 2068.20it/s, Energy=-7.70-0.00j ± 0.29 [σ²=8.7e+01, R̂=1.225]]
  0%|          | 0/1 [00:00<?, ?it/s]  0%|          | 0/1 [00:01<?, ?it/s, Energy=-9.21-0.00j ± 0.30 [σ²=8.2e+01, R̂=1.225]]100%|██████████| 1/1 [00:00<00:00, 2637.93it/s, Energy=-9.21-0.00j ± 0.30 [σ²=8.2e+01, R̂=1.225]]
Traceback (most recent call last):
  File "<frozen runpy>", line 198, in _run_module_as_main
  File "<frozen runpy>", line 88, in _run_code
  File "/scratch/f/F.Conoscenti/Thesis_QSL/HFDS_Heisenberg/run_spin.py", line 215, in <module>
    sign_vstate_full, sign_exact, fidelity = plot_Sign_Fidelity(ket_gs, vstate, hi,  folder, one_avg = "one")
                                             ^^^^^^^^^^^^^^^^^^^^^^^^^^^^^^^^^^^^^^^^^^^^^^^^^^^^^^^^^^^^^^^^
  File "/scratch/f/F.Conoscenti/Thesis_QSL/Elaborate/Sign_vs_iteration.py", line 67, in plot_Sign_Fidelity
    sign_vstate_full = Marshall_Sign_full_hilbert(vstate, folder_path, hi)
                       ^^^^^^^^^^^^^^^^^^^^^^^^^^^^^^^^^^^^^^^^^^^^^^^^^^^
  File "/scratch/f/F.Conoscenti/Thesis_QSL/Elaborate/Sign_Obs.py", line 241, in Marshall_Sign_full_hilbert
    signs_vstate = np.zeros(number_models, hi.size)
                   ^^^^^^^^^^^^^^^^^^^^^^^^^^^^^^^^
TypeError: Cannot interpret '16' as a data type
srun: error: th-cl-naples01: task 0: Exited with exit code 1
srun: Terminating StepId=10009023.0
