--- Loading pre-trained DMRG state from DMRG/trained_models/dmrg_L4_J2_0.0.pkl.gz ---
--- DMRG state loaded. ---

--- Starting NetKet RBM Calculation ---
--- Loading pre-trained RBM parameters from DMRG/trained_models/rbm_L4_J2_0.0_iter150.mpack ---
--- RBM parameters loaded. ---
--- NetKet RBM Calculation Finished ---

Fidelity exact (RBM_Full vs DMRG_Full): 0.612217

==================== Running for n_samples = 512 ====================
Fidelity sampled (RBM vs DMRG): 0.808593
Classical Fidelity (Sample Distr. vs DMRG Theory): 0.685850

==================== Running for n_samples = 1024 ====================
Fidelity sampled (RBM vs DMRG): 0.819062
Classical Fidelity (Sample Distr. vs DMRG Theory): 0.751619

==================== Running for n_samples = 2048 ====================
Fidelity sampled (RBM vs DMRG): 0.803779
Classical Fidelity (Sample Distr. vs DMRG Theory): 0.833352

==================== Running for n_samples = 4096 ====================
Fidelity sampled (RBM vs DMRG): 0.812605
Classical Fidelity (Sample Distr. vs DMRG Theory): 0.869483

==================== Running for n_samples = 8192 ====================
Fidelity sampled (RBM vs DMRG): 0.813192
Classical Fidelity (Sample Distr. vs DMRG Theory): 0.910886

==================== Running for n_samples = 16384 ====================
Fidelity sampled (RBM vs DMRG): 0.812364
Classical Fidelity (Sample Distr. vs DMRG Theory): 0.937830

✅ Final fidelity plot saved to DMRG/plot/Fidelity_vs_Samples/fidelity_vs_nsamples_L4_J2_0.0.png
