2025-12-04 18:23:01,600 - __main__ - INFO - ket_gs outside model (first 10): [-0.00070554 -0.00105366  0.00042426 -0.00105366  0.00287639  0.00044247
 -0.00021193  0.00044247 -0.00116081  0.00042426]
2025-12-04 18:23:01,600 - __main__ - INFO - ket_gs shape: (12870, 1)
2025-12-04 18:23:01,960 - HFDS_Heisenberg.Init_orbitals - INFO - Initializing Gutzwiller orbitals with h=0.0, phi=0.0
2025-12-04 18:23:02,116 - HFDS_Heisenberg.Gutzwiller_MF_Init - INFO - MF energy Initialize orbitals: Traced<ShapedArray(float64[])>with<DynamicJaxprTrace>
2025-12-04 18:23:02,263 - HFDS_Heisenberg.Gutzwiller_MF_Init - INFO - MF energy Initialize orbitals: Traced<ShapedArray(float64[])>with<DynamicJaxprTrace>
2025-12-04 18:23:02,265 - HFDS_Heisenberg.Gutzwiller_MF_Init - INFO - Finished updating Gutzwiller MF orbitals.
2025-12-04 18:23:03,752 - HFDS_Heisenberg.Init_orbitals - INFO - Initializing Gutzwiller orbitals with h=0.0, phi=0.0
2025-12-04 18:23:03,903 - HFDS_Heisenberg.Gutzwiller_MF_Init - INFO - MF energy Initialize orbitals: Traced<ShapedArray(float64[])>with<DynamicJaxprTrace>
2025-12-04 18:23:04,050 - HFDS_Heisenberg.Gutzwiller_MF_Init - INFO - MF energy Initialize orbitals: Traced<ShapedArray(float64[])>with<DynamicJaxprTrace>
2025-12-04 18:23:04,051 - HFDS_Heisenberg.Gutzwiller_MF_Init - INFO - Finished updating Gutzwiller MF orbitals.
2025-12-04 18:23:04,738 - HFDS_Heisenberg.Init_orbitals - INFO - Initializing Gutzwiller orbitals with h=0.0, phi=0.0
2025-12-04 18:23:04,935 - HFDS_Heisenberg.Gutzwiller_MF_Init - INFO - MF energy Initialize orbitals: Traced<ShapedArray(float64[])>with<DynamicJaxprTrace>
2025-12-04 18:23:05,133 - HFDS_Heisenberg.Gutzwiller_MF_Init - INFO - MF energy Initialize orbitals: Traced<ShapedArray(float64[])>with<DynamicJaxprTrace>
2025-12-04 18:23:05,134 - HFDS_Heisenberg.Gutzwiller_MF_Init - INFO - Finished updating Gutzwiller MF orbitals.
2025-12-04 18:23:05,541 - HFDS_Heisenberg.Init_orbitals - INFO - Initializing Gutzwiller orbitals with h=0.0, phi=0.0
2025-12-04 18:23:05,688 - HFDS_Heisenberg.Gutzwiller_MF_Init - INFO - MF energy Initialize orbitals: Traced<ShapedArray(float64[])>with<DynamicJaxprTrace>
2025-12-04 18:23:05,835 - HFDS_Heisenberg.Gutzwiller_MF_Init - INFO - MF energy Initialize orbitals: Traced<ShapedArray(float64[])>with<DynamicJaxprTrace>
2025-12-04 18:23:05,836 - HFDS_Heisenberg.Gutzwiller_MF_Init - INFO - Finished updating Gutzwiller MF orbitals.
2025-12-04 18:23:27,105 - HFDS_Heisenberg.Init_orbitals - INFO - Initializing Gutzwiller orbitals with h=0.0, phi=0.0
2025-12-04 18:23:27,252 - HFDS_Heisenberg.Gutzwiller_MF_Init - INFO - MF energy Initialize orbitals: Traced<ShapedArray(float64[])>with<DynamicJaxprTrace>
2025-12-04 18:23:27,560 - HFDS_Heisenberg.Gutzwiller_MF_Init - INFO - MF energy Initialize orbitals: Traced<ShapedArray(float64[])>with<DynamicJaxprTrace>
2025-12-04 18:23:27,560 - HFDS_Heisenberg.Gutzwiller_MF_Init - INFO - Finished updating Gutzwiller MF orbitals.
2025-12-04 18:23:28,543 - HFDS_Heisenberg.Init_orbitals - INFO - Initializing Gutzwiller orbitals with h=0.0, phi=0.0
2025-12-04 18:23:28,741 - HFDS_Heisenberg.Gutzwiller_MF_Init - INFO - MF energy Initialize orbitals: Traced<ShapedArray(float64[])>with<DynamicJaxprTrace>
2025-12-04 18:23:28,938 - HFDS_Heisenberg.Gutzwiller_MF_Init - INFO - MF energy Initialize orbitals: Traced<ShapedArray(float64[])>with<DynamicJaxprTrace>
2025-12-04 18:23:28,939 - HFDS_Heisenberg.Gutzwiller_MF_Init - INFO - Finished updating Gutzwiller MF orbitals.
2025-12-04 18:23:29,141 - HFDS_Heisenberg.Init_orbitals - INFO - Initializing Gutzwiller orbitals with h=0.0, phi=0.0
2025-12-04 18:23:29,339 - HFDS_Heisenberg.Gutzwiller_MF_Init - INFO - MF energy Initialize orbitals: Traced<ShapedArray(float64[])>with<DynamicJaxprTrace>
2025-12-04 18:23:29,536 - HFDS_Heisenberg.Gutzwiller_MF_Init - INFO - MF energy Initialize orbitals: Traced<ShapedArray(float64[])>with<DynamicJaxprTrace>
2025-12-04 18:23:29,537 - HFDS_Heisenberg.Gutzwiller_MF_Init - INFO - Finished updating Gutzwiller MF orbitals.
2025-12-04 18:23:31,044 - HFDS_Heisenberg.Init_orbitals - INFO - Initializing Gutzwiller orbitals with h=0.0, phi=0.0
2025-12-04 18:23:31,218 - HFDS_Heisenberg.Gutzwiller_MF_Init - INFO - MF energy Initialize orbitals: Traced<ShapedArray(float64[])>with<DynamicJaxprTrace>
2025-12-04 18:23:31,552 - HFDS_Heisenberg.Gutzwiller_MF_Init - INFO - MF energy Initialize orbitals: Traced<ShapedArray(float64[])>with<DynamicJaxprTrace>
2025-12-04 18:23:31,555 - HFDS_Heisenberg.Gutzwiller_MF_Init - INFO - Finished updating Gutzwiller MF orbitals.
  0%|          | 0/1 [00:00<?, ?it/s]  0%|          | 0/1 [00:27<?, ?it/s, Energy=-14.86-0.25j ± 0.42 [σ²=1.5e+02, R̂=1.225]]100%|██████████| 1/1 [00:00<00:00, 25.22it/s, Energy=-14.86-0.25j ± 0.42 [σ²=1.5e+02, R̂=1.225]]
2025-12-04 18:23:32,680 - HFDS_Heisenberg.Init_orbitals - INFO - Initializing Gutzwiller orbitals with h=0.0, phi=0.0
2025-12-04 18:23:32,886 - HFDS_Heisenberg.Gutzwiller_MF_Init - INFO - MF energy Initialize orbitals: Traced<ShapedArray(float64[])>with<DynamicJaxprTrace>
2025-12-04 18:23:33,088 - HFDS_Heisenberg.Gutzwiller_MF_Init - INFO - MF energy Initialize orbitals: Traced<ShapedArray(float64[])>with<DynamicJaxprTrace>
2025-12-04 18:23:33,089 - HFDS_Heisenberg.Gutzwiller_MF_Init - INFO - Finished updating Gutzwiller MF orbitals.
2025-12-04 18:23:33,457 - HFDS_Heisenberg.Init_orbitals - INFO - Initializing Gutzwiller orbitals with h=0.0, phi=0.0
2025-12-04 18:23:33,614 - HFDS_Heisenberg.Gutzwiller_MF_Init - INFO - MF energy Initialize orbitals: Traced<ShapedArray(float64[])>with<DynamicJaxprTrace>
2025-12-04 18:23:33,761 - HFDS_Heisenberg.Gutzwiller_MF_Init - INFO - MF energy Initialize orbitals: Traced<ShapedArray(float64[])>with<DynamicJaxprTrace>
2025-12-04 18:23:33,762 - HFDS_Heisenberg.Gutzwiller_MF_Init - INFO - Finished updating Gutzwiller MF orbitals.
2025-12-04 18:23:53,371 - HFDS_Heisenberg.Init_orbitals - INFO - Initializing Gutzwiller orbitals with h=0.0, phi=0.0
2025-12-04 18:23:53,519 - HFDS_Heisenberg.Gutzwiller_MF_Init - INFO - MF energy Initialize orbitals: Traced<ShapedArray(float64[])>with<DynamicJaxprTrace>
2025-12-04 18:23:53,666 - HFDS_Heisenberg.Gutzwiller_MF_Init - INFO - MF energy Initialize orbitals: Traced<ShapedArray(float64[])>with<DynamicJaxprTrace>
2025-12-04 18:23:53,667 - HFDS_Heisenberg.Gutzwiller_MF_Init - INFO - Finished updating Gutzwiller MF orbitals.
2025-12-04 18:23:55,070 - HFDS_Heisenberg.Init_orbitals - INFO - Initializing Gutzwiller orbitals with h=0.0, phi=0.0
2025-12-04 18:23:55,267 - HFDS_Heisenberg.Gutzwiller_MF_Init - INFO - MF energy Initialize orbitals: Traced<ShapedArray(float64[])>with<DynamicJaxprTrace>
2025-12-04 18:23:55,464 - HFDS_Heisenberg.Gutzwiller_MF_Init - INFO - MF energy Initialize orbitals: Traced<ShapedArray(float64[])>with<DynamicJaxprTrace>
2025-12-04 18:23:55,465 - HFDS_Heisenberg.Gutzwiller_MF_Init - INFO - Finished updating Gutzwiller MF orbitals.
2025-12-04 18:23:55,544 - HFDS_Heisenberg.Init_orbitals - INFO - Initializing Gutzwiller orbitals with h=0.0, phi=0.0
2025-12-04 18:23:55,740 - HFDS_Heisenberg.Gutzwiller_MF_Init - INFO - MF energy Initialize orbitals: Traced<ShapedArray(float64[])>with<DynamicJaxprTrace>
2025-12-04 18:23:55,936 - HFDS_Heisenberg.Gutzwiller_MF_Init - INFO - MF energy Initialize orbitals: Traced<ShapedArray(float64[])>with<DynamicJaxprTrace>
2025-12-04 18:23:55,937 - HFDS_Heisenberg.Gutzwiller_MF_Init - INFO - Finished updating Gutzwiller MF orbitals.
2025-12-04 18:23:57,139 - HFDS_Heisenberg.Init_orbitals - INFO - Initializing Gutzwiller orbitals with h=0.0, phi=0.0
2025-12-04 18:23:57,303 - HFDS_Heisenberg.Gutzwiller_MF_Init - INFO - MF energy Initialize orbitals: Traced<ShapedArray(float64[])>with<DynamicJaxprTrace>
2025-12-04 18:23:57,664 - HFDS_Heisenberg.Gutzwiller_MF_Init - INFO - MF energy Initialize orbitals: Traced<ShapedArray(float64[])>with<DynamicJaxprTrace>
2025-12-04 18:23:57,665 - HFDS_Heisenberg.Gutzwiller_MF_Init - INFO - Finished updating Gutzwiller MF orbitals.
  0%|          | 0/1 [00:00<?, ?it/s]  0%|          | 0/1 [00:25<?, ?it/s, Energy=nan+nanj ± nan [σ²=nan]]100%|██████████| 1/1 [00:00<00:00, 2031.14it/s, Energy=nan+nanj ± nan [σ²=nan]]
2025-12-04 18:23:58,515 - HFDS_Heisenberg.Init_orbitals - INFO - Initializing Gutzwiller orbitals with h=0.0, phi=0.0
2025-12-04 18:23:58,716 - HFDS_Heisenberg.Gutzwiller_MF_Init - INFO - MF energy Initialize orbitals: Traced<ShapedArray(float64[])>with<DynamicJaxprTrace>
2025-12-04 18:23:58,917 - HFDS_Heisenberg.Gutzwiller_MF_Init - INFO - MF energy Initialize orbitals: Traced<ShapedArray(float64[])>with<DynamicJaxprTrace>
2025-12-04 18:23:58,918 - HFDS_Heisenberg.Gutzwiller_MF_Init - INFO - Finished updating Gutzwiller MF orbitals.
2025-12-04 18:23:59,242 - HFDS_Heisenberg.Init_orbitals - INFO - Initializing Gutzwiller orbitals with h=0.0, phi=0.0
2025-12-04 18:23:59,389 - HFDS_Heisenberg.Gutzwiller_MF_Init - INFO - MF energy Initialize orbitals: Traced<ShapedArray(float64[])>with<DynamicJaxprTrace>
2025-12-04 18:23:59,537 - HFDS_Heisenberg.Gutzwiller_MF_Init - INFO - MF energy Initialize orbitals: Traced<ShapedArray(float64[])>with<DynamicJaxprTrace>
2025-12-04 18:23:59,538 - HFDS_Heisenberg.Gutzwiller_MF_Init - INFO - Finished updating Gutzwiller MF orbitals.
2025-12-04 18:24:19,259 - HFDS_Heisenberg.Init_orbitals - INFO - Initializing Gutzwiller orbitals with h=0.0, phi=0.0
2025-12-04 18:24:19,459 - HFDS_Heisenberg.Gutzwiller_MF_Init - INFO - MF energy Initialize orbitals: Traced<ShapedArray(float64[])>with<DynamicJaxprTrace>
2025-12-04 18:24:19,659 - HFDS_Heisenberg.Gutzwiller_MF_Init - INFO - MF energy Initialize orbitals: Traced<ShapedArray(float64[])>with<DynamicJaxprTrace>
2025-12-04 18:24:19,660 - HFDS_Heisenberg.Gutzwiller_MF_Init - INFO - Finished updating Gutzwiller MF orbitals.
2025-12-04 18:24:19,836 - HFDS_Heisenberg.Init_orbitals - INFO - Initializing Gutzwiller orbitals with h=0.0, phi=0.0
2025-12-04 18:24:20,247 - HFDS_Heisenberg.Gutzwiller_MF_Init - INFO - MF energy Initialize orbitals: Traced<ShapedArray(float64[])>with<DynamicJaxprTrace>
2025-12-04 18:24:20,445 - HFDS_Heisenberg.Gutzwiller_MF_Init - INFO - MF energy Initialize orbitals: Traced<ShapedArray(float64[])>with<DynamicJaxprTrace>
2025-12-04 18:24:20,446 - HFDS_Heisenberg.Gutzwiller_MF_Init - INFO - Finished updating Gutzwiller MF orbitals.
2025-12-04 18:24:21,235 - HFDS_Heisenberg.Init_orbitals - INFO - Initializing Gutzwiller orbitals with h=0.0, phi=0.0
2025-12-04 18:24:21,451 - HFDS_Heisenberg.Gutzwiller_MF_Init - INFO - MF energy Initialize orbitals: Traced<ShapedArray(float64[])>with<DynamicJaxprTrace>
2025-12-04 18:24:21,659 - HFDS_Heisenberg.Gutzwiller_MF_Init - INFO - MF energy Initialize orbitals: Traced<ShapedArray(float64[])>with<DynamicJaxprTrace>
2025-12-04 18:24:21,660 - HFDS_Heisenberg.Gutzwiller_MF_Init - INFO - Finished updating Gutzwiller MF orbitals.
2025-12-04 18:24:21,718 - HFDS_Heisenberg.Init_orbitals - INFO - Initializing Gutzwiller orbitals with h=0.0, phi=0.0
2025-12-04 18:24:21,927 - HFDS_Heisenberg.Gutzwiller_MF_Init - INFO - MF energy Initialize orbitals: Traced<ShapedArray(float64[])>with<DynamicJaxprTrace>
2025-12-04 18:24:22,137 - HFDS_Heisenberg.Gutzwiller_MF_Init - INFO - MF energy Initialize orbitals: Traced<ShapedArray(float64[])>with<DynamicJaxprTrace>
2025-12-04 18:24:22,138 - HFDS_Heisenberg.Gutzwiller_MF_Init - INFO - Finished updating Gutzwiller MF orbitals.
2025-12-04 18:24:35,799 - HFDS_Heisenberg.Init_orbitals - INFO - Initializing Gutzwiller orbitals with h=0.0, phi=0.0
2025-12-04 18:24:36,009 - HFDS_Heisenberg.Gutzwiller_MF_Init - INFO - MF energy Initialize orbitals: Traced<ShapedArray(float64[])>with<DynamicJaxprTrace>
2025-12-04 18:24:36,197 - HFDS_Heisenberg.Gutzwiller_MF_Init - INFO - MF energy Initialize orbitals: Traced<ShapedArray(float64[])>with<DynamicJaxprTrace>
2025-12-04 18:24:36,198 - HFDS_Heisenberg.Gutzwiller_MF_Init - INFO - Finished updating Gutzwiller MF orbitals.
/cluster/home/fconoscenti/Thesis_QSL/Elaborate/Statistics/Error_Stat.py:54: RuntimeWarning: invalid value encountered in divide
  fidelity_val = np.abs(overlap_val) ** 2 / (np.vdot(vstate_array, vstate_array) * np.vdot(ket_gs, ket_gs))
2025-12-04 18:24:37,223 - HFDS_Heisenberg.Init_orbitals - INFO - Initializing Gutzwiller orbitals with h=0.0, phi=0.0
2025-12-04 18:24:37,428 - HFDS_Heisenberg.Gutzwiller_MF_Init - INFO - MF energy Initialize orbitals: Traced<ShapedArray(float64[])>with<DynamicJaxprTrace>
2025-12-04 18:24:37,634 - HFDS_Heisenberg.Gutzwiller_MF_Init - INFO - MF energy Initialize orbitals: Traced<ShapedArray(float64[])>with<DynamicJaxprTrace>
2025-12-04 18:24:37,634 - HFDS_Heisenberg.Gutzwiller_MF_Init - INFO - Finished updating Gutzwiller MF orbitals.
2025-12-04 18:24:37,686 - HFDS_Heisenberg.Init_orbitals - INFO - Initializing Gutzwiller orbitals with h=0.0, phi=0.0
2025-12-04 18:24:37,891 - HFDS_Heisenberg.Gutzwiller_MF_Init - INFO - MF energy Initialize orbitals: Traced<ShapedArray(float64[])>with<DynamicJaxprTrace>
2025-12-04 18:24:38,095 - HFDS_Heisenberg.Gutzwiller_MF_Init - INFO - MF energy Initialize orbitals: Traced<ShapedArray(float64[])>with<DynamicJaxprTrace>
2025-12-04 18:24:38,096 - HFDS_Heisenberg.Gutzwiller_MF_Init - INFO - Finished updating Gutzwiller MF orbitals.
2025-12-04 18:24:38,992 - HFDS_Heisenberg.Init_orbitals - INFO - Initializing Gutzwiller orbitals with h=0.0, phi=0.0
2025-12-04 18:24:39,181 - HFDS_Heisenberg.Gutzwiller_MF_Init - INFO - MF energy Initialize orbitals: Traced<ShapedArray(float64[])>with<DynamicJaxprTrace>
2025-12-04 18:24:39,368 - HFDS_Heisenberg.Gutzwiller_MF_Init - INFO - MF energy Initialize orbitals: Traced<ShapedArray(float64[])>with<DynamicJaxprTrace>
2025-12-04 18:24:39,368 - HFDS_Heisenberg.Gutzwiller_MF_Init - INFO - Finished updating Gutzwiller MF orbitals.
2025-12-04 18:24:40,275 - HFDS_Heisenberg.Init_orbitals - INFO - Initializing Gutzwiller orbitals with h=0.0, phi=0.0
2025-12-04 18:24:40,475 - HFDS_Heisenberg.Gutzwiller_MF_Init - INFO - MF energy Initialize orbitals: Traced<ShapedArray(float64[])>with<DynamicJaxprTrace>
2025-12-04 18:24:40,674 - HFDS_Heisenberg.Gutzwiller_MF_Init - INFO - MF energy Initialize orbitals: Traced<ShapedArray(float64[])>with<DynamicJaxprTrace>
2025-12-04 18:24:40,674 - HFDS_Heisenberg.Gutzwiller_MF_Init - INFO - Finished updating Gutzwiller MF orbitals.
/cluster/home/fconoscenti/Thesis_QSL/Elaborate/Statistics/Error_Stat.py:54: RuntimeWarning: invalid value encountered in divide
  fidelity_val = np.abs(overlap_val) ** 2 / (np.vdot(vstate_array, vstate_array) * np.vdot(ket_gs, ket_gs))
2025-12-04 18:24:42,355 - HFDS_Heisenberg.Init_orbitals - INFO - Initializing Gutzwiller orbitals with h=0.0, phi=0.0
2025-12-04 18:24:42,554 - HFDS_Heisenberg.Gutzwiller_MF_Init - INFO - MF energy Initialize orbitals: Traced<ShapedArray(float64[])>with<DynamicJaxprTrace>
2025-12-04 18:24:42,752 - HFDS_Heisenberg.Gutzwiller_MF_Init - INFO - MF energy Initialize orbitals: Traced<ShapedArray(float64[])>with<DynamicJaxprTrace>
2025-12-04 18:24:42,753 - HFDS_Heisenberg.Gutzwiller_MF_Init - INFO - Finished updating Gutzwiller MF orbitals.
/cluster/home/fconoscenti/Thesis_QSL/Elaborate/Plotting/Sign_vs_iteration.py:352: UserWarning: This figure includes Axes that are not compatible with tight_layout, so results might be incorrect.
  plt.tight_layout(rect=[0, 0, 0.80, 1])  # leave room on the right for our insets
/cluster/home/fconoscenti/Thesis_QSL/Elaborate/Plotting/Sign_vs_iteration.py:605: RuntimeWarning: invalid value encountered in divide
  psi_vstate_norm = psi_vstate_unnorm / norm_vstate
/cluster/home/fconoscenti/Thesis_QSL/HFDS_Heisenberg/run_spin_amp.py:403: UserWarning: n_samples=256 (256 per JAX device) does not divide n_chains=512, increased to 512 (512 per JAX device)
  vstate.n_samples = 256
2025-12-04 18:24:50,696 - HFDS_Heisenberg.Init_orbitals - INFO - Initializing Gutzwiller orbitals with h=0.0, phi=0.0
2025-12-04 18:24:50,892 - HFDS_Heisenberg.Gutzwiller_MF_Init - INFO - MF energy Initialize orbitals: Traced<ShapedArray(float64[])>with<DynamicJaxprTrace>
2025-12-04 18:24:51,086 - HFDS_Heisenberg.Gutzwiller_MF_Init - INFO - MF energy Initialize orbitals: Traced<ShapedArray(float64[])>with<DynamicJaxprTrace>
2025-12-04 18:24:51,087 - HFDS_Heisenberg.Gutzwiller_MF_Init - INFO - Finished updating Gutzwiller MF orbitals.
2025-12-04 18:24:51,426 - HFDS_Heisenberg.Init_orbitals - INFO - Initializing Gutzwiller orbitals with h=0.0, phi=0.0
2025-12-04 18:24:51,573 - HFDS_Heisenberg.Gutzwiller_MF_Init - INFO - MF energy Initialize orbitals: Traced<ShapedArray(float64[])>with<DynamicJaxprTrace>
2025-12-04 18:24:51,720 - HFDS_Heisenberg.Gutzwiller_MF_Init - INFO - MF energy Initialize orbitals: Traced<ShapedArray(float64[])>with<DynamicJaxprTrace>
2025-12-04 18:24:51,721 - HFDS_Heisenberg.Gutzwiller_MF_Init - INFO - Finished updating Gutzwiller MF orbitals.
2025-12-04 18:25:10,736 - HFDS_Heisenberg.Init_orbitals - INFO - Initializing Gutzwiller orbitals with h=0.0, phi=0.0
2025-12-04 18:25:10,884 - HFDS_Heisenberg.Gutzwiller_MF_Init - INFO - MF energy Initialize orbitals: Traced<ShapedArray(float64[])>with<DynamicJaxprTrace>
2025-12-04 18:25:11,031 - HFDS_Heisenberg.Gutzwiller_MF_Init - INFO - MF energy Initialize orbitals: Traced<ShapedArray(float64[])>with<DynamicJaxprTrace>
2025-12-04 18:25:11,032 - HFDS_Heisenberg.Gutzwiller_MF_Init - INFO - Finished updating Gutzwiller MF orbitals.
/cluster/home/fconoscenti/netket_venv/lib/python3.11/site-packages/netket/optimizer/qgt/qgt_onthefly.py:138: HolomorphicUndeclaredWarning: 
Defaulting to `holomorphic=False`, but this might lead to increased
computational cost or disabled features. Check if your variational
function is holomorphic, and if so specify `holomorphic=True`as an extra
keyword argument.

To silence this warning, specify the `holomorphic=False/True` keyword
argument.

To numerically check whether your variational function is or not holomorphic
you can use the following snippet:

```python
   vs = nk.vqs.MCState(...)

   nk.utils.is_probably_holomorphic(vs._apply_fun, vs.parameters, vs.samples, vs.model_state)
```

if `nk.utils.is_probably_holomorphic` returns False, then your function is not holomorphic.
If it returns True, it is probably holomorphic.


-------------------------------------------------------
For more detailed informations, visit the following link:
	 https://netket.readthedocs.io/en/latest/api/_generated/errors/netket.errors.HolomorphicUndeclaredWarning.html
or the list of all common errors and warnings at
	 https://netket.readthedocs.io/en/latest/api/errors.html
-------------------------------------------------------

  warnings.warn(HolomorphicUndeclaredWarning(), UserWarning)
2025-12-04 18:25:12,031 - HFDS_Heisenberg.Init_orbitals - INFO - Initializing Gutzwiller orbitals with h=0.0, phi=0.0
2025-12-04 18:25:12,180 - HFDS_Heisenberg.Gutzwiller_MF_Init - INFO - MF energy Initialize orbitals: Traced<ShapedArray(float64[])>with<DynamicJaxprTrace>
2025-12-04 18:25:12,327 - HFDS_Heisenberg.Gutzwiller_MF_Init - INFO - MF energy Initialize orbitals: Traced<ShapedArray(float64[])>with<DynamicJaxprTrace>
2025-12-04 18:25:12,328 - HFDS_Heisenberg.Gutzwiller_MF_Init - INFO - Finished updating Gutzwiller MF orbitals.
/cluster/home/fconoscenti/netket_venv/lib/python3.11/site-packages/jax/_src/linear_util.py:388: HolomorphicUndeclaredWarning: 
Defaulting to `holomorphic=False`, but this might lead to increased
computational cost or disabled features. Check if your variational
function is holomorphic, and if so specify `holomorphic=True`as an extra
keyword argument.

To silence this warning, specify the `holomorphic=False/True` keyword
argument.

To numerically check whether your variational function is or not holomorphic
you can use the following snippet:

```python
   vs = nk.vqs.MCState(...)

   nk.utils.is_probably_holomorphic(vs._apply_fun, vs.parameters, vs.samples, vs.model_state)
```

if `nk.utils.is_probably_holomorphic` returns False, then your function is not holomorphic.
If it returns True, it is probably holomorphic.


-------------------------------------------------------
For more detailed informations, visit the following link:
	 https://netket.readthedocs.io/en/latest/api/_generated/errors/netket.errors.HolomorphicUndeclaredWarning.html
or the list of all common errors and warnings at
	 https://netket.readthedocs.io/en/latest/api/errors.html
-------------------------------------------------------

  ans = _fun(*args, **kwargs)
2025-12-04 18:25:12,398 - HFDS_Heisenberg.Init_orbitals - INFO - Initializing Gutzwiller orbitals with h=0.0, phi=0.0
2025-12-04 18:25:12,546 - HFDS_Heisenberg.Gutzwiller_MF_Init - INFO - MF energy Initialize orbitals: Traced<ShapedArray(float64[])>with<DynamicJaxprTrace>
2025-12-04 18:25:12,693 - HFDS_Heisenberg.Gutzwiller_MF_Init - INFO - MF energy Initialize orbitals: Traced<ShapedArray(float64[])>with<DynamicJaxprTrace>
2025-12-04 18:25:12,693 - HFDS_Heisenberg.Gutzwiller_MF_Init - INFO - Finished updating Gutzwiller MF orbitals.
Traceback (most recent call last):
  File "<frozen runpy>", line 198, in _run_module_as_main
  File "<frozen runpy>", line 88, in _run_code
  File "/cluster/home/fconoscenti/Thesis_QSL/HFDS_Heisenberg/run_spin_amp.py", line 404, in <module>
    vstate.n_samples = 256
                           
  File "/cluster/home/fconoscenti/Thesis_QSL/Elaborate/Plotting/S_matrix_vs_iteration.py", line 20, in plot_S_matrix_eigenvalues
    S_matrix = compute_S_matrix(vstate, folder_path, hi)
               ^^^^^^^^^^^^^^^^^^^^^^^^^^^^^^^^^^^^^^^^^
  File "/cluster/home/fconoscenti/Thesis_QSL/Elaborate/S_matrix_Obs.py", line 23, in compute_S_matrix
    S_matrix = compute_S_matrix_single_model(vstate, hi)
               ^^^^^^^^^^^^^^^^^^^^^^^^^^^^^^^^^^^^^^^^^
  File "/cluster/home/fconoscenti/Thesis_QSL/Elaborate/S_matrix_Obs.py", line 31, in compute_S_matrix_single_model
    S_matrix = qgt.to_dense()
               ^^^^^^^^^^^^^^
  File "/cluster/home/fconoscenti/netket_venv/lib/python3.11/site-packages/netket/optimizer/qgt/qgt_onthefly.py", line 222, in to_dense
    raise NonHolomorphicQGTOnTheFlyDenseRepresentationError()
netket.errors.NonHolomorphicQGTOnTheFlyDenseRepresentationError: 
QGTOnTheFly cannot be converted to a dense matrix for non-holomorphic
functions which have complex parameters.

This limitation does not apply if the parameters are all real.

This error might have happened for two reasons:
 - you specified `holomorphic=False` because your ansatz is non-holomorphic.
   In that case you should use `QGTJacobianPyTree` or `QGTJacobianDense`
   implementations.

 - you did not specify `holomorphic`, which leads to the default value of
   `holomorphic=False` (in that case, you should have seen a warning). If
   that is the case, you should carefully check if your ansatz is holomorhic
   almost everywhere, and if that is the case, specify `holomorphic=True`.
   If your ansatz is not-holomorphic, the same suggestion as above applies.

Be warned that if you specify `holomorphic=True` when your ansatz is mathematically
not holomorphic is a surprisingly bad idea and will lead to numerically wrong results,
so I'd invite you not to lie to your computer.


-------------------------------------------------------
For more detailed informations, visit the following link:
	 https://netket.readthedocs.io/en/latest/api/_generated/errors/netket.errors.NonHolomorphicQGTOnTheFlyDenseRepresentationError.html
or the list of all common errors at
	 https://netket.readthedocs.io/en/latest/api/errors.html
-------------------------------------------------------

srun: error: eu-g5-002-2: task 0: Exited with exit code 1
