2025-12-04 14:34:35,597 - __main__ - INFO - Parsing command-line arguments.
2025-12-04 14:34:35,597 - __main__ - INFO - J2 coupling parameter set to: 0.0
2025-12-04 14:34:35,597 - __main__ - INFO - Physical and model parameters set.
2025-12-04 14:34:35,598 - __main__ - INFO - Script starting execution.
2025-12-04 14:34:35,616 - __main__ - INFO - Output will be saved to: HFDS_Heisenberg/plot/spin_new/layers1_hidd1_feat1_sample1024_lr0.025_iter3_parityTrue_rotTrue_InitG_MF_typecomplex_new_phi/J=0.0/seed_3
2025-12-04 14:34:35,644 - __main__ - INFO - Hilbert space created.
2025-12-04 14:34:35,649 - __main__ - INFO - Hamiltonian created.
2025-12-04 14:34:41,442 - __main__ - INFO - Exact ground state calculated.
2025-12-04 14:34:41,442 - __main__ - INFO - HiddenFermion model initialized.
2025-12-04 14:34:41,496 - __main__ - INFO - MetropolisExchange sampler created.
2025-12-04 14:34:41,755 - HFDS_Heisenberg.HFDS_model_spin - INFO - Setting up HiddenFermion model.
2025-12-04 14:34:41,756 - HFDS_Heisenberg.HFDS_model_spin - INFO - HiddenFermion model setup complete.
2025-12-04 14:34:41,766 - HFDS_Heisenberg.Init_orbitals - INFO - Initializing Gutzwiller orbitals with h=0.055, phi=0.3141592653589793
2025-12-04 14:34:41,962 - HFDS_Heisenberg.Gutzwiller_MF_Init - INFO - MF energy Initialize orbitals: Traced<ShapedArray(float64[])>with<DynamicJaxprTrace>
2025-12-04 14:34:42,144 - HFDS_Heisenberg.Gutzwiller_MF_Init - INFO - MF energy Initialize orbitals: Traced<ShapedArray(float64[])>with<DynamicJaxprTrace>
2025-12-04 14:34:42,147 - HFDS_Heisenberg.Gutzwiller_MF_Init - INFO - Finished updating Gutzwiller MF orbitals.
2025-12-04 14:34:43,659 - HFDS_Heisenberg.HFDS_model_spin - INFO - Setting up HiddenFermion model.
2025-12-04 14:34:43,661 - HFDS_Heisenberg.HFDS_model_spin - INFO - HiddenFermion model setup complete.
2025-12-04 14:34:43,672 - HFDS_Heisenberg.Init_orbitals - INFO - Initializing Gutzwiller orbitals with h=0.055, phi=0.3141592653589793
2025-12-04 14:34:43,827 - HFDS_Heisenberg.Gutzwiller_MF_Init - INFO - MF energy Initialize orbitals: Traced<ShapedArray(float64[])>with<DynamicJaxprTrace>
2025-12-04 14:34:43,982 - HFDS_Heisenberg.Gutzwiller_MF_Init - INFO - MF energy Initialize orbitals: Traced<ShapedArray(float64[])>with<DynamicJaxprTrace>
2025-12-04 14:34:43,982 - HFDS_Heisenberg.Gutzwiller_MF_Init - INFO - Finished updating Gutzwiller MF orbitals.
2025-12-04 14:34:44,541 - __main__ - INFO - MCState (vstate) created.
2025-12-04 14:34:44,606 - __main__ - INFO - VMC_SR driver created.
2025-12-04 14:34:44,606 - __main__ - INFO - Starting VMC optimization for 3 iterations.
2025-12-04 14:34:44,636 - HFDS_Heisenberg.HFDS_model_spin - INFO - Setting up HiddenFermion model.
2025-12-04 14:34:44,637 - HFDS_Heisenberg.HFDS_model_spin - INFO - HiddenFermion model setup complete.
2025-12-04 14:34:44,646 - HFDS_Heisenberg.Init_orbitals - INFO - Initializing Gutzwiller orbitals with h=0.055, phi=0.3141592653589793
2025-12-04 14:34:44,801 - HFDS_Heisenberg.Gutzwiller_MF_Init - INFO - MF energy Initialize orbitals: Traced<ShapedArray(float64[])>with<DynamicJaxprTrace>
2025-12-04 14:34:44,958 - HFDS_Heisenberg.Gutzwiller_MF_Init - INFO - MF energy Initialize orbitals: Traced<ShapedArray(float64[])>with<DynamicJaxprTrace>
2025-12-04 14:34:44,959 - HFDS_Heisenberg.Gutzwiller_MF_Init - INFO - Finished updating Gutzwiller MF orbitals.
2025-12-04 14:34:45,281 - HFDS_Heisenberg.HFDS_model_spin - INFO - Setting up HiddenFermion model.
2025-12-04 14:34:45,283 - HFDS_Heisenberg.HFDS_model_spin - INFO - HiddenFermion model setup complete.
2025-12-04 14:34:45,293 - HFDS_Heisenberg.Init_orbitals - INFO - Initializing Gutzwiller orbitals with h=0.055, phi=0.3141592653589793
2025-12-04 14:34:45,449 - HFDS_Heisenberg.Gutzwiller_MF_Init - INFO - MF energy Initialize orbitals: Traced<ShapedArray(float64[])>with<DynamicJaxprTrace>
2025-12-04 14:34:45,609 - HFDS_Heisenberg.Gutzwiller_MF_Init - INFO - MF energy Initialize orbitals: Traced<ShapedArray(float64[])>with<DynamicJaxprTrace>
2025-12-04 14:34:45,609 - HFDS_Heisenberg.Gutzwiller_MF_Init - INFO - Finished updating Gutzwiller MF orbitals.
2025-12-04 14:34:46,239 - HFDS_Heisenberg.HFDS_model_spin - INFO - Setting up HiddenFermion model.
2025-12-04 14:34:46,241 - HFDS_Heisenberg.HFDS_model_spin - INFO - HiddenFermion model setup complete.
2025-12-04 14:34:46,255 - HFDS_Heisenberg.Init_orbitals - INFO - Initializing Gutzwiller orbitals with h=0.055, phi=0.3141592653589793
2025-12-04 14:34:46,415 - HFDS_Heisenberg.Gutzwiller_MF_Init - INFO - MF energy Initialize orbitals: Traced<ShapedArray(float64[])>with<DynamicJaxprTrace>
2025-12-04 14:34:46,782 - HFDS_Heisenberg.Gutzwiller_MF_Init - INFO - MF energy Initialize orbitals: Traced<ShapedArray(float64[])>with<DynamicJaxprTrace>
2025-12-04 14:34:46,783 - HFDS_Heisenberg.Gutzwiller_MF_Init - INFO - Finished updating Gutzwiller MF orbitals.
2025-12-04 14:34:47,484 - HFDS_Heisenberg.HFDS_model_spin - INFO - Setting up HiddenFermion model.
2025-12-04 14:34:47,485 - HFDS_Heisenberg.HFDS_model_spin - INFO - HiddenFermion model setup complete.
2025-12-04 14:34:47,494 - HFDS_Heisenberg.Init_orbitals - INFO - Initializing Gutzwiller orbitals with h=0.055, phi=0.3141592653589793
2025-12-04 14:34:47,663 - HFDS_Heisenberg.Gutzwiller_MF_Init - INFO - MF energy Initialize orbitals: Traced<ShapedArray(float64[])>with<DynamicJaxprTrace>
2025-12-04 14:34:47,832 - HFDS_Heisenberg.Gutzwiller_MF_Init - INFO - MF energy Initialize orbitals: Traced<ShapedArray(float64[])>with<DynamicJaxprTrace>
2025-12-04 14:34:47,833 - HFDS_Heisenberg.Gutzwiller_MF_Init - INFO - Finished updating Gutzwiller MF orbitals.
2025-12-04 14:34:47,946 - HFDS_Heisenberg.HFDS_model_spin - INFO - Setting up HiddenFermion model.
2025-12-04 14:34:47,947 - HFDS_Heisenberg.HFDS_model_spin - INFO - HiddenFermion model setup complete.
2025-12-04 14:34:47,955 - HFDS_Heisenberg.Init_orbitals - INFO - Initializing Gutzwiller orbitals with h=0.055, phi=0.3141592653589793
2025-12-04 14:34:48,125 - HFDS_Heisenberg.Gutzwiller_MF_Init - INFO - MF energy Initialize orbitals: Traced<ShapedArray(float64[])>with<DynamicJaxprTrace>
2025-12-04 14:34:48,294 - HFDS_Heisenberg.Gutzwiller_MF_Init - INFO - MF energy Initialize orbitals: Traced<ShapedArray(float64[])>with<DynamicJaxprTrace>
2025-12-04 14:34:48,295 - HFDS_Heisenberg.Gutzwiller_MF_Init - INFO - Finished updating Gutzwiller MF orbitals.
2025-12-04 14:34:49,090 - HFDS_Heisenberg.HFDS_model_spin - INFO - Setting up HiddenFermion model.
2025-12-04 14:34:49,093 - HFDS_Heisenberg.HFDS_model_spin - INFO - HiddenFermion model setup complete.
2025-12-04 14:34:49,120 - HFDS_Heisenberg.Init_orbitals - INFO - Initializing Gutzwiller orbitals with h=0.055, phi=0.3141592653589793
2025-12-04 14:34:49,525 - HFDS_Heisenberg.Gutzwiller_MF_Init - INFO - MF energy Initialize orbitals: Traced<ShapedArray(float64[])>with<DynamicJaxprTrace>
2025-12-04 14:34:49,705 - HFDS_Heisenberg.Gutzwiller_MF_Init - INFO - MF energy Initialize orbitals: Traced<ShapedArray(float64[])>with<DynamicJaxprTrace>
2025-12-04 14:34:49,709 - HFDS_Heisenberg.Gutzwiller_MF_Init - INFO - Finished updating Gutzwiller MF orbitals.
2025-12-04 14:36:16,914 - HFDS_Heisenberg.HFDS_model_spin - INFO - Setting up HiddenFermion model.
2025-12-04 14:36:16,916 - HFDS_Heisenberg.HFDS_model_spin - INFO - HiddenFermion model setup complete.
2025-12-04 14:36:16,929 - HFDS_Heisenberg.Init_orbitals - INFO - Initializing Gutzwiller orbitals with h=0.055, phi=0.3141592653589793
2025-12-04 14:36:17,088 - HFDS_Heisenberg.Gutzwiller_MF_Init - INFO - MF energy Initialize orbitals: Traced<ShapedArray(float64[])>with<DynamicJaxprTrace>
2025-12-04 14:36:17,247 - HFDS_Heisenberg.Gutzwiller_MF_Init - INFO - MF energy Initialize orbitals: Traced<ShapedArray(float64[])>with<DynamicJaxprTrace>
2025-12-04 14:36:17,248 - HFDS_Heisenberg.Gutzwiller_MF_Init - INFO - Finished updating Gutzwiller MF orbitals.
2025-12-04 14:39:15,182 - __main__ - INFO - VMC optimization finished.
2025-12-04 14:39:15,185 - __main__ - INFO - Starting post-simulation analysis.
  0%|          | 0/3 [00:00<?, ?it/s]  0%|          | 0/3 [01:32<?, ?it/s, Energy=-25.10+0.05j ± 0.49 [σ²=1.6e+02, R̂=1.225]]  0%|          | 0/3 [01:30<?, ?it/s, Energy=-34.54-0.16j ± 0.36 [σ²=1.1e+02, R̂=1.225]] 33%|███▎      | 1/3 [01:30<03:00, 90.17s/it, Energy=-34.54-0.16j ± 0.36 [σ²=1.1e+02, R̂=1.225]] 33%|███▎      | 1/3 [02:58<03:00, 90.17s/it, Energy=-38.82+0.06j ± 0.24 [σ²=5.1e+01, R̂=1.225]] 67%|██████▋   | 2/3 [02:58<01:28, 88.98s/it, Energy=-38.82+0.06j ± 0.24 [σ²=5.1e+01, R̂=1.225]]100%|██████████| 3/3 [02:58<00:00, 59.44s/it, Energy=-38.82+0.06j ± 0.24 [σ²=5.1e+01, R̂=1.225]]
2025-12-04 14:39:16,009 - HFDS_Heisenberg.HFDS_model_spin - INFO - Setting up HiddenFermion model.
2025-12-04 14:39:16,010 - HFDS_Heisenberg.HFDS_model_spin - INFO - HiddenFermion model setup complete.
2025-12-04 14:39:16,018 - HFDS_Heisenberg.Init_orbitals - INFO - Initializing Gutzwiller orbitals with h=0.055, phi=0.3141592653589793
2025-12-04 14:39:16,188 - HFDS_Heisenberg.Gutzwiller_MF_Init - INFO - MF energy Initialize orbitals: Traced<ShapedArray(float64[])>with<DynamicJaxprTrace>
2025-12-04 14:39:16,358 - HFDS_Heisenberg.Gutzwiller_MF_Init - INFO - MF energy Initialize orbitals: Traced<ShapedArray(float64[])>with<DynamicJaxprTrace>
2025-12-04 14:39:16,359 - HFDS_Heisenberg.Gutzwiller_MF_Init - INFO - Finished updating Gutzwiller MF orbitals.
2025-12-04 14:39:16,470 - HFDS_Heisenberg.HFDS_model_spin - INFO - Setting up HiddenFermion model.
2025-12-04 14:39:16,471 - HFDS_Heisenberg.HFDS_model_spin - INFO - HiddenFermion model setup complete.
2025-12-04 14:39:16,479 - HFDS_Heisenberg.Init_orbitals - INFO - Initializing Gutzwiller orbitals with h=0.055, phi=0.3141592653589793
2025-12-04 14:39:16,647 - HFDS_Heisenberg.Gutzwiller_MF_Init - INFO - MF energy Initialize orbitals: Traced<ShapedArray(float64[])>with<DynamicJaxprTrace>
2025-12-04 14:39:16,814 - HFDS_Heisenberg.Gutzwiller_MF_Init - INFO - MF energy Initialize orbitals: Traced<ShapedArray(float64[])>with<DynamicJaxprTrace>
2025-12-04 14:39:16,815 - HFDS_Heisenberg.Gutzwiller_MF_Init - INFO - Finished updating Gutzwiller MF orbitals.
2025-12-04 14:40:43,067 - HFDS_Heisenberg.HFDS_model_spin - INFO - Setting up HiddenFermion model.
2025-12-04 14:40:43,068 - HFDS_Heisenberg.HFDS_model_spin - INFO - HiddenFermion model setup complete.
2025-12-04 14:40:43,076 - HFDS_Heisenberg.Init_orbitals - INFO - Initializing Gutzwiller orbitals with h=0.055, phi=0.3141592653589793
2025-12-04 14:40:43,243 - HFDS_Heisenberg.Gutzwiller_MF_Init - INFO - MF energy Initialize orbitals: Traced<ShapedArray(float64[])>with<DynamicJaxprTrace>
2025-12-04 14:40:43,411 - HFDS_Heisenberg.Gutzwiller_MF_Init - INFO - MF energy Initialize orbitals: Traced<ShapedArray(float64[])>with<DynamicJaxprTrace>
2025-12-04 14:40:43,412 - HFDS_Heisenberg.Gutzwiller_MF_Init - INFO - Finished updating Gutzwiller MF orbitals.
2025-12-04 14:40:43,475 - HFDS_Heisenberg.HFDS_model_spin - INFO - Setting up HiddenFermion model.
2025-12-04 14:40:43,476 - HFDS_Heisenberg.HFDS_model_spin - INFO - HiddenFermion model setup complete.
2025-12-04 14:40:43,484 - HFDS_Heisenberg.Init_orbitals - INFO - Initializing Gutzwiller orbitals with h=0.055, phi=0.3141592653589793
2025-12-04 14:40:43,650 - HFDS_Heisenberg.Gutzwiller_MF_Init - INFO - MF energy Initialize orbitals: Traced<ShapedArray(float64[])>with<DynamicJaxprTrace>
2025-12-04 14:40:44,055 - HFDS_Heisenberg.Gutzwiller_MF_Init - INFO - MF energy Initialize orbitals: Traced<ShapedArray(float64[])>with<DynamicJaxprTrace>
2025-12-04 14:40:44,056 - HFDS_Heisenberg.Gutzwiller_MF_Init - INFO - Finished updating Gutzwiller MF orbitals.
2025-12-04 14:41:38,768 - HFDS_Heisenberg.HFDS_model_spin - INFO - Setting up HiddenFermion model.
2025-12-04 14:41:38,770 - HFDS_Heisenberg.HFDS_model_spin - INFO - HiddenFermion model setup complete.
2025-12-04 14:41:38,779 - HFDS_Heisenberg.Init_orbitals - INFO - Initializing Gutzwiller orbitals with h=0.055, phi=0.3141592653589793
2025-12-04 14:41:38,994 - HFDS_Heisenberg.Gutzwiller_MF_Init - INFO - MF energy Initialize orbitals: Traced<ShapedArray(float64[])>with<DynamicJaxprTrace>
2025-12-04 14:41:39,201 - HFDS_Heisenberg.Gutzwiller_MF_Init - INFO - MF energy Initialize orbitals: Traced<ShapedArray(float64[])>with<DynamicJaxprTrace>
2025-12-04 14:41:39,202 - HFDS_Heisenberg.Gutzwiller_MF_Init - INFO - Finished updating Gutzwiller MF orbitals.
2025-12-04 14:41:40,670 - HFDS_Heisenberg.HFDS_model_spin - INFO - Setting up HiddenFermion model.
2025-12-04 14:41:40,672 - HFDS_Heisenberg.HFDS_model_spin - INFO - HiddenFermion model setup complete.
2025-12-04 14:41:40,679 - HFDS_Heisenberg.Init_orbitals - INFO - Initializing Gutzwiller orbitals with h=0.055, phi=0.3141592653589793
2025-12-04 14:41:40,846 - HFDS_Heisenberg.Gutzwiller_MF_Init - INFO - MF energy Initialize orbitals: Traced<ShapedArray(float64[])>with<DynamicJaxprTrace>
2025-12-04 14:41:41,014 - HFDS_Heisenberg.Gutzwiller_MF_Init - INFO - MF energy Initialize orbitals: Traced<ShapedArray(float64[])>with<DynamicJaxprTrace>
2025-12-04 14:41:41,015 - HFDS_Heisenberg.Gutzwiller_MF_Init - INFO - Finished updating Gutzwiller MF orbitals.
2025-12-04 14:41:41,075 - HFDS_Heisenberg.HFDS_model_spin - INFO - Setting up HiddenFermion model.
2025-12-04 14:41:41,076 - HFDS_Heisenberg.HFDS_model_spin - INFO - HiddenFermion model setup complete.
2025-12-04 14:41:41,084 - HFDS_Heisenberg.Init_orbitals - INFO - Initializing Gutzwiller orbitals with h=0.055, phi=0.3141592653589793
2025-12-04 14:41:41,250 - HFDS_Heisenberg.Gutzwiller_MF_Init - INFO - MF energy Initialize orbitals: Traced<ShapedArray(float64[])>with<DynamicJaxprTrace>
2025-12-04 14:41:41,416 - HFDS_Heisenberg.Gutzwiller_MF_Init - INFO - MF energy Initialize orbitals: Traced<ShapedArray(float64[])>with<DynamicJaxprTrace>
2025-12-04 14:41:41,417 - HFDS_Heisenberg.Gutzwiller_MF_Init - INFO - Finished updating Gutzwiller MF orbitals.
2025-12-04 14:41:42,602 - HFDS_Heisenberg.HFDS_model_spin - INFO - Setting up HiddenFermion model.
2025-12-04 14:41:42,604 - HFDS_Heisenberg.HFDS_model_spin - INFO - HiddenFermion model setup complete.
2025-12-04 14:41:42,617 - HFDS_Heisenberg.Init_orbitals - INFO - Initializing Gutzwiller orbitals with h=0.055, phi=0.3141592653589793
2025-12-04 14:41:42,820 - HFDS_Heisenberg.Gutzwiller_MF_Init - INFO - MF energy Initialize orbitals: Traced<ShapedArray(float64[])>with<DynamicJaxprTrace>
2025-12-04 14:41:43,024 - HFDS_Heisenberg.Gutzwiller_MF_Init - INFO - MF energy Initialize orbitals: Traced<ShapedArray(float64[])>with<DynamicJaxprTrace>
2025-12-04 14:41:43,025 - HFDS_Heisenberg.Gutzwiller_MF_Init - INFO - Finished updating Gutzwiller MF orbitals.
2025-12-04 14:41:44,915 - HFDS_Heisenberg.HFDS_model_spin - INFO - Setting up HiddenFermion model.
2025-12-04 14:41:44,918 - HFDS_Heisenberg.HFDS_model_spin - INFO - HiddenFermion model setup complete.
2025-12-04 14:41:44,926 - HFDS_Heisenberg.Init_orbitals - INFO - Initializing Gutzwiller orbitals with h=0.055, phi=0.3141592653589793
2025-12-04 14:41:45,110 - HFDS_Heisenberg.Gutzwiller_MF_Init - INFO - MF energy Initialize orbitals: Traced<ShapedArray(float64[])>with<DynamicJaxprTrace>
2025-12-04 14:41:45,293 - HFDS_Heisenberg.Gutzwiller_MF_Init - INFO - MF energy Initialize orbitals: Traced<ShapedArray(float64[])>with<DynamicJaxprTrace>
2025-12-04 14:41:45,294 - HFDS_Heisenberg.Gutzwiller_MF_Init - INFO - Finished updating Gutzwiller MF orbitals.
2025-12-04 14:41:49,391 - HFDS_Heisenberg.HFDS_model_spin - INFO - Setting up HiddenFermion model.
2025-12-04 14:41:49,392 - HFDS_Heisenberg.HFDS_model_spin - INFO - HiddenFermion model setup complete.
2025-12-04 14:41:49,400 - HFDS_Heisenberg.Init_orbitals - INFO - Initializing Gutzwiller orbitals with h=0.055, phi=0.3141592653589793
2025-12-04 14:41:49,588 - HFDS_Heisenberg.Gutzwiller_MF_Init - INFO - MF energy Initialize orbitals: Traced<ShapedArray(float64[])>with<DynamicJaxprTrace>
2025-12-04 14:41:49,776 - HFDS_Heisenberg.Gutzwiller_MF_Init - INFO - MF energy Initialize orbitals: Traced<ShapedArray(float64[])>with<DynamicJaxprTrace>
2025-12-04 14:41:49,777 - HFDS_Heisenberg.Gutzwiller_MF_Init - INFO - Finished updating Gutzwiller MF orbitals.
/cluster/home/fconoscenti/Thesis_QSL/Elaborate/Plotting/Sign_vs_iteration.py:352: UserWarning: This figure includes Axes that are not compatible with tight_layout, so results might be incorrect.
  plt.tight_layout(rect=[0, 0, 0.80, 1])  # leave room on the right for our insets
2025-12-04 14:42:16,723 - __main__ - INFO - Analysis variables saved to pickle file.
/cluster/home/fconoscenti/Thesis_QSL/HFDS_Heisenberg/run_spin.py:272: UserWarning: n_samples=256 (256 per JAX device) does not divide n_chains=512, increased to 512 (512 per JAX device)
  vstate.n_samples = 256
2025-12-04 14:42:16,724 - __main__ - INFO - Script finished successfully.
