2025-12-04 10:17:42,153 - __main__ - INFO - Parsing command-line arguments.
2025-12-04 10:17:42,154 - __main__ - INFO - J2 coupling parameter set to: 1.0
2025-12-04 10:17:42,154 - __main__ - INFO - Physical and model parameters set.
2025-12-04 10:17:42,154 - __main__ - INFO - Script starting execution.
2025-12-04 10:17:42,157 - __main__ - INFO - Output will be saved to: HFDS_Heisenberg/plot/spin_new/layers1_hidd1_feat1_sample256_lr0.025_iter3_parityTrue_rotTrue_InitG_MF_typecomplex_try/J=1.0/seed_4
2025-12-04 10:17:42,174 - __main__ - INFO - Hilbert space created.
2025-12-04 10:17:42,176 - __main__ - INFO - Hamiltonian created.
2025-12-04 10:17:46,230 - __main__ - INFO - Exact ground state calculated.
2025-12-04 10:17:46,230 - __main__ - INFO - HiddenFermion model initialized.
2025-12-04 10:17:46,277 - __main__ - INFO - MetropolisExchange sampler created.
2025-12-04 10:17:46,550 - HFDS_Heisenberg.HFDS_model_spin - INFO - Setting up HiddenFermion model.
2025-12-04 10:17:46,554 - HFDS_Heisenberg.HFDS_model_spin - INFO - HiddenFermion model setup complete.
2025-12-04 10:17:46,563 - HFDS_Heisenberg.Init_orbitals - INFO - Initializing Gutzwiller orbitals with h=0.02, phi=0.4
2025-12-04 10:17:46,753 - HFDS_Heisenberg.Gutzwiller_MF_Init - INFO - MF energy Initialize orbitals: Traced<ShapedArray(float64[])>with<DynamicJaxprTrace>
2025-12-04 10:17:46,927 - HFDS_Heisenberg.Gutzwiller_MF_Init - INFO - MF energy Initialize orbitals: Traced<ShapedArray(float64[])>with<DynamicJaxprTrace>
2025-12-04 10:17:46,930 - HFDS_Heisenberg.Gutzwiller_MF_Init - INFO - Finished updating Gutzwiller MF orbitals.
2025-12-04 10:17:48,450 - HFDS_Heisenberg.HFDS_model_spin - INFO - Setting up HiddenFermion model.
2025-12-04 10:17:48,451 - HFDS_Heisenberg.HFDS_model_spin - INFO - HiddenFermion model setup complete.
2025-12-04 10:17:48,460 - HFDS_Heisenberg.Init_orbitals - INFO - Initializing Gutzwiller orbitals with h=0.02, phi=0.4
2025-12-04 10:17:48,612 - HFDS_Heisenberg.Gutzwiller_MF_Init - INFO - MF energy Initialize orbitals: Traced<ShapedArray(float64[])>with<DynamicJaxprTrace>
2025-12-04 10:17:48,764 - HFDS_Heisenberg.Gutzwiller_MF_Init - INFO - MF energy Initialize orbitals: Traced<ShapedArray(float64[])>with<DynamicJaxprTrace>
2025-12-04 10:17:48,764 - HFDS_Heisenberg.Gutzwiller_MF_Init - INFO - Finished updating Gutzwiller MF orbitals.
2025-12-04 10:17:49,328 - __main__ - INFO - MCState (vstate) created.
2025-12-04 10:17:49,398 - __main__ - INFO - VMC_SR driver created.
2025-12-04 10:17:49,398 - __main__ - INFO - Starting VMC optimization for 3 iterations.
2025-12-04 10:17:49,436 - HFDS_Heisenberg.HFDS_model_spin - INFO - Setting up HiddenFermion model.
2025-12-04 10:17:49,438 - HFDS_Heisenberg.HFDS_model_spin - INFO - HiddenFermion model setup complete.
2025-12-04 10:17:49,446 - HFDS_Heisenberg.Init_orbitals - INFO - Initializing Gutzwiller orbitals with h=0.02, phi=0.4
2025-12-04 10:17:49,597 - HFDS_Heisenberg.Gutzwiller_MF_Init - INFO - MF energy Initialize orbitals: Traced<ShapedArray(float64[])>with<DynamicJaxprTrace>
2025-12-04 10:17:49,749 - HFDS_Heisenberg.Gutzwiller_MF_Init - INFO - MF energy Initialize orbitals: Traced<ShapedArray(float64[])>with<DynamicJaxprTrace>
2025-12-04 10:17:49,750 - HFDS_Heisenberg.Gutzwiller_MF_Init - INFO - Finished updating Gutzwiller MF orbitals.
2025-12-04 10:17:50,060 - HFDS_Heisenberg.HFDS_model_spin - INFO - Setting up HiddenFermion model.
2025-12-04 10:17:50,061 - HFDS_Heisenberg.HFDS_model_spin - INFO - HiddenFermion model setup complete.
2025-12-04 10:17:50,071 - HFDS_Heisenberg.Init_orbitals - INFO - Initializing Gutzwiller orbitals with h=0.02, phi=0.4
2025-12-04 10:17:50,224 - HFDS_Heisenberg.Gutzwiller_MF_Init - INFO - MF energy Initialize orbitals: Traced<ShapedArray(float64[])>with<DynamicJaxprTrace>
2025-12-04 10:17:50,380 - HFDS_Heisenberg.Gutzwiller_MF_Init - INFO - MF energy Initialize orbitals: Traced<ShapedArray(float64[])>with<DynamicJaxprTrace>
2025-12-04 10:17:50,380 - HFDS_Heisenberg.Gutzwiller_MF_Init - INFO - Finished updating Gutzwiller MF orbitals.
2025-12-04 10:17:50,995 - HFDS_Heisenberg.HFDS_model_spin - INFO - Setting up HiddenFermion model.
2025-12-04 10:17:50,996 - HFDS_Heisenberg.HFDS_model_spin - INFO - HiddenFermion model setup complete.
2025-12-04 10:17:51,009 - HFDS_Heisenberg.Init_orbitals - INFO - Initializing Gutzwiller orbitals with h=0.02, phi=0.4
2025-12-04 10:17:51,162 - HFDS_Heisenberg.Gutzwiller_MF_Init - INFO - MF energy Initialize orbitals: Traced<ShapedArray(float64[])>with<DynamicJaxprTrace>
2025-12-04 10:17:51,561 - HFDS_Heisenberg.Gutzwiller_MF_Init - INFO - MF energy Initialize orbitals: Traced<ShapedArray(float64[])>with<DynamicJaxprTrace>
2025-12-04 10:17:51,561 - HFDS_Heisenberg.Gutzwiller_MF_Init - INFO - Finished updating Gutzwiller MF orbitals.
2025-12-04 10:17:52,206 - HFDS_Heisenberg.HFDS_model_spin - INFO - Setting up HiddenFermion model.
2025-12-04 10:17:52,207 - HFDS_Heisenberg.HFDS_model_spin - INFO - HiddenFermion model setup complete.
2025-12-04 10:17:52,215 - HFDS_Heisenberg.Init_orbitals - INFO - Initializing Gutzwiller orbitals with h=0.02, phi=0.4
2025-12-04 10:17:52,379 - HFDS_Heisenberg.Gutzwiller_MF_Init - INFO - MF energy Initialize orbitals: Traced<ShapedArray(float64[])>with<DynamicJaxprTrace>
2025-12-04 10:17:52,544 - HFDS_Heisenberg.Gutzwiller_MF_Init - INFO - MF energy Initialize orbitals: Traced<ShapedArray(float64[])>with<DynamicJaxprTrace>
2025-12-04 10:17:52,545 - HFDS_Heisenberg.Gutzwiller_MF_Init - INFO - Finished updating Gutzwiller MF orbitals.
2025-12-04 10:17:52,656 - HFDS_Heisenberg.HFDS_model_spin - INFO - Setting up HiddenFermion model.
2025-12-04 10:17:52,657 - HFDS_Heisenberg.HFDS_model_spin - INFO - HiddenFermion model setup complete.
2025-12-04 10:17:52,665 - HFDS_Heisenberg.Init_orbitals - INFO - Initializing Gutzwiller orbitals with h=0.02, phi=0.4
2025-12-04 10:17:52,830 - HFDS_Heisenberg.Gutzwiller_MF_Init - INFO - MF energy Initialize orbitals: Traced<ShapedArray(float64[])>with<DynamicJaxprTrace>
2025-12-04 10:17:52,993 - HFDS_Heisenberg.Gutzwiller_MF_Init - INFO - MF energy Initialize orbitals: Traced<ShapedArray(float64[])>with<DynamicJaxprTrace>
2025-12-04 10:17:52,994 - HFDS_Heisenberg.Gutzwiller_MF_Init - INFO - Finished updating Gutzwiller MF orbitals.
2025-12-04 10:17:53,817 - HFDS_Heisenberg.HFDS_model_spin - INFO - Setting up HiddenFermion model.
2025-12-04 10:17:53,819 - HFDS_Heisenberg.HFDS_model_spin - INFO - HiddenFermion model setup complete.
2025-12-04 10:17:53,832 - HFDS_Heisenberg.Init_orbitals - INFO - Initializing Gutzwiller orbitals with h=0.02, phi=0.4
2025-12-04 10:17:54,008 - HFDS_Heisenberg.Gutzwiller_MF_Init - INFO - MF energy Initialize orbitals: Traced<ShapedArray(float64[])>with<DynamicJaxprTrace>
2025-12-04 10:17:54,440 - HFDS_Heisenberg.Gutzwiller_MF_Init - INFO - MF energy Initialize orbitals: Traced<ShapedArray(float64[])>with<DynamicJaxprTrace>
2025-12-04 10:17:54,443 - HFDS_Heisenberg.Gutzwiller_MF_Init - INFO - Finished updating Gutzwiller MF orbitals.
2025-12-04 10:17:54,604 - HFDS_Heisenberg.HFDS_model_spin - INFO - Setting up HiddenFermion model.
2025-12-04 10:17:54,607 - HFDS_Heisenberg.HFDS_model_spin - INFO - HiddenFermion model setup complete.
2025-12-04 10:17:54,629 - HFDS_Heisenberg.Init_orbitals - INFO - Initializing Gutzwiller orbitals with h=0.02, phi=0.4
2025-12-04 10:17:54,797 - HFDS_Heisenberg.Gutzwiller_MF_Init - INFO - MF energy Initialize orbitals: Traced<ShapedArray(float64[])>with<DynamicJaxprTrace>
2025-12-04 10:17:54,966 - HFDS_Heisenberg.Gutzwiller_MF_Init - INFO - MF energy Initialize orbitals: Traced<ShapedArray(float64[])>with<DynamicJaxprTrace>
2025-12-04 10:17:54,967 - HFDS_Heisenberg.Gutzwiller_MF_Init - INFO - Finished updating Gutzwiller MF orbitals.
2025-12-04 10:17:55,308 - HFDS_Heisenberg.HFDS_model_spin - INFO - Setting up HiddenFermion model.
2025-12-04 10:17:55,310 - HFDS_Heisenberg.HFDS_model_spin - INFO - HiddenFermion model setup complete.
2025-12-04 10:17:55,330 - HFDS_Heisenberg.Init_orbitals - INFO - Initializing Gutzwiller orbitals with h=0.02, phi=0.4
2025-12-04 10:17:55,503 - HFDS_Heisenberg.Gutzwiller_MF_Init - INFO - MF energy Initialize orbitals: Traced<ShapedArray(float64[])>with<DynamicJaxprTrace>
2025-12-04 10:17:55,674 - HFDS_Heisenberg.Gutzwiller_MF_Init - INFO - MF energy Initialize orbitals: Traced<ShapedArray(float64[])>with<DynamicJaxprTrace>
2025-12-04 10:17:55,674 - HFDS_Heisenberg.Gutzwiller_MF_Init - INFO - Finished updating Gutzwiller MF orbitals.
2025-12-04 10:17:56,118 - HFDS_Heisenberg.HFDS_model_spin - INFO - Setting up HiddenFermion model.
2025-12-04 10:17:56,121 - HFDS_Heisenberg.HFDS_model_spin - INFO - HiddenFermion model setup complete.
2025-12-04 10:17:56,129 - HFDS_Heisenberg.Init_orbitals - INFO - Initializing Gutzwiller orbitals with h=0.02, phi=0.4
2025-12-04 10:17:56,284 - HFDS_Heisenberg.Gutzwiller_MF_Init - INFO - MF energy Initialize orbitals: Traced<ShapedArray(float64[])>with<DynamicJaxprTrace>
2025-12-04 10:17:56,438 - HFDS_Heisenberg.Gutzwiller_MF_Init - INFO - MF energy Initialize orbitals: Traced<ShapedArray(float64[])>with<DynamicJaxprTrace>
2025-12-04 10:17:56,439 - HFDS_Heisenberg.Gutzwiller_MF_Init - INFO - Finished updating Gutzwiller MF orbitals.
2025-12-04 10:17:56,518 - HFDS_Heisenberg.HFDS_model_spin - INFO - Setting up HiddenFermion model.
2025-12-04 10:17:56,522 - HFDS_Heisenberg.HFDS_model_spin - INFO - HiddenFermion model setup complete.
2025-12-04 10:17:56,535 - HFDS_Heisenberg.Init_orbitals - INFO - Initializing Gutzwiller orbitals with h=0.02, phi=0.4
2025-12-04 10:17:56,690 - HFDS_Heisenberg.Gutzwiller_MF_Init - INFO - MF energy Initialize orbitals: Traced<ShapedArray(float64[])>with<DynamicJaxprTrace>
2025-12-04 10:17:56,843 - HFDS_Heisenberg.Gutzwiller_MF_Init - INFO - MF energy Initialize orbitals: Traced<ShapedArray(float64[])>with<DynamicJaxprTrace>
2025-12-04 10:17:56,844 - HFDS_Heisenberg.Gutzwiller_MF_Init - INFO - Finished updating Gutzwiller MF orbitals.
2025-12-04 10:18:27,327 - HFDS_Heisenberg.HFDS_model_spin - INFO - Setting up HiddenFermion model.
2025-12-04 10:18:27,329 - HFDS_Heisenberg.HFDS_model_spin - INFO - HiddenFermion model setup complete.
2025-12-04 10:18:27,337 - HFDS_Heisenberg.Init_orbitals - INFO - Initializing Gutzwiller orbitals with h=0.02, phi=0.4
2025-12-04 10:18:27,488 - HFDS_Heisenberg.Gutzwiller_MF_Init - INFO - MF energy Initialize orbitals: Traced<ShapedArray(float64[])>with<DynamicJaxprTrace>
2025-12-04 10:18:27,640 - HFDS_Heisenberg.Gutzwiller_MF_Init - INFO - MF energy Initialize orbitals: Traced<ShapedArray(float64[])>with<DynamicJaxprTrace>
2025-12-04 10:18:27,641 - HFDS_Heisenberg.Gutzwiller_MF_Init - INFO - Finished updating Gutzwiller MF orbitals.
2025-12-04 10:19:39,667 - __main__ - INFO - VMC optimization finished.
  0%|          | 0/3 [00:00<?, ?it/s]  0%|          | 0/3 [00:37<?, ?it/s, Energy=-8.8+0.5j ± 1.1 [σ²=2.0e+02, R̂=1.225]]  0%|          | 0/3 [00:35<?, ?it/s, Energy=-17.66+0.05j ± 0.74 [σ²=1.2e+02, R̂=1.225]] 33%|███▎      | 1/3 [00:35<01:10, 35.04s/it, Energy=-17.66+0.05j ± 0.74 [σ²=1.2e+02, R̂=1.225]] 33%|███▎      | 1/3 [01:12<01:10, 35.04s/it, Energy=-24.4-0.6j ± 1.0 [σ²=2.4e+02, R̂=1.225]]    67%|██████▋   | 2/3 [01:12<00:36, 36.39s/it, Energy=-24.4-0.6j ± 1.0 [σ²=2.4e+02, R̂=1.225]]100%|██████████| 3/3 [01:12<00:00, 24.13s/it, Energy=-24.4-0.6j ± 1.0 [σ²=2.4e+02, R̂=1.225]]
2025-12-04 10:19:39,678 - __main__ - INFO - Starting post-simulation analysis.
2025-12-04 10:19:39,842 - HFDS_Heisenberg.HFDS_model_spin - INFO - Setting up HiddenFermion model.
2025-12-04 10:19:39,844 - HFDS_Heisenberg.HFDS_model_spin - INFO - HiddenFermion model setup complete.
2025-12-04 10:19:39,854 - HFDS_Heisenberg.Init_orbitals - INFO - Initializing Gutzwiller orbitals with h=0.02, phi=0.4
2025-12-04 10:19:40,008 - HFDS_Heisenberg.Gutzwiller_MF_Init - INFO - MF energy Initialize orbitals: Traced<ShapedArray(float64[])>with<DynamicJaxprTrace>
2025-12-04 10:19:40,162 - HFDS_Heisenberg.Gutzwiller_MF_Init - INFO - MF energy Initialize orbitals: Traced<ShapedArray(float64[])>with<DynamicJaxprTrace>
2025-12-04 10:19:40,163 - HFDS_Heisenberg.Gutzwiller_MF_Init - INFO - Finished updating Gutzwiller MF orbitals.
2025-12-04 10:19:41,142 - HFDS_Heisenberg.HFDS_model_spin - INFO - Setting up HiddenFermion model.
2025-12-04 10:19:41,143 - HFDS_Heisenberg.HFDS_model_spin - INFO - HiddenFermion model setup complete.
2025-12-04 10:19:41,151 - HFDS_Heisenberg.Init_orbitals - INFO - Initializing Gutzwiller orbitals with h=0.02, phi=0.4
2025-12-04 10:19:41,315 - HFDS_Heisenberg.Gutzwiller_MF_Init - INFO - MF energy Initialize orbitals: Traced<ShapedArray(float64[])>with<DynamicJaxprTrace>
2025-12-04 10:19:41,479 - HFDS_Heisenberg.Gutzwiller_MF_Init - INFO - MF energy Initialize orbitals: Traced<ShapedArray(float64[])>with<DynamicJaxprTrace>
2025-12-04 10:19:41,480 - HFDS_Heisenberg.Gutzwiller_MF_Init - INFO - Finished updating Gutzwiller MF orbitals.
2025-12-04 10:19:41,593 - HFDS_Heisenberg.HFDS_model_spin - INFO - Setting up HiddenFermion model.
2025-12-04 10:19:41,594 - HFDS_Heisenberg.HFDS_model_spin - INFO - HiddenFermion model setup complete.
2025-12-04 10:19:41,601 - HFDS_Heisenberg.Init_orbitals - INFO - Initializing Gutzwiller orbitals with h=0.02, phi=0.4
2025-12-04 10:19:41,764 - HFDS_Heisenberg.Gutzwiller_MF_Init - INFO - MF energy Initialize orbitals: Traced<ShapedArray(float64[])>with<DynamicJaxprTrace>
2025-12-04 10:19:41,926 - HFDS_Heisenberg.Gutzwiller_MF_Init - INFO - MF energy Initialize orbitals: Traced<ShapedArray(float64[])>with<DynamicJaxprTrace>
2025-12-04 10:19:41,927 - HFDS_Heisenberg.Gutzwiller_MF_Init - INFO - Finished updating Gutzwiller MF orbitals.
2025-12-04 10:20:15,867 - HFDS_Heisenberg.HFDS_model_spin - INFO - Setting up HiddenFermion model.
2025-12-04 10:20:15,868 - HFDS_Heisenberg.HFDS_model_spin - INFO - HiddenFermion model setup complete.
2025-12-04 10:20:15,876 - HFDS_Heisenberg.Init_orbitals - INFO - Initializing Gutzwiller orbitals with h=0.02, phi=0.4
2025-12-04 10:20:16,036 - HFDS_Heisenberg.Gutzwiller_MF_Init - INFO - MF energy Initialize orbitals: Traced<ShapedArray(float64[])>with<DynamicJaxprTrace>
2025-12-04 10:20:16,198 - HFDS_Heisenberg.Gutzwiller_MF_Init - INFO - MF energy Initialize orbitals: Traced<ShapedArray(float64[])>with<DynamicJaxprTrace>
2025-12-04 10:20:16,198 - HFDS_Heisenberg.Gutzwiller_MF_Init - INFO - Finished updating Gutzwiller MF orbitals.
2025-12-04 10:20:16,260 - HFDS_Heisenberg.HFDS_model_spin - INFO - Setting up HiddenFermion model.
2025-12-04 10:20:16,261 - HFDS_Heisenberg.HFDS_model_spin - INFO - HiddenFermion model setup complete.
2025-12-04 10:20:16,269 - HFDS_Heisenberg.Init_orbitals - INFO - Initializing Gutzwiller orbitals with h=0.02, phi=0.4
2025-12-04 10:20:16,430 - HFDS_Heisenberg.Gutzwiller_MF_Init - INFO - MF energy Initialize orbitals: Traced<ShapedArray(float64[])>with<DynamicJaxprTrace>
2025-12-04 10:20:16,591 - HFDS_Heisenberg.Gutzwiller_MF_Init - INFO - MF energy Initialize orbitals: Traced<ShapedArray(float64[])>with<DynamicJaxprTrace>
2025-12-04 10:20:16,592 - HFDS_Heisenberg.Gutzwiller_MF_Init - INFO - Finished updating Gutzwiller MF orbitals.
2025-12-04 10:21:13,586 - HFDS_Heisenberg.HFDS_model_spin - INFO - Setting up HiddenFermion model.
2025-12-04 10:21:13,587 - HFDS_Heisenberg.HFDS_model_spin - INFO - HiddenFermion model setup complete.
2025-12-04 10:21:13,595 - HFDS_Heisenberg.Init_orbitals - INFO - Initializing Gutzwiller orbitals with h=0.02, phi=0.4
2025-12-04 10:21:13,824 - HFDS_Heisenberg.Gutzwiller_MF_Init - INFO - MF energy Initialize orbitals: Traced<ShapedArray(float64[])>with<DynamicJaxprTrace>
2025-12-04 10:21:14,023 - HFDS_Heisenberg.Gutzwiller_MF_Init - INFO - MF energy Initialize orbitals: Traced<ShapedArray(float64[])>with<DynamicJaxprTrace>
2025-12-04 10:21:14,024 - HFDS_Heisenberg.Gutzwiller_MF_Init - INFO - Finished updating Gutzwiller MF orbitals.
2025-12-04 10:21:15,721 - HFDS_Heisenberg.HFDS_model_spin - INFO - Setting up HiddenFermion model.
2025-12-04 10:21:15,722 - HFDS_Heisenberg.HFDS_model_spin - INFO - HiddenFermion model setup complete.
2025-12-04 10:21:15,730 - HFDS_Heisenberg.Init_orbitals - INFO - Initializing Gutzwiller orbitals with h=0.02, phi=0.4
2025-12-04 10:21:15,891 - HFDS_Heisenberg.Gutzwiller_MF_Init - INFO - MF energy Initialize orbitals: Traced<ShapedArray(float64[])>with<DynamicJaxprTrace>
2025-12-04 10:21:16,053 - HFDS_Heisenberg.Gutzwiller_MF_Init - INFO - MF energy Initialize orbitals: Traced<ShapedArray(float64[])>with<DynamicJaxprTrace>
2025-12-04 10:21:16,053 - HFDS_Heisenberg.Gutzwiller_MF_Init - INFO - Finished updating Gutzwiller MF orbitals.
2025-12-04 10:21:16,113 - HFDS_Heisenberg.HFDS_model_spin - INFO - Setting up HiddenFermion model.
2025-12-04 10:21:16,114 - HFDS_Heisenberg.HFDS_model_spin - INFO - HiddenFermion model setup complete.
2025-12-04 10:21:16,122 - HFDS_Heisenberg.Init_orbitals - INFO - Initializing Gutzwiller orbitals with h=0.02, phi=0.4
2025-12-04 10:21:16,282 - HFDS_Heisenberg.Gutzwiller_MF_Init - INFO - MF energy Initialize orbitals: Traced<ShapedArray(float64[])>with<DynamicJaxprTrace>
2025-12-04 10:21:16,443 - HFDS_Heisenberg.Gutzwiller_MF_Init - INFO - MF energy Initialize orbitals: Traced<ShapedArray(float64[])>with<DynamicJaxprTrace>
2025-12-04 10:21:16,444 - HFDS_Heisenberg.Gutzwiller_MF_Init - INFO - Finished updating Gutzwiller MF orbitals.
2025-12-04 10:21:17,343 - HFDS_Heisenberg.HFDS_model_spin - INFO - Setting up HiddenFermion model.
2025-12-04 10:21:17,346 - HFDS_Heisenberg.HFDS_model_spin - INFO - HiddenFermion model setup complete.
2025-12-04 10:21:17,356 - HFDS_Heisenberg.Init_orbitals - INFO - Initializing Gutzwiller orbitals with h=0.02, phi=0.4
2025-12-04 10:21:17,547 - HFDS_Heisenberg.Gutzwiller_MF_Init - INFO - MF energy Initialize orbitals: Traced<ShapedArray(float64[])>with<DynamicJaxprTrace>
2025-12-04 10:21:17,737 - HFDS_Heisenberg.Gutzwiller_MF_Init - INFO - MF energy Initialize orbitals: Traced<ShapedArray(float64[])>with<DynamicJaxprTrace>
2025-12-04 10:21:17,738 - HFDS_Heisenberg.Gutzwiller_MF_Init - INFO - Finished updating Gutzwiller MF orbitals.
2025-12-04 10:21:19,564 - HFDS_Heisenberg.HFDS_model_spin - INFO - Setting up HiddenFermion model.
2025-12-04 10:21:19,566 - HFDS_Heisenberg.HFDS_model_spin - INFO - HiddenFermion model setup complete.
2025-12-04 10:21:19,574 - HFDS_Heisenberg.Init_orbitals - INFO - Initializing Gutzwiller orbitals with h=0.02, phi=0.4
2025-12-04 10:21:19,749 - HFDS_Heisenberg.Gutzwiller_MF_Init - INFO - MF energy Initialize orbitals: Traced<ShapedArray(float64[])>with<DynamicJaxprTrace>
2025-12-04 10:21:19,922 - HFDS_Heisenberg.Gutzwiller_MF_Init - INFO - MF energy Initialize orbitals: Traced<ShapedArray(float64[])>with<DynamicJaxprTrace>
2025-12-04 10:21:19,923 - HFDS_Heisenberg.Gutzwiller_MF_Init - INFO - Finished updating Gutzwiller MF orbitals.
2025-12-04 10:21:23,629 - HFDS_Heisenberg.HFDS_model_spin - INFO - Setting up HiddenFermion model.
2025-12-04 10:21:23,631 - HFDS_Heisenberg.HFDS_model_spin - INFO - HiddenFermion model setup complete.
2025-12-04 10:21:23,638 - HFDS_Heisenberg.Init_orbitals - INFO - Initializing Gutzwiller orbitals with h=0.02, phi=0.4
2025-12-04 10:21:24,081 - HFDS_Heisenberg.Gutzwiller_MF_Init - INFO - MF energy Initialize orbitals: Traced<ShapedArray(float64[])>with<DynamicJaxprTrace>
2025-12-04 10:21:24,264 - HFDS_Heisenberg.Gutzwiller_MF_Init - INFO - MF energy Initialize orbitals: Traced<ShapedArray(float64[])>with<DynamicJaxprTrace>
2025-12-04 10:21:24,265 - HFDS_Heisenberg.Gutzwiller_MF_Init - INFO - Finished updating Gutzwiller MF orbitals.
/cluster/home/fconoscenti/Thesis_QSL/Elaborate/Plotting/Sign_vs_iteration.py:352: UserWarning: This figure includes Axes that are not compatible with tight_layout, so results might be incorrect.
  plt.tight_layout(rect=[0, 0, 0.80, 1])  # leave room on the right for our insets
2025-12-04 10:21:51,570 - __main__ - INFO - Analysis variables saved to pickle file.
2025-12-04 10:21:51,571 - __main__ - INFO - Script finished successfully.
