2025-12-03 17:43:53,268 - __main__ - INFO - Parsing command-line arguments.
2025-12-03 17:43:53,269 - __main__ - INFO - J2 coupling parameter set to: 0.5
2025-12-03 17:43:53,269 - __main__ - INFO - Physical and model parameters set.
2025-12-03 17:43:53,269 - __main__ - INFO - Script starting execution.
2025-12-03 17:43:53,370 - __main__ - INFO - Output will be saved to: HFDS_Heisenberg/plot/spin_new/layers1_hidd1_feat1_sample256_lr0.025_iter3_parityTrue_rotTrue_InitG_MF_typecomplex/J=0.5/seed_3
2025-12-03 17:43:54,797 - __main__ - INFO - Hilbert space created.
2025-12-03 17:43:54,802 - __main__ - INFO - Hamiltonian created.
2025-12-03 17:44:00,003 - __main__ - INFO - Exact ground state calculated.
2025-12-03 17:44:00,003 - __main__ - INFO - Starting Gutzwiller parameter optimization before VMC.
2025-12-03 17:44:00,003 - HFDS_Heisenberg.Optimized_Gutwiller_MF_Init - INFO - Starting optimization of Gutzwiller parameters.
2025-12-03 17:44:00,215 - HFDS_Heisenberg.Gutzwiller_MF_Init - INFO - MF energy Initialize orbitals: Traced<ShapedArray(float64[])>with<DynamicJaxprTrace>
2025-12-03 17:44:00,300 - HFDS_Heisenberg.Gutzwiller_MF_Init - INFO - MF energy Initialize orbitals: Traced<ShapedArray(float64[])>with<DynamicJaxprTrace>
2025-12-03 17:44:00,301 - HFDS_Heisenberg.Gutzwiller_MF_Init - INFO - Finished updating Gutzwiller MF orbitals.
2025-12-03 17:44:00,499 - HFDS_Heisenberg.Gutzwiller_MF_Init - INFO - MF energy Initialize orbitals: Traced<ShapedArray(float64[])>with<DynamicJaxprTrace>
2025-12-03 17:44:00,583 - HFDS_Heisenberg.Gutzwiller_MF_Init - INFO - MF energy Initialize orbitals: Traced<ShapedArray(float64[])>with<DynamicJaxprTrace>
2025-12-03 17:44:00,583 - HFDS_Heisenberg.Gutzwiller_MF_Init - INFO - Finished updating Gutzwiller MF orbitals.
2025-12-03 17:44:00,724 - HFDS_Heisenberg.Optimized_Gutwiller_MF_Init - INFO - Running Gutzwiller optimization for 2 iterations.
2025-12-03 17:44:00,946 - HFDS_Heisenberg.Gutzwiller_MF_Init - INFO - MF energy Initialize orbitals: Traced<ShapedArray(float64[])>with<DynamicJaxprTrace>
2025-12-03 17:44:01,030 - HFDS_Heisenberg.Gutzwiller_MF_Init - INFO - MF energy Initialize orbitals: Traced<ShapedArray(float64[])>with<DynamicJaxprTrace>
2025-12-03 17:44:01,030 - HFDS_Heisenberg.Gutzwiller_MF_Init - INFO - Finished updating Gutzwiller MF orbitals.
2025-12-03 17:44:01,872 - HFDS_Heisenberg.Gutzwiller_MF_Init - INFO - MF energy Initialize orbitals: Traced<ShapedArray(float64[])>with<DynamicJaxprTrace>
2025-12-03 17:44:02,049 - HFDS_Heisenberg.Gutzwiller_MF_Init - INFO - MF energy Initialize orbitals: Traced<ShapedArray(float64[])>with<DynamicJaxprTrace>
2025-12-03 17:44:02,050 - HFDS_Heisenberg.Gutzwiller_MF_Init - INFO - Finished updating Gutzwiller MF orbitals.
2025-12-03 17:44:05,781 - HFDS_Heisenberg.Gutzwiller_MF_Init - INFO - MF energy Initialize orbitals: Traced<ShapedArray(float64[])>with<DynamicJaxprTrace>
2025-12-03 17:44:05,958 - HFDS_Heisenberg.Gutzwiller_MF_Init - INFO - MF energy Initialize orbitals: Traced<ShapedArray(float64[])>with<DynamicJaxprTrace>
2025-12-03 17:44:05,959 - HFDS_Heisenberg.Gutzwiller_MF_Init - INFO - Finished updating Gutzwiller MF orbitals.
2025-12-03 17:44:09,758 - HFDS_Heisenberg.Gutzwiller_MF_Init - INFO - MF energy Initialize orbitals: Traced<ShapedArray(float64[])>with<DynamicJaxprTrace>
2025-12-03 17:44:09,844 - HFDS_Heisenberg.Gutzwiller_MF_Init - INFO - MF energy Initialize orbitals: Traced<ShapedArray(float64[])>with<DynamicJaxprTrace>
2025-12-03 17:44:09,845 - HFDS_Heisenberg.Gutzwiller_MF_Init - INFO - Finished updating Gutzwiller MF orbitals.
2025-12-03 17:44:09,947 - HFDS_Heisenberg.Gutzwiller_MF_Init - INFO - MF energy Initialize orbitals: Traced<ShapedArray(float64[])>with<DynamicJaxprTrace>
2025-12-03 17:44:10,033 - HFDS_Heisenberg.Gutzwiller_MF_Init - INFO - MF energy Initialize orbitals: Traced<ShapedArray(float64[])>with<DynamicJaxprTrace>
2025-12-03 17:44:10,034 - HFDS_Heisenberg.Gutzwiller_MF_Init - INFO - Finished updating Gutzwiller MF orbitals.
2025-12-03 17:44:10,166 - HFDS_Heisenberg.Gutzwiller_MF_Init - INFO - MF energy Initialize orbitals: Traced<ShapedArray(float64[])>with<DynamicJaxprTrace>
2025-12-03 17:44:10,252 - HFDS_Heisenberg.Gutzwiller_MF_Init - INFO - MF energy Initialize orbitals: Traced<ShapedArray(float64[])>with<DynamicJaxprTrace>
2025-12-03 17:44:10,253 - HFDS_Heisenberg.Gutzwiller_MF_Init - INFO - Finished updating Gutzwiller MF orbitals.
2025-12-03 17:44:10,737 - HFDS_Heisenberg.Gutzwiller_MF_Init - INFO - MF energy Initialize orbitals: Traced<ShapedArray(float64[])>with<JVPTrace> with
  primal = Traced<ShapedArray(float64[])>with<DynamicJaxprTrace>
  tangent = Traced<ShapedArray(float64[])>with<JaxprTrace> with
    pval = (ShapedArray(float64[]), None)
    recipe = JaxprEqnRecipe(eqn_id=<object object at 0x14d7a1853dd0>, in_tracers=(Traced<ShapedArray(float64[]):JaxprTrace>,), out_tracer_refs=[<weakref at 0x14d7a16de340; to 'JaxprTracer' at 0x14d7a16de700>], out_avals=[ShapedArray(float64[])], primitive=pjit, params={'jaxpr': { lambda ; a:f64[]. let  in (a,) }, 'in_shardings': (UnspecifiedValue,), 'out_shardings': (UnspecifiedValue,), 'in_layouts': (None,), 'out_layouts': (None,), 'donated_invars': (False,), 'ctx_mesh': None, 'name': 'add', 'keep_unused': False, 'inline': True, 'compiler_options_kvs': ()}, effects=set(), source_info=<jax._src.source_info_util.SourceInfo object at 0x14d7a16e4820>, ctx=JaxprEqnContext(compute_type=None, threefry_partitionable=True, cur_abstract_mesh=AbstractMesh((), axis_types=()), xla_metadata=None))
2025-12-03 17:44:11,014 - HFDS_Heisenberg.Gutzwiller_MF_Init - INFO - MF energy Initialize orbitals: Traced<ShapedArray(float64[])>with<JVPTrace> with
  primal = Traced<ShapedArray(float64[])>with<DynamicJaxprTrace>
  tangent = Traced<ShapedArray(float64[])>with<JaxprTrace> with
    pval = (ShapedArray(float64[]), None)
    recipe = JaxprEqnRecipe(eqn_id=<object object at 0x14d7a14a87b0>, in_tracers=(Traced<ShapedArray(float64[]):JaxprTrace>,), out_tracer_refs=[<weakref at 0x14d7a152cd60; to 'JaxprTracer' at 0x14d7a147d210>], out_avals=[ShapedArray(float64[])], primitive=pjit, params={'jaxpr': { lambda ; a:f64[]. let  in (a,) }, 'in_shardings': (UnspecifiedValue,), 'out_shardings': (UnspecifiedValue,), 'in_layouts': (None,), 'out_layouts': (None,), 'donated_invars': (False,), 'ctx_mesh': None, 'name': 'add', 'keep_unused': False, 'inline': True, 'compiler_options_kvs': ()}, effects=set(), source_info=<jax._src.source_info_util.SourceInfo object at 0x14d7a14b6590>, ctx=JaxprEqnContext(compute_type=None, threefry_partitionable=True, cur_abstract_mesh=AbstractMesh((), axis_types=()), xla_metadata=None))
2025-12-03 17:44:11,017 - HFDS_Heisenberg.Gutzwiller_MF_Init - INFO - Finished updating Gutzwiller MF orbitals.
2025-12-03 17:44:11,364 - HFDS_Heisenberg.Gutzwiller_MF_Init - INFO - MF energy Initialize orbitals: Traced<ShapedArray(float64[])>with<JVPTrace> with
  primal = Traced<ShapedArray(float64[])>with<DynamicJaxprTrace>
  tangent = Traced<ShapedArray(float64[])>with<JaxprTrace> with
    pval = (ShapedArray(float64[]), None)
    recipe = JaxprEqnRecipe(eqn_id=<object object at 0x14d7a13e6ca0>, in_tracers=(Traced<ShapedArray(float64[]):JaxprTrace>,), out_tracer_refs=[<weakref at 0x14d7a18f19e0; to 'JaxprTracer' at 0x14d7a153ddf0>], out_avals=[ShapedArray(float64[])], primitive=pjit, params={'jaxpr': { lambda ; a:f64[]. let  in (a,) }, 'in_shardings': (UnspecifiedValue,), 'out_shardings': (UnspecifiedValue,), 'in_layouts': (None,), 'out_layouts': (None,), 'donated_invars': (False,), 'ctx_mesh': None, 'name': 'add', 'keep_unused': False, 'inline': True, 'compiler_options_kvs': ()}, effects=set(), source_info=<jax._src.source_info_util.SourceInfo object at 0x14d7a111fa30>, ctx=JaxprEqnContext(compute_type=None, threefry_partitionable=True, cur_abstract_mesh=AbstractMesh((), axis_types=()), xla_metadata=None))
2025-12-03 17:44:11,642 - HFDS_Heisenberg.Gutzwiller_MF_Init - INFO - MF energy Initialize orbitals: Traced<ShapedArray(float64[])>with<JVPTrace> with
  primal = Traced<ShapedArray(float64[])>with<DynamicJaxprTrace>
  tangent = Traced<ShapedArray(float64[])>with<JaxprTrace> with
    pval = (ShapedArray(float64[]), None)
    recipe = JaxprEqnRecipe(eqn_id=<object object at 0x14d7a109b6c0>, in_tracers=(Traced<ShapedArray(float64[]):JaxprTrace>,), out_tracer_refs=[<weakref at 0x14d7a0f3bba0; to 'JaxprTracer' at 0x14d7a0f39f80>], out_avals=[ShapedArray(float64[])], primitive=pjit, params={'jaxpr': { lambda ; a:f64[]. let  in (a,) }, 'in_shardings': (UnspecifiedValue,), 'out_shardings': (UnspecifiedValue,), 'in_layouts': (None,), 'out_layouts': (None,), 'donated_invars': (False,), 'ctx_mesh': None, 'name': 'add', 'keep_unused': False, 'inline': True, 'compiler_options_kvs': ()}, effects=set(), source_info=<jax._src.source_info_util.SourceInfo object at 0x14d7a0f566e0>, ctx=JaxprEqnContext(compute_type=None, threefry_partitionable=True, cur_abstract_mesh=AbstractMesh((), axis_types=()), xla_metadata=None))
2025-12-03 17:44:11,643 - HFDS_Heisenberg.Gutzwiller_MF_Init - INFO - Finished updating Gutzwiller MF orbitals.
2025-12-03 17:44:21,315 - HFDS_Heisenberg.Gutzwiller_MF_Init - INFO - MF energy Initialize orbitals: Traced<ShapedArray(float64[])>with<DynamicJaxprTrace>
2025-12-03 17:44:21,401 - HFDS_Heisenberg.Gutzwiller_MF_Init - INFO - MF energy Initialize orbitals: Traced<ShapedArray(float64[])>with<DynamicJaxprTrace>
2025-12-03 17:44:21,401 - HFDS_Heisenberg.Gutzwiller_MF_Init - INFO - Finished updating Gutzwiller MF orbitals.
2025-12-03 17:44:21,492 - HFDS_Heisenberg.Gutzwiller_MF_Init - INFO - MF energy Initialize orbitals: Traced<ShapedArray(float64[])>with<DynamicJaxprTrace>
2025-12-03 17:44:21,578 - HFDS_Heisenberg.Gutzwiller_MF_Init - INFO - MF energy Initialize orbitals: Traced<ShapedArray(float64[])>with<DynamicJaxprTrace>
2025-12-03 17:44:21,579 - HFDS_Heisenberg.Gutzwiller_MF_Init - INFO - Finished updating Gutzwiller MF orbitals.
2025-12-03 17:44:42,136 - HFDS_Heisenberg.Optimized_Gutwiller_MF_Init - INFO - Iteration 0: Mean Energy = -12.9+0.0j ± 1.3 [σ²=8.1e+02, R̂=1.409], Variance = 93.85431158297644
2025-12-03 17:44:42,137 - HFDS_Heisenberg.Optimized_Gutwiller_MF_Init - INFO - Iteration 0: Gradients = {'h': Array(-13.85223037, dtype=float64), 'phi': Array(1.19148003e-07, dtype=float64)}
2025-12-03 17:44:42,250 - HFDS_Heisenberg.Optimized_Gutwiller_MF_Init - INFO - Iteration 0: Updated params = {'h': Array(0.07, dtype=float64), 'phi': Array(0.09077431, dtype=float64)}
2025-12-03 17:45:04,986 - HFDS_Heisenberg.Optimized_Gutwiller_MF_Init - INFO - Iteration 1: Mean Energy = -12.9+0.0j ± 1.3 [σ²=8.3e+02, R̂=1.409], Variance = 93.31218599744767
2025-12-03 17:45:04,986 - HFDS_Heisenberg.Optimized_Gutwiller_MF_Init - INFO - Iteration 1: Gradients = {'h': Array(-13.79759602, dtype=float64), 'phi': Array(1.56937036e-07, dtype=float64)}
2025-12-03 17:45:04,987 - HFDS_Heisenberg.Optimized_Gutwiller_MF_Init - INFO - Iteration 1: Updated params = {'h': Array(0.07999895, dtype=float64), 'phi': Array(0.08146415, dtype=float64)}
2025-12-03 17:45:04,988 - HFDS_Heisenberg.Optimized_Gutwiller_MF_Init - INFO - Gutzwiller optimization finished. Final params: {'h': Array(0.06, dtype=float64), 'phi': Array(0.1, dtype=float64)}
2025-12-03 17:45:05,262 - HFDS_Heisenberg.Optimized_Gutwiller_MF_Init - INFO - Gutzwiller optimization plots saved in HFDS_Heisenberg/plot/spin_new/layers1_hidd1_feat1_sample256_lr0.025_iter3_parityTrue_rotTrue_InitG_MF_typecomplex/J=0.5/seed_3
2025-12-03 17:45:05,272 - __main__ - INFO - Gutzwiller optimization finished. Using h=0.07999895038192427, phi=0.08146414582568089
2025-12-03 17:45:05,273 - __main__ - INFO - HiddenFermion model initialized.
2025-12-03 17:45:05,283 - __main__ - INFO - MetropolisExchange sampler created.
2025-12-03 17:45:05,404 - HFDS_Heisenberg.HFDS_model_spin - INFO - Setting up HiddenFermion model.
2025-12-03 17:45:05,405 - HFDS_Heisenberg.HFDS_model_spin - INFO - HiddenFermion model setup complete.
2025-12-03 17:45:05,410 - HFDS_Heisenberg.Init_orbitals - INFO - Initializing Gutzwiller orbitals with h=0.07999895038192427, phi=0.08146414582568089
2025-12-03 17:45:05,516 - HFDS_Heisenberg.Gutzwiller_MF_Init - INFO - MF energy Initialize orbitals: Traced<ShapedArray(float64[])>with<DynamicJaxprTrace>
2025-12-03 17:45:05,616 - HFDS_Heisenberg.Gutzwiller_MF_Init - INFO - MF energy Initialize orbitals: Traced<ShapedArray(float64[])>with<DynamicJaxprTrace>
2025-12-03 17:45:05,617 - HFDS_Heisenberg.Gutzwiller_MF_Init - INFO - Finished updating Gutzwiller MF orbitals.
2025-12-03 17:45:06,489 - HFDS_Heisenberg.HFDS_model_spin - INFO - Setting up HiddenFermion model.
2025-12-03 17:45:06,490 - HFDS_Heisenberg.HFDS_model_spin - INFO - HiddenFermion model setup complete.
2025-12-03 17:45:06,496 - HFDS_Heisenberg.Init_orbitals - INFO - Initializing Gutzwiller orbitals with h=0.07999895038192427, phi=0.08146414582568089
2025-12-03 17:45:06,582 - HFDS_Heisenberg.Gutzwiller_MF_Init - INFO - MF energy Initialize orbitals: Traced<ShapedArray(float64[])>with<DynamicJaxprTrace>
2025-12-03 17:45:06,667 - HFDS_Heisenberg.Gutzwiller_MF_Init - INFO - MF energy Initialize orbitals: Traced<ShapedArray(float64[])>with<DynamicJaxprTrace>
2025-12-03 17:45:06,668 - HFDS_Heisenberg.Gutzwiller_MF_Init - INFO - Finished updating Gutzwiller MF orbitals.
2025-12-03 17:45:06,884 - __main__ - INFO - MCState (vstate) created.
2025-12-03 17:45:06,931 - __main__ - INFO - VMC_SR driver created.
2025-12-03 17:45:06,931 - __main__ - INFO - Starting VMC optimization for 3 iterations.
2025-12-03 17:45:06,950 - HFDS_Heisenberg.HFDS_model_spin - INFO - Setting up HiddenFermion model.
2025-12-03 17:45:06,951 - HFDS_Heisenberg.HFDS_model_spin - INFO - HiddenFermion model setup complete.
2025-12-03 17:45:06,958 - HFDS_Heisenberg.Init_orbitals - INFO - Initializing Gutzwiller orbitals with h=0.07999895038192427, phi=0.08146414582568089
2025-12-03 17:45:07,043 - HFDS_Heisenberg.Gutzwiller_MF_Init - INFO - MF energy Initialize orbitals: Traced<ShapedArray(float64[])>with<DynamicJaxprTrace>
2025-12-03 17:45:07,128 - HFDS_Heisenberg.Gutzwiller_MF_Init - INFO - MF energy Initialize orbitals: Traced<ShapedArray(float64[])>with<DynamicJaxprTrace>
2025-12-03 17:45:07,129 - HFDS_Heisenberg.Gutzwiller_MF_Init - INFO - Finished updating Gutzwiller MF orbitals.
2025-12-03 17:45:07,324 - HFDS_Heisenberg.HFDS_model_spin - INFO - Setting up HiddenFermion model.
2025-12-03 17:45:07,325 - HFDS_Heisenberg.HFDS_model_spin - INFO - HiddenFermion model setup complete.
2025-12-03 17:45:07,334 - HFDS_Heisenberg.Init_orbitals - INFO - Initializing Gutzwiller orbitals with h=0.07999895038192427, phi=0.08146414582568089
2025-12-03 17:45:07,646 - HFDS_Heisenberg.Gutzwiller_MF_Init - INFO - MF energy Initialize orbitals: Traced<ShapedArray(float64[])>with<DynamicJaxprTrace>
2025-12-03 17:45:07,731 - HFDS_Heisenberg.Gutzwiller_MF_Init - INFO - MF energy Initialize orbitals: Traced<ShapedArray(float64[])>with<DynamicJaxprTrace>
2025-12-03 17:45:07,731 - HFDS_Heisenberg.Gutzwiller_MF_Init - INFO - Finished updating Gutzwiller MF orbitals.
2025-12-03 17:45:08,132 - HFDS_Heisenberg.HFDS_model_spin - INFO - Setting up HiddenFermion model.
2025-12-03 17:45:08,133 - HFDS_Heisenberg.HFDS_model_spin - INFO - HiddenFermion model setup complete.
2025-12-03 17:45:08,143 - HFDS_Heisenberg.Init_orbitals - INFO - Initializing Gutzwiller orbitals with h=0.07999895038192427, phi=0.08146414582568089
2025-12-03 17:45:08,230 - HFDS_Heisenberg.Gutzwiller_MF_Init - INFO - MF energy Initialize orbitals: Traced<ShapedArray(float64[])>with<DynamicJaxprTrace>
2025-12-03 17:45:08,316 - HFDS_Heisenberg.Gutzwiller_MF_Init - INFO - MF energy Initialize orbitals: Traced<ShapedArray(float64[])>with<DynamicJaxprTrace>
2025-12-03 17:45:08,317 - HFDS_Heisenberg.Gutzwiller_MF_Init - INFO - Finished updating Gutzwiller MF orbitals.
2025-12-03 17:45:08,741 - HFDS_Heisenberg.HFDS_model_spin - INFO - Setting up HiddenFermion model.
2025-12-03 17:45:08,742 - HFDS_Heisenberg.HFDS_model_spin - INFO - HiddenFermion model setup complete.
2025-12-03 17:45:08,747 - HFDS_Heisenberg.Init_orbitals - INFO - Initializing Gutzwiller orbitals with h=0.07999895038192427, phi=0.08146414582568089
2025-12-03 17:45:08,845 - HFDS_Heisenberg.Gutzwiller_MF_Init - INFO - MF energy Initialize orbitals: Traced<ShapedArray(float64[])>with<DynamicJaxprTrace>
2025-12-03 17:45:08,944 - HFDS_Heisenberg.Gutzwiller_MF_Init - INFO - MF energy Initialize orbitals: Traced<ShapedArray(float64[])>with<DynamicJaxprTrace>
2025-12-03 17:45:08,944 - HFDS_Heisenberg.Gutzwiller_MF_Init - INFO - Finished updating Gutzwiller MF orbitals.
2025-12-03 17:45:09,020 - HFDS_Heisenberg.HFDS_model_spin - INFO - Setting up HiddenFermion model.
2025-12-03 17:45:09,021 - HFDS_Heisenberg.HFDS_model_spin - INFO - HiddenFermion model setup complete.
2025-12-03 17:45:09,026 - HFDS_Heisenberg.Init_orbitals - INFO - Initializing Gutzwiller orbitals with h=0.07999895038192427, phi=0.08146414582568089
2025-12-03 17:45:09,124 - HFDS_Heisenberg.Gutzwiller_MF_Init - INFO - MF energy Initialize orbitals: Traced<ShapedArray(float64[])>with<DynamicJaxprTrace>
2025-12-03 17:45:09,222 - HFDS_Heisenberg.Gutzwiller_MF_Init - INFO - MF energy Initialize orbitals: Traced<ShapedArray(float64[])>with<DynamicJaxprTrace>
2025-12-03 17:45:09,222 - HFDS_Heisenberg.Gutzwiller_MF_Init - INFO - Finished updating Gutzwiller MF orbitals.
2025-12-03 17:45:09,666 - HFDS_Heisenberg.HFDS_model_spin - INFO - Setting up HiddenFermion model.
2025-12-03 17:45:09,668 - HFDS_Heisenberg.HFDS_model_spin - INFO - HiddenFermion model setup complete.
2025-12-03 17:45:09,679 - HFDS_Heisenberg.Init_orbitals - INFO - Initializing Gutzwiller orbitals with h=0.07999895038192427, phi=0.08146414582568089
2025-12-03 17:45:09,779 - HFDS_Heisenberg.Gutzwiller_MF_Init - INFO - MF energy Initialize orbitals: Traced<ShapedArray(float64[])>with<DynamicJaxprTrace>
2025-12-03 17:45:10,112 - HFDS_Heisenberg.Gutzwiller_MF_Init - INFO - MF energy Initialize orbitals: Traced<ShapedArray(float64[])>with<DynamicJaxprTrace>
2025-12-03 17:45:10,113 - HFDS_Heisenberg.Gutzwiller_MF_Init - INFO - Finished updating Gutzwiller MF orbitals.
2025-12-03 17:45:10,217 - HFDS_Heisenberg.HFDS_model_spin - INFO - Setting up HiddenFermion model.
2025-12-03 17:45:10,219 - HFDS_Heisenberg.HFDS_model_spin - INFO - HiddenFermion model setup complete.
2025-12-03 17:45:10,233 - HFDS_Heisenberg.Init_orbitals - INFO - Initializing Gutzwiller orbitals with h=0.07999895038192427, phi=0.08146414582568089
2025-12-03 17:45:10,329 - HFDS_Heisenberg.Gutzwiller_MF_Init - INFO - MF energy Initialize orbitals: Traced<ShapedArray(float64[])>with<DynamicJaxprTrace>
2025-12-03 17:45:10,425 - HFDS_Heisenberg.Gutzwiller_MF_Init - INFO - MF energy Initialize orbitals: Traced<ShapedArray(float64[])>with<DynamicJaxprTrace>
2025-12-03 17:45:10,426 - HFDS_Heisenberg.Gutzwiller_MF_Init - INFO - Finished updating Gutzwiller MF orbitals.
2025-12-03 17:45:10,645 - HFDS_Heisenberg.HFDS_model_spin - INFO - Setting up HiddenFermion model.
2025-12-03 17:45:10,647 - HFDS_Heisenberg.HFDS_model_spin - INFO - HiddenFermion model setup complete.
2025-12-03 17:45:10,660 - HFDS_Heisenberg.Init_orbitals - INFO - Initializing Gutzwiller orbitals with h=0.07999895038192427, phi=0.08146414582568089
2025-12-03 17:45:10,757 - HFDS_Heisenberg.Gutzwiller_MF_Init - INFO - MF energy Initialize orbitals: Traced<ShapedArray(float64[])>with<DynamicJaxprTrace>
2025-12-03 17:45:10,854 - HFDS_Heisenberg.Gutzwiller_MF_Init - INFO - MF energy Initialize orbitals: Traced<ShapedArray(float64[])>with<DynamicJaxprTrace>
2025-12-03 17:45:10,855 - HFDS_Heisenberg.Gutzwiller_MF_Init - INFO - Finished updating Gutzwiller MF orbitals.
2025-12-03 17:45:10,954 - HFDS_Heisenberg.HFDS_model_spin - INFO - Setting up HiddenFermion model.
2025-12-03 17:45:10,957 - HFDS_Heisenberg.HFDS_model_spin - INFO - HiddenFermion model setup complete.
2025-12-03 17:45:10,962 - HFDS_Heisenberg.Init_orbitals - INFO - Initializing Gutzwiller orbitals with h=0.07999895038192427, phi=0.08146414582568089
2025-12-03 17:45:11,050 - HFDS_Heisenberg.Gutzwiller_MF_Init - INFO - MF energy Initialize orbitals: Traced<ShapedArray(float64[])>with<DynamicJaxprTrace>
2025-12-03 17:45:11,138 - HFDS_Heisenberg.Gutzwiller_MF_Init - INFO - MF energy Initialize orbitals: Traced<ShapedArray(float64[])>with<DynamicJaxprTrace>
2025-12-03 17:45:11,138 - HFDS_Heisenberg.Gutzwiller_MF_Init - INFO - Finished updating Gutzwiller MF orbitals.
2025-12-03 17:45:11,187 - HFDS_Heisenberg.HFDS_model_spin - INFO - Setting up HiddenFermion model.
2025-12-03 17:45:11,191 - HFDS_Heisenberg.HFDS_model_spin - INFO - HiddenFermion model setup complete.
2025-12-03 17:45:11,199 - HFDS_Heisenberg.Init_orbitals - INFO - Initializing Gutzwiller orbitals with h=0.07999895038192427, phi=0.08146414582568089
2025-12-03 17:45:11,285 - HFDS_Heisenberg.Gutzwiller_MF_Init - INFO - MF energy Initialize orbitals: Traced<ShapedArray(float64[])>with<DynamicJaxprTrace>
2025-12-03 17:45:11,636 - HFDS_Heisenberg.Gutzwiller_MF_Init - INFO - MF energy Initialize orbitals: Traced<ShapedArray(float64[])>with<DynamicJaxprTrace>
2025-12-03 17:45:11,636 - HFDS_Heisenberg.Gutzwiller_MF_Init - INFO - Finished updating Gutzwiller MF orbitals.
2025-12-03 17:45:30,925 - HFDS_Heisenberg.HFDS_model_spin - INFO - Setting up HiddenFermion model.
2025-12-03 17:45:30,926 - HFDS_Heisenberg.HFDS_model_spin - INFO - HiddenFermion model setup complete.
2025-12-03 17:45:30,931 - HFDS_Heisenberg.Init_orbitals - INFO - Initializing Gutzwiller orbitals with h=0.07999895038192427, phi=0.08146414582568089
2025-12-03 17:45:31,017 - HFDS_Heisenberg.Gutzwiller_MF_Init - INFO - MF energy Initialize orbitals: Traced<ShapedArray(float64[])>with<DynamicJaxprTrace>
2025-12-03 17:45:31,102 - HFDS_Heisenberg.Gutzwiller_MF_Init - INFO - MF energy Initialize orbitals: Traced<ShapedArray(float64[])>with<DynamicJaxprTrace>
2025-12-03 17:45:31,103 - HFDS_Heisenberg.Gutzwiller_MF_Init - INFO - Finished updating Gutzwiller MF orbitals.
2025-12-03 17:46:15,515 - __main__ - INFO - VMC optimization finished.
  0%|          | 0/3 [00:00<?, ?it/s]  0%|          | 0/3 [00:23<?, ?it/s, Energy=-16.11+0.17j ± 0.64 [σ²=8.6e+01, R̂=1.225]]  0%|          | 0/3 [00:22<?, ?it/s, Energy=-20.96+0.02j ± 0.60 [σ²=8.4e+01, R̂=1.225]] 33%|███▎      | 1/3 [00:22<00:44, 22.24s/it, Energy=-20.96+0.02j ± 0.60 [σ²=8.4e+01, R̂=1.225]] 33%|███▎      | 1/3 [00:44<00:44, 22.24s/it, Energy=-23.65-0.37j ± 0.72 [σ²=1.2e+02, R̂=1.225]] 67%|██████▋   | 2/3 [00:44<00:22, 22.32s/it, Energy=-23.65-0.37j ± 0.72 [σ²=1.2e+02, R̂=1.225]]100%|██████████| 3/3 [00:44<00:00, 14.87s/it, Energy=-23.65-0.37j ± 0.72 [σ²=1.2e+02, R̂=1.225]]
2025-12-03 17:46:15,583 - __main__ - INFO - Starting post-simulation analysis.
2025-12-03 17:46:15,699 - HFDS_Heisenberg.HFDS_model_spin - INFO - Setting up HiddenFermion model.
2025-12-03 17:46:15,701 - HFDS_Heisenberg.HFDS_model_spin - INFO - HiddenFermion model setup complete.
2025-12-03 17:46:15,708 - HFDS_Heisenberg.Init_orbitals - INFO - Initializing Gutzwiller orbitals with h=0.07999895038192427, phi=0.08146414582568089
2025-12-03 17:46:15,794 - HFDS_Heisenberg.Gutzwiller_MF_Init - INFO - MF energy Initialize orbitals: Traced<ShapedArray(float64[])>with<DynamicJaxprTrace>
2025-12-03 17:46:15,882 - HFDS_Heisenberg.Gutzwiller_MF_Init - INFO - MF energy Initialize orbitals: Traced<ShapedArray(float64[])>with<DynamicJaxprTrace>
2025-12-03 17:46:15,883 - HFDS_Heisenberg.Gutzwiller_MF_Init - INFO - Finished updating Gutzwiller MF orbitals.
2025-12-03 17:46:16,520 - HFDS_Heisenberg.HFDS_model_spin - INFO - Setting up HiddenFermion model.
2025-12-03 17:46:16,520 - HFDS_Heisenberg.HFDS_model_spin - INFO - HiddenFermion model setup complete.
2025-12-03 17:46:16,525 - HFDS_Heisenberg.Init_orbitals - INFO - Initializing Gutzwiller orbitals with h=0.07999895038192427, phi=0.08146414582568089
2025-12-03 17:46:16,625 - HFDS_Heisenberg.Gutzwiller_MF_Init - INFO - MF energy Initialize orbitals: Traced<ShapedArray(float64[])>with<DynamicJaxprTrace>
2025-12-03 17:46:16,725 - HFDS_Heisenberg.Gutzwiller_MF_Init - INFO - MF energy Initialize orbitals: Traced<ShapedArray(float64[])>with<DynamicJaxprTrace>
2025-12-03 17:46:16,725 - HFDS_Heisenberg.Gutzwiller_MF_Init - INFO - Finished updating Gutzwiller MF orbitals.
2025-12-03 17:46:16,802 - HFDS_Heisenberg.HFDS_model_spin - INFO - Setting up HiddenFermion model.
2025-12-03 17:46:16,803 - HFDS_Heisenberg.HFDS_model_spin - INFO - HiddenFermion model setup complete.
2025-12-03 17:46:16,807 - HFDS_Heisenberg.Init_orbitals - INFO - Initializing Gutzwiller orbitals with h=0.07999895038192427, phi=0.08146414582568089
2025-12-03 17:46:16,906 - HFDS_Heisenberg.Gutzwiller_MF_Init - INFO - MF energy Initialize orbitals: Traced<ShapedArray(float64[])>with<DynamicJaxprTrace>
2025-12-03 17:46:17,005 - HFDS_Heisenberg.Gutzwiller_MF_Init - INFO - MF energy Initialize orbitals: Traced<ShapedArray(float64[])>with<DynamicJaxprTrace>
2025-12-03 17:46:17,005 - HFDS_Heisenberg.Gutzwiller_MF_Init - INFO - Finished updating Gutzwiller MF orbitals.
2025-12-03 17:46:38,338 - HFDS_Heisenberg.HFDS_model_spin - INFO - Setting up HiddenFermion model.
2025-12-03 17:46:38,339 - HFDS_Heisenberg.HFDS_model_spin - INFO - HiddenFermion model setup complete.
2025-12-03 17:46:38,344 - HFDS_Heisenberg.Init_orbitals - INFO - Initializing Gutzwiller orbitals with h=0.07999895038192427, phi=0.08146414582568089
2025-12-03 17:46:38,441 - HFDS_Heisenberg.Gutzwiller_MF_Init - INFO - MF energy Initialize orbitals: Traced<ShapedArray(float64[])>with<DynamicJaxprTrace>
2025-12-03 17:46:38,537 - HFDS_Heisenberg.Gutzwiller_MF_Init - INFO - MF energy Initialize orbitals: Traced<ShapedArray(float64[])>with<DynamicJaxprTrace>
2025-12-03 17:46:38,538 - HFDS_Heisenberg.Gutzwiller_MF_Init - INFO - Finished updating Gutzwiller MF orbitals.
2025-12-03 17:46:38,578 - HFDS_Heisenberg.HFDS_model_spin - INFO - Setting up HiddenFermion model.
2025-12-03 17:46:38,579 - HFDS_Heisenberg.HFDS_model_spin - INFO - HiddenFermion model setup complete.
2025-12-03 17:46:38,584 - HFDS_Heisenberg.Init_orbitals - INFO - Initializing Gutzwiller orbitals with h=0.07999895038192427, phi=0.08146414582568089
2025-12-03 17:46:38,679 - HFDS_Heisenberg.Gutzwiller_MF_Init - INFO - MF energy Initialize orbitals: Traced<ShapedArray(float64[])>with<DynamicJaxprTrace>
2025-12-03 17:46:38,775 - HFDS_Heisenberg.Gutzwiller_MF_Init - INFO - MF energy Initialize orbitals: Traced<ShapedArray(float64[])>with<DynamicJaxprTrace>
2025-12-03 17:46:38,775 - HFDS_Heisenberg.Gutzwiller_MF_Init - INFO - Finished updating Gutzwiller MF orbitals.
2025-12-03 17:47:18,135 - HFDS_Heisenberg.HFDS_model_spin - INFO - Setting up HiddenFermion model.
2025-12-03 17:47:18,135 - HFDS_Heisenberg.HFDS_model_spin - INFO - HiddenFermion model setup complete.
2025-12-03 17:47:18,141 - HFDS_Heisenberg.Init_orbitals - INFO - Initializing Gutzwiller orbitals with h=0.07999895038192427, phi=0.08146414582568089
2025-12-03 17:47:18,334 - HFDS_Heisenberg.Gutzwiller_MF_Init - INFO - MF energy Initialize orbitals: Traced<ShapedArray(float64[])>with<DynamicJaxprTrace>
2025-12-03 17:47:18,500 - HFDS_Heisenberg.Gutzwiller_MF_Init - INFO - MF energy Initialize orbitals: Traced<ShapedArray(float64[])>with<DynamicJaxprTrace>
2025-12-03 17:47:18,501 - HFDS_Heisenberg.Gutzwiller_MF_Init - INFO - Finished updating Gutzwiller MF orbitals.
2025-12-03 17:47:19,387 - HFDS_Heisenberg.HFDS_model_spin - INFO - Setting up HiddenFermion model.
2025-12-03 17:47:19,387 - HFDS_Heisenberg.HFDS_model_spin - INFO - HiddenFermion model setup complete.
2025-12-03 17:47:19,392 - HFDS_Heisenberg.Init_orbitals - INFO - Initializing Gutzwiller orbitals with h=0.07999895038192427, phi=0.08146414582568089
2025-12-03 17:47:19,490 - HFDS_Heisenberg.Gutzwiller_MF_Init - INFO - MF energy Initialize orbitals: Traced<ShapedArray(float64[])>with<DynamicJaxprTrace>
2025-12-03 17:47:19,588 - HFDS_Heisenberg.Gutzwiller_MF_Init - INFO - MF energy Initialize orbitals: Traced<ShapedArray(float64[])>with<DynamicJaxprTrace>
2025-12-03 17:47:19,589 - HFDS_Heisenberg.Gutzwiller_MF_Init - INFO - Finished updating Gutzwiller MF orbitals.
2025-12-03 17:47:19,628 - HFDS_Heisenberg.HFDS_model_spin - INFO - Setting up HiddenFermion model.
2025-12-03 17:47:19,629 - HFDS_Heisenberg.HFDS_model_spin - INFO - HiddenFermion model setup complete.
2025-12-03 17:47:19,633 - HFDS_Heisenberg.Init_orbitals - INFO - Initializing Gutzwiller orbitals with h=0.07999895038192427, phi=0.08146414582568089
2025-12-03 17:47:19,730 - HFDS_Heisenberg.Gutzwiller_MF_Init - INFO - MF energy Initialize orbitals: Traced<ShapedArray(float64[])>with<DynamicJaxprTrace>
2025-12-03 17:47:19,827 - HFDS_Heisenberg.Gutzwiller_MF_Init - INFO - MF energy Initialize orbitals: Traced<ShapedArray(float64[])>with<DynamicJaxprTrace>
2025-12-03 17:47:19,828 - HFDS_Heisenberg.Gutzwiller_MF_Init - INFO - Finished updating Gutzwiller MF orbitals.
2025-12-03 17:47:20,678 - HFDS_Heisenberg.HFDS_model_spin - INFO - Setting up HiddenFermion model.
2025-12-03 17:47:20,680 - HFDS_Heisenberg.HFDS_model_spin - INFO - HiddenFermion model setup complete.
2025-12-03 17:47:20,687 - HFDS_Heisenberg.Init_orbitals - INFO - Initializing Gutzwiller orbitals with h=0.07999895038192427, phi=0.08146414582568089
2025-12-03 17:47:20,835 - HFDS_Heisenberg.Gutzwiller_MF_Init - INFO - MF energy Initialize orbitals: Traced<ShapedArray(float64[])>with<DynamicJaxprTrace>
2025-12-03 17:47:20,982 - HFDS_Heisenberg.Gutzwiller_MF_Init - INFO - MF energy Initialize orbitals: Traced<ShapedArray(float64[])>with<DynamicJaxprTrace>
2025-12-03 17:47:20,982 - HFDS_Heisenberg.Gutzwiller_MF_Init - INFO - Finished updating Gutzwiller MF orbitals.
2025-12-03 17:47:22,216 - HFDS_Heisenberg.HFDS_model_spin - INFO - Setting up HiddenFermion model.
2025-12-03 17:47:22,217 - HFDS_Heisenberg.HFDS_model_spin - INFO - HiddenFermion model setup complete.
2025-12-03 17:47:22,221 - HFDS_Heisenberg.Init_orbitals - INFO - Initializing Gutzwiller orbitals with h=0.07999895038192427, phi=0.08146414582568089
2025-12-03 17:47:22,344 - HFDS_Heisenberg.Gutzwiller_MF_Init - INFO - MF energy Initialize orbitals: Traced<ShapedArray(float64[])>with<DynamicJaxprTrace>
2025-12-03 17:47:22,467 - HFDS_Heisenberg.Gutzwiller_MF_Init - INFO - MF energy Initialize orbitals: Traced<ShapedArray(float64[])>with<DynamicJaxprTrace>
2025-12-03 17:47:22,468 - HFDS_Heisenberg.Gutzwiller_MF_Init - INFO - Finished updating Gutzwiller MF orbitals.
2025-12-03 17:47:24,991 - HFDS_Heisenberg.HFDS_model_spin - INFO - Setting up HiddenFermion model.
2025-12-03 17:47:24,992 - HFDS_Heisenberg.HFDS_model_spin - INFO - HiddenFermion model setup complete.
2025-12-03 17:47:24,997 - HFDS_Heisenberg.Init_orbitals - INFO - Initializing Gutzwiller orbitals with h=0.07999895038192427, phi=0.08146414582568089
2025-12-03 17:47:25,127 - HFDS_Heisenberg.Gutzwiller_MF_Init - INFO - MF energy Initialize orbitals: Traced<ShapedArray(float64[])>with<DynamicJaxprTrace>
2025-12-03 17:47:25,257 - HFDS_Heisenberg.Gutzwiller_MF_Init - INFO - MF energy Initialize orbitals: Traced<ShapedArray(float64[])>with<DynamicJaxprTrace>
2025-12-03 17:47:25,257 - HFDS_Heisenberg.Gutzwiller_MF_Init - INFO - Finished updating Gutzwiller MF orbitals.
/cluster/home/fconoscenti/Thesis_QSL/Elaborate/Plotting/Sign_vs_iteration.py:352: UserWarning: This figure includes Axes that are not compatible with tight_layout, so results might be incorrect.
  plt.tight_layout(rect=[0, 0, 0.80, 1])  # leave room on the right for our insets
2025-12-03 17:47:43,109 - __main__ - INFO - Analysis variables saved to pickle file.
2025-12-03 17:47:43,109 - __main__ - INFO - Script finished successfully.
