
==================== Processing Model: layers1_hidd1_feat1_sample256_lr0.025_iter2_parityTrue_rotTrue_InitFermi_typecomplex ====================

✅ Averaged data saved to: /cluster/home/fconoscenti/Thesis_QSL/HFDS_Heisenberg/plot/spin_new/layers1_hidd1_feat1_sample256_lr0.025_iter2_parityTrue_rotTrue_InitFermi_typecomplex/J=0.0/variables_average.pkl
Saved keys: E_exact, E_init_mean, E_init_var, E_vs_mean, E_vs_var, amp_overlap_mean, amp_overlap_var, configs, fidelity_mean, fidelity_var, sign_err_var, sign_exact_mean, sign_exact_var, sign_overlap_mean, sign_overlap_var, sign_vstate_config_mean, sign_vstate_config_var, sign_vstate_mean, sign_vstate_var, weight_exact_mean, weight_exact_var, weight_vstate_mean, weight_vstate_var

✅ Averaged data saved to: /cluster/home/fconoscenti/Thesis_QSL/HFDS_Heisenberg/plot/spin_new/layers1_hidd1_feat1_sample256_lr0.025_iter2_parityTrue_rotTrue_InitFermi_typecomplex/J=0.2/variables_average.pkl
Saved keys: E_exact, E_init_mean, E_init_var, E_vs_mean, E_vs_var, amp_overlap_mean, amp_overlap_var, configs, fidelity_mean, fidelity_var, sign_err_var, sign_exact_mean, sign_exact_var, sign_overlap_mean, sign_overlap_var, sign_vstate_config_mean, sign_vstate_config_var, sign_vstate_mean, sign_vstate_var, weight_exact_mean, weight_exact_var, weight_vstate_mean, weight_vstate_var

✅ Averaged data saved to: /cluster/home/fconoscenti/Thesis_QSL/HFDS_Heisenberg/plot/spin_new/layers1_hidd1_feat1_sample256_lr0.025_iter2_parityTrue_rotTrue_InitFermi_typecomplex/J=0.5/variables_average.pkl
Saved keys: E_exact, E_init_mean, E_init_var, E_vs_mean, E_vs_var, amp_overlap_mean, amp_overlap_var, configs, fidelity_mean, fidelity_var, sign_err_var, sign_exact_mean, sign_exact_var, sign_overlap_mean, sign_overlap_var, sign_vstate_config_mean, sign_vstate_config_var, sign_vstate_mean, sign_vstate_var, weight_exact_mean, weight_exact_var, weight_vstate_mean, weight_vstate_var

✅ Averaged data saved to: /cluster/home/fconoscenti/Thesis_QSL/HFDS_Heisenberg/plot/spin_new/layers1_hidd1_feat1_sample256_lr0.025_iter2_parityTrue_rotTrue_InitFermi_typecomplex/J=0.7/variables_average.pkl
Saved keys: E_exact, E_init_mean, E_init_var, E_vs_mean, E_vs_var, amp_overlap_mean, amp_overlap_var, configs, fidelity_mean, fidelity_var, sign_err_var, sign_exact_mean, sign_exact_var, sign_overlap_mean, sign_overlap_var, sign_vstate_config_mean, sign_vstate_config_var, sign_vstate_mean, sign_vstate_var, weight_exact_mean, weight_exact_var, weight_vstate_mean, weight_vstate_var

✅ Averaged data saved to: /cluster/home/fconoscenti/Thesis_QSL/HFDS_Heisenberg/plot/spin_new/layers1_hidd1_feat1_sample256_lr0.025_iter2_parityTrue_rotTrue_InitFermi_typecomplex/J=1.0/variables_average.pkl
Saved keys: E_exact, E_init_mean, E_init_var, E_vs_mean, E_vs_var, amp_overlap_mean, amp_overlap_var, configs, fidelity_mean, fidelity_var, sign_err_var, sign_exact_mean, sign_exact_var, sign_overlap_mean, sign_overlap_var, sign_vstate_config_mean, sign_vstate_config_var, sign_vstate_mean, sign_vstate_var, weight_exact_mean, weight_exact_var, weight_vstate_mean, weight_vstate_var
==================== Finished Processing Model: layers1_hidd1_feat1_sample256_lr0.025_iter2_parityTrue_rotTrue_InitFermi_typecomplex ====================


==================== Processing Model: layers1_hidd1_feat1_sample256_lr0.025_iter1_parityTrue_rotTrue_InitG_MF_typecomplex ====================

✅ Averaged data saved to: /cluster/home/fconoscenti/Thesis_QSL/HFDS_Heisenberg/plot/spin_new/layers1_hidd1_feat1_sample256_lr0.025_iter1_parityTrue_rotTrue_InitG_MF_typecomplex/J=0.0/variables_average.pkl
Saved keys: E_exact, E_init_mean, E_init_var, E_vs_mean, E_vs_var, amp_overlap_mean, amp_overlap_var, configs, fidelity_mean, fidelity_var, sign_err_var, sign_exact_mean, sign_exact_var, sign_overlap_mean, sign_overlap_var, sign_vstate_config_mean, sign_vstate_config_var, sign_vstate_mean, sign_vstate_var, weight_exact_mean, weight_exact_var, weight_vstate_mean, weight_vstate_var

✅ Averaged data saved to: /cluster/home/fconoscenti/Thesis_QSL/HFDS_Heisenberg/plot/spin_new/layers1_hidd1_feat1_sample256_lr0.025_iter1_parityTrue_rotTrue_InitG_MF_typecomplex/J=0.2/variables_average.pkl
Saved keys: E_exact, E_init_mean, E_init_var, E_vs_mean, E_vs_var, amp_overlap_mean, amp_overlap_var, configs, fidelity_mean, fidelity_var, sign_err_var, sign_exact_mean, sign_exact_var, sign_overlap_mean, sign_overlap_var, sign_vstate_config_mean, sign_vstate_config_var, sign_vstate_mean, sign_vstate_var, weight_exact_mean, weight_exact_var, weight_vstate_mean, weight_vstate_var

✅ Averaged data saved to: /cluster/home/fconoscenti/Thesis_QSL/HFDS_Heisenberg/plot/spin_new/layers1_hidd1_feat1_sample256_lr0.025_iter1_parityTrue_rotTrue_InitG_MF_typecomplex/J=0.5/variables_average.pkl
Saved keys: E_exact, E_init_mean, E_init_var, E_vs_mean, E_vs_var, amp_overlap_mean, amp_overlap_var, configs, fidelity_mean, fidelity_var, sign_err_var, sign_exact_mean, sign_exact_var, sign_overlap_mean, sign_overlap_var, sign_vstate_config_mean, sign_vstate_config_var, sign_vstate_mean, sign_vstate_var, weight_exact_mean, weight_exact_var, weight_vstate_mean, weight_vstate_var

✅ Averaged data saved to: /cluster/home/fconoscenti/Thesis_QSL/HFDS_Heisenberg/plot/spin_new/layers1_hidd1_feat1_sample256_lr0.025_iter1_parityTrue_rotTrue_InitG_MF_typecomplex/J=0.7/variables_average.pkl
Saved keys: E_exact, E_init_mean, E_init_var, E_vs_mean, E_vs_var, amp_overlap_mean, amp_overlap_var, configs, fidelity_mean, fidelity_var, sign_err_var, sign_exact_mean, sign_exact_var, sign_overlap_mean, sign_overlap_var, sign_vstate_config_mean, sign_vstate_config_var, sign_vstate_mean, sign_vstate_var, weight_exact_mean, weight_exact_var, weight_vstate_mean, weight_vstate_var

✅ Averaged data saved to: /cluster/home/fconoscenti/Thesis_QSL/HFDS_Heisenberg/plot/spin_new/layers1_hidd1_feat1_sample256_lr0.025_iter1_parityTrue_rotTrue_InitG_MF_typecomplex/J=1.0/variables_average.pkl
Saved keys: E_exact, E_init_mean, E_init_var, E_vs_mean, E_vs_var, amp_overlap_mean, amp_overlap_var, configs, fidelity_mean, fidelity_var, sign_err_var, sign_exact_mean, sign_exact_var, sign_overlap_mean, sign_overlap_var, sign_vstate_config_mean, sign_vstate_config_var, sign_vstate_mean, sign_vstate_var, weight_exact_mean, weight_exact_var, weight_vstate_mean, weight_vstate_var
==================== Finished Processing Model: layers1_hidd1_feat1_sample256_lr0.025_iter1_parityTrue_rotTrue_InitG_MF_typecomplex ====================


==================== Processing Model: layers1_hidd1_feat1_sample256_lr0.025_iter1_parityTrue_rotTrue_Initrandom_typecomplex ====================

✅ Averaged data saved to: /cluster/home/fconoscenti/Thesis_QSL/HFDS_Heisenberg/plot/spin_new/layers1_hidd1_feat1_sample256_lr0.025_iter1_parityTrue_rotTrue_Initrandom_typecomplex/J=0.0/variables_average.pkl
Saved keys: E_exact, E_init_mean, E_init_var, E_vs_mean, E_vs_var, amp_overlap_mean, amp_overlap_var, configs, fidelity_mean, fidelity_var, sign_err_var, sign_exact_mean, sign_exact_var, sign_overlap_mean, sign_overlap_var, sign_vstate_config_mean, sign_vstate_config_var, sign_vstate_mean, sign_vstate_var, weight_exact_mean, weight_exact_var, weight_vstate_mean, weight_vstate_var

✅ Averaged data saved to: /cluster/home/fconoscenti/Thesis_QSL/HFDS_Heisenberg/plot/spin_new/layers1_hidd1_feat1_sample256_lr0.025_iter1_parityTrue_rotTrue_Initrandom_typecomplex/J=0.2/variables_average.pkl
Saved keys: E_exact, E_init_mean, E_init_var, E_vs_mean, E_vs_var, amp_overlap_mean, amp_overlap_var, configs, fidelity_mean, fidelity_var, sign_err_var, sign_exact_mean, sign_exact_var, sign_overlap_mean, sign_overlap_var, sign_vstate_config_mean, sign_vstate_config_var, sign_vstate_mean, sign_vstate_var, weight_exact_mean, weight_exact_var, weight_vstate_mean, weight_vstate_var

✅ Averaged data saved to: /cluster/home/fconoscenti/Thesis_QSL/HFDS_Heisenberg/plot/spin_new/layers1_hidd1_feat1_sample256_lr0.025_iter1_parityTrue_rotTrue_Initrandom_typecomplex/J=0.5/variables_average.pkl
/cluster/home/fconoscenti/Thesis_QSL/Elaborate/Plotting/Sign_vs_iteration.py:498: RuntimeWarning: More than 20 figures have been opened. Figures created through the pyplot interface (`matplotlib.pyplot.figure`) are retained until explicitly closed and may consume too much memory. (To control this warning, see the rcParam `figure.max_open_warning`). Consider using `matplotlib.pyplot.close()`.
  plt.figure(figsize=(10, 6))
Traceback (most recent call last):
  File "<frozen runpy>", line 198, in _run_module_as_main
  File "<frozen runpy>", line 88, in _run_code
  File "/cluster/home/fconoscenti/Thesis_QSL/Elaborate/Plotting/plot_avarage_models.py", line 217, in <module>
    avarage_plots_seeds(model_path, Js, plot_variance=True)
  File "/cluster/home/fconoscenti/Thesis_QSL/Elaborate/Plotting/plot_avarage_models.py", line 157, in avarage_plots_seeds
    loaded_data = pickle.load(f)
                  ^^^^^^^^^^^^^^
EOFError: Ran out of input
Saved keys: E_exact, E_init_mean, E_init_var, E_vs_mean, E_vs_var, amp_overlap_mean, amp_overlap_var, configs, fidelity_mean, fidelity_var, sign_err_var, sign_exact_mean, sign_exact_var, sign_overlap_mean, sign_overlap_var, sign_vstate_config_mean, sign_vstate_config_var, sign_vstate_mean, sign_vstate_var, weight_exact_mean, weight_exact_var, weight_vstate_mean, weight_vstate_var

✅ Averaged data saved to: /cluster/home/fconoscenti/Thesis_QSL/HFDS_Heisenberg/plot/spin_new/layers1_hidd1_feat1_sample256_lr0.025_iter1_parityTrue_rotTrue_Initrandom_typecomplex/J=0.7/variables_average.pkl
Saved keys: E_exact, E_init_mean, E_init_var, E_vs_mean, E_vs_var, amp_overlap_mean, amp_overlap_var, configs, fidelity_mean, fidelity_var, sign_err_var, sign_exact_mean, sign_exact_var, sign_overlap_mean, sign_overlap_var, sign_vstate_config_mean, sign_vstate_config_var, sign_vstate_mean, sign_vstate_var, weight_exact_mean, weight_exact_var, weight_vstate_mean, weight_vstate_var

✅ Averaged data saved to: /cluster/home/fconoscenti/Thesis_QSL/HFDS_Heisenberg/plot/spin_new/layers1_hidd1_feat1_sample256_lr0.025_iter1_parityTrue_rotTrue_Initrandom_typecomplex/J=1.0/variables_average.pkl
Saved keys: E_exact, E_init_mean, E_init_var, E_vs_mean, E_vs_var, amp_overlap_mean, amp_overlap_var, configs, fidelity_mean, fidelity_var, sign_err_var, sign_exact_mean, sign_exact_var, sign_overlap_mean, sign_overlap_var, sign_vstate_config_mean, sign_vstate_config_var, sign_vstate_mean, sign_vstate_var, weight_exact_mean, weight_exact_var, weight_vstate_mean, weight_vstate_var
srun: error: eu-g5-005-1: task 0: Exited with exit code 1
