2025-12-03 17:44:04,632 - __main__ - INFO - Parsing command-line arguments.
2025-12-03 17:44:04,632 - __main__ - INFO - J2 coupling parameter set to: 0.5
2025-12-03 17:44:04,632 - __main__ - INFO - Physical and model parameters set.
2025-12-03 17:44:04,632 - __main__ - INFO - Script starting execution.
2025-12-03 17:44:04,636 - __main__ - INFO - Output will be saved to: HFDS_Heisenberg/plot/spin_new/layers1_hidd1_feat1_sample256_lr0.025_iter3_parityTrue_rotTrue_InitG_MF_typecomplex/J=0.5/seed_1
2025-12-03 17:44:04,648 - __main__ - INFO - Hilbert space created.
2025-12-03 17:44:04,651 - __main__ - INFO - Hamiltonian created.
2025-12-03 17:44:07,517 - __main__ - INFO - Exact ground state calculated.
2025-12-03 17:44:07,517 - __main__ - INFO - Starting Gutzwiller parameter optimization before VMC.
2025-12-03 17:44:07,517 - HFDS_Heisenberg.Optimized_Gutwiller_MF_Init - INFO - Starting optimization of Gutzwiller parameters.
2025-12-03 17:44:07,765 - HFDS_Heisenberg.Gutzwiller_MF_Init - INFO - MF energy Initialize orbitals: Traced<ShapedArray(float64[])>with<DynamicJaxprTrace>
2025-12-03 17:44:07,852 - HFDS_Heisenberg.Gutzwiller_MF_Init - INFO - MF energy Initialize orbitals: Traced<ShapedArray(float64[])>with<DynamicJaxprTrace>
2025-12-03 17:44:07,853 - HFDS_Heisenberg.Gutzwiller_MF_Init - INFO - Finished updating Gutzwiller MF orbitals.
2025-12-03 17:44:08,058 - HFDS_Heisenberg.Gutzwiller_MF_Init - INFO - MF energy Initialize orbitals: Traced<ShapedArray(float64[])>with<DynamicJaxprTrace>
2025-12-03 17:44:08,143 - HFDS_Heisenberg.Gutzwiller_MF_Init - INFO - MF energy Initialize orbitals: Traced<ShapedArray(float64[])>with<DynamicJaxprTrace>
2025-12-03 17:44:08,143 - HFDS_Heisenberg.Gutzwiller_MF_Init - INFO - Finished updating Gutzwiller MF orbitals.
2025-12-03 17:44:08,291 - HFDS_Heisenberg.Optimized_Gutwiller_MF_Init - INFO - Running Gutzwiller optimization for 2 iterations.
2025-12-03 17:44:08,524 - HFDS_Heisenberg.Gutzwiller_MF_Init - INFO - MF energy Initialize orbitals: Traced<ShapedArray(float64[])>with<DynamicJaxprTrace>
2025-12-03 17:44:08,609 - HFDS_Heisenberg.Gutzwiller_MF_Init - INFO - MF energy Initialize orbitals: Traced<ShapedArray(float64[])>with<DynamicJaxprTrace>
2025-12-03 17:44:08,609 - HFDS_Heisenberg.Gutzwiller_MF_Init - INFO - Finished updating Gutzwiller MF orbitals.
2025-12-03 17:44:09,516 - HFDS_Heisenberg.Gutzwiller_MF_Init - INFO - MF energy Initialize orbitals: Traced<ShapedArray(float64[])>with<DynamicJaxprTrace>
2025-12-03 17:44:09,695 - HFDS_Heisenberg.Gutzwiller_MF_Init - INFO - MF energy Initialize orbitals: Traced<ShapedArray(float64[])>with<DynamicJaxprTrace>
2025-12-03 17:44:09,696 - HFDS_Heisenberg.Gutzwiller_MF_Init - INFO - Finished updating Gutzwiller MF orbitals.
2025-12-03 17:44:13,530 - HFDS_Heisenberg.Gutzwiller_MF_Init - INFO - MF energy Initialize orbitals: Traced<ShapedArray(float64[])>with<DynamicJaxprTrace>
2025-12-03 17:44:13,708 - HFDS_Heisenberg.Gutzwiller_MF_Init - INFO - MF energy Initialize orbitals: Traced<ShapedArray(float64[])>with<DynamicJaxprTrace>
2025-12-03 17:44:13,709 - HFDS_Heisenberg.Gutzwiller_MF_Init - INFO - Finished updating Gutzwiller MF orbitals.
2025-12-03 17:44:17,542 - HFDS_Heisenberg.Gutzwiller_MF_Init - INFO - MF energy Initialize orbitals: Traced<ShapedArray(float64[])>with<DynamicJaxprTrace>
2025-12-03 17:44:17,629 - HFDS_Heisenberg.Gutzwiller_MF_Init - INFO - MF energy Initialize orbitals: Traced<ShapedArray(float64[])>with<DynamicJaxprTrace>
2025-12-03 17:44:17,630 - HFDS_Heisenberg.Gutzwiller_MF_Init - INFO - Finished updating Gutzwiller MF orbitals.
2025-12-03 17:44:17,733 - HFDS_Heisenberg.Gutzwiller_MF_Init - INFO - MF energy Initialize orbitals: Traced<ShapedArray(float64[])>with<DynamicJaxprTrace>
2025-12-03 17:44:17,820 - HFDS_Heisenberg.Gutzwiller_MF_Init - INFO - MF energy Initialize orbitals: Traced<ShapedArray(float64[])>with<DynamicJaxprTrace>
2025-12-03 17:44:17,820 - HFDS_Heisenberg.Gutzwiller_MF_Init - INFO - Finished updating Gutzwiller MF orbitals.
2025-12-03 17:44:17,968 - HFDS_Heisenberg.Gutzwiller_MF_Init - INFO - MF energy Initialize orbitals: Traced<ShapedArray(float64[])>with<DynamicJaxprTrace>
2025-12-03 17:44:18,056 - HFDS_Heisenberg.Gutzwiller_MF_Init - INFO - MF energy Initialize orbitals: Traced<ShapedArray(float64[])>with<DynamicJaxprTrace>
2025-12-03 17:44:18,056 - HFDS_Heisenberg.Gutzwiller_MF_Init - INFO - Finished updating Gutzwiller MF orbitals.
2025-12-03 17:44:18,549 - HFDS_Heisenberg.Gutzwiller_MF_Init - INFO - MF energy Initialize orbitals: Traced<ShapedArray(float64[])>with<JVPTrace> with
  primal = Traced<ShapedArray(float64[])>with<DynamicJaxprTrace>
  tangent = Traced<ShapedArray(float64[])>with<JaxprTrace> with
    pval = (ShapedArray(float64[]), None)
    recipe = JaxprEqnRecipe(eqn_id=<object object at 0x14a0f1d23dc0>, in_tracers=(Traced<ShapedArray(float64[]):JaxprTrace>,), out_tracer_refs=[<weakref at 0x14a0f1dc9350; to 'JaxprTracer' at 0x14a0f1dcb4c0>], out_avals=[ShapedArray(float64[])], primitive=pjit, params={'jaxpr': { lambda ; a:f64[]. let  in (a,) }, 'in_shardings': (UnspecifiedValue,), 'out_shardings': (UnspecifiedValue,), 'in_layouts': (None,), 'out_layouts': (None,), 'donated_invars': (False,), 'ctx_mesh': None, 'name': 'add', 'keep_unused': False, 'inline': True, 'compiler_options_kvs': ()}, effects=set(), source_info=<jax._src.source_info_util.SourceInfo object at 0x14a0f09110f0>, ctx=JaxprEqnContext(compute_type=None, threefry_partitionable=True, cur_abstract_mesh=AbstractMesh((), axis_types=()), xla_metadata=None))
2025-12-03 17:44:18,828 - HFDS_Heisenberg.Gutzwiller_MF_Init - INFO - MF energy Initialize orbitals: Traced<ShapedArray(float64[])>with<JVPTrace> with
  primal = Traced<ShapedArray(float64[])>with<DynamicJaxprTrace>
  tangent = Traced<ShapedArray(float64[])>with<JaxprTrace> with
    pval = (ShapedArray(float64[]), None)
    recipe = JaxprEqnRecipe(eqn_id=<object object at 0x14a0f13807a0>, in_tracers=(Traced<ShapedArray(float64[]):JaxprTrace>,), out_tracer_refs=[<weakref at 0x14a0f130cef0; to 'JaxprTracer' at 0x14a0f130c8b0>], out_avals=[ShapedArray(float64[])], primitive=pjit, params={'jaxpr': { lambda ; a:f64[]. let  in (a,) }, 'in_shardings': (UnspecifiedValue,), 'out_shardings': (UnspecifiedValue,), 'in_layouts': (None,), 'out_layouts': (None,), 'donated_invars': (False,), 'ctx_mesh': None, 'name': 'add', 'keep_unused': False, 'inline': True, 'compiler_options_kvs': ()}, effects=set(), source_info=<jax._src.source_info_util.SourceInfo object at 0x14a0f138bc70>, ctx=JaxprEqnContext(compute_type=None, threefry_partitionable=True, cur_abstract_mesh=AbstractMesh((), axis_types=()), xla_metadata=None))
2025-12-03 17:44:18,831 - HFDS_Heisenberg.Gutzwiller_MF_Init - INFO - Finished updating Gutzwiller MF orbitals.
2025-12-03 17:44:19,185 - HFDS_Heisenberg.Gutzwiller_MF_Init - INFO - MF energy Initialize orbitals: Traced<ShapedArray(float64[])>with<JVPTrace> with
  primal = Traced<ShapedArray(float64[])>with<DynamicJaxprTrace>
  tangent = Traced<ShapedArray(float64[])>with<JaxprTrace> with
    pval = (ShapedArray(float64[]), None)
    recipe = JaxprEqnRecipe(eqn_id=<object object at 0x14a0bdfd6c90>, in_tracers=(Traced<ShapedArray(float64[]):JaxprTrace>,), out_tracer_refs=[<weakref at 0x14a0bdd1ad90; to 'JaxprTracer' at 0x14a0bdd19170>], out_avals=[ShapedArray(float64[])], primitive=pjit, params={'jaxpr': { lambda ; a:f64[]. let  in (a,) }, 'in_shardings': (UnspecifiedValue,), 'out_shardings': (UnspecifiedValue,), 'in_layouts': (None,), 'out_layouts': (None,), 'donated_invars': (False,), 'ctx_mesh': None, 'name': 'add', 'keep_unused': False, 'inline': True, 'compiler_options_kvs': ()}, effects=set(), source_info=<jax._src.source_info_util.SourceInfo object at 0x14a0bdd1eda0>, ctx=JaxprEqnContext(compute_type=None, threefry_partitionable=True, cur_abstract_mesh=AbstractMesh((), axis_types=()), xla_metadata=None))
2025-12-03 17:44:19,467 - HFDS_Heisenberg.Gutzwiller_MF_Init - INFO - MF energy Initialize orbitals: Traced<ShapedArray(float64[])>with<JVPTrace> with
  primal = Traced<ShapedArray(float64[])>with<DynamicJaxprTrace>
  tangent = Traced<ShapedArray(float64[])>with<JaxprTrace> with
    pval = (ShapedArray(float64[]), None)
    recipe = JaxprEqnRecipe(eqn_id=<object object at 0x14a0bdc7b6b0>, in_tracers=(Traced<ShapedArray(float64[]):JaxprTrace>,), out_tracer_refs=[<weakref at 0x14a0bdd31c10; to 'JaxprTracer' at 0x14a0f14335b0>], out_avals=[ShapedArray(float64[])], primitive=pjit, params={'jaxpr': { lambda ; a:f64[]. let  in (a,) }, 'in_shardings': (UnspecifiedValue,), 'out_shardings': (UnspecifiedValue,), 'in_layouts': (None,), 'out_layouts': (None,), 'donated_invars': (False,), 'ctx_mesh': None, 'name': 'add', 'keep_unused': False, 'inline': True, 'compiler_options_kvs': ()}, effects=set(), source_info=<jax._src.source_info_util.SourceInfo object at 0x14a0bdb27940>, ctx=JaxprEqnContext(compute_type=None, threefry_partitionable=True, cur_abstract_mesh=AbstractMesh((), axis_types=()), xla_metadata=None))
2025-12-03 17:44:19,468 - HFDS_Heisenberg.Gutzwiller_MF_Init - INFO - Finished updating Gutzwiller MF orbitals.
2025-12-03 17:44:29,198 - HFDS_Heisenberg.Gutzwiller_MF_Init - INFO - MF energy Initialize orbitals: Traced<ShapedArray(float64[])>with<DynamicJaxprTrace>
2025-12-03 17:44:29,285 - HFDS_Heisenberg.Gutzwiller_MF_Init - INFO - MF energy Initialize orbitals: Traced<ShapedArray(float64[])>with<DynamicJaxprTrace>
2025-12-03 17:44:29,286 - HFDS_Heisenberg.Gutzwiller_MF_Init - INFO - Finished updating Gutzwiller MF orbitals.
2025-12-03 17:44:29,377 - HFDS_Heisenberg.Gutzwiller_MF_Init - INFO - MF energy Initialize orbitals: Traced<ShapedArray(float64[])>with<DynamicJaxprTrace>
2025-12-03 17:44:29,465 - HFDS_Heisenberg.Gutzwiller_MF_Init - INFO - MF energy Initialize orbitals: Traced<ShapedArray(float64[])>with<DynamicJaxprTrace>
2025-12-03 17:44:29,465 - HFDS_Heisenberg.Gutzwiller_MF_Init - INFO - Finished updating Gutzwiller MF orbitals.
2025-12-03 17:44:50,306 - HFDS_Heisenberg.Optimized_Gutwiller_MF_Init - INFO - Iteration 0: Mean Energy = -18.74+0.00j ± 0.98 [σ²=4.9e+02, R̂=1.409], Variance = -248.53726233777678
2025-12-03 17:44:50,307 - HFDS_Heisenberg.Optimized_Gutwiller_MF_Init - INFO - Iteration 0: Gradients = {'h': Array(8.51254852, dtype=float64), 'phi': Array(-2.97482559e-07, dtype=float64)}
2025-12-03 17:44:50,440 - HFDS_Heisenberg.Optimized_Gutwiller_MF_Init - INFO - Iteration 0: Updated params = {'h': Array(0.05, dtype=float64), 'phi': Array(0.10967478, dtype=float64)}
2025-12-03 17:45:13,135 - HFDS_Heisenberg.Optimized_Gutwiller_MF_Init - INFO - Iteration 1: Mean Energy = -18.65+0.00j ± 0.97 [σ²=4.8e+02, R̂=1.409], Variance = -238.04905673761846
2025-12-03 17:45:13,136 - HFDS_Heisenberg.Optimized_Gutwiller_MF_Init - INFO - Iteration 1: Gradients = {'h': Array(8.32514907, dtype=float64), 'phi': Array(-2.25213712e-07, dtype=float64)}
2025-12-03 17:45:13,138 - HFDS_Heisenberg.Optimized_Gutwiller_MF_Init - INFO - Iteration 1: Updated params = {'h': Array(0.04000642, dtype=float64), 'phi': Array(0.11914997, dtype=float64)}
2025-12-03 17:45:13,138 - HFDS_Heisenberg.Optimized_Gutwiller_MF_Init - INFO - Gutzwiller optimization finished. Final params: {'h': Array(0.06, dtype=float64), 'phi': Array(0.1, dtype=float64)}
2025-12-03 17:45:13,586 - HFDS_Heisenberg.Optimized_Gutwiller_MF_Init - INFO - Gutzwiller optimization plots saved in HFDS_Heisenberg/plot/spin_new/layers1_hidd1_feat1_sample256_lr0.025_iter3_parityTrue_rotTrue_InitG_MF_typecomplex/J=0.5/seed_1
2025-12-03 17:45:13,600 - __main__ - INFO - Gutzwiller optimization finished. Using h=0.040006421091966574, phi=0.11914997109472862
2025-12-03 17:45:13,600 - __main__ - INFO - HiddenFermion model initialized.
2025-12-03 17:45:13,607 - __main__ - INFO - MetropolisExchange sampler created.
2025-12-03 17:45:13,744 - HFDS_Heisenberg.HFDS_model_spin - INFO - Setting up HiddenFermion model.
2025-12-03 17:45:13,746 - HFDS_Heisenberg.HFDS_model_spin - INFO - HiddenFermion model setup complete.
2025-12-03 17:45:13,751 - HFDS_Heisenberg.Init_orbitals - INFO - Initializing Gutzwiller orbitals with h=0.040006421091966574, phi=0.11914997109472862
2025-12-03 17:45:13,862 - HFDS_Heisenberg.Gutzwiller_MF_Init - INFO - MF energy Initialize orbitals: Traced<ShapedArray(float64[])>with<DynamicJaxprTrace>
2025-12-03 17:45:13,966 - HFDS_Heisenberg.Gutzwiller_MF_Init - INFO - MF energy Initialize orbitals: Traced<ShapedArray(float64[])>with<DynamicJaxprTrace>
2025-12-03 17:45:13,967 - HFDS_Heisenberg.Gutzwiller_MF_Init - INFO - Finished updating Gutzwiller MF orbitals.
2025-12-03 17:45:14,936 - HFDS_Heisenberg.HFDS_model_spin - INFO - Setting up HiddenFermion model.
2025-12-03 17:45:14,937 - HFDS_Heisenberg.HFDS_model_spin - INFO - HiddenFermion model setup complete.
2025-12-03 17:45:14,944 - HFDS_Heisenberg.Init_orbitals - INFO - Initializing Gutzwiller orbitals with h=0.040006421091966574, phi=0.11914997109472862
2025-12-03 17:45:15,034 - HFDS_Heisenberg.Gutzwiller_MF_Init - INFO - MF energy Initialize orbitals: Traced<ShapedArray(float64[])>with<DynamicJaxprTrace>
2025-12-03 17:45:15,122 - HFDS_Heisenberg.Gutzwiller_MF_Init - INFO - MF energy Initialize orbitals: Traced<ShapedArray(float64[])>with<DynamicJaxprTrace>
2025-12-03 17:45:15,122 - HFDS_Heisenberg.Gutzwiller_MF_Init - INFO - Finished updating Gutzwiller MF orbitals.
2025-12-03 17:45:15,353 - __main__ - INFO - MCState (vstate) created.
2025-12-03 17:45:15,401 - __main__ - INFO - VMC_SR driver created.
2025-12-03 17:45:15,401 - __main__ - INFO - Starting VMC optimization for 3 iterations.
2025-12-03 17:45:15,749 - HFDS_Heisenberg.HFDS_model_spin - INFO - Setting up HiddenFermion model.
2025-12-03 17:45:15,751 - HFDS_Heisenberg.HFDS_model_spin - INFO - HiddenFermion model setup complete.
2025-12-03 17:45:15,761 - HFDS_Heisenberg.Init_orbitals - INFO - Initializing Gutzwiller orbitals with h=0.040006421091966574, phi=0.11914997109472862
2025-12-03 17:45:15,848 - HFDS_Heisenberg.Gutzwiller_MF_Init - INFO - MF energy Initialize orbitals: Traced<ShapedArray(float64[])>with<DynamicJaxprTrace>
2025-12-03 17:45:15,936 - HFDS_Heisenberg.Gutzwiller_MF_Init - INFO - MF energy Initialize orbitals: Traced<ShapedArray(float64[])>with<DynamicJaxprTrace>
2025-12-03 17:45:15,936 - HFDS_Heisenberg.Gutzwiller_MF_Init - INFO - Finished updating Gutzwiller MF orbitals.
2025-12-03 17:45:16,147 - HFDS_Heisenberg.HFDS_model_spin - INFO - Setting up HiddenFermion model.
2025-12-03 17:45:16,148 - HFDS_Heisenberg.HFDS_model_spin - INFO - HiddenFermion model setup complete.
2025-12-03 17:45:16,157 - HFDS_Heisenberg.Init_orbitals - INFO - Initializing Gutzwiller orbitals with h=0.040006421091966574, phi=0.11914997109472862
2025-12-03 17:45:16,245 - HFDS_Heisenberg.Gutzwiller_MF_Init - INFO - MF energy Initialize orbitals: Traced<ShapedArray(float64[])>with<DynamicJaxprTrace>
2025-12-03 17:45:16,335 - HFDS_Heisenberg.Gutzwiller_MF_Init - INFO - MF energy Initialize orbitals: Traced<ShapedArray(float64[])>with<DynamicJaxprTrace>
2025-12-03 17:45:16,336 - HFDS_Heisenberg.Gutzwiller_MF_Init - INFO - Finished updating Gutzwiller MF orbitals.
2025-12-03 17:45:17,161 - HFDS_Heisenberg.HFDS_model_spin - INFO - Setting up HiddenFermion model.
2025-12-03 17:45:17,162 - HFDS_Heisenberg.HFDS_model_spin - INFO - HiddenFermion model setup complete.
2025-12-03 17:45:17,172 - HFDS_Heisenberg.Init_orbitals - INFO - Initializing Gutzwiller orbitals with h=0.040006421091966574, phi=0.11914997109472862
2025-12-03 17:45:17,259 - HFDS_Heisenberg.Gutzwiller_MF_Init - INFO - MF energy Initialize orbitals: Traced<ShapedArray(float64[])>with<DynamicJaxprTrace>
2025-12-03 17:45:17,347 - HFDS_Heisenberg.Gutzwiller_MF_Init - INFO - MF energy Initialize orbitals: Traced<ShapedArray(float64[])>with<DynamicJaxprTrace>
2025-12-03 17:45:17,348 - HFDS_Heisenberg.Gutzwiller_MF_Init - INFO - Finished updating Gutzwiller MF orbitals.
2025-12-03 17:45:17,785 - HFDS_Heisenberg.HFDS_model_spin - INFO - Setting up HiddenFermion model.
2025-12-03 17:45:17,786 - HFDS_Heisenberg.HFDS_model_spin - INFO - HiddenFermion model setup complete.
2025-12-03 17:45:17,791 - HFDS_Heisenberg.Init_orbitals - INFO - Initializing Gutzwiller orbitals with h=0.040006421091966574, phi=0.11914997109472862
2025-12-03 17:45:17,892 - HFDS_Heisenberg.Gutzwiller_MF_Init - INFO - MF energy Initialize orbitals: Traced<ShapedArray(float64[])>with<DynamicJaxprTrace>
2025-12-03 17:45:17,994 - HFDS_Heisenberg.Gutzwiller_MF_Init - INFO - MF energy Initialize orbitals: Traced<ShapedArray(float64[])>with<DynamicJaxprTrace>
2025-12-03 17:45:17,994 - HFDS_Heisenberg.Gutzwiller_MF_Init - INFO - Finished updating Gutzwiller MF orbitals.
2025-12-03 17:45:18,074 - HFDS_Heisenberg.HFDS_model_spin - INFO - Setting up HiddenFermion model.
2025-12-03 17:45:18,075 - HFDS_Heisenberg.HFDS_model_spin - INFO - HiddenFermion model setup complete.
2025-12-03 17:45:18,080 - HFDS_Heisenberg.Init_orbitals - INFO - Initializing Gutzwiller orbitals with h=0.040006421091966574, phi=0.11914997109472862
2025-12-03 17:45:18,182 - HFDS_Heisenberg.Gutzwiller_MF_Init - INFO - MF energy Initialize orbitals: Traced<ShapedArray(float64[])>with<DynamicJaxprTrace>
2025-12-03 17:45:18,283 - HFDS_Heisenberg.Gutzwiller_MF_Init - INFO - MF energy Initialize orbitals: Traced<ShapedArray(float64[])>with<DynamicJaxprTrace>
2025-12-03 17:45:18,284 - HFDS_Heisenberg.Gutzwiller_MF_Init - INFO - Finished updating Gutzwiller MF orbitals.
2025-12-03 17:45:18,752 - HFDS_Heisenberg.HFDS_model_spin - INFO - Setting up HiddenFermion model.
2025-12-03 17:45:18,753 - HFDS_Heisenberg.HFDS_model_spin - INFO - HiddenFermion model setup complete.
2025-12-03 17:45:18,764 - HFDS_Heisenberg.Init_orbitals - INFO - Initializing Gutzwiller orbitals with h=0.040006421091966574, phi=0.11914997109472862
2025-12-03 17:45:18,867 - HFDS_Heisenberg.Gutzwiller_MF_Init - INFO - MF energy Initialize orbitals: Traced<ShapedArray(float64[])>with<DynamicJaxprTrace>
2025-12-03 17:45:18,966 - HFDS_Heisenberg.Gutzwiller_MF_Init - INFO - MF energy Initialize orbitals: Traced<ShapedArray(float64[])>with<DynamicJaxprTrace>
2025-12-03 17:45:18,968 - HFDS_Heisenberg.Gutzwiller_MF_Init - INFO - Finished updating Gutzwiller MF orbitals.
2025-12-03 17:45:19,074 - HFDS_Heisenberg.HFDS_model_spin - INFO - Setting up HiddenFermion model.
2025-12-03 17:45:19,076 - HFDS_Heisenberg.HFDS_model_spin - INFO - HiddenFermion model setup complete.
2025-12-03 17:45:19,090 - HFDS_Heisenberg.Init_orbitals - INFO - Initializing Gutzwiller orbitals with h=0.040006421091966574, phi=0.11914997109472862
2025-12-03 17:45:19,610 - HFDS_Heisenberg.Gutzwiller_MF_Init - INFO - MF energy Initialize orbitals: Traced<ShapedArray(float64[])>with<DynamicJaxprTrace>
2025-12-03 17:45:19,709 - HFDS_Heisenberg.Gutzwiller_MF_Init - INFO - MF energy Initialize orbitals: Traced<ShapedArray(float64[])>with<DynamicJaxprTrace>
2025-12-03 17:45:19,710 - HFDS_Heisenberg.Gutzwiller_MF_Init - INFO - Finished updating Gutzwiller MF orbitals.
2025-12-03 17:45:19,938 - HFDS_Heisenberg.HFDS_model_spin - INFO - Setting up HiddenFermion model.
2025-12-03 17:45:19,940 - HFDS_Heisenberg.HFDS_model_spin - INFO - HiddenFermion model setup complete.
2025-12-03 17:45:19,954 - HFDS_Heisenberg.Init_orbitals - INFO - Initializing Gutzwiller orbitals with h=0.040006421091966574, phi=0.11914997109472862
2025-12-03 17:45:20,052 - HFDS_Heisenberg.Gutzwiller_MF_Init - INFO - MF energy Initialize orbitals: Traced<ShapedArray(float64[])>with<DynamicJaxprTrace>
2025-12-03 17:45:20,151 - HFDS_Heisenberg.Gutzwiller_MF_Init - INFO - MF energy Initialize orbitals: Traced<ShapedArray(float64[])>with<DynamicJaxprTrace>
2025-12-03 17:45:20,152 - HFDS_Heisenberg.Gutzwiller_MF_Init - INFO - Finished updating Gutzwiller MF orbitals.
2025-12-03 17:45:20,255 - HFDS_Heisenberg.HFDS_model_spin - INFO - Setting up HiddenFermion model.
2025-12-03 17:45:20,259 - HFDS_Heisenberg.HFDS_model_spin - INFO - HiddenFermion model setup complete.
2025-12-03 17:45:20,264 - HFDS_Heisenberg.Init_orbitals - INFO - Initializing Gutzwiller orbitals with h=0.040006421091966574, phi=0.11914997109472862
2025-12-03 17:45:20,353 - HFDS_Heisenberg.Gutzwiller_MF_Init - INFO - MF energy Initialize orbitals: Traced<ShapedArray(float64[])>with<DynamicJaxprTrace>
2025-12-03 17:45:20,442 - HFDS_Heisenberg.Gutzwiller_MF_Init - INFO - MF energy Initialize orbitals: Traced<ShapedArray(float64[])>with<DynamicJaxprTrace>
2025-12-03 17:45:20,442 - HFDS_Heisenberg.Gutzwiller_MF_Init - INFO - Finished updating Gutzwiller MF orbitals.
2025-12-03 17:45:20,493 - HFDS_Heisenberg.HFDS_model_spin - INFO - Setting up HiddenFermion model.
2025-12-03 17:45:20,497 - HFDS_Heisenberg.HFDS_model_spin - INFO - HiddenFermion model setup complete.
2025-12-03 17:45:20,505 - HFDS_Heisenberg.Init_orbitals - INFO - Initializing Gutzwiller orbitals with h=0.040006421091966574, phi=0.11914997109472862
2025-12-03 17:45:20,594 - HFDS_Heisenberg.Gutzwiller_MF_Init - INFO - MF energy Initialize orbitals: Traced<ShapedArray(float64[])>with<DynamicJaxprTrace>
2025-12-03 17:45:20,682 - HFDS_Heisenberg.Gutzwiller_MF_Init - INFO - MF energy Initialize orbitals: Traced<ShapedArray(float64[])>with<DynamicJaxprTrace>
2025-12-03 17:45:20,683 - HFDS_Heisenberg.Gutzwiller_MF_Init - INFO - Finished updating Gutzwiller MF orbitals.
2025-12-03 17:45:38,857 - HFDS_Heisenberg.HFDS_model_spin - INFO - Setting up HiddenFermion model.
2025-12-03 17:45:38,858 - HFDS_Heisenberg.HFDS_model_spin - INFO - HiddenFermion model setup complete.
2025-12-03 17:45:38,863 - HFDS_Heisenberg.Init_orbitals - INFO - Initializing Gutzwiller orbitals with h=0.040006421091966574, phi=0.11914997109472862
2025-12-03 17:45:39,247 - HFDS_Heisenberg.Gutzwiller_MF_Init - INFO - MF energy Initialize orbitals: Traced<ShapedArray(float64[])>with<DynamicJaxprTrace>
2025-12-03 17:45:39,334 - HFDS_Heisenberg.Gutzwiller_MF_Init - INFO - MF energy Initialize orbitals: Traced<ShapedArray(float64[])>with<DynamicJaxprTrace>
2025-12-03 17:45:39,335 - HFDS_Heisenberg.Gutzwiller_MF_Init - INFO - Finished updating Gutzwiller MF orbitals.
2025-12-03 17:46:25,640 - __main__ - INFO - VMC optimization finished.
  0%|          | 0/3 [00:00<?, ?it/s]  0%|          | 0/3 [00:23<?, ?it/s, Energy=-16.18+0.27j ± 0.33 [σ²=2.8e+01, R̂=1.225]]  0%|          | 0/3 [00:23<?, ?it/s, Energy=-17.74+0.53j ± 0.55 [σ²=1.8e+02, R̂=1.225]] 33%|███▎      | 1/3 [00:23<00:47, 23.70s/it, Energy=-17.74+0.53j ± 0.55 [σ²=1.8e+02, R̂=1.225]] 33%|███▎      | 1/3 [00:46<00:47, 23.70s/it, Energy=-21.91-0.32j ± 0.52 [σ²=6.5e+01, R̂=1.225]] 67%|██████▋   | 2/3 [00:46<00:23, 23.36s/it, Energy=-21.91-0.32j ± 0.52 [σ²=6.5e+01, R̂=1.225]]100%|██████████| 3/3 [00:46<00:00, 15.61s/it, Energy=-21.91-0.32j ± 0.52 [σ²=6.5e+01, R̂=1.225]]
2025-12-03 17:46:25,692 - __main__ - INFO - Starting post-simulation analysis.
2025-12-03 17:46:25,799 - HFDS_Heisenberg.HFDS_model_spin - INFO - Setting up HiddenFermion model.
2025-12-03 17:46:25,800 - HFDS_Heisenberg.HFDS_model_spin - INFO - HiddenFermion model setup complete.
2025-12-03 17:46:25,808 - HFDS_Heisenberg.Init_orbitals - INFO - Initializing Gutzwiller orbitals with h=0.040006421091966574, phi=0.11914997109472862
2025-12-03 17:46:25,898 - HFDS_Heisenberg.Gutzwiller_MF_Init - INFO - MF energy Initialize orbitals: Traced<ShapedArray(float64[])>with<DynamicJaxprTrace>
2025-12-03 17:46:25,987 - HFDS_Heisenberg.Gutzwiller_MF_Init - INFO - MF energy Initialize orbitals: Traced<ShapedArray(float64[])>with<DynamicJaxprTrace>
2025-12-03 17:46:25,988 - HFDS_Heisenberg.Gutzwiller_MF_Init - INFO - Finished updating Gutzwiller MF orbitals.
2025-12-03 17:46:26,698 - HFDS_Heisenberg.HFDS_model_spin - INFO - Setting up HiddenFermion model.
2025-12-03 17:46:26,699 - HFDS_Heisenberg.HFDS_model_spin - INFO - HiddenFermion model setup complete.
2025-12-03 17:46:26,704 - HFDS_Heisenberg.Init_orbitals - INFO - Initializing Gutzwiller orbitals with h=0.040006421091966574, phi=0.11914997109472862
2025-12-03 17:46:26,807 - HFDS_Heisenberg.Gutzwiller_MF_Init - INFO - MF energy Initialize orbitals: Traced<ShapedArray(float64[])>with<DynamicJaxprTrace>
2025-12-03 17:46:26,910 - HFDS_Heisenberg.Gutzwiller_MF_Init - INFO - MF energy Initialize orbitals: Traced<ShapedArray(float64[])>with<DynamicJaxprTrace>
2025-12-03 17:46:26,911 - HFDS_Heisenberg.Gutzwiller_MF_Init - INFO - Finished updating Gutzwiller MF orbitals.
2025-12-03 17:46:26,994 - HFDS_Heisenberg.HFDS_model_spin - INFO - Setting up HiddenFermion model.
2025-12-03 17:46:26,995 - HFDS_Heisenberg.HFDS_model_spin - INFO - HiddenFermion model setup complete.
2025-12-03 17:46:27,000 - HFDS_Heisenberg.Init_orbitals - INFO - Initializing Gutzwiller orbitals with h=0.040006421091966574, phi=0.11914997109472862
2025-12-03 17:46:27,102 - HFDS_Heisenberg.Gutzwiller_MF_Init - INFO - MF energy Initialize orbitals: Traced<ShapedArray(float64[])>with<DynamicJaxprTrace>
2025-12-03 17:46:27,204 - HFDS_Heisenberg.Gutzwiller_MF_Init - INFO - MF energy Initialize orbitals: Traced<ShapedArray(float64[])>with<DynamicJaxprTrace>
2025-12-03 17:46:27,205 - HFDS_Heisenberg.Gutzwiller_MF_Init - INFO - Finished updating Gutzwiller MF orbitals.
2025-12-03 17:46:49,164 - HFDS_Heisenberg.HFDS_model_spin - INFO - Setting up HiddenFermion model.
2025-12-03 17:46:49,165 - HFDS_Heisenberg.HFDS_model_spin - INFO - HiddenFermion model setup complete.
2025-12-03 17:46:49,170 - HFDS_Heisenberg.Init_orbitals - INFO - Initializing Gutzwiller orbitals with h=0.040006421091966574, phi=0.11914997109472862
2025-12-03 17:46:49,269 - HFDS_Heisenberg.Gutzwiller_MF_Init - INFO - MF energy Initialize orbitals: Traced<ShapedArray(float64[])>with<DynamicJaxprTrace>
2025-12-03 17:46:49,368 - HFDS_Heisenberg.Gutzwiller_MF_Init - INFO - MF energy Initialize orbitals: Traced<ShapedArray(float64[])>with<DynamicJaxprTrace>
2025-12-03 17:46:49,369 - HFDS_Heisenberg.Gutzwiller_MF_Init - INFO - Finished updating Gutzwiller MF orbitals.
2025-12-03 17:46:49,911 - HFDS_Heisenberg.HFDS_model_spin - INFO - Setting up HiddenFermion model.
2025-12-03 17:46:49,911 - HFDS_Heisenberg.HFDS_model_spin - INFO - HiddenFermion model setup complete.
2025-12-03 17:46:49,917 - HFDS_Heisenberg.Init_orbitals - INFO - Initializing Gutzwiller orbitals with h=0.040006421091966574, phi=0.11914997109472862
2025-12-03 17:46:50,015 - HFDS_Heisenberg.Gutzwiller_MF_Init - INFO - MF energy Initialize orbitals: Traced<ShapedArray(float64[])>with<DynamicJaxprTrace>
2025-12-03 17:46:50,114 - HFDS_Heisenberg.Gutzwiller_MF_Init - INFO - MF energy Initialize orbitals: Traced<ShapedArray(float64[])>with<DynamicJaxprTrace>
2025-12-03 17:46:50,115 - HFDS_Heisenberg.Gutzwiller_MF_Init - INFO - Finished updating Gutzwiller MF orbitals.
2025-12-03 17:47:30,572 - HFDS_Heisenberg.HFDS_model_spin - INFO - Setting up HiddenFermion model.
2025-12-03 17:47:30,573 - HFDS_Heisenberg.HFDS_model_spin - INFO - HiddenFermion model setup complete.
2025-12-03 17:47:30,578 - HFDS_Heisenberg.Init_orbitals - INFO - Initializing Gutzwiller orbitals with h=0.040006421091966574, phi=0.11914997109472862
2025-12-03 17:47:30,765 - HFDS_Heisenberg.Gutzwiller_MF_Init - INFO - MF energy Initialize orbitals: Traced<ShapedArray(float64[])>with<DynamicJaxprTrace>
2025-12-03 17:47:30,924 - HFDS_Heisenberg.Gutzwiller_MF_Init - INFO - MF energy Initialize orbitals: Traced<ShapedArray(float64[])>with<DynamicJaxprTrace>
2025-12-03 17:47:30,925 - HFDS_Heisenberg.Gutzwiller_MF_Init - INFO - Finished updating Gutzwiller MF orbitals.
2025-12-03 17:47:31,864 - HFDS_Heisenberg.HFDS_model_spin - INFO - Setting up HiddenFermion model.
2025-12-03 17:47:31,865 - HFDS_Heisenberg.HFDS_model_spin - INFO - HiddenFermion model setup complete.
2025-12-03 17:47:31,870 - HFDS_Heisenberg.Init_orbitals - INFO - Initializing Gutzwiller orbitals with h=0.040006421091966574, phi=0.11914997109472862
2025-12-03 17:47:31,969 - HFDS_Heisenberg.Gutzwiller_MF_Init - INFO - MF energy Initialize orbitals: Traced<ShapedArray(float64[])>with<DynamicJaxprTrace>
2025-12-03 17:47:32,068 - HFDS_Heisenberg.Gutzwiller_MF_Init - INFO - MF energy Initialize orbitals: Traced<ShapedArray(float64[])>with<DynamicJaxprTrace>
2025-12-03 17:47:32,069 - HFDS_Heisenberg.Gutzwiller_MF_Init - INFO - Finished updating Gutzwiller MF orbitals.
2025-12-03 17:47:32,110 - HFDS_Heisenberg.HFDS_model_spin - INFO - Setting up HiddenFermion model.
2025-12-03 17:47:32,110 - HFDS_Heisenberg.HFDS_model_spin - INFO - HiddenFermion model setup complete.
2025-12-03 17:47:32,115 - HFDS_Heisenberg.Init_orbitals - INFO - Initializing Gutzwiller orbitals with h=0.040006421091966574, phi=0.11914997109472862
2025-12-03 17:47:32,213 - HFDS_Heisenberg.Gutzwiller_MF_Init - INFO - MF energy Initialize orbitals: Traced<ShapedArray(float64[])>with<DynamicJaxprTrace>
2025-12-03 17:47:32,312 - HFDS_Heisenberg.Gutzwiller_MF_Init - INFO - MF energy Initialize orbitals: Traced<ShapedArray(float64[])>with<DynamicJaxprTrace>
2025-12-03 17:47:32,312 - HFDS_Heisenberg.Gutzwiller_MF_Init - INFO - Finished updating Gutzwiller MF orbitals.
2025-12-03 17:47:32,912 - HFDS_Heisenberg.HFDS_model_spin - INFO - Setting up HiddenFermion model.
2025-12-03 17:47:32,913 - HFDS_Heisenberg.HFDS_model_spin - INFO - HiddenFermion model setup complete.
2025-12-03 17:47:32,918 - HFDS_Heisenberg.Init_orbitals - INFO - Initializing Gutzwiller orbitals with h=0.040006421091966574, phi=0.11914997109472862
2025-12-03 17:47:33,072 - HFDS_Heisenberg.Gutzwiller_MF_Init - INFO - MF energy Initialize orbitals: Traced<ShapedArray(float64[])>with<DynamicJaxprTrace>
2025-12-03 17:47:33,223 - HFDS_Heisenberg.Gutzwiller_MF_Init - INFO - MF energy Initialize orbitals: Traced<ShapedArray(float64[])>with<DynamicJaxprTrace>
2025-12-03 17:47:33,224 - HFDS_Heisenberg.Gutzwiller_MF_Init - INFO - Finished updating Gutzwiller MF orbitals.
2025-12-03 17:47:34,518 - HFDS_Heisenberg.HFDS_model_spin - INFO - Setting up HiddenFermion model.
2025-12-03 17:47:34,520 - HFDS_Heisenberg.HFDS_model_spin - INFO - HiddenFermion model setup complete.
2025-12-03 17:47:34,527 - HFDS_Heisenberg.Init_orbitals - INFO - Initializing Gutzwiller orbitals with h=0.040006421091966574, phi=0.11914997109472862
2025-12-03 17:47:35,236 - HFDS_Heisenberg.Gutzwiller_MF_Init - INFO - MF energy Initialize orbitals: Traced<ShapedArray(float64[])>with<DynamicJaxprTrace>
2025-12-03 17:47:35,362 - HFDS_Heisenberg.Gutzwiller_MF_Init - INFO - MF energy Initialize orbitals: Traced<ShapedArray(float64[])>with<DynamicJaxprTrace>
2025-12-03 17:47:35,363 - HFDS_Heisenberg.Gutzwiller_MF_Init - INFO - Finished updating Gutzwiller MF orbitals.
2025-12-03 17:47:38,233 - HFDS_Heisenberg.HFDS_model_spin - INFO - Setting up HiddenFermion model.
2025-12-03 17:47:38,234 - HFDS_Heisenberg.HFDS_model_spin - INFO - HiddenFermion model setup complete.
2025-12-03 17:47:38,239 - HFDS_Heisenberg.Init_orbitals - INFO - Initializing Gutzwiller orbitals with h=0.040006421091966574, phi=0.11914997109472862
2025-12-03 17:47:38,373 - HFDS_Heisenberg.Gutzwiller_MF_Init - INFO - MF energy Initialize orbitals: Traced<ShapedArray(float64[])>with<DynamicJaxprTrace>
2025-12-03 17:47:38,506 - HFDS_Heisenberg.Gutzwiller_MF_Init - INFO - MF energy Initialize orbitals: Traced<ShapedArray(float64[])>with<DynamicJaxprTrace>
2025-12-03 17:47:38,507 - HFDS_Heisenberg.Gutzwiller_MF_Init - INFO - Finished updating Gutzwiller MF orbitals.
/cluster/home/fconoscenti/Thesis_QSL/Elaborate/Plotting/Sign_vs_iteration.py:352: UserWarning: This figure includes Axes that are not compatible with tight_layout, so results might be incorrect.
  plt.tight_layout(rect=[0, 0, 0.80, 1])  # leave room on the right for our insets
2025-12-03 17:47:56,844 - __main__ - INFO - Analysis variables saved to pickle file.
2025-12-03 17:47:56,844 - __main__ - INFO - Script finished successfully.
