--- Obtaining DMRG ground state and generating samples ---
--- Loading pre-trained DMRG state from DMRG/trained_models/dmrg_L4_J2_0.5.pkl.gz ---
--- DMRG state loaded. ---

--- Starting NetKet RBM Calculation ---
Automatic SR implementation choice:  QGT
  0%|          | 0/1 [00:00<?, ?it/s]  0%|          | 0/1 [00:15<?, ?it/s, Energy=11.9978-0.0014j ± 0.0039 [σ²=1.3e-02, R̂=1.013]]100%|██████████| 1/1 [00:00<00:00, 13.66it/s, Energy=11.9978-0.0014j ± 0.0039 [σ²=1.3e-02, R̂=1.013]]
Final RBM Energy: 11.997799
Final RBM Energy per site: 0.749862
--- NetKet RBM Calculation Finished ---

=========================
Running for n_samples = 1024
=========================

--- Generating 1024 samples from DMRG wavefunction ---
--- Sampling complete ---

==================== Running for n_iter = 40 ====================

--- Starting NetKet RBM Calculation ---
--- Loading pre-trained RBM parameters from DMRG/trained_models/rbm_L4_J2_0.5_iter40_iter40.mpack ---
--- RBM parameters loaded. ---
--- NetKet RBM Calculation Finished ---
Amplitude Overlap (Full RBM vs DMRG): 0.193975
Amplitude Overlap (Sampled RBM vs DMRG, n=1024): 0.367545

==================== Running for n_iter = 50 ====================

--- Starting NetKet RBM Calculation ---
--- Loading pre-trained RBM parameters from DMRG/trained_models/rbm_L4_J2_0.5_iter50_iter50.mpack ---
--- RBM parameters loaded. ---
--- NetKet RBM Calculation Finished ---
Amplitude Overlap (Full RBM vs DMRG): 0.193019
Amplitude Overlap (Sampled RBM vs DMRG, n=1024): 0.297934

==================== Running for n_iter = 60 ====================

--- Starting NetKet RBM Calculation ---
--- Loading pre-trained RBM parameters from DMRG/trained_models/rbm_L4_J2_0.5_iter60_iter60.mpack ---
--- RBM parameters loaded. ---
--- NetKet RBM Calculation Finished ---
Amplitude Overlap (Full RBM vs DMRG): 0.215468
Amplitude Overlap (Sampled RBM vs DMRG, n=1024): 0.297387

==================== Running for n_iter = 80 ====================

--- Starting NetKet RBM Calculation ---
--- Loading pre-trained RBM parameters from DMRG/trained_models/rbm_L4_J2_0.5_iter80_iter80.mpack ---
--- RBM parameters loaded. ---
--- NetKet RBM Calculation Finished ---
Amplitude Overlap (Full RBM vs DMRG): 0.258240
Amplitude Overlap (Sampled RBM vs DMRG, n=1024): 0.294592

==================== Running for n_iter = 100 ====================

--- Starting NetKet RBM Calculation ---
--- Loading pre-trained RBM parameters from DMRG/trained_models/rbm_L4_J2_0.5_iter100_iter100.mpack ---
--- RBM parameters loaded. ---
--- NetKet RBM Calculation Finished ---
Amplitude Overlap (Full RBM vs DMRG): 0.303701
Amplitude Overlap (Sampled RBM vs DMRG, n=1024): 0.304651

==================== Running for n_iter = 120 ====================

--- Starting NetKet RBM Calculation ---
--- Loading pre-trained RBM parameters from DMRG/trained_models/rbm_L4_J2_0.5_iter120_iter120.mpack ---
--- RBM parameters loaded. ---
--- NetKet RBM Calculation Finished ---
Amplitude Overlap (Full RBM vs DMRG): 0.350846
Amplitude Overlap (Sampled RBM vs DMRG, n=1024): 0.326152

==================== Running for n_iter = 140 ====================

--- Starting NetKet RBM Calculation ---
--- Loading pre-trained RBM parameters from DMRG/trained_models/rbm_L4_J2_0.5_iter140_iter140.mpack ---
--- RBM parameters loaded. ---
--- NetKet RBM Calculation Finished ---
Amplitude Overlap (Full RBM vs DMRG): 0.398583
Amplitude Overlap (Sampled RBM vs DMRG, n=1024): 0.346659

==================== Running for n_iter = 160 ====================

--- Starting NetKet RBM Calculation ---
--- Loading pre-trained RBM parameters from DMRG/trained_models/rbm_L4_J2_0.5_iter160_iter160.mpack ---
--- RBM parameters loaded. ---
--- NetKet RBM Calculation Finished ---
Amplitude Overlap (Full RBM vs DMRG): 0.446501
Amplitude Overlap (Sampled RBM vs DMRG, n=1024): 0.380974

==================== Running for n_iter = 180 ====================

--- Starting NetKet RBM Calculation ---
--- Loading pre-trained RBM parameters from DMRG/trained_models/rbm_L4_J2_0.5_iter180_iter180.mpack ---
--- RBM parameters loaded. ---
--- NetKet RBM Calculation Finished ---
Amplitude Overlap (Full RBM vs DMRG): 0.477009
Amplitude Overlap (Sampled RBM vs DMRG, n=1024): 0.391750

==================== Running for n_iter = 200 ====================

--- Starting NetKet RBM Calculation ---
--- Loading pre-trained RBM parameters from DMRG/trained_models/rbm_L4_J2_0.5_iter200_iter200.mpack ---
--- RBM parameters loaded. ---
--- NetKet RBM Calculation Finished ---
Amplitude Overlap (Full RBM vs DMRG): 0.505443
Amplitude Overlap (Sampled RBM vs DMRG, n=1024): 0.401268

==================== Running for n_iter = 300 ====================

--- Starting NetKet RBM Calculation ---
--- Loading pre-trained RBM parameters from DMRG/trained_models/rbm_L4_J2_0.5_iter300_iter300.mpack ---
--- RBM parameters loaded. ---
--- NetKet RBM Calculation Finished ---
Amplitude Overlap (Full RBM vs DMRG): 0.622933
Amplitude Overlap (Sampled RBM vs DMRG, n=1024): 0.724954

==================== Running for n_iter = 400 ====================

--- Starting NetKet RBM Calculation ---
--- Loading pre-trained RBM parameters from DMRG/trained_models/rbm_L4_J2_0.5_iter400_iter400.mpack ---
--- RBM parameters loaded. ---
--- NetKet RBM Calculation Finished ---
Amplitude Overlap (Full RBM vs DMRG): 0.736027
Amplitude Overlap (Sampled RBM vs DMRG, n=1024): 0.879470

==================== Running for n_iter = 500 ====================

--- Starting NetKet RBM Calculation ---
--- Loading pre-trained RBM parameters from DMRG/trained_models/rbm_L4_J2_0.5_iter500_iter500.mpack ---
--- RBM parameters loaded. ---
--- NetKet RBM Calculation Finished ---
Amplitude Overlap (Full RBM vs DMRG): 0.767314
Amplitude Overlap (Sampled RBM vs DMRG, n=1024): 0.911994

==================== Running for n_iter = 700 ====================

--- Starting NetKet RBM Calculation ---
--- Loading pre-trained RBM parameters from DMRG/trained_models/rbm_L4_J2_0.5_iter700_iter700.mpack ---
--- RBM parameters loaded. ---
--- NetKet RBM Calculation Finished ---
Amplitude Overlap (Full RBM vs DMRG): 0.800668
Amplitude Overlap (Sampled RBM vs DMRG, n=1024): 0.935101

==================== Running for n_iter = 1000 ====================

--- Starting NetKet RBM Calculation ---
--- Loading pre-trained RBM parameters from DMRG/trained_models/rbm_L4_J2_0.5_iter1000_iter1000.mpack ---
--- RBM parameters loaded. ---
--- NetKet RBM Calculation Finished ---
Amplitude Overlap (Full RBM vs DMRG): 0.810715
Amplitude Overlap (Sampled RBM vs DMRG, n=1024): 0.930891

=========================
Running for n_samples = 2048
=========================

--- Generating 2048 samples from DMRG wavefunction ---
--- Sampling complete ---

==================== Running for n_iter = 40 ====================

--- Starting NetKet RBM Calculation ---
--- Loading pre-trained RBM parameters from DMRG/trained_models/rbm_L4_J2_0.5_iter40_iter40.mpack ---
--- RBM parameters loaded. ---
--- NetKet RBM Calculation Finished ---
Amplitude Overlap (Sampled RBM vs DMRG, n=2048): 0.385302

==================== Running for n_iter = 50 ====================

--- Starting NetKet RBM Calculation ---
--- Loading pre-trained RBM parameters from DMRG/trained_models/rbm_L4_J2_0.5_iter50_iter50.mpack ---
--- RBM parameters loaded. ---
--- NetKet RBM Calculation Finished ---
Amplitude Overlap (Sampled RBM vs DMRG, n=2048): 0.318928

==================== Running for n_iter = 60 ====================

--- Starting NetKet RBM Calculation ---
--- Loading pre-trained RBM parameters from DMRG/trained_models/rbm_L4_J2_0.5_iter60_iter60.mpack ---
--- RBM parameters loaded. ---
--- NetKet RBM Calculation Finished ---
Amplitude Overlap (Sampled RBM vs DMRG, n=2048): 0.317611

==================== Running for n_iter = 80 ====================

--- Starting NetKet RBM Calculation ---
--- Loading pre-trained RBM parameters from DMRG/trained_models/rbm_L4_J2_0.5_iter80_iter80.mpack ---
--- RBM parameters loaded. ---
--- NetKet RBM Calculation Finished ---
Amplitude Overlap (Sampled RBM vs DMRG, n=2048): 0.310085

==================== Running for n_iter = 100 ====================

--- Starting NetKet RBM Calculation ---
--- Loading pre-trained RBM parameters from DMRG/trained_models/rbm_L4_J2_0.5_iter100_iter100.mpack ---
--- RBM parameters loaded. ---
--- NetKet RBM Calculation Finished ---
Amplitude Overlap (Sampled RBM vs DMRG, n=2048): 0.313962

==================== Running for n_iter = 120 ====================

--- Starting NetKet RBM Calculation ---
--- Loading pre-trained RBM parameters from DMRG/trained_models/rbm_L4_J2_0.5_iter120_iter120.mpack ---
--- RBM parameters loaded. ---
--- NetKet RBM Calculation Finished ---
Amplitude Overlap (Sampled RBM vs DMRG, n=2048): 0.327979

==================== Running for n_iter = 140 ====================

--- Starting NetKet RBM Calculation ---
--- Loading pre-trained RBM parameters from DMRG/trained_models/rbm_L4_J2_0.5_iter140_iter140.mpack ---
--- RBM parameters loaded. ---
--- NetKet RBM Calculation Finished ---
Amplitude Overlap (Sampled RBM vs DMRG, n=2048): 0.346029

==================== Running for n_iter = 160 ====================

--- Starting NetKet RBM Calculation ---
--- Loading pre-trained RBM parameters from DMRG/trained_models/rbm_L4_J2_0.5_iter160_iter160.mpack ---
--- RBM parameters loaded. ---
--- NetKet RBM Calculation Finished ---
Amplitude Overlap (Sampled RBM vs DMRG, n=2048): 0.378615

==================== Running for n_iter = 180 ====================

--- Starting NetKet RBM Calculation ---
--- Loading pre-trained RBM parameters from DMRG/trained_models/rbm_L4_J2_0.5_iter180_iter180.mpack ---
--- RBM parameters loaded. ---
--- NetKet RBM Calculation Finished ---
Amplitude Overlap (Sampled RBM vs DMRG, n=2048): 0.391056

==================== Running for n_iter = 200 ====================

--- Starting NetKet RBM Calculation ---
--- Loading pre-trained RBM parameters from DMRG/trained_models/rbm_L4_J2_0.5_iter200_iter200.mpack ---
--- RBM parameters loaded. ---
--- NetKet RBM Calculation Finished ---
Amplitude Overlap (Sampled RBM vs DMRG, n=2048): 0.402268

==================== Running for n_iter = 300 ====================

--- Starting NetKet RBM Calculation ---
--- Loading pre-trained RBM parameters from DMRG/trained_models/rbm_L4_J2_0.5_iter300_iter300.mpack ---
--- RBM parameters loaded. ---
--- NetKet RBM Calculation Finished ---
Amplitude Overlap (Sampled RBM vs DMRG, n=2048): 0.698052

==================== Running for n_iter = 400 ====================

--- Starting NetKet RBM Calculation ---
--- Loading pre-trained RBM parameters from DMRG/trained_models/rbm_L4_J2_0.5_iter400_iter400.mpack ---
--- RBM parameters loaded. ---
--- NetKet RBM Calculation Finished ---
Amplitude Overlap (Sampled RBM vs DMRG, n=2048): 0.860944

==================== Running for n_iter = 500 ====================

--- Starting NetKet RBM Calculation ---
--- Loading pre-trained RBM parameters from DMRG/trained_models/rbm_L4_J2_0.5_iter500_iter500.mpack ---
--- RBM parameters loaded. ---
--- NetKet RBM Calculation Finished ---
Amplitude Overlap (Sampled RBM vs DMRG, n=2048): 0.896685

==================== Running for n_iter = 700 ====================

--- Starting NetKet RBM Calculation ---
--- Loading pre-trained RBM parameters from DMRG/trained_models/rbm_L4_J2_0.5_iter700_iter700.mpack ---
--- RBM parameters loaded. ---
--- NetKet RBM Calculation Finished ---
Amplitude Overlap (Sampled RBM vs DMRG, n=2048): 0.926311

==================== Running for n_iter = 1000 ====================

--- Starting NetKet RBM Calculation ---
--- Loading pre-trained RBM parameters from DMRG/trained_models/rbm_L4_J2_0.5_iter1000_iter1000.mpack ---
--- RBM parameters loaded. ---
--- NetKet RBM Calculation Finished ---
Amplitude Overlap (Sampled RBM vs DMRG, n=2048): 0.921249

=========================
Running for n_samples = 4096
=========================

--- Generating 4096 samples from DMRG wavefunction ---
--- Sampling complete ---

==================== Running for n_iter = 40 ====================

--- Starting NetKet RBM Calculation ---
--- Loading pre-trained RBM parameters from DMRG/trained_models/rbm_L4_J2_0.5_iter40_iter40.mpack ---
--- RBM parameters loaded. ---
--- NetKet RBM Calculation Finished ---
Amplitude Overlap (Sampled RBM vs DMRG, n=4096): 0.376619

==================== Running for n_iter = 50 ====================

--- Starting NetKet RBM Calculation ---
--- Loading pre-trained RBM parameters from DMRG/trained_models/rbm_L4_J2_0.5_iter50_iter50.mpack ---
--- RBM parameters loaded. ---
--- NetKet RBM Calculation Finished ---
Amplitude Overlap (Sampled RBM vs DMRG, n=4096): 0.315889

==================== Running for n_iter = 60 ====================

--- Starting NetKet RBM Calculation ---
--- Loading pre-trained RBM parameters from DMRG/trained_models/rbm_L4_J2_0.5_iter60_iter60.mpack ---
--- RBM parameters loaded. ---
--- NetKet RBM Calculation Finished ---
Amplitude Overlap (Sampled RBM vs DMRG, n=4096): 0.313248

==================== Running for n_iter = 80 ====================

--- Starting NetKet RBM Calculation ---
--- Loading pre-trained RBM parameters from DMRG/trained_models/rbm_L4_J2_0.5_iter80_iter80.mpack ---
--- RBM parameters loaded. ---
--- NetKet RBM Calculation Finished ---
Amplitude Overlap (Sampled RBM vs DMRG, n=4096): 0.307440

==================== Running for n_iter = 100 ====================

--- Starting NetKet RBM Calculation ---
--- Loading pre-trained RBM parameters from DMRG/trained_models/rbm_L4_J2_0.5_iter100_iter100.mpack ---
--- RBM parameters loaded. ---
--- NetKet RBM Calculation Finished ---
Amplitude Overlap (Sampled RBM vs DMRG, n=4096): 0.314178

==================== Running for n_iter = 120 ====================

--- Starting NetKet RBM Calculation ---
--- Loading pre-trained RBM parameters from DMRG/trained_models/rbm_L4_J2_0.5_iter120_iter120.mpack ---
--- RBM parameters loaded. ---
--- NetKet RBM Calculation Finished ---
Amplitude Overlap (Sampled RBM vs DMRG, n=4096): 0.330690

==================== Running for n_iter = 140 ====================

--- Starting NetKet RBM Calculation ---
--- Loading pre-trained RBM parameters from DMRG/trained_models/rbm_L4_J2_0.5_iter140_iter140.mpack ---
--- RBM parameters loaded. ---
--- NetKet RBM Calculation Finished ---
Amplitude Overlap (Sampled RBM vs DMRG, n=4096): 0.351071

==================== Running for n_iter = 160 ====================

--- Starting NetKet RBM Calculation ---
--- Loading pre-trained RBM parameters from DMRG/trained_models/rbm_L4_J2_0.5_iter160_iter160.mpack ---
--- RBM parameters loaded. ---
--- NetKet RBM Calculation Finished ---
Amplitude Overlap (Sampled RBM vs DMRG, n=4096): 0.385674

==================== Running for n_iter = 180 ====================

--- Starting NetKet RBM Calculation ---
--- Loading pre-trained RBM parameters from DMRG/trained_models/rbm_L4_J2_0.5_iter180_iter180.mpack ---
--- RBM parameters loaded. ---
--- NetKet RBM Calculation Finished ---
Amplitude Overlap (Sampled RBM vs DMRG, n=4096): 0.399354

==================== Running for n_iter = 200 ====================

--- Starting NetKet RBM Calculation ---
--- Loading pre-trained RBM parameters from DMRG/trained_models/rbm_L4_J2_0.5_iter200_iter200.mpack ---
--- RBM parameters loaded. ---
--- NetKet RBM Calculation Finished ---
Amplitude Overlap (Sampled RBM vs DMRG, n=4096): 0.411093

==================== Running for n_iter = 300 ====================

--- Starting NetKet RBM Calculation ---
--- Loading pre-trained RBM parameters from DMRG/trained_models/rbm_L4_J2_0.5_iter300_iter300.mpack ---
--- RBM parameters loaded. ---
--- NetKet RBM Calculation Finished ---
Amplitude Overlap (Sampled RBM vs DMRG, n=4096): 0.704329

==================== Running for n_iter = 400 ====================

--- Starting NetKet RBM Calculation ---
--- Loading pre-trained RBM parameters from DMRG/trained_models/rbm_L4_J2_0.5_iter400_iter400.mpack ---
--- RBM parameters loaded. ---
--- NetKet RBM Calculation Finished ---
Amplitude Overlap (Sampled RBM vs DMRG, n=4096): 0.867398

==================== Running for n_iter = 500 ====================

--- Starting NetKet RBM Calculation ---
--- Loading pre-trained RBM parameters from DMRG/trained_models/rbm_L4_J2_0.5_iter500_iter500.mpack ---
--- RBM parameters loaded. ---
--- NetKet RBM Calculation Finished ---
Amplitude Overlap (Sampled RBM vs DMRG, n=4096): 0.899415

==================== Running for n_iter = 700 ====================

--- Starting NetKet RBM Calculation ---
--- Loading pre-trained RBM parameters from DMRG/trained_models/rbm_L4_J2_0.5_iter700_iter700.mpack ---
--- RBM parameters loaded. ---
--- NetKet RBM Calculation Finished ---
Amplitude Overlap (Sampled RBM vs DMRG, n=4096): 0.927657

==================== Running for n_iter = 1000 ====================

--- Starting NetKet RBM Calculation ---
--- Loading pre-trained RBM parameters from DMRG/trained_models/rbm_L4_J2_0.5_iter1000_iter1000.mpack ---
--- RBM parameters loaded. ---
--- NetKet RBM Calculation Finished ---
Amplitude Overlap (Sampled RBM vs DMRG, n=4096): 0.923802

✅ Final amplitude overlap plot saved to DMRG/plot/Amp_Overlap_vs_Iterations/amp_overlap_vs_n_iter_L4_J2_0.5_multisample.png
