2025-12-03 17:43:55,204 - __main__ - INFO - Parsing command-line arguments.
2025-12-03 17:43:55,204 - __main__ - INFO - J2 coupling parameter set to: 0.0
2025-12-03 17:43:55,204 - __main__ - INFO - Physical and model parameters set.
2025-12-03 17:43:55,204 - __main__ - INFO - Script starting execution.
2025-12-03 17:43:55,241 - __main__ - INFO - Output will be saved to: HFDS_Heisenberg/plot/spin_new/layers1_hidd1_feat1_sample256_lr0.025_iter3_parityTrue_rotTrue_InitG_MF_typecomplex/J=0.0/seed_1
2025-12-03 17:43:55,378 - __main__ - INFO - Hilbert space created.
2025-12-03 17:43:55,400 - __main__ - INFO - Hamiltonian created.
2025-12-03 17:44:01,386 - __main__ - INFO - Exact ground state calculated.
2025-12-03 17:44:01,386 - __main__ - INFO - Starting Gutzwiller parameter optimization before VMC.
2025-12-03 17:44:01,386 - HFDS_Heisenberg.Optimized_Gutwiller_MF_Init - INFO - Starting optimization of Gutzwiller parameters.
2025-12-03 17:44:01,741 - HFDS_Heisenberg.Gutzwiller_MF_Init - INFO - MF energy Initialize orbitals: Traced<ShapedArray(float64[])>with<DynamicJaxprTrace>
2025-12-03 17:44:01,895 - HFDS_Heisenberg.Gutzwiller_MF_Init - INFO - MF energy Initialize orbitals: Traced<ShapedArray(float64[])>with<DynamicJaxprTrace>
2025-12-03 17:44:01,897 - HFDS_Heisenberg.Gutzwiller_MF_Init - INFO - Finished updating Gutzwiller MF orbitals.
2025-12-03 17:44:02,236 - HFDS_Heisenberg.Gutzwiller_MF_Init - INFO - MF energy Initialize orbitals: Traced<ShapedArray(float64[])>with<DynamicJaxprTrace>
2025-12-03 17:44:02,391 - HFDS_Heisenberg.Gutzwiller_MF_Init - INFO - MF energy Initialize orbitals: Traced<ShapedArray(float64[])>with<DynamicJaxprTrace>
2025-12-03 17:44:02,392 - HFDS_Heisenberg.Gutzwiller_MF_Init - INFO - Finished updating Gutzwiller MF orbitals.
2025-12-03 17:44:02,629 - HFDS_Heisenberg.Optimized_Gutwiller_MF_Init - INFO - Running Gutzwiller optimization for 2 iterations.
2025-12-03 17:44:02,948 - HFDS_Heisenberg.Gutzwiller_MF_Init - INFO - MF energy Initialize orbitals: Traced<ShapedArray(float64[])>with<DynamicJaxprTrace>
2025-12-03 17:44:03,103 - HFDS_Heisenberg.Gutzwiller_MF_Init - INFO - MF energy Initialize orbitals: Traced<ShapedArray(float64[])>with<DynamicJaxprTrace>
2025-12-03 17:44:03,104 - HFDS_Heisenberg.Gutzwiller_MF_Init - INFO - Finished updating Gutzwiller MF orbitals.
2025-12-03 17:44:04,397 - HFDS_Heisenberg.Gutzwiller_MF_Init - INFO - MF energy Initialize orbitals: Traced<ShapedArray(float64[])>with<DynamicJaxprTrace>
2025-12-03 17:44:04,613 - HFDS_Heisenberg.Gutzwiller_MF_Init - INFO - MF energy Initialize orbitals: Traced<ShapedArray(float64[])>with<DynamicJaxprTrace>
2025-12-03 17:44:04,614 - HFDS_Heisenberg.Gutzwiller_MF_Init - INFO - Finished updating Gutzwiller MF orbitals.
2025-12-03 17:44:09,662 - HFDS_Heisenberg.Gutzwiller_MF_Init - INFO - MF energy Initialize orbitals: Traced<ShapedArray(float64[])>with<DynamicJaxprTrace>
2025-12-03 17:44:09,886 - HFDS_Heisenberg.Gutzwiller_MF_Init - INFO - MF energy Initialize orbitals: Traced<ShapedArray(float64[])>with<DynamicJaxprTrace>
2025-12-03 17:44:09,887 - HFDS_Heisenberg.Gutzwiller_MF_Init - INFO - Finished updating Gutzwiller MF orbitals.
2025-12-03 17:44:15,216 - HFDS_Heisenberg.Gutzwiller_MF_Init - INFO - MF energy Initialize orbitals: Traced<ShapedArray(float64[])>with<DynamicJaxprTrace>
2025-12-03 17:44:15,372 - HFDS_Heisenberg.Gutzwiller_MF_Init - INFO - MF energy Initialize orbitals: Traced<ShapedArray(float64[])>with<DynamicJaxprTrace>
2025-12-03 17:44:15,372 - HFDS_Heisenberg.Gutzwiller_MF_Init - INFO - Finished updating Gutzwiller MF orbitals.
2025-12-03 17:44:15,552 - HFDS_Heisenberg.Gutzwiller_MF_Init - INFO - MF energy Initialize orbitals: Traced<ShapedArray(float64[])>with<DynamicJaxprTrace>
2025-12-03 17:44:15,707 - HFDS_Heisenberg.Gutzwiller_MF_Init - INFO - MF energy Initialize orbitals: Traced<ShapedArray(float64[])>with<DynamicJaxprTrace>
2025-12-03 17:44:15,708 - HFDS_Heisenberg.Gutzwiller_MF_Init - INFO - Finished updating Gutzwiller MF orbitals.
2025-12-03 17:44:15,928 - HFDS_Heisenberg.Gutzwiller_MF_Init - INFO - MF energy Initialize orbitals: Traced<ShapedArray(float64[])>with<DynamicJaxprTrace>
2025-12-03 17:44:16,084 - HFDS_Heisenberg.Gutzwiller_MF_Init - INFO - MF energy Initialize orbitals: Traced<ShapedArray(float64[])>with<DynamicJaxprTrace>
2025-12-03 17:44:16,085 - HFDS_Heisenberg.Gutzwiller_MF_Init - INFO - Finished updating Gutzwiller MF orbitals.
2025-12-03 17:44:16,686 - HFDS_Heisenberg.Gutzwiller_MF_Init - INFO - MF energy Initialize orbitals: Traced<ShapedArray(float64[])>with<JVPTrace> with
  primal = Traced<ShapedArray(float64[])>with<DynamicJaxprTrace>
  tangent = Traced<ShapedArray(float64[])>with<JaxprTrace> with
    pval = (ShapedArray(float64[]), None)
    recipe = JaxprEqnRecipe(eqn_id=<object object at 0x14761577bdb0>, in_tracers=(Traced<ShapedArray(float64[]):JaxprTrace>,), out_tracer_refs=[<weakref at 0x14761541e930; to 'JaxprTracer' at 0x14761541fba0>], out_avals=[ShapedArray(float64[])], primitive=pjit, params={'jaxpr': { lambda ; a:f64[]. let  in (a,) }, 'in_shardings': (UnspecifiedValue,), 'out_shardings': (UnspecifiedValue,), 'in_layouts': (None,), 'out_layouts': (None,), 'donated_invars': (False,), 'ctx_mesh': None, 'name': 'add', 'keep_unused': False, 'inline': True, 'compiler_options_kvs': ()}, effects=set(), source_info=<jax._src.source_info_util.SourceInfo object at 0x147615428f10>, ctx=JaxprEqnContext(compute_type=None, threefry_partitionable=True, cur_abstract_mesh=AbstractMesh((), axis_types=()), xla_metadata=None))
2025-12-03 17:44:17,051 - HFDS_Heisenberg.Gutzwiller_MF_Init - INFO - MF energy Initialize orbitals: Traced<ShapedArray(float64[])>with<JVPTrace> with
  primal = Traced<ShapedArray(float64[])>with<DynamicJaxprTrace>
  tangent = Traced<ShapedArray(float64[])>with<JaxprTrace> with
    pval = (ShapedArray(float64[]), None)
    recipe = JaxprEqnRecipe(eqn_id=<object object at 0x1476153cc790>, in_tracers=(Traced<ShapedArray(float64[]):JaxprTrace>,), out_tracer_refs=[<weakref at 0x1476153de340; to 'JaxprTracer' at 0x1476153ddb70>], out_avals=[ShapedArray(float64[])], primitive=pjit, params={'jaxpr': { lambda ; a:f64[]. let  in (a,) }, 'in_shardings': (UnspecifiedValue,), 'out_shardings': (UnspecifiedValue,), 'in_layouts': (None,), 'out_layouts': (None,), 'donated_invars': (False,), 'ctx_mesh': None, 'name': 'add', 'keep_unused': False, 'inline': True, 'compiler_options_kvs': ()}, effects=set(), source_info=<jax._src.source_info_util.SourceInfo object at 0x1476153d7100>, ctx=JaxprEqnContext(compute_type=None, threefry_partitionable=True, cur_abstract_mesh=AbstractMesh((), axis_types=()), xla_metadata=None))
2025-12-03 17:44:17,055 - HFDS_Heisenberg.Gutzwiller_MF_Init - INFO - Finished updating Gutzwiller MF orbitals.
2025-12-03 17:44:17,523 - HFDS_Heisenberg.Gutzwiller_MF_Init - INFO - MF energy Initialize orbitals: Traced<ShapedArray(float64[])>with<JVPTrace> with
  primal = Traced<ShapedArray(float64[])>with<DynamicJaxprTrace>
  tangent = Traced<ShapedArray(float64[])>with<JaxprTrace> with
    pval = (ShapedArray(float64[]), None)
    recipe = JaxprEqnRecipe(eqn_id=<object object at 0x147615112c80>, in_tracers=(Traced<ShapedArray(float64[]):JaxprTrace>,), out_tracer_refs=[<weakref at 0x147615624e50; to 'JaxprTracer' at 0x14761505cc70>], out_avals=[ShapedArray(float64[])], primitive=pjit, params={'jaxpr': { lambda ; a:f64[]. let  in (a,) }, 'in_shardings': (UnspecifiedValue,), 'out_shardings': (UnspecifiedValue,), 'in_layouts': (None,), 'out_layouts': (None,), 'donated_invars': (False,), 'ctx_mesh': None, 'name': 'add', 'keep_unused': False, 'inline': True, 'compiler_options_kvs': ()}, effects=set(), source_info=<jax._src.source_info_util.SourceInfo object at 0x14761506be20>, ctx=JaxprEqnContext(compute_type=None, threefry_partitionable=True, cur_abstract_mesh=AbstractMesh((), axis_types=()), xla_metadata=None))
2025-12-03 17:44:17,889 - HFDS_Heisenberg.Gutzwiller_MF_Init - INFO - MF energy Initialize orbitals: Traced<ShapedArray(float64[])>with<JVPTrace> with
  primal = Traced<ShapedArray(float64[])>with<DynamicJaxprTrace>
  tangent = Traced<ShapedArray(float64[])>with<JaxprTrace> with
    pval = (ShapedArray(float64[]), None)
    recipe = JaxprEqnRecipe(eqn_id=<object object at 0x147614fc36a0>, in_tracers=(Traced<ShapedArray(float64[]):JaxprTrace>,), out_tracer_refs=[<weakref at 0x147614e5a660; to 'JaxprTracer' at 0x147614e597b0>], out_avals=[ShapedArray(float64[])], primitive=pjit, params={'jaxpr': { lambda ; a:f64[]. let  in (a,) }, 'in_shardings': (UnspecifiedValue,), 'out_shardings': (UnspecifiedValue,), 'in_layouts': (None,), 'out_layouts': (None,), 'donated_invars': (False,), 'ctx_mesh': None, 'name': 'add', 'keep_unused': False, 'inline': True, 'compiler_options_kvs': ()}, effects=set(), source_info=<jax._src.source_info_util.SourceInfo object at 0x147614e6fbe0>, ctx=JaxprEqnContext(compute_type=None, threefry_partitionable=True, cur_abstract_mesh=AbstractMesh((), axis_types=()), xla_metadata=None))
2025-12-03 17:44:17,891 - HFDS_Heisenberg.Gutzwiller_MF_Init - INFO - Finished updating Gutzwiller MF orbitals.
2025-12-03 17:44:33,917 - HFDS_Heisenberg.Gutzwiller_MF_Init - INFO - MF energy Initialize orbitals: Traced<ShapedArray(float64[])>with<DynamicJaxprTrace>
2025-12-03 17:44:34,074 - HFDS_Heisenberg.Gutzwiller_MF_Init - INFO - MF energy Initialize orbitals: Traced<ShapedArray(float64[])>with<DynamicJaxprTrace>
2025-12-03 17:44:34,074 - HFDS_Heisenberg.Gutzwiller_MF_Init - INFO - Finished updating Gutzwiller MF orbitals.
2025-12-03 17:44:34,238 - HFDS_Heisenberg.Gutzwiller_MF_Init - INFO - MF energy Initialize orbitals: Traced<ShapedArray(float64[])>with<DynamicJaxprTrace>
2025-12-03 17:44:34,395 - HFDS_Heisenberg.Gutzwiller_MF_Init - INFO - MF energy Initialize orbitals: Traced<ShapedArray(float64[])>with<DynamicJaxprTrace>
2025-12-03 17:44:34,395 - HFDS_Heisenberg.Gutzwiller_MF_Init - INFO - Finished updating Gutzwiller MF orbitals.
2025-12-03 17:44:45,193 - HFDS_Heisenberg.Optimized_Gutwiller_MF_Init - INFO - Iteration 0: Mean Energy = -3538174596721660.5+1554991566285530.0j ± 661511901291252.0 [σ²=2.2e+32, R̂=1.409], Variance = -1.251867947688667e+31
2025-12-03 17:44:45,194 - HFDS_Heisenberg.Optimized_Gutwiller_MF_Init - INFO - Iteration 0: Gradients = {'h': Array(-6.15795949e+15, dtype=float64), 'phi': Array(4.8541343e+15, dtype=float64)}
2025-12-03 17:44:45,362 - HFDS_Heisenberg.Optimized_Gutwiller_MF_Init - INFO - Iteration 0: Updated params = {'h': Array(0.07, dtype=float64), 'phi': Array(0.09, dtype=float64)}
2025-12-03 17:44:59,426 - HFDS_Heisenberg.Optimized_Gutwiller_MF_Init - INFO - Iteration 1: Mean Energy = -3041388001383393.0+2476009908514740.0j ± 671271517681082.6 [σ²=2.3e+32, R̂=1.409], Variance = -9.25004097495903e+30
2025-12-03 17:44:59,426 - HFDS_Heisenberg.Optimized_Gutwiller_MF_Init - INFO - Iteration 1: Gradients = {'h': Array(-5.31830105e+15, dtype=float64), 'phi': Array(7.80167806e+15, dtype=float64)}
2025-12-03 17:44:59,428 - HFDS_Heisenberg.Optimized_Gutwiller_MF_Init - INFO - Iteration 1: Updated params = {'h': Array(0.0799353, dtype=float64), 'phi': Array(0.08014236, dtype=float64)}
2025-12-03 17:44:59,428 - HFDS_Heisenberg.Optimized_Gutwiller_MF_Init - INFO - Gutzwiller optimization finished. Final params: {'h': Array(0.06, dtype=float64), 'phi': Array(0.1, dtype=float64)}
2025-12-03 17:44:59,702 - HFDS_Heisenberg.Optimized_Gutwiller_MF_Init - INFO - Gutzwiller optimization plots saved in HFDS_Heisenberg/plot/spin_new/layers1_hidd1_feat1_sample256_lr0.025_iter3_parityTrue_rotTrue_InitG_MF_typecomplex/J=0.0/seed_1
2025-12-03 17:44:59,714 - __main__ - INFO - Gutzwiller optimization finished. Using h=0.07993529810284815, phi=0.08014236095928401
2025-12-03 17:44:59,714 - __main__ - INFO - HiddenFermion model initialized.
2025-12-03 17:44:59,725 - __main__ - INFO - MetropolisExchange sampler created.
2025-12-03 17:44:59,931 - HFDS_Heisenberg.HFDS_model_spin - INFO - Setting up HiddenFermion model.
2025-12-03 17:44:59,932 - HFDS_Heisenberg.HFDS_model_spin - INFO - HiddenFermion model setup complete.
2025-12-03 17:44:59,941 - HFDS_Heisenberg.Init_orbitals - INFO - Initializing Gutzwiller orbitals with h=0.07993529810284815, phi=0.08014236095928401
2025-12-03 17:45:00,130 - HFDS_Heisenberg.Gutzwiller_MF_Init - INFO - MF energy Initialize orbitals: Traced<ShapedArray(float64[])>with<DynamicJaxprTrace>
2025-12-03 17:45:00,310 - HFDS_Heisenberg.Gutzwiller_MF_Init - INFO - MF energy Initialize orbitals: Traced<ShapedArray(float64[])>with<DynamicJaxprTrace>
2025-12-03 17:45:00,311 - HFDS_Heisenberg.Gutzwiller_MF_Init - INFO - Finished updating Gutzwiller MF orbitals.
2025-12-03 17:45:01,796 - HFDS_Heisenberg.HFDS_model_spin - INFO - Setting up HiddenFermion model.
2025-12-03 17:45:01,797 - HFDS_Heisenberg.HFDS_model_spin - INFO - HiddenFermion model setup complete.
2025-12-03 17:45:01,807 - HFDS_Heisenberg.Init_orbitals - INFO - Initializing Gutzwiller orbitals with h=0.07993529810284815, phi=0.08014236095928401
2025-12-03 17:45:01,967 - HFDS_Heisenberg.Gutzwiller_MF_Init - INFO - MF energy Initialize orbitals: Traced<ShapedArray(float64[])>with<DynamicJaxprTrace>
2025-12-03 17:45:02,126 - HFDS_Heisenberg.Gutzwiller_MF_Init - INFO - MF energy Initialize orbitals: Traced<ShapedArray(float64[])>with<DynamicJaxprTrace>
2025-12-03 17:45:02,127 - HFDS_Heisenberg.Gutzwiller_MF_Init - INFO - Finished updating Gutzwiller MF orbitals.
2025-12-03 17:45:02,495 - __main__ - INFO - MCState (vstate) created.
2025-12-03 17:45:02,564 - __main__ - INFO - VMC_SR driver created.
2025-12-03 17:45:02,564 - __main__ - INFO - Starting VMC optimization for 3 iterations.
2025-12-03 17:45:02,589 - HFDS_Heisenberg.HFDS_model_spin - INFO - Setting up HiddenFermion model.
2025-12-03 17:45:02,591 - HFDS_Heisenberg.HFDS_model_spin - INFO - HiddenFermion model setup complete.
2025-12-03 17:45:02,604 - HFDS_Heisenberg.Init_orbitals - INFO - Initializing Gutzwiller orbitals with h=0.07993529810284815, phi=0.08014236095928401
2025-12-03 17:45:02,761 - HFDS_Heisenberg.Gutzwiller_MF_Init - INFO - MF energy Initialize orbitals: Traced<ShapedArray(float64[])>with<DynamicJaxprTrace>
2025-12-03 17:45:02,920 - HFDS_Heisenberg.Gutzwiller_MF_Init - INFO - MF energy Initialize orbitals: Traced<ShapedArray(float64[])>with<DynamicJaxprTrace>
2025-12-03 17:45:02,921 - HFDS_Heisenberg.Gutzwiller_MF_Init - INFO - Finished updating Gutzwiller MF orbitals.
2025-12-03 17:45:03,241 - HFDS_Heisenberg.HFDS_model_spin - INFO - Setting up HiddenFermion model.
2025-12-03 17:45:03,243 - HFDS_Heisenberg.HFDS_model_spin - INFO - HiddenFermion model setup complete.
2025-12-03 17:45:03,253 - HFDS_Heisenberg.Init_orbitals - INFO - Initializing Gutzwiller orbitals with h=0.07993529810284815, phi=0.08014236095928401
2025-12-03 17:45:03,641 - HFDS_Heisenberg.Gutzwiller_MF_Init - INFO - MF energy Initialize orbitals: Traced<ShapedArray(float64[])>with<DynamicJaxprTrace>
2025-12-03 17:45:03,797 - HFDS_Heisenberg.Gutzwiller_MF_Init - INFO - MF energy Initialize orbitals: Traced<ShapedArray(float64[])>with<DynamicJaxprTrace>
2025-12-03 17:45:03,798 - HFDS_Heisenberg.Gutzwiller_MF_Init - INFO - Finished updating Gutzwiller MF orbitals.
2025-12-03 17:45:04,448 - HFDS_Heisenberg.HFDS_model_spin - INFO - Setting up HiddenFermion model.
2025-12-03 17:45:04,450 - HFDS_Heisenberg.HFDS_model_spin - INFO - HiddenFermion model setup complete.
2025-12-03 17:45:04,462 - HFDS_Heisenberg.Init_orbitals - INFO - Initializing Gutzwiller orbitals with h=0.07993529810284815, phi=0.08014236095928401
2025-12-03 17:45:04,623 - HFDS_Heisenberg.Gutzwiller_MF_Init - INFO - MF energy Initialize orbitals: Traced<ShapedArray(float64[])>with<DynamicJaxprTrace>
2025-12-03 17:45:04,790 - HFDS_Heisenberg.Gutzwiller_MF_Init - INFO - MF energy Initialize orbitals: Traced<ShapedArray(float64[])>with<DynamicJaxprTrace>
2025-12-03 17:45:04,791 - HFDS_Heisenberg.Gutzwiller_MF_Init - INFO - Finished updating Gutzwiller MF orbitals.
2025-12-03 17:45:05,465 - HFDS_Heisenberg.HFDS_model_spin - INFO - Setting up HiddenFermion model.
2025-12-03 17:45:05,466 - HFDS_Heisenberg.HFDS_model_spin - INFO - HiddenFermion model setup complete.
2025-12-03 17:45:05,474 - HFDS_Heisenberg.Init_orbitals - INFO - Initializing Gutzwiller orbitals with h=0.07993529810284815, phi=0.08014236095928401
2025-12-03 17:45:05,666 - HFDS_Heisenberg.Gutzwiller_MF_Init - INFO - MF energy Initialize orbitals: Traced<ShapedArray(float64[])>with<DynamicJaxprTrace>
2025-12-03 17:45:05,858 - HFDS_Heisenberg.Gutzwiller_MF_Init - INFO - MF energy Initialize orbitals: Traced<ShapedArray(float64[])>with<DynamicJaxprTrace>
2025-12-03 17:45:05,859 - HFDS_Heisenberg.Gutzwiller_MF_Init - INFO - Finished updating Gutzwiller MF orbitals.
2025-12-03 17:45:05,980 - HFDS_Heisenberg.HFDS_model_spin - INFO - Setting up HiddenFermion model.
2025-12-03 17:45:05,982 - HFDS_Heisenberg.HFDS_model_spin - INFO - HiddenFermion model setup complete.
2025-12-03 17:45:05,990 - HFDS_Heisenberg.Init_orbitals - INFO - Initializing Gutzwiller orbitals with h=0.07993529810284815, phi=0.08014236095928401
2025-12-03 17:45:06,179 - HFDS_Heisenberg.Gutzwiller_MF_Init - INFO - MF energy Initialize orbitals: Traced<ShapedArray(float64[])>with<DynamicJaxprTrace>
2025-12-03 17:45:06,372 - HFDS_Heisenberg.Gutzwiller_MF_Init - INFO - MF energy Initialize orbitals: Traced<ShapedArray(float64[])>with<DynamicJaxprTrace>
2025-12-03 17:45:06,373 - HFDS_Heisenberg.Gutzwiller_MF_Init - INFO - Finished updating Gutzwiller MF orbitals.
2025-12-03 17:45:07,116 - HFDS_Heisenberg.HFDS_model_spin - INFO - Setting up HiddenFermion model.
2025-12-03 17:45:07,120 - HFDS_Heisenberg.HFDS_model_spin - INFO - HiddenFermion model setup complete.
2025-12-03 17:45:07,134 - HFDS_Heisenberg.Init_orbitals - INFO - Initializing Gutzwiller orbitals with h=0.07993529810284815, phi=0.08014236095928401
2025-12-03 17:45:07,315 - HFDS_Heisenberg.Gutzwiller_MF_Init - INFO - MF energy Initialize orbitals: Traced<ShapedArray(float64[])>with<DynamicJaxprTrace>
2025-12-03 17:45:07,737 - HFDS_Heisenberg.Gutzwiller_MF_Init - INFO - MF energy Initialize orbitals: Traced<ShapedArray(float64[])>with<DynamicJaxprTrace>
2025-12-03 17:45:07,740 - HFDS_Heisenberg.Gutzwiller_MF_Init - INFO - Finished updating Gutzwiller MF orbitals.
2025-12-03 17:45:07,921 - HFDS_Heisenberg.HFDS_model_spin - INFO - Setting up HiddenFermion model.
2025-12-03 17:45:07,923 - HFDS_Heisenberg.HFDS_model_spin - INFO - HiddenFermion model setup complete.
2025-12-03 17:45:07,946 - HFDS_Heisenberg.Init_orbitals - INFO - Initializing Gutzwiller orbitals with h=0.07993529810284815, phi=0.08014236095928401
2025-12-03 17:45:08,118 - HFDS_Heisenberg.Gutzwiller_MF_Init - INFO - MF energy Initialize orbitals: Traced<ShapedArray(float64[])>with<DynamicJaxprTrace>
2025-12-03 17:45:08,290 - HFDS_Heisenberg.Gutzwiller_MF_Init - INFO - MF energy Initialize orbitals: Traced<ShapedArray(float64[])>with<DynamicJaxprTrace>
2025-12-03 17:45:08,291 - HFDS_Heisenberg.Gutzwiller_MF_Init - INFO - Finished updating Gutzwiller MF orbitals.
2025-12-03 17:45:08,653 - HFDS_Heisenberg.HFDS_model_spin - INFO - Setting up HiddenFermion model.
2025-12-03 17:45:08,655 - HFDS_Heisenberg.HFDS_model_spin - INFO - HiddenFermion model setup complete.
2025-12-03 17:45:08,676 - HFDS_Heisenberg.Init_orbitals - INFO - Initializing Gutzwiller orbitals with h=0.07993529810284815, phi=0.08014236095928401
2025-12-03 17:45:08,850 - HFDS_Heisenberg.Gutzwiller_MF_Init - INFO - MF energy Initialize orbitals: Traced<ShapedArray(float64[])>with<DynamicJaxprTrace>
2025-12-03 17:45:09,023 - HFDS_Heisenberg.Gutzwiller_MF_Init - INFO - MF energy Initialize orbitals: Traced<ShapedArray(float64[])>with<DynamicJaxprTrace>
2025-12-03 17:45:09,024 - HFDS_Heisenberg.Gutzwiller_MF_Init - INFO - Finished updating Gutzwiller MF orbitals.
2025-12-03 17:45:09,200 - HFDS_Heisenberg.HFDS_model_spin - INFO - Setting up HiddenFermion model.
2025-12-03 17:45:09,203 - HFDS_Heisenberg.HFDS_model_spin - INFO - HiddenFermion model setup complete.
2025-12-03 17:45:09,213 - HFDS_Heisenberg.Init_orbitals - INFO - Initializing Gutzwiller orbitals with h=0.07993529810284815, phi=0.08014236095928401
2025-12-03 17:45:09,370 - HFDS_Heisenberg.Gutzwiller_MF_Init - INFO - MF energy Initialize orbitals: Traced<ShapedArray(float64[])>with<DynamicJaxprTrace>
2025-12-03 17:45:09,526 - HFDS_Heisenberg.Gutzwiller_MF_Init - INFO - MF energy Initialize orbitals: Traced<ShapedArray(float64[])>with<DynamicJaxprTrace>
2025-12-03 17:45:09,527 - HFDS_Heisenberg.Gutzwiller_MF_Init - INFO - Finished updating Gutzwiller MF orbitals.
2025-12-03 17:45:09,608 - HFDS_Heisenberg.HFDS_model_spin - INFO - Setting up HiddenFermion model.
2025-12-03 17:45:09,612 - HFDS_Heisenberg.HFDS_model_spin - INFO - HiddenFermion model setup complete.
2025-12-03 17:45:09,625 - HFDS_Heisenberg.Init_orbitals - INFO - Initializing Gutzwiller orbitals with h=0.07993529810284815, phi=0.08014236095928401
2025-12-03 17:45:09,781 - HFDS_Heisenberg.Gutzwiller_MF_Init - INFO - MF energy Initialize orbitals: Traced<ShapedArray(float64[])>with<DynamicJaxprTrace>
2025-12-03 17:45:10,201 - HFDS_Heisenberg.Gutzwiller_MF_Init - INFO - MF energy Initialize orbitals: Traced<ShapedArray(float64[])>with<DynamicJaxprTrace>
2025-12-03 17:45:10,201 - HFDS_Heisenberg.Gutzwiller_MF_Init - INFO - Finished updating Gutzwiller MF orbitals.
2025-12-03 17:45:39,923 - HFDS_Heisenberg.HFDS_model_spin - INFO - Setting up HiddenFermion model.
2025-12-03 17:45:39,924 - HFDS_Heisenberg.HFDS_model_spin - INFO - HiddenFermion model setup complete.
2025-12-03 17:45:39,932 - HFDS_Heisenberg.Init_orbitals - INFO - Initializing Gutzwiller orbitals with h=0.07993529810284815, phi=0.08014236095928401
2025-12-03 17:45:40,088 - HFDS_Heisenberg.Gutzwiller_MF_Init - INFO - MF energy Initialize orbitals: Traced<ShapedArray(float64[])>with<DynamicJaxprTrace>
2025-12-03 17:45:40,242 - HFDS_Heisenberg.Gutzwiller_MF_Init - INFO - MF energy Initialize orbitals: Traced<ShapedArray(float64[])>with<DynamicJaxprTrace>
2025-12-03 17:45:40,243 - HFDS_Heisenberg.Gutzwiller_MF_Init - INFO - Finished updating Gutzwiller MF orbitals.
2025-12-03 17:46:50,117 - __main__ - INFO - VMC optimization finished.
  0%|          | 0/3 [00:00<?, ?it/s]  0%|          | 0/3 [00:37<?, ?it/s, Energy=-28.95-0.59j ± 0.83 [σ²=1.2e+02, R̂=1.225]]  0%|          | 0/3 [00:33<?, ?it/s, Energy=-34.10+0.04j ± 0.54 [σ²=6.4e+01, R̂=1.225]] 33%|███▎      | 1/3 [00:33<01:06, 33.30s/it, Energy=-34.10+0.04j ± 0.54 [σ²=6.4e+01, R̂=1.225]] 33%|███▎      | 1/3 [01:10<01:06, 33.30s/it, Energy=-36.76+0.01j ± 0.26 [σ²=1.9e+01, R̂=1.225]] 67%|██████▋   | 2/3 [01:10<00:35, 35.44s/it, Energy=-36.76+0.01j ± 0.26 [σ²=1.9e+01, R̂=1.225]]100%|██████████| 3/3 [01:10<00:00, 23.41s/it, Energy=-36.76+0.01j ± 0.26 [σ²=1.9e+01, R̂=1.225]]
2025-12-03 17:46:50,130 - __main__ - INFO - Starting post-simulation analysis.
2025-12-03 17:46:50,287 - HFDS_Heisenberg.HFDS_model_spin - INFO - Setting up HiddenFermion model.
2025-12-03 17:46:50,289 - HFDS_Heisenberg.HFDS_model_spin - INFO - HiddenFermion model setup complete.
2025-12-03 17:46:50,302 - HFDS_Heisenberg.Init_orbitals - INFO - Initializing Gutzwiller orbitals with h=0.07993529810284815, phi=0.08014236095928401
2025-12-03 17:46:50,459 - HFDS_Heisenberg.Gutzwiller_MF_Init - INFO - MF energy Initialize orbitals: Traced<ShapedArray(float64[])>with<DynamicJaxprTrace>
2025-12-03 17:46:50,617 - HFDS_Heisenberg.Gutzwiller_MF_Init - INFO - MF energy Initialize orbitals: Traced<ShapedArray(float64[])>with<DynamicJaxprTrace>
2025-12-03 17:46:50,618 - HFDS_Heisenberg.Gutzwiller_MF_Init - INFO - Finished updating Gutzwiller MF orbitals.
2025-12-03 17:46:51,646 - HFDS_Heisenberg.HFDS_model_spin - INFO - Setting up HiddenFermion model.
2025-12-03 17:46:51,647 - HFDS_Heisenberg.HFDS_model_spin - INFO - HiddenFermion model setup complete.
2025-12-03 17:46:51,656 - HFDS_Heisenberg.Init_orbitals - INFO - Initializing Gutzwiller orbitals with h=0.07993529810284815, phi=0.08014236095928401
2025-12-03 17:46:51,853 - HFDS_Heisenberg.Gutzwiller_MF_Init - INFO - MF energy Initialize orbitals: Traced<ShapedArray(float64[])>with<DynamicJaxprTrace>
2025-12-03 17:46:52,048 - HFDS_Heisenberg.Gutzwiller_MF_Init - INFO - MF energy Initialize orbitals: Traced<ShapedArray(float64[])>with<DynamicJaxprTrace>
2025-12-03 17:46:52,049 - HFDS_Heisenberg.Gutzwiller_MF_Init - INFO - Finished updating Gutzwiller MF orbitals.
2025-12-03 17:46:52,172 - HFDS_Heisenberg.HFDS_model_spin - INFO - Setting up HiddenFermion model.
2025-12-03 17:46:52,174 - HFDS_Heisenberg.HFDS_model_spin - INFO - HiddenFermion model setup complete.
2025-12-03 17:46:52,182 - HFDS_Heisenberg.Init_orbitals - INFO - Initializing Gutzwiller orbitals with h=0.07993529810284815, phi=0.08014236095928401
2025-12-03 17:46:52,376 - HFDS_Heisenberg.Gutzwiller_MF_Init - INFO - MF energy Initialize orbitals: Traced<ShapedArray(float64[])>with<DynamicJaxprTrace>
2025-12-03 17:46:52,570 - HFDS_Heisenberg.Gutzwiller_MF_Init - INFO - MF energy Initialize orbitals: Traced<ShapedArray(float64[])>with<DynamicJaxprTrace>
2025-12-03 17:46:52,571 - HFDS_Heisenberg.Gutzwiller_MF_Init - INFO - Finished updating Gutzwiller MF orbitals.
2025-12-03 17:47:25,155 - HFDS_Heisenberg.HFDS_model_spin - INFO - Setting up HiddenFermion model.
2025-12-03 17:47:25,156 - HFDS_Heisenberg.HFDS_model_spin - INFO - HiddenFermion model setup complete.
2025-12-03 17:47:25,164 - HFDS_Heisenberg.Init_orbitals - INFO - Initializing Gutzwiller orbitals with h=0.07993529810284815, phi=0.08014236095928401
2025-12-03 17:47:25,327 - HFDS_Heisenberg.Gutzwiller_MF_Init - INFO - MF energy Initialize orbitals: Traced<ShapedArray(float64[])>with<DynamicJaxprTrace>
2025-12-03 17:47:25,491 - HFDS_Heisenberg.Gutzwiller_MF_Init - INFO - MF energy Initialize orbitals: Traced<ShapedArray(float64[])>with<DynamicJaxprTrace>
2025-12-03 17:47:25,492 - HFDS_Heisenberg.Gutzwiller_MF_Init - INFO - Finished updating Gutzwiller MF orbitals.
2025-12-03 17:47:25,554 - HFDS_Heisenberg.HFDS_model_spin - INFO - Setting up HiddenFermion model.
2025-12-03 17:47:25,555 - HFDS_Heisenberg.HFDS_model_spin - INFO - HiddenFermion model setup complete.
2025-12-03 17:47:25,563 - HFDS_Heisenberg.Init_orbitals - INFO - Initializing Gutzwiller orbitals with h=0.07993529810284815, phi=0.08014236095928401
2025-12-03 17:47:25,726 - HFDS_Heisenberg.Gutzwiller_MF_Init - INFO - MF energy Initialize orbitals: Traced<ShapedArray(float64[])>with<DynamicJaxprTrace>
2025-12-03 17:47:25,888 - HFDS_Heisenberg.Gutzwiller_MF_Init - INFO - MF energy Initialize orbitals: Traced<ShapedArray(float64[])>with<DynamicJaxprTrace>
2025-12-03 17:47:25,889 - HFDS_Heisenberg.Gutzwiller_MF_Init - INFO - Finished updating Gutzwiller MF orbitals.
2025-12-03 17:48:21,116 - HFDS_Heisenberg.HFDS_model_spin - INFO - Setting up HiddenFermion model.
2025-12-03 17:48:21,117 - HFDS_Heisenberg.HFDS_model_spin - INFO - HiddenFermion model setup complete.
2025-12-03 17:48:21,126 - HFDS_Heisenberg.Init_orbitals - INFO - Initializing Gutzwiller orbitals with h=0.07993529810284815, phi=0.08014236095928401
2025-12-03 17:48:21,355 - HFDS_Heisenberg.Gutzwiller_MF_Init - INFO - MF energy Initialize orbitals: Traced<ShapedArray(float64[])>with<DynamicJaxprTrace>
2025-12-03 17:48:21,556 - HFDS_Heisenberg.Gutzwiller_MF_Init - INFO - MF energy Initialize orbitals: Traced<ShapedArray(float64[])>with<DynamicJaxprTrace>
2025-12-03 17:48:21,557 - HFDS_Heisenberg.Gutzwiller_MF_Init - INFO - Finished updating Gutzwiller MF orbitals.
2025-12-03 17:48:23,000 - HFDS_Heisenberg.HFDS_model_spin - INFO - Setting up HiddenFermion model.
2025-12-03 17:48:23,001 - HFDS_Heisenberg.HFDS_model_spin - INFO - HiddenFermion model setup complete.
2025-12-03 17:48:23,011 - HFDS_Heisenberg.Init_orbitals - INFO - Initializing Gutzwiller orbitals with h=0.07993529810284815, phi=0.08014236095928401
2025-12-03 17:48:23,180 - HFDS_Heisenberg.Gutzwiller_MF_Init - INFO - MF energy Initialize orbitals: Traced<ShapedArray(float64[])>with<DynamicJaxprTrace>
2025-12-03 17:48:23,348 - HFDS_Heisenberg.Gutzwiller_MF_Init - INFO - MF energy Initialize orbitals: Traced<ShapedArray(float64[])>with<DynamicJaxprTrace>
2025-12-03 17:48:23,349 - HFDS_Heisenberg.Gutzwiller_MF_Init - INFO - Finished updating Gutzwiller MF orbitals.
2025-12-03 17:48:23,415 - HFDS_Heisenberg.HFDS_model_spin - INFO - Setting up HiddenFermion model.
2025-12-03 17:48:23,416 - HFDS_Heisenberg.HFDS_model_spin - INFO - HiddenFermion model setup complete.
2025-12-03 17:48:23,424 - HFDS_Heisenberg.Init_orbitals - INFO - Initializing Gutzwiller orbitals with h=0.07993529810284815, phi=0.08014236095928401
2025-12-03 17:48:23,594 - HFDS_Heisenberg.Gutzwiller_MF_Init - INFO - MF energy Initialize orbitals: Traced<ShapedArray(float64[])>with<DynamicJaxprTrace>
2025-12-03 17:48:23,763 - HFDS_Heisenberg.Gutzwiller_MF_Init - INFO - MF energy Initialize orbitals: Traced<ShapedArray(float64[])>with<DynamicJaxprTrace>
2025-12-03 17:48:23,763 - HFDS_Heisenberg.Gutzwiller_MF_Init - INFO - Finished updating Gutzwiller MF orbitals.
2025-12-03 17:48:25,194 - HFDS_Heisenberg.HFDS_model_spin - INFO - Setting up HiddenFermion model.
2025-12-03 17:48:25,197 - HFDS_Heisenberg.HFDS_model_spin - INFO - HiddenFermion model setup complete.
2025-12-03 17:48:25,208 - HFDS_Heisenberg.Init_orbitals - INFO - Initializing Gutzwiller orbitals with h=0.07993529810284815, phi=0.08014236095928401
2025-12-03 17:48:25,404 - HFDS_Heisenberg.Gutzwiller_MF_Init - INFO - MF energy Initialize orbitals: Traced<ShapedArray(float64[])>with<DynamicJaxprTrace>
2025-12-03 17:48:25,598 - HFDS_Heisenberg.Gutzwiller_MF_Init - INFO - MF energy Initialize orbitals: Traced<ShapedArray(float64[])>with<DynamicJaxprTrace>
2025-12-03 17:48:25,599 - HFDS_Heisenberg.Gutzwiller_MF_Init - INFO - Finished updating Gutzwiller MF orbitals.
2025-12-03 17:48:27,482 - HFDS_Heisenberg.HFDS_model_spin - INFO - Setting up HiddenFermion model.
2025-12-03 17:48:27,484 - HFDS_Heisenberg.HFDS_model_spin - INFO - HiddenFermion model setup complete.
2025-12-03 17:48:27,496 - HFDS_Heisenberg.Init_orbitals - INFO - Initializing Gutzwiller orbitals with h=0.07993529810284815, phi=0.08014236095928401
2025-12-03 17:48:27,677 - HFDS_Heisenberg.Gutzwiller_MF_Init - INFO - MF energy Initialize orbitals: Traced<ShapedArray(float64[])>with<DynamicJaxprTrace>
2025-12-03 17:48:27,856 - HFDS_Heisenberg.Gutzwiller_MF_Init - INFO - MF energy Initialize orbitals: Traced<ShapedArray(float64[])>with<DynamicJaxprTrace>
2025-12-03 17:48:27,856 - HFDS_Heisenberg.Gutzwiller_MF_Init - INFO - Finished updating Gutzwiller MF orbitals.
2025-12-03 17:48:31,971 - HFDS_Heisenberg.HFDS_model_spin - INFO - Setting up HiddenFermion model.
2025-12-03 17:48:31,972 - HFDS_Heisenberg.HFDS_model_spin - INFO - HiddenFermion model setup complete.
2025-12-03 17:48:31,980 - HFDS_Heisenberg.Init_orbitals - INFO - Initializing Gutzwiller orbitals with h=0.07993529810284815, phi=0.08014236095928401
2025-12-03 17:48:32,167 - HFDS_Heisenberg.Gutzwiller_MF_Init - INFO - MF energy Initialize orbitals: Traced<ShapedArray(float64[])>with<DynamicJaxprTrace>
2025-12-03 17:48:32,352 - HFDS_Heisenberg.Gutzwiller_MF_Init - INFO - MF energy Initialize orbitals: Traced<ShapedArray(float64[])>with<DynamicJaxprTrace>
2025-12-03 17:48:32,353 - HFDS_Heisenberg.Gutzwiller_MF_Init - INFO - Finished updating Gutzwiller MF orbitals.
/cluster/home/fconoscenti/Thesis_QSL/Elaborate/Plotting/Sign_vs_iteration.py:352: UserWarning: This figure includes Axes that are not compatible with tight_layout, so results might be incorrect.
  plt.tight_layout(rect=[0, 0, 0.80, 1])  # leave room on the right for our insets
2025-12-03 17:48:59,022 - __main__ - INFO - Analysis variables saved to pickle file.
2025-12-03 17:48:59,023 - __main__ - INFO - Script finished successfully.
