Rank=0: Total number of GPUs: 1, devices: [CudaDevice(id=0)]
Rank=0: Local number of GPUs: 1, devices: [CudaDevice(id=0)]
  0%|          | 0/1 [00:00<?, ?it/s]  0%|          | 0/1 [00:16<?, ?it/s, Energy=-6.00-0.00j ± 0.18 [σ²=3.1e+01, R̂=1.225]]100%|██████████| 1/1 [00:00<00:00, 11.68it/s, Energy=-6.00-0.00j ± 0.18 [σ²=3.1e+01, R̂=1.225]]
  0%|          | 0/1 [00:00<?, ?it/s]  0%|          | 0/1 [00:02<?, ?it/s, Energy=-7.49-0.00j ± 0.23 [σ²=5.2e+01, R̂=1.225]]100%|██████████| 1/1 [00:00<00:00, 1481.56it/s, Energy=-7.49-0.00j ± 0.23 [σ²=5.2e+01, R̂=1.225]]
  0%|          | 0/1 [00:00<?, ?it/s]  0%|          | 0/1 [00:01<?, ?it/s, Energy=-5.56+0.00j ± 0.29 [σ²=8.0e+01, R̂=1.225]]100%|██████████| 1/1 [00:00<00:00, 2454.24it/s, Energy=-5.56+0.00j ± 0.29 [σ²=8.0e+01, R̂=1.225]]
  0%|          | 0/1 [00:00<?, ?it/s]  0%|          | 0/1 [00:01<?, ?it/s, Energy=-8.39-0.00j ± 0.30 [σ²=9.0e+01, R̂=1.225]]100%|██████████| 1/1 [00:00<00:00, 2516.08it/s, Energy=-8.39-0.00j ± 0.30 [σ²=9.0e+01, R̂=1.225]]
  0%|          | 0/1 [00:00<?, ?it/s]  0%|          | 0/1 [00:01<?, ?it/s, Energy=-9.50+0.00j ± 0.33 [σ²=1.1e+02, R̂=1.225]]100%|██████████| 1/1 [00:00<00:00, 2461.45it/s, Energy=-9.50+0.00j ± 0.33 [σ²=1.1e+02, R̂=1.225]]
Traceback (most recent call last):
  File "<frozen runpy>", line 198, in _run_module_as_main
  File "<frozen runpy>", line 88, in _run_code
  File "/scratch/f/F.Conoscenti/Thesis_QSL/HFDS_Heisenberg/run_spin.py", line 215, in <module>
    sign_vstate_full, sign_exact, fidelity = plot_Sign_Fidelity(ket_gs, vstate, hi,  folder, one_avg = "one")
                                             ^^^^^^^^^^^^^^^^^^^^^^^^^^^^^^^^^^^^^^^^^^^^^^^^^^^^^^^^^^^^^^^^
  File "/scratch/f/F.Conoscenti/Thesis_QSL/Elaborate/Sign_vs_iteration.py", line 67, in plot_Sign_Fidelity
    sign_vstate_full = Marshall_Sign_full_hilbert(vstate, folder_path, hi)
                       ^^^^^^^^^^^^^^^^^^^^^^^^^^^^^^^^^^^^^^^^^^^^^^^^^^^
  File "/scratch/f/F.Conoscenti/Thesis_QSL/Elaborate/Sign_Obs.py", line 247, in Marshall_Sign_full_hilbert
    sign[i], signs_vstate[i,:] = _marshal_sign_full_hilbert(vstate, hi) 
             ~~~~~~~~~~~~^^^^^
ValueError: could not broadcast input array from shape (12870,) into shape (16,)
srun: error: th-cl-naples01: task 0: Exited with exit code 1
srun: Terminating StepId=10009046.0
