2025-10-17 15:59:34.968718: E external/xla/xla/service/slow_operation_alarm.cc:73] 
********************************
[Compiling module jit__uniform] Very slow compile? If you want to file a bug, run with envvar XLA_FLAGS=--xla_dump_to=/tmp/foo and attach the results.
********************************
2025-10-17 16:00:28.855383: E external/xla/xla/service/slow_operation_alarm.cc:140] The operation took 2m53.888465148s

********************************
[Compiling module jit__uniform] Very slow compile? If you want to file a bug, run with envvar XLA_FLAGS=--xla_dump_to=/tmp/foo and attach the results.
********************************
  0%|          | 0/1 [00:00<?, ?it/s]  0%|          | 0/1 [00:16<?, ?it/s, Energy=3.19999999997-0.00000000002j ± 0.00000000012 e+01 [σ²=1.5e-15]]100%|██████████| 1/1 [00:00<00:00,  8.14it/s, Energy=3.19999999997-0.00000000002j ± 0.00000000012 e+01 [σ²=1.5e-15]]100%|██████████| 1/1 [00:00<00:00,  8.11it/s, Energy=3.19999999997-0.00000000002j ± 0.00000000012 e+01 [σ²=1.5e-15]]
  0%|          | 0/1 [00:00<?, ?it/s]  0%|          | 0/1 [00:14<?, ?it/s, Energy=3.20000000051+0.00000000027j ± 0.00000000021 e+01 [σ²=4.3e-15]]100%|██████████| 1/1 [00:00<00:00,  7.86it/s, Energy=3.20000000051+0.00000000027j ± 0.00000000021 e+01 [σ²=4.3e-15]]100%|██████████| 1/1 [00:00<00:00,  7.84it/s, Energy=3.20000000051+0.00000000027j ± 0.00000000021 e+01 [σ²=4.3e-15]]
  0%|          | 0/1 [00:00<?, ?it/s]  0%|          | 0/1 [00:01<?, ?it/s, Energy=3.20000000012+0.00000000006j ± 0.00000000031 e+01 [σ²=9.8e-15]]100%|██████████| 1/1 [00:00<00:00, 1453.83it/s, Energy=3.20000000012+0.00000000006j ± 0.00000000031 e+01 [σ²=9.8e-15]]
  0%|          | 0/1 [00:00<?, ?it/s]  0%|          | 0/1 [00:00<?, ?it/s, Energy=3.19999999988-0.00000000006j ± 0.00000000050 e+01 [σ²=2.5e-14]]100%|██████████| 1/1 [00:00<00:00, 1596.61it/s, Energy=3.19999999988-0.00000000006j ± 0.00000000050 e+01 [σ²=2.5e-14]]
  0%|          | 0/1 [00:00<?, ?it/s]  0%|          | 0/1 [00:00<?, ?it/s, Energy=3.20000000023+0.00000000013j ± 0.00000000086 e+01 [σ²=7.6e-14]]100%|██████████| 1/1 [00:00<00:00, 1707.78it/s, Energy=3.20000000023+0.00000000013j ± 0.00000000086 e+01 [σ²=7.6e-14]]
Traceback (most recent call last):
  File "<frozen runpy>", line 198, in _run_module_as_main
  File "<frozen runpy>", line 88, in _run_code
  File "/scratch/f/F.Conoscenti/Thesis_QSL/ViT_Heisenberg/run_ViT.py", line 199, in <module>
    sys.stdout = original_stdout 
    ^^^^^^^^^^^^^^^^^^^^^^^^^^^^^^
ValueError: I/O operation on closed file.
[CpuDevice(id=0)]
[CpuDevice(id=0)]
srun: error: th-cl-rome06n1: task 0: Exited with exit code 1
srun: Terminating StepId=9894201.0
