2025-12-03 17:43:53,193 - __main__ - INFO - Parsing command-line arguments.
2025-12-03 17:43:53,193 - __main__ - INFO - J2 coupling parameter set to: 1.0
2025-12-03 17:43:53,193 - __main__ - INFO - Physical and model parameters set.
2025-12-03 17:43:53,193 - __main__ - INFO - Script starting execution.
2025-12-03 17:43:53,253 - __main__ - INFO - Output will be saved to: HFDS_Heisenberg/plot/spin_new/layers1_hidd1_feat1_sample256_lr0.025_iter3_parityTrue_rotTrue_InitG_MF_typecomplex/J=1.0/seed_2
2025-12-03 17:43:54,796 - __main__ - INFO - Hilbert space created.
2025-12-03 17:43:54,801 - __main__ - INFO - Hamiltonian created.
2025-12-03 17:44:00,237 - __main__ - INFO - Exact ground state calculated.
2025-12-03 17:44:00,237 - __main__ - INFO - Starting Gutzwiller parameter optimization before VMC.
2025-12-03 17:44:00,237 - HFDS_Heisenberg.Optimized_Gutwiller_MF_Init - INFO - Starting optimization of Gutzwiller parameters.
2025-12-03 17:44:00,462 - HFDS_Heisenberg.Gutzwiller_MF_Init - INFO - MF energy Initialize orbitals: Traced<ShapedArray(float64[])>with<DynamicJaxprTrace>
2025-12-03 17:44:00,549 - HFDS_Heisenberg.Gutzwiller_MF_Init - INFO - MF energy Initialize orbitals: Traced<ShapedArray(float64[])>with<DynamicJaxprTrace>
2025-12-03 17:44:00,550 - HFDS_Heisenberg.Gutzwiller_MF_Init - INFO - Finished updating Gutzwiller MF orbitals.
2025-12-03 17:44:00,752 - HFDS_Heisenberg.Gutzwiller_MF_Init - INFO - MF energy Initialize orbitals: Traced<ShapedArray(float64[])>with<DynamicJaxprTrace>
2025-12-03 17:44:00,837 - HFDS_Heisenberg.Gutzwiller_MF_Init - INFO - MF energy Initialize orbitals: Traced<ShapedArray(float64[])>with<DynamicJaxprTrace>
2025-12-03 17:44:00,837 - HFDS_Heisenberg.Gutzwiller_MF_Init - INFO - Finished updating Gutzwiller MF orbitals.
2025-12-03 17:44:00,987 - HFDS_Heisenberg.Optimized_Gutwiller_MF_Init - INFO - Running Gutzwiller optimization for 2 iterations.
2025-12-03 17:44:01,222 - HFDS_Heisenberg.Gutzwiller_MF_Init - INFO - MF energy Initialize orbitals: Traced<ShapedArray(float64[])>with<DynamicJaxprTrace>
2025-12-03 17:44:01,307 - HFDS_Heisenberg.Gutzwiller_MF_Init - INFO - MF energy Initialize orbitals: Traced<ShapedArray(float64[])>with<DynamicJaxprTrace>
2025-12-03 17:44:01,307 - HFDS_Heisenberg.Gutzwiller_MF_Init - INFO - Finished updating Gutzwiller MF orbitals.
2025-12-03 17:44:02,175 - HFDS_Heisenberg.Gutzwiller_MF_Init - INFO - MF energy Initialize orbitals: Traced<ShapedArray(float64[])>with<DynamicJaxprTrace>
2025-12-03 17:44:02,356 - HFDS_Heisenberg.Gutzwiller_MF_Init - INFO - MF energy Initialize orbitals: Traced<ShapedArray(float64[])>with<DynamicJaxprTrace>
2025-12-03 17:44:02,357 - HFDS_Heisenberg.Gutzwiller_MF_Init - INFO - Finished updating Gutzwiller MF orbitals.
2025-12-03 17:44:06,115 - HFDS_Heisenberg.Gutzwiller_MF_Init - INFO - MF energy Initialize orbitals: Traced<ShapedArray(float64[])>with<DynamicJaxprTrace>
2025-12-03 17:44:06,293 - HFDS_Heisenberg.Gutzwiller_MF_Init - INFO - MF energy Initialize orbitals: Traced<ShapedArray(float64[])>with<DynamicJaxprTrace>
2025-12-03 17:44:06,294 - HFDS_Heisenberg.Gutzwiller_MF_Init - INFO - Finished updating Gutzwiller MF orbitals.
2025-12-03 17:44:10,124 - HFDS_Heisenberg.Gutzwiller_MF_Init - INFO - MF energy Initialize orbitals: Traced<ShapedArray(float64[])>with<DynamicJaxprTrace>
2025-12-03 17:44:10,210 - HFDS_Heisenberg.Gutzwiller_MF_Init - INFO - MF energy Initialize orbitals: Traced<ShapedArray(float64[])>with<DynamicJaxprTrace>
2025-12-03 17:44:10,210 - HFDS_Heisenberg.Gutzwiller_MF_Init - INFO - Finished updating Gutzwiller MF orbitals.
2025-12-03 17:44:10,313 - HFDS_Heisenberg.Gutzwiller_MF_Init - INFO - MF energy Initialize orbitals: Traced<ShapedArray(float64[])>with<DynamicJaxprTrace>
2025-12-03 17:44:10,399 - HFDS_Heisenberg.Gutzwiller_MF_Init - INFO - MF energy Initialize orbitals: Traced<ShapedArray(float64[])>with<DynamicJaxprTrace>
2025-12-03 17:44:10,399 - HFDS_Heisenberg.Gutzwiller_MF_Init - INFO - Finished updating Gutzwiller MF orbitals.
2025-12-03 17:44:10,529 - HFDS_Heisenberg.Gutzwiller_MF_Init - INFO - MF energy Initialize orbitals: Traced<ShapedArray(float64[])>with<DynamicJaxprTrace>
2025-12-03 17:44:10,615 - HFDS_Heisenberg.Gutzwiller_MF_Init - INFO - MF energy Initialize orbitals: Traced<ShapedArray(float64[])>with<DynamicJaxprTrace>
2025-12-03 17:44:10,616 - HFDS_Heisenberg.Gutzwiller_MF_Init - INFO - Finished updating Gutzwiller MF orbitals.
2025-12-03 17:44:11,104 - HFDS_Heisenberg.Gutzwiller_MF_Init - INFO - MF energy Initialize orbitals: Traced<ShapedArray(float64[])>with<JVPTrace> with
  primal = Traced<ShapedArray(float64[])>with<DynamicJaxprTrace>
  tangent = Traced<ShapedArray(float64[])>with<JaxprTrace> with
    pval = (ShapedArray(float64[]), None)
    recipe = JaxprEqnRecipe(eqn_id=<object object at 0x146d6ea33dd0>, in_tracers=(Traced<ShapedArray(float64[]):JaxprTrace>,), out_tracer_refs=[<weakref at 0x146d6e8cca40; to 'JaxprTracer' at 0x146d6e8cefc0>], out_avals=[ShapedArray(float64[])], primitive=pjit, params={'jaxpr': { lambda ; a:f64[]. let  in (a,) }, 'in_shardings': (UnspecifiedValue,), 'out_shardings': (UnspecifiedValue,), 'in_layouts': (None,), 'out_layouts': (None,), 'donated_invars': (False,), 'ctx_mesh': None, 'name': 'add', 'keep_unused': False, 'inline': True, 'compiler_options_kvs': ()}, effects=set(), source_info=<jax._src.source_info_util.SourceInfo object at 0x146d6e8d25c0>, ctx=JaxprEqnContext(compute_type=None, threefry_partitionable=True, cur_abstract_mesh=AbstractMesh((), axis_types=()), xla_metadata=None))
2025-12-03 17:44:11,382 - HFDS_Heisenberg.Gutzwiller_MF_Init - INFO - MF energy Initialize orbitals: Traced<ShapedArray(float64[])>with<JVPTrace> with
  primal = Traced<ShapedArray(float64[])>with<DynamicJaxprTrace>
  tangent = Traced<ShapedArray(float64[])>with<JaxprTrace> with
    pval = (ShapedArray(float64[]), None)
    recipe = JaxprEqnRecipe(eqn_id=<object object at 0x146d6e6887b0>, in_tracers=(Traced<ShapedArray(float64[]):JaxprTrace>,), out_tracer_refs=[<weakref at 0x146d6e609300; to 'JaxprTracer' at 0x146d6e608e50>], out_avals=[ShapedArray(float64[])], primitive=pjit, params={'jaxpr': { lambda ; a:f64[]. let  in (a,) }, 'in_shardings': (UnspecifiedValue,), 'out_shardings': (UnspecifiedValue,), 'in_layouts': (None,), 'out_layouts': (None,), 'donated_invars': (False,), 'ctx_mesh': None, 'name': 'add', 'keep_unused': False, 'inline': True, 'compiler_options_kvs': ()}, effects=set(), source_info=<jax._src.source_info_util.SourceInfo object at 0x146d6e6763b0>, ctx=JaxprEqnContext(compute_type=None, threefry_partitionable=True, cur_abstract_mesh=AbstractMesh((), axis_types=()), xla_metadata=None))
2025-12-03 17:44:11,385 - HFDS_Heisenberg.Gutzwiller_MF_Init - INFO - Finished updating Gutzwiller MF orbitals.
2025-12-03 17:44:11,743 - HFDS_Heisenberg.Gutzwiller_MF_Init - INFO - MF energy Initialize orbitals: Traced<ShapedArray(float64[])>with<JVPTrace> with
  primal = Traced<ShapedArray(float64[])>with<DynamicJaxprTrace>
  tangent = Traced<ShapedArray(float64[])>with<JaxprTrace> with
    pval = (ShapedArray(float64[]), None)
    recipe = JaxprEqnRecipe(eqn_id=<object object at 0x146d6e5caca0>, in_tracers=(Traced<ShapedArray(float64[]):JaxprTrace>,), out_tracer_refs=[<weakref at 0x146d6eb73150; to 'JaxprTracer' at 0x146d6e7100e0>], out_avals=[ShapedArray(float64[])], primitive=pjit, params={'jaxpr': { lambda ; a:f64[]. let  in (a,) }, 'in_shardings': (UnspecifiedValue,), 'out_shardings': (UnspecifiedValue,), 'in_layouts': (None,), 'out_layouts': (None,), 'donated_invars': (False,), 'ctx_mesh': None, 'name': 'add', 'keep_unused': False, 'inline': True, 'compiler_options_kvs': ()}, effects=set(), source_info=<jax._src.source_info_util.SourceInfo object at 0x146d6e30bd00>, ctx=JaxprEqnContext(compute_type=None, threefry_partitionable=True, cur_abstract_mesh=AbstractMesh((), axis_types=()), xla_metadata=None))
2025-12-03 17:44:12,019 - HFDS_Heisenberg.Gutzwiller_MF_Init - INFO - MF energy Initialize orbitals: Traced<ShapedArray(float64[])>with<JVPTrace> with
  primal = Traced<ShapedArray(float64[])>with<DynamicJaxprTrace>
  tangent = Traced<ShapedArray(float64[])>with<JaxprTrace> with
    pval = (ShapedArray(float64[]), None)
    recipe = JaxprEqnRecipe(eqn_id=<object object at 0x146d6e27b6c0>, in_tracers=(Traced<ShapedArray(float64[]):JaxprTrace>,), out_tracer_refs=[<weakref at 0x146d6e12eac0; to 'JaxprTracer' at 0x146d6e12e340>], out_avals=[ShapedArray(float64[])], primitive=pjit, params={'jaxpr': { lambda ; a:f64[]. let  in (a,) }, 'in_shardings': (UnspecifiedValue,), 'out_shardings': (UnspecifiedValue,), 'in_layouts': (None,), 'out_layouts': (None,), 'donated_invars': (False,), 'ctx_mesh': None, 'name': 'add', 'keep_unused': False, 'inline': True, 'compiler_options_kvs': ()}, effects=set(), source_info=<jax._src.source_info_util.SourceInfo object at 0x146d6e123df0>, ctx=JaxprEqnContext(compute_type=None, threefry_partitionable=True, cur_abstract_mesh=AbstractMesh((), axis_types=()), xla_metadata=None))
2025-12-03 17:44:12,019 - HFDS_Heisenberg.Gutzwiller_MF_Init - INFO - Finished updating Gutzwiller MF orbitals.
2025-12-03 17:44:21,740 - HFDS_Heisenberg.Gutzwiller_MF_Init - INFO - MF energy Initialize orbitals: Traced<ShapedArray(float64[])>with<DynamicJaxprTrace>
2025-12-03 17:44:21,827 - HFDS_Heisenberg.Gutzwiller_MF_Init - INFO - MF energy Initialize orbitals: Traced<ShapedArray(float64[])>with<DynamicJaxprTrace>
2025-12-03 17:44:21,828 - HFDS_Heisenberg.Gutzwiller_MF_Init - INFO - Finished updating Gutzwiller MF orbitals.
2025-12-03 17:44:21,919 - HFDS_Heisenberg.Gutzwiller_MF_Init - INFO - MF energy Initialize orbitals: Traced<ShapedArray(float64[])>with<DynamicJaxprTrace>
2025-12-03 17:44:22,005 - HFDS_Heisenberg.Gutzwiller_MF_Init - INFO - MF energy Initialize orbitals: Traced<ShapedArray(float64[])>with<DynamicJaxprTrace>
2025-12-03 17:44:22,006 - HFDS_Heisenberg.Gutzwiller_MF_Init - INFO - Finished updating Gutzwiller MF orbitals.
2025-12-03 17:44:42,173 - HFDS_Heisenberg.Optimized_Gutwiller_MF_Init - INFO - Iteration 0: Mean Energy = -33.5+0.0j ± 1.3 [σ²=8.4e+02, R̂=1.409], Variance = 278.16011360996185
2025-12-03 17:44:42,174 - HFDS_Heisenberg.Optimized_Gutwiller_MF_Init - INFO - Iteration 0: Gradients = {'h': Array(-40.62870429, dtype=float64), 'phi': Array(5.73411531e-08, dtype=float64)}
2025-12-03 17:44:42,275 - HFDS_Heisenberg.Optimized_Gutwiller_MF_Init - INFO - Iteration 0: Updated params = {'h': Array(0.07, dtype=float64), 'phi': Array(0.09148498, dtype=float64)}
2025-12-03 17:45:04,870 - HFDS_Heisenberg.Optimized_Gutwiller_MF_Init - INFO - Iteration 1: Mean Energy = -33.5-0.0j ± 1.3 [σ²=8.5e+02, R̂=1.409], Variance = 279.0732551594417
2025-12-03 17:45:04,871 - HFDS_Heisenberg.Optimized_Gutwiller_MF_Init - INFO - Iteration 1: Gradients = {'h': Array(-40.79815613, dtype=float64), 'phi': Array(-8.83540031e-08, dtype=float64)}
2025-12-03 17:45:04,874 - HFDS_Heisenberg.Optimized_Gutwiller_MF_Init - INFO - Iteration 1: Updated params = {'h': Array(0.08000106, dtype=float64), 'phi': Array(0.09377414, dtype=float64)}
2025-12-03 17:45:04,874 - HFDS_Heisenberg.Optimized_Gutwiller_MF_Init - INFO - Gutzwiller optimization finished. Final params: {'h': Array(0.06, dtype=float64), 'phi': Array(0.1, dtype=float64)}
2025-12-03 17:45:05,396 - HFDS_Heisenberg.Optimized_Gutwiller_MF_Init - INFO - Gutzwiller optimization plots saved in HFDS_Heisenberg/plot/spin_new/layers1_hidd1_feat1_sample256_lr0.025_iter3_parityTrue_rotTrue_InitG_MF_typecomplex/J=1.0/seed_2
2025-12-03 17:45:05,405 - __main__ - INFO - Gutzwiller optimization finished. Using h=0.08000106320750675, phi=0.09377413923638274
2025-12-03 17:45:05,405 - __main__ - INFO - HiddenFermion model initialized.
2025-12-03 17:45:05,412 - __main__ - INFO - MetropolisExchange sampler created.
2025-12-03 17:45:05,537 - HFDS_Heisenberg.HFDS_model_spin - INFO - Setting up HiddenFermion model.
2025-12-03 17:45:05,538 - HFDS_Heisenberg.HFDS_model_spin - INFO - HiddenFermion model setup complete.
2025-12-03 17:45:05,543 - HFDS_Heisenberg.Init_orbitals - INFO - Initializing Gutzwiller orbitals with h=0.08000106320750675, phi=0.09377413923638274
2025-12-03 17:45:05,649 - HFDS_Heisenberg.Gutzwiller_MF_Init - INFO - MF energy Initialize orbitals: Traced<ShapedArray(float64[])>with<DynamicJaxprTrace>
2025-12-03 17:45:05,750 - HFDS_Heisenberg.Gutzwiller_MF_Init - INFO - MF energy Initialize orbitals: Traced<ShapedArray(float64[])>with<DynamicJaxprTrace>
2025-12-03 17:45:05,751 - HFDS_Heisenberg.Gutzwiller_MF_Init - INFO - Finished updating Gutzwiller MF orbitals.
2025-12-03 17:45:06,659 - HFDS_Heisenberg.HFDS_model_spin - INFO - Setting up HiddenFermion model.
2025-12-03 17:45:06,660 - HFDS_Heisenberg.HFDS_model_spin - INFO - HiddenFermion model setup complete.
2025-12-03 17:45:06,666 - HFDS_Heisenberg.Init_orbitals - INFO - Initializing Gutzwiller orbitals with h=0.08000106320750675, phi=0.09377413923638274
2025-12-03 17:45:06,752 - HFDS_Heisenberg.Gutzwiller_MF_Init - INFO - MF energy Initialize orbitals: Traced<ShapedArray(float64[])>with<DynamicJaxprTrace>
2025-12-03 17:45:06,837 - HFDS_Heisenberg.Gutzwiller_MF_Init - INFO - MF energy Initialize orbitals: Traced<ShapedArray(float64[])>with<DynamicJaxprTrace>
2025-12-03 17:45:06,838 - HFDS_Heisenberg.Gutzwiller_MF_Init - INFO - Finished updating Gutzwiller MF orbitals.
2025-12-03 17:45:07,054 - __main__ - INFO - MCState (vstate) created.
2025-12-03 17:45:07,096 - __main__ - INFO - VMC_SR driver created.
2025-12-03 17:45:07,096 - __main__ - INFO - Starting VMC optimization for 3 iterations.
2025-12-03 17:45:07,174 - HFDS_Heisenberg.HFDS_model_spin - INFO - Setting up HiddenFermion model.
2025-12-03 17:45:07,175 - HFDS_Heisenberg.HFDS_model_spin - INFO - HiddenFermion model setup complete.
2025-12-03 17:45:07,182 - HFDS_Heisenberg.Init_orbitals - INFO - Initializing Gutzwiller orbitals with h=0.08000106320750675, phi=0.09377413923638274
2025-12-03 17:45:07,267 - HFDS_Heisenberg.Gutzwiller_MF_Init - INFO - MF energy Initialize orbitals: Traced<ShapedArray(float64[])>with<DynamicJaxprTrace>
2025-12-03 17:45:07,352 - HFDS_Heisenberg.Gutzwiller_MF_Init - INFO - MF energy Initialize orbitals: Traced<ShapedArray(float64[])>with<DynamicJaxprTrace>
2025-12-03 17:45:07,353 - HFDS_Heisenberg.Gutzwiller_MF_Init - INFO - Finished updating Gutzwiller MF orbitals.
2025-12-03 17:45:07,556 - HFDS_Heisenberg.HFDS_model_spin - INFO - Setting up HiddenFermion model.
2025-12-03 17:45:07,557 - HFDS_Heisenberg.HFDS_model_spin - INFO - HiddenFermion model setup complete.
2025-12-03 17:45:07,565 - HFDS_Heisenberg.Init_orbitals - INFO - Initializing Gutzwiller orbitals with h=0.08000106320750675, phi=0.09377413923638274
2025-12-03 17:45:07,881 - HFDS_Heisenberg.Gutzwiller_MF_Init - INFO - MF energy Initialize orbitals: Traced<ShapedArray(float64[])>with<DynamicJaxprTrace>
2025-12-03 17:45:07,967 - HFDS_Heisenberg.Gutzwiller_MF_Init - INFO - MF energy Initialize orbitals: Traced<ShapedArray(float64[])>with<DynamicJaxprTrace>
2025-12-03 17:45:07,968 - HFDS_Heisenberg.Gutzwiller_MF_Init - INFO - Finished updating Gutzwiller MF orbitals.
2025-12-03 17:45:08,368 - HFDS_Heisenberg.HFDS_model_spin - INFO - Setting up HiddenFermion model.
2025-12-03 17:45:08,369 - HFDS_Heisenberg.HFDS_model_spin - INFO - HiddenFermion model setup complete.
2025-12-03 17:45:08,378 - HFDS_Heisenberg.Init_orbitals - INFO - Initializing Gutzwiller orbitals with h=0.08000106320750675, phi=0.09377413923638274
2025-12-03 17:45:08,464 - HFDS_Heisenberg.Gutzwiller_MF_Init - INFO - MF energy Initialize orbitals: Traced<ShapedArray(float64[])>with<DynamicJaxprTrace>
2025-12-03 17:45:08,550 - HFDS_Heisenberg.Gutzwiller_MF_Init - INFO - MF energy Initialize orbitals: Traced<ShapedArray(float64[])>with<DynamicJaxprTrace>
2025-12-03 17:45:08,550 - HFDS_Heisenberg.Gutzwiller_MF_Init - INFO - Finished updating Gutzwiller MF orbitals.
2025-12-03 17:45:08,964 - HFDS_Heisenberg.HFDS_model_spin - INFO - Setting up HiddenFermion model.
2025-12-03 17:45:08,965 - HFDS_Heisenberg.HFDS_model_spin - INFO - HiddenFermion model setup complete.
2025-12-03 17:45:08,970 - HFDS_Heisenberg.Init_orbitals - INFO - Initializing Gutzwiller orbitals with h=0.08000106320750675, phi=0.09377413923638274
2025-12-03 17:45:09,069 - HFDS_Heisenberg.Gutzwiller_MF_Init - INFO - MF energy Initialize orbitals: Traced<ShapedArray(float64[])>with<DynamicJaxprTrace>
2025-12-03 17:45:09,168 - HFDS_Heisenberg.Gutzwiller_MF_Init - INFO - MF energy Initialize orbitals: Traced<ShapedArray(float64[])>with<DynamicJaxprTrace>
2025-12-03 17:45:09,169 - HFDS_Heisenberg.Gutzwiller_MF_Init - INFO - Finished updating Gutzwiller MF orbitals.
2025-12-03 17:45:09,246 - HFDS_Heisenberg.HFDS_model_spin - INFO - Setting up HiddenFermion model.
2025-12-03 17:45:09,246 - HFDS_Heisenberg.HFDS_model_spin - INFO - HiddenFermion model setup complete.
2025-12-03 17:45:09,251 - HFDS_Heisenberg.Init_orbitals - INFO - Initializing Gutzwiller orbitals with h=0.08000106320750675, phi=0.09377413923638274
2025-12-03 17:45:09,351 - HFDS_Heisenberg.Gutzwiller_MF_Init - INFO - MF energy Initialize orbitals: Traced<ShapedArray(float64[])>with<DynamicJaxprTrace>
2025-12-03 17:45:09,449 - HFDS_Heisenberg.Gutzwiller_MF_Init - INFO - MF energy Initialize orbitals: Traced<ShapedArray(float64[])>with<DynamicJaxprTrace>
2025-12-03 17:45:09,450 - HFDS_Heisenberg.Gutzwiller_MF_Init - INFO - Finished updating Gutzwiller MF orbitals.
2025-12-03 17:45:09,895 - HFDS_Heisenberg.HFDS_model_spin - INFO - Setting up HiddenFermion model.
2025-12-03 17:45:09,897 - HFDS_Heisenberg.HFDS_model_spin - INFO - HiddenFermion model setup complete.
2025-12-03 17:45:09,908 - HFDS_Heisenberg.Init_orbitals - INFO - Initializing Gutzwiller orbitals with h=0.08000106320750675, phi=0.09377413923638274
2025-12-03 17:45:10,008 - HFDS_Heisenberg.Gutzwiller_MF_Init - INFO - MF energy Initialize orbitals: Traced<ShapedArray(float64[])>with<DynamicJaxprTrace>
2025-12-03 17:45:10,351 - HFDS_Heisenberg.Gutzwiller_MF_Init - INFO - MF energy Initialize orbitals: Traced<ShapedArray(float64[])>with<DynamicJaxprTrace>
2025-12-03 17:45:10,352 - HFDS_Heisenberg.Gutzwiller_MF_Init - INFO - Finished updating Gutzwiller MF orbitals.
2025-12-03 17:45:10,456 - HFDS_Heisenberg.HFDS_model_spin - INFO - Setting up HiddenFermion model.
2025-12-03 17:45:10,459 - HFDS_Heisenberg.HFDS_model_spin - INFO - HiddenFermion model setup complete.
2025-12-03 17:45:10,473 - HFDS_Heisenberg.Init_orbitals - INFO - Initializing Gutzwiller orbitals with h=0.08000106320750675, phi=0.09377413923638274
2025-12-03 17:45:10,569 - HFDS_Heisenberg.Gutzwiller_MF_Init - INFO - MF energy Initialize orbitals: Traced<ShapedArray(float64[])>with<DynamicJaxprTrace>
2025-12-03 17:45:10,667 - HFDS_Heisenberg.Gutzwiller_MF_Init - INFO - MF energy Initialize orbitals: Traced<ShapedArray(float64[])>with<DynamicJaxprTrace>
2025-12-03 17:45:10,667 - HFDS_Heisenberg.Gutzwiller_MF_Init - INFO - Finished updating Gutzwiller MF orbitals.
2025-12-03 17:45:10,889 - HFDS_Heisenberg.HFDS_model_spin - INFO - Setting up HiddenFermion model.
2025-12-03 17:45:10,891 - HFDS_Heisenberg.HFDS_model_spin - INFO - HiddenFermion model setup complete.
2025-12-03 17:45:10,904 - HFDS_Heisenberg.Init_orbitals - INFO - Initializing Gutzwiller orbitals with h=0.08000106320750675, phi=0.09377413923638274
2025-12-03 17:45:11,000 - HFDS_Heisenberg.Gutzwiller_MF_Init - INFO - MF energy Initialize orbitals: Traced<ShapedArray(float64[])>with<DynamicJaxprTrace>
2025-12-03 17:45:11,098 - HFDS_Heisenberg.Gutzwiller_MF_Init - INFO - MF energy Initialize orbitals: Traced<ShapedArray(float64[])>with<DynamicJaxprTrace>
2025-12-03 17:45:11,098 - HFDS_Heisenberg.Gutzwiller_MF_Init - INFO - Finished updating Gutzwiller MF orbitals.
2025-12-03 17:45:11,198 - HFDS_Heisenberg.HFDS_model_spin - INFO - Setting up HiddenFermion model.
2025-12-03 17:45:11,201 - HFDS_Heisenberg.HFDS_model_spin - INFO - HiddenFermion model setup complete.
2025-12-03 17:45:11,207 - HFDS_Heisenberg.Init_orbitals - INFO - Initializing Gutzwiller orbitals with h=0.08000106320750675, phi=0.09377413923638274
2025-12-03 17:45:11,294 - HFDS_Heisenberg.Gutzwiller_MF_Init - INFO - MF energy Initialize orbitals: Traced<ShapedArray(float64[])>with<DynamicJaxprTrace>
2025-12-03 17:45:11,381 - HFDS_Heisenberg.Gutzwiller_MF_Init - INFO - MF energy Initialize orbitals: Traced<ShapedArray(float64[])>with<DynamicJaxprTrace>
2025-12-03 17:45:11,382 - HFDS_Heisenberg.Gutzwiller_MF_Init - INFO - Finished updating Gutzwiller MF orbitals.
2025-12-03 17:45:11,430 - HFDS_Heisenberg.HFDS_model_spin - INFO - Setting up HiddenFermion model.
2025-12-03 17:45:11,434 - HFDS_Heisenberg.HFDS_model_spin - INFO - HiddenFermion model setup complete.
2025-12-03 17:45:11,442 - HFDS_Heisenberg.Init_orbitals - INFO - Initializing Gutzwiller orbitals with h=0.08000106320750675, phi=0.09377413923638274
2025-12-03 17:45:11,529 - HFDS_Heisenberg.Gutzwiller_MF_Init - INFO - MF energy Initialize orbitals: Traced<ShapedArray(float64[])>with<DynamicJaxprTrace>
2025-12-03 17:45:11,616 - HFDS_Heisenberg.Gutzwiller_MF_Init - INFO - MF energy Initialize orbitals: Traced<ShapedArray(float64[])>with<DynamicJaxprTrace>
2025-12-03 17:45:11,616 - HFDS_Heisenberg.Gutzwiller_MF_Init - INFO - Finished updating Gutzwiller MF orbitals.
2025-12-03 17:45:35,112 - HFDS_Heisenberg.HFDS_model_spin - INFO - Setting up HiddenFermion model.
2025-12-03 17:45:35,113 - HFDS_Heisenberg.HFDS_model_spin - INFO - HiddenFermion model setup complete.
2025-12-03 17:45:35,119 - HFDS_Heisenberg.Init_orbitals - INFO - Initializing Gutzwiller orbitals with h=0.08000106320750675, phi=0.09377413923638274
2025-12-03 17:45:35,205 - HFDS_Heisenberg.Gutzwiller_MF_Init - INFO - MF energy Initialize orbitals: Traced<ShapedArray(float64[])>with<DynamicJaxprTrace>
2025-12-03 17:45:35,290 - HFDS_Heisenberg.Gutzwiller_MF_Init - INFO - MF energy Initialize orbitals: Traced<ShapedArray(float64[])>with<DynamicJaxprTrace>
2025-12-03 17:45:35,291 - HFDS_Heisenberg.Gutzwiller_MF_Init - INFO - Finished updating Gutzwiller MF orbitals.
2025-12-03 17:46:21,839 - __main__ - INFO - VMC optimization finished.
  0%|          | 0/3 [00:00<?, ?it/s]  0%|          | 0/3 [00:27<?, ?it/s, Energy=-4.06-0.03j ± 0.90 [σ²=1.5e+02, R̂=1.225]]  0%|          | 0/3 [00:22<?, ?it/s, Energy=-13.62+0.05j ± 0.82 [σ²=1.3e+02, R̂=1.225]] 33%|███▎      | 1/3 [00:22<00:45, 22.70s/it, Energy=-13.62+0.05j ± 0.82 [σ²=1.3e+02, R̂=1.225]] 33%|███▎      | 1/3 [00:46<00:45, 22.70s/it, Energy=-20.18-0.05j ± 0.67 [σ²=1.0e+02, R̂=1.225]] 67%|██████▋   | 2/3 [00:46<00:23, 23.50s/it, Energy=-20.18-0.05j ± 0.67 [σ²=1.0e+02, R̂=1.225]]100%|██████████| 3/3 [00:46<00:00, 15.59s/it, Energy=-20.18-0.05j ± 0.67 [σ²=1.0e+02, R̂=1.225]]
2025-12-03 17:46:21,917 - __main__ - INFO - Starting post-simulation analysis.
2025-12-03 17:46:22,063 - HFDS_Heisenberg.HFDS_model_spin - INFO - Setting up HiddenFermion model.
2025-12-03 17:46:22,064 - HFDS_Heisenberg.HFDS_model_spin - INFO - HiddenFermion model setup complete.
2025-12-03 17:46:22,072 - HFDS_Heisenberg.Init_orbitals - INFO - Initializing Gutzwiller orbitals with h=0.08000106320750675, phi=0.09377413923638274
2025-12-03 17:46:22,159 - HFDS_Heisenberg.Gutzwiller_MF_Init - INFO - MF energy Initialize orbitals: Traced<ShapedArray(float64[])>with<DynamicJaxprTrace>
2025-12-03 17:46:22,247 - HFDS_Heisenberg.Gutzwiller_MF_Init - INFO - MF energy Initialize orbitals: Traced<ShapedArray(float64[])>with<DynamicJaxprTrace>
2025-12-03 17:46:22,248 - HFDS_Heisenberg.Gutzwiller_MF_Init - INFO - Finished updating Gutzwiller MF orbitals.
2025-12-03 17:46:22,923 - HFDS_Heisenberg.HFDS_model_spin - INFO - Setting up HiddenFermion model.
2025-12-03 17:46:22,924 - HFDS_Heisenberg.HFDS_model_spin - INFO - HiddenFermion model setup complete.
2025-12-03 17:46:22,929 - HFDS_Heisenberg.Init_orbitals - INFO - Initializing Gutzwiller orbitals with h=0.08000106320750675, phi=0.09377413923638274
2025-12-03 17:46:23,029 - HFDS_Heisenberg.Gutzwiller_MF_Init - INFO - MF energy Initialize orbitals: Traced<ShapedArray(float64[])>with<DynamicJaxprTrace>
2025-12-03 17:46:23,131 - HFDS_Heisenberg.Gutzwiller_MF_Init - INFO - MF energy Initialize orbitals: Traced<ShapedArray(float64[])>with<DynamicJaxprTrace>
2025-12-03 17:46:23,132 - HFDS_Heisenberg.Gutzwiller_MF_Init - INFO - Finished updating Gutzwiller MF orbitals.
2025-12-03 17:46:23,210 - HFDS_Heisenberg.HFDS_model_spin - INFO - Setting up HiddenFermion model.
2025-12-03 17:46:23,211 - HFDS_Heisenberg.HFDS_model_spin - INFO - HiddenFermion model setup complete.
2025-12-03 17:46:23,215 - HFDS_Heisenberg.Init_orbitals - INFO - Initializing Gutzwiller orbitals with h=0.08000106320750675, phi=0.09377413923638274
2025-12-03 17:46:23,315 - HFDS_Heisenberg.Gutzwiller_MF_Init - INFO - MF energy Initialize orbitals: Traced<ShapedArray(float64[])>with<DynamicJaxprTrace>
2025-12-03 17:46:23,415 - HFDS_Heisenberg.Gutzwiller_MF_Init - INFO - MF energy Initialize orbitals: Traced<ShapedArray(float64[])>with<DynamicJaxprTrace>
2025-12-03 17:46:23,415 - HFDS_Heisenberg.Gutzwiller_MF_Init - INFO - Finished updating Gutzwiller MF orbitals.
2025-12-03 17:46:45,986 - HFDS_Heisenberg.HFDS_model_spin - INFO - Setting up HiddenFermion model.
2025-12-03 17:46:45,987 - HFDS_Heisenberg.HFDS_model_spin - INFO - HiddenFermion model setup complete.
2025-12-03 17:46:45,991 - HFDS_Heisenberg.Init_orbitals - INFO - Initializing Gutzwiller orbitals with h=0.08000106320750675, phi=0.09377413923638274
2025-12-03 17:46:46,089 - HFDS_Heisenberg.Gutzwiller_MF_Init - INFO - MF energy Initialize orbitals: Traced<ShapedArray(float64[])>with<DynamicJaxprTrace>
2025-12-03 17:46:46,187 - HFDS_Heisenberg.Gutzwiller_MF_Init - INFO - MF energy Initialize orbitals: Traced<ShapedArray(float64[])>with<DynamicJaxprTrace>
2025-12-03 17:46:46,188 - HFDS_Heisenberg.Gutzwiller_MF_Init - INFO - Finished updating Gutzwiller MF orbitals.
2025-12-03 17:46:46,229 - HFDS_Heisenberg.HFDS_model_spin - INFO - Setting up HiddenFermion model.
2025-12-03 17:46:46,230 - HFDS_Heisenberg.HFDS_model_spin - INFO - HiddenFermion model setup complete.
2025-12-03 17:46:46,235 - HFDS_Heisenberg.Init_orbitals - INFO - Initializing Gutzwiller orbitals with h=0.08000106320750675, phi=0.09377413923638274
2025-12-03 17:46:46,332 - HFDS_Heisenberg.Gutzwiller_MF_Init - INFO - MF energy Initialize orbitals: Traced<ShapedArray(float64[])>with<DynamicJaxprTrace>
2025-12-03 17:46:46,429 - HFDS_Heisenberg.Gutzwiller_MF_Init - INFO - MF energy Initialize orbitals: Traced<ShapedArray(float64[])>with<DynamicJaxprTrace>
2025-12-03 17:46:46,430 - HFDS_Heisenberg.Gutzwiller_MF_Init - INFO - Finished updating Gutzwiller MF orbitals.
2025-12-03 17:47:27,302 - HFDS_Heisenberg.HFDS_model_spin - INFO - Setting up HiddenFermion model.
2025-12-03 17:47:27,303 - HFDS_Heisenberg.HFDS_model_spin - INFO - HiddenFermion model setup complete.
2025-12-03 17:47:27,308 - HFDS_Heisenberg.Init_orbitals - INFO - Initializing Gutzwiller orbitals with h=0.08000106320750675, phi=0.09377413923638274
2025-12-03 17:47:27,504 - HFDS_Heisenberg.Gutzwiller_MF_Init - INFO - MF energy Initialize orbitals: Traced<ShapedArray(float64[])>with<DynamicJaxprTrace>
2025-12-03 17:47:27,671 - HFDS_Heisenberg.Gutzwiller_MF_Init - INFO - MF energy Initialize orbitals: Traced<ShapedArray(float64[])>with<DynamicJaxprTrace>
2025-12-03 17:47:27,672 - HFDS_Heisenberg.Gutzwiller_MF_Init - INFO - Finished updating Gutzwiller MF orbitals.
2025-12-03 17:47:28,619 - HFDS_Heisenberg.HFDS_model_spin - INFO - Setting up HiddenFermion model.
2025-12-03 17:47:28,620 - HFDS_Heisenberg.HFDS_model_spin - INFO - HiddenFermion model setup complete.
2025-12-03 17:47:28,625 - HFDS_Heisenberg.Init_orbitals - INFO - Initializing Gutzwiller orbitals with h=0.08000106320750675, phi=0.09377413923638274
2025-12-03 17:47:28,724 - HFDS_Heisenberg.Gutzwiller_MF_Init - INFO - MF energy Initialize orbitals: Traced<ShapedArray(float64[])>with<DynamicJaxprTrace>
2025-12-03 17:47:28,822 - HFDS_Heisenberg.Gutzwiller_MF_Init - INFO - MF energy Initialize orbitals: Traced<ShapedArray(float64[])>with<DynamicJaxprTrace>
2025-12-03 17:47:28,823 - HFDS_Heisenberg.Gutzwiller_MF_Init - INFO - Finished updating Gutzwiller MF orbitals.
2025-12-03 17:47:28,862 - HFDS_Heisenberg.HFDS_model_spin - INFO - Setting up HiddenFermion model.
2025-12-03 17:47:28,863 - HFDS_Heisenberg.HFDS_model_spin - INFO - HiddenFermion model setup complete.
2025-12-03 17:47:28,868 - HFDS_Heisenberg.Init_orbitals - INFO - Initializing Gutzwiller orbitals with h=0.08000106320750675, phi=0.09377413923638274
2025-12-03 17:47:28,966 - HFDS_Heisenberg.Gutzwiller_MF_Init - INFO - MF energy Initialize orbitals: Traced<ShapedArray(float64[])>with<DynamicJaxprTrace>
2025-12-03 17:47:29,064 - HFDS_Heisenberg.Gutzwiller_MF_Init - INFO - MF energy Initialize orbitals: Traced<ShapedArray(float64[])>with<DynamicJaxprTrace>
2025-12-03 17:47:29,064 - HFDS_Heisenberg.Gutzwiller_MF_Init - INFO - Finished updating Gutzwiller MF orbitals.
2025-12-03 17:47:29,594 - HFDS_Heisenberg.HFDS_model_spin - INFO - Setting up HiddenFermion model.
2025-12-03 17:47:29,595 - HFDS_Heisenberg.HFDS_model_spin - INFO - HiddenFermion model setup complete.
2025-12-03 17:47:29,600 - HFDS_Heisenberg.Init_orbitals - INFO - Initializing Gutzwiller orbitals with h=0.08000106320750675, phi=0.09377413923638274
2025-12-03 17:47:30,053 - HFDS_Heisenberg.Gutzwiller_MF_Init - INFO - MF energy Initialize orbitals: Traced<ShapedArray(float64[])>with<DynamicJaxprTrace>
2025-12-03 17:47:30,201 - HFDS_Heisenberg.Gutzwiller_MF_Init - INFO - MF energy Initialize orbitals: Traced<ShapedArray(float64[])>with<DynamicJaxprTrace>
2025-12-03 17:47:30,202 - HFDS_Heisenberg.Gutzwiller_MF_Init - INFO - Finished updating Gutzwiller MF orbitals.
2025-12-03 17:47:31,439 - HFDS_Heisenberg.HFDS_model_spin - INFO - Setting up HiddenFermion model.
2025-12-03 17:47:31,440 - HFDS_Heisenberg.HFDS_model_spin - INFO - HiddenFermion model setup complete.
2025-12-03 17:47:31,447 - HFDS_Heisenberg.Init_orbitals - INFO - Initializing Gutzwiller orbitals with h=0.08000106320750675, phi=0.09377413923638274
2025-12-03 17:47:31,570 - HFDS_Heisenberg.Gutzwiller_MF_Init - INFO - MF energy Initialize orbitals: Traced<ShapedArray(float64[])>with<DynamicJaxprTrace>
2025-12-03 17:47:31,692 - HFDS_Heisenberg.Gutzwiller_MF_Init - INFO - MF energy Initialize orbitals: Traced<ShapedArray(float64[])>with<DynamicJaxprTrace>
2025-12-03 17:47:31,693 - HFDS_Heisenberg.Gutzwiller_MF_Init - INFO - Finished updating Gutzwiller MF orbitals.
2025-12-03 17:47:34,389 - HFDS_Heisenberg.HFDS_model_spin - INFO - Setting up HiddenFermion model.
2025-12-03 17:47:34,390 - HFDS_Heisenberg.HFDS_model_spin - INFO - HiddenFermion model setup complete.
2025-12-03 17:47:34,394 - HFDS_Heisenberg.Init_orbitals - INFO - Initializing Gutzwiller orbitals with h=0.08000106320750675, phi=0.09377413923638274
2025-12-03 17:47:34,526 - HFDS_Heisenberg.Gutzwiller_MF_Init - INFO - MF energy Initialize orbitals: Traced<ShapedArray(float64[])>with<DynamicJaxprTrace>
2025-12-03 17:47:34,656 - HFDS_Heisenberg.Gutzwiller_MF_Init - INFO - MF energy Initialize orbitals: Traced<ShapedArray(float64[])>with<DynamicJaxprTrace>
2025-12-03 17:47:34,657 - HFDS_Heisenberg.Gutzwiller_MF_Init - INFO - Finished updating Gutzwiller MF orbitals.
/cluster/home/fconoscenti/Thesis_QSL/Elaborate/Plotting/Sign_vs_iteration.py:352: UserWarning: This figure includes Axes that are not compatible with tight_layout, so results might be incorrect.
  plt.tight_layout(rect=[0, 0, 0.80, 1])  # leave room on the right for our insets
2025-12-03 17:47:53,824 - __main__ - INFO - Analysis variables saved to pickle file.
2025-12-03 17:47:53,824 - __main__ - INFO - Script finished successfully.
