Rank=0: Total number of GPUs: 1, devices: [CpuDevice(id=0)]
Rank=0: Local number of GPUs: 1, devices: [CpuDevice(id=0)]
Traceback (most recent call last):
  File "<frozen runpy>", line 198, in _run_module_as_main
  File "<frozen runpy>", line 88, in _run_code
  File "/scratch/f/F.Conoscenti/Thesis_QSL/HFDS_Heisenberg/run_spin.py", line 155, in <module>
    vstate = nk.vqs.MCState(
             ^^^^^^^^^^^^^^^
  File "/scratch/f/F.Conoscenti/netket_venv1/lib/python3.11/site-packages/netket/vqs/mc/mc_state/state.py", line 279, in __init__
    self.init(seed, dtype=sampler.dtype)
  File "/scratch/f/F.Conoscenti/netket_venv1/lib/python3.11/site-packages/netket/vqs/mc/mc_state/state.py", line 328, in init
    variables = jax.jit(self._init_fun, out_shardings=par_sharding)(
                ^^^^^^^^^^^^^^^^^^^^^^^^^^^^^^^^^^^^^^^^^^^^^^^^^^^^
  File "/scratch/f/F.Conoscenti/netket_venv1/lib/python3.11/site-packages/netket/vqs/mc/mc_state/state.py", line 249, in <lambda>
    lambda model, *args, **kwargs: model.init(*args, **kwargs), model
                                   ^^^^^^^^^^^^^^^^^^^^^^^^^^^
  File "/scratch/f/F.Conoscenti/Thesis_QSL/HFDS_Heisenberg/HFDS_model_spin.py", line 121, in __call__
    log_det, log_sign = jax.vmap(self.calc_psi)(jnp.stack(x_sym))
                        ^^^^^^^^^^^^^^^^^^^^^^^^^^^^^^^^^^^^^^^^^
  File "/scratch/f/F.Conoscenti/Thesis_QSL/HFDS_Heisenberg/HFDS_model_spin.py", line 65, in calc_psi
    orbitals = self.orbitals(x)
               ^^^^^^^^^^^^^^^^
  File "/scratch/f/F.Conoscenti/Thesis_QSL/HFDS_Heisenberg/HFDS_model_spin.py", line 190, in __call__
    orbitals_mfmf = self.param('orbitals_mf', self._init_gutzwiller, (self.Lx*self.Ly, self.n_elecs), self.dtype)
                    ^^^^^^^^^^^^^^^^^^^^^^^^^^^^^^^^^^^^^^^^^^^^^^^^^^^^^^^^^^^^^^^^^^^^^^^^^^^^^^^^^^^^^^^^^^^^^
  File "/scratch/f/F.Conoscenti/Thesis_QSL/HFDS_Heisenberg/HFDS_model_spin.py", line 177, in _init_gutzwiller
    return update_orbitals(lattice=nk.graph.Hypercube(length=self.Lx, n_dim=2, pbc=True), dtype=dtype)
           ^^^^^^^^^^^^^^^^^^^^^^^^^^^^^^^^^^^^^^^^^^^^^^^^^^^^^^^^^^^^^^^^^^^^^^^^^^^^^^^^^^^^^^^^^^^
  File "/scratch/f/F.Conoscenti/Thesis_QSL/HFDS_Heisenberg/Gutzwiller_MF_Init.py", line 104, in update_orbitals
    energies, eigenstates = Hk(sigmaz, phi, h, N_sites, positions, lattice)
                            ^^^^^^^^^^^^^^^^^^^^^^^^^^^^^^^^^^^^^^^^^^^^^^^
  File "/scratch/f/F.Conoscenti/Thesis_QSL/HFDS_Heisenberg/Gutzwiller_MF_Init.py", line 30, in Hk
    nearest_neighbors = determine_nns(lattice)
                        ^^^^^^^^^^^^^
UnboundLocalError: cannot access local variable 'determine_nns' where it is not associated with a value
--------------------
For simplicity, JAX has removed its internal frames from the traceback of the following exception. Set JAX_TRACEBACK_FILTERING=off to include these.
srun: error: th-cl-rome04n3: task 0: Exited with exit code 1
srun: Terminating StepId=10892310.0
