2025-12-04 09:54:19,893 - __main__ - INFO - Parsing command-line arguments.
2025-12-04 09:54:19,894 - __main__ - INFO - J2 coupling parameter set to: 0.0
2025-12-04 09:54:19,894 - __main__ - INFO - Physical and model parameters set.
2025-12-04 09:54:19,894 - __main__ - INFO - Script starting execution.
2025-12-04 09:54:19,899 - __main__ - INFO - Output will be saved to: HFDS_Heisenberg/plot/spin_new/layers1_hidd1_feat1_sample256_lr0.025_iter3_parityTrue_rotTrue_InitG_MF_typecomplex_opt_1/J=0.0/seed_1
2025-12-04 09:54:19,910 - __main__ - INFO - Hilbert space created.
2025-12-04 09:54:19,913 - __main__ - INFO - Hamiltonian created.
2025-12-04 09:54:25,302 - __main__ - INFO - Exact ground state calculated.
2025-12-04 09:54:25,303 - __main__ - INFO - HiddenFermion model initialized.
2025-12-04 09:54:25,337 - __main__ - INFO - MetropolisExchange sampler created.
2025-12-04 09:54:25,583 - HFDS_Heisenberg.HFDS_model_spin - INFO - Setting up HiddenFermion model.
2025-12-04 09:54:25,585 - HFDS_Heisenberg.HFDS_model_spin - INFO - HiddenFermion model setup complete.
2025-12-04 09:54:25,594 - HFDS_Heisenberg.Init_orbitals - INFO - Initializing Gutzwiller orbitals with h=0.02, phi=0.5
2025-12-04 09:54:25,787 - HFDS_Heisenberg.Gutzwiller_MF_Init - INFO - MF energy Initialize orbitals: Traced<ShapedArray(float64[])>with<DynamicJaxprTrace>
2025-12-04 09:54:25,965 - HFDS_Heisenberg.Gutzwiller_MF_Init - INFO - MF energy Initialize orbitals: Traced<ShapedArray(float64[])>with<DynamicJaxprTrace>
2025-12-04 09:54:25,968 - HFDS_Heisenberg.Gutzwiller_MF_Init - INFO - Finished updating Gutzwiller MF orbitals.
2025-12-04 09:54:27,434 - HFDS_Heisenberg.HFDS_model_spin - INFO - Setting up HiddenFermion model.
2025-12-04 09:54:27,437 - HFDS_Heisenberg.HFDS_model_spin - INFO - HiddenFermion model setup complete.
2025-12-04 09:54:27,447 - HFDS_Heisenberg.Init_orbitals - INFO - Initializing Gutzwiller orbitals with h=0.02, phi=0.5
2025-12-04 09:54:27,599 - HFDS_Heisenberg.Gutzwiller_MF_Init - INFO - MF energy Initialize orbitals: Traced<ShapedArray(float64[])>with<DynamicJaxprTrace>
2025-12-04 09:54:27,752 - HFDS_Heisenberg.Gutzwiller_MF_Init - INFO - MF energy Initialize orbitals: Traced<ShapedArray(float64[])>with<DynamicJaxprTrace>
2025-12-04 09:54:27,752 - HFDS_Heisenberg.Gutzwiller_MF_Init - INFO - Finished updating Gutzwiller MF orbitals.
2025-12-04 09:54:28,217 - __main__ - INFO - MCState (vstate) created.
2025-12-04 09:54:28,283 - __main__ - INFO - VMC_SR driver created.
2025-12-04 09:54:28,283 - __main__ - INFO - Starting VMC optimization for 3 iterations.
2025-12-04 09:54:28,334 - HFDS_Heisenberg.HFDS_model_spin - INFO - Setting up HiddenFermion model.
2025-12-04 09:54:28,336 - HFDS_Heisenberg.HFDS_model_spin - INFO - HiddenFermion model setup complete.
2025-12-04 09:54:28,344 - HFDS_Heisenberg.Init_orbitals - INFO - Initializing Gutzwiller orbitals with h=0.02, phi=0.5
2025-12-04 09:54:28,495 - HFDS_Heisenberg.Gutzwiller_MF_Init - INFO - MF energy Initialize orbitals: Traced<ShapedArray(float64[])>with<DynamicJaxprTrace>
2025-12-04 09:54:28,647 - HFDS_Heisenberg.Gutzwiller_MF_Init - INFO - MF energy Initialize orbitals: Traced<ShapedArray(float64[])>with<DynamicJaxprTrace>
2025-12-04 09:54:28,648 - HFDS_Heisenberg.Gutzwiller_MF_Init - INFO - Finished updating Gutzwiller MF orbitals.
2025-12-04 09:54:28,980 - HFDS_Heisenberg.HFDS_model_spin - INFO - Setting up HiddenFermion model.
2025-12-04 09:54:28,981 - HFDS_Heisenberg.HFDS_model_spin - INFO - HiddenFermion model setup complete.
2025-12-04 09:54:28,991 - HFDS_Heisenberg.Init_orbitals - INFO - Initializing Gutzwiller orbitals with h=0.02, phi=0.5
2025-12-04 09:54:29,144 - HFDS_Heisenberg.Gutzwiller_MF_Init - INFO - MF energy Initialize orbitals: Traced<ShapedArray(float64[])>with<DynamicJaxprTrace>
2025-12-04 09:54:29,299 - HFDS_Heisenberg.Gutzwiller_MF_Init - INFO - MF energy Initialize orbitals: Traced<ShapedArray(float64[])>with<DynamicJaxprTrace>
2025-12-04 09:54:29,299 - HFDS_Heisenberg.Gutzwiller_MF_Init - INFO - Finished updating Gutzwiller MF orbitals.
2025-12-04 09:54:29,903 - HFDS_Heisenberg.HFDS_model_spin - INFO - Setting up HiddenFermion model.
2025-12-04 09:54:29,904 - HFDS_Heisenberg.HFDS_model_spin - INFO - HiddenFermion model setup complete.
2025-12-04 09:54:29,916 - HFDS_Heisenberg.Init_orbitals - INFO - Initializing Gutzwiller orbitals with h=0.02, phi=0.5
2025-12-04 09:54:30,068 - HFDS_Heisenberg.Gutzwiller_MF_Init - INFO - MF energy Initialize orbitals: Traced<ShapedArray(float64[])>with<DynamicJaxprTrace>
2025-12-04 09:54:30,364 - HFDS_Heisenberg.Gutzwiller_MF_Init - INFO - MF energy Initialize orbitals: Traced<ShapedArray(float64[])>with<DynamicJaxprTrace>
2025-12-04 09:54:30,365 - HFDS_Heisenberg.Gutzwiller_MF_Init - INFO - Finished updating Gutzwiller MF orbitals.
2025-12-04 09:54:31,003 - HFDS_Heisenberg.HFDS_model_spin - INFO - Setting up HiddenFermion model.
2025-12-04 09:54:31,004 - HFDS_Heisenberg.HFDS_model_spin - INFO - HiddenFermion model setup complete.
2025-12-04 09:54:31,012 - HFDS_Heisenberg.Init_orbitals - INFO - Initializing Gutzwiller orbitals with h=0.02, phi=0.5
2025-12-04 09:54:31,175 - HFDS_Heisenberg.Gutzwiller_MF_Init - INFO - MF energy Initialize orbitals: Traced<ShapedArray(float64[])>with<DynamicJaxprTrace>
2025-12-04 09:54:31,338 - HFDS_Heisenberg.Gutzwiller_MF_Init - INFO - MF energy Initialize orbitals: Traced<ShapedArray(float64[])>with<DynamicJaxprTrace>
2025-12-04 09:54:31,339 - HFDS_Heisenberg.Gutzwiller_MF_Init - INFO - Finished updating Gutzwiller MF orbitals.
2025-12-04 09:54:31,447 - HFDS_Heisenberg.HFDS_model_spin - INFO - Setting up HiddenFermion model.
2025-12-04 09:54:31,448 - HFDS_Heisenberg.HFDS_model_spin - INFO - HiddenFermion model setup complete.
2025-12-04 09:54:31,456 - HFDS_Heisenberg.Init_orbitals - INFO - Initializing Gutzwiller orbitals with h=0.02, phi=0.5
2025-12-04 09:54:31,619 - HFDS_Heisenberg.Gutzwiller_MF_Init - INFO - MF energy Initialize orbitals: Traced<ShapedArray(float64[])>with<DynamicJaxprTrace>
2025-12-04 09:54:31,782 - HFDS_Heisenberg.Gutzwiller_MF_Init - INFO - MF energy Initialize orbitals: Traced<ShapedArray(float64[])>with<DynamicJaxprTrace>
2025-12-04 09:54:31,782 - HFDS_Heisenberg.Gutzwiller_MF_Init - INFO - Finished updating Gutzwiller MF orbitals.
2025-12-04 09:54:32,518 - HFDS_Heisenberg.HFDS_model_spin - INFO - Setting up HiddenFermion model.
2025-12-04 09:54:32,520 - HFDS_Heisenberg.HFDS_model_spin - INFO - HiddenFermion model setup complete.
2025-12-04 09:54:32,534 - HFDS_Heisenberg.Init_orbitals - INFO - Initializing Gutzwiller orbitals with h=0.02, phi=0.5
2025-12-04 09:54:32,710 - HFDS_Heisenberg.Gutzwiller_MF_Init - INFO - MF energy Initialize orbitals: Traced<ShapedArray(float64[])>with<DynamicJaxprTrace>
2025-12-04 09:54:33,044 - HFDS_Heisenberg.Gutzwiller_MF_Init - INFO - MF energy Initialize orbitals: Traced<ShapedArray(float64[])>with<DynamicJaxprTrace>
2025-12-04 09:54:33,046 - HFDS_Heisenberg.Gutzwiller_MF_Init - INFO - Finished updating Gutzwiller MF orbitals.
2025-12-04 09:54:33,206 - HFDS_Heisenberg.HFDS_model_spin - INFO - Setting up HiddenFermion model.
2025-12-04 09:54:33,209 - HFDS_Heisenberg.HFDS_model_spin - INFO - HiddenFermion model setup complete.
2025-12-04 09:54:33,230 - HFDS_Heisenberg.Init_orbitals - INFO - Initializing Gutzwiller orbitals with h=0.02, phi=0.5
2025-12-04 09:54:33,400 - HFDS_Heisenberg.Gutzwiller_MF_Init - INFO - MF energy Initialize orbitals: Traced<ShapedArray(float64[])>with<DynamicJaxprTrace>
2025-12-04 09:54:33,569 - HFDS_Heisenberg.Gutzwiller_MF_Init - INFO - MF energy Initialize orbitals: Traced<ShapedArray(float64[])>with<DynamicJaxprTrace>
2025-12-04 09:54:33,570 - HFDS_Heisenberg.Gutzwiller_MF_Init - INFO - Finished updating Gutzwiller MF orbitals.
2025-12-04 09:54:33,906 - HFDS_Heisenberg.HFDS_model_spin - INFO - Setting up HiddenFermion model.
2025-12-04 09:54:33,908 - HFDS_Heisenberg.HFDS_model_spin - INFO - HiddenFermion model setup complete.
2025-12-04 09:54:33,928 - HFDS_Heisenberg.Init_orbitals - INFO - Initializing Gutzwiller orbitals with h=0.02, phi=0.5
2025-12-04 09:54:34,098 - HFDS_Heisenberg.Gutzwiller_MF_Init - INFO - MF energy Initialize orbitals: Traced<ShapedArray(float64[])>with<DynamicJaxprTrace>
2025-12-04 09:54:34,268 - HFDS_Heisenberg.Gutzwiller_MF_Init - INFO - MF energy Initialize orbitals: Traced<ShapedArray(float64[])>with<DynamicJaxprTrace>
2025-12-04 09:54:34,268 - HFDS_Heisenberg.Gutzwiller_MF_Init - INFO - Finished updating Gutzwiller MF orbitals.
2025-12-04 09:54:34,606 - HFDS_Heisenberg.HFDS_model_spin - INFO - Setting up HiddenFermion model.
2025-12-04 09:54:34,609 - HFDS_Heisenberg.HFDS_model_spin - INFO - HiddenFermion model setup complete.
2025-12-04 09:54:34,617 - HFDS_Heisenberg.Init_orbitals - INFO - Initializing Gutzwiller orbitals with h=0.02, phi=0.5
2025-12-04 09:54:34,772 - HFDS_Heisenberg.Gutzwiller_MF_Init - INFO - MF energy Initialize orbitals: Traced<ShapedArray(float64[])>with<DynamicJaxprTrace>
2025-12-04 09:54:34,927 - HFDS_Heisenberg.Gutzwiller_MF_Init - INFO - MF energy Initialize orbitals: Traced<ShapedArray(float64[])>with<DynamicJaxprTrace>
2025-12-04 09:54:34,928 - HFDS_Heisenberg.Gutzwiller_MF_Init - INFO - Finished updating Gutzwiller MF orbitals.
2025-12-04 09:54:35,005 - HFDS_Heisenberg.HFDS_model_spin - INFO - Setting up HiddenFermion model.
2025-12-04 09:54:35,009 - HFDS_Heisenberg.HFDS_model_spin - INFO - HiddenFermion model setup complete.
2025-12-04 09:54:35,022 - HFDS_Heisenberg.Init_orbitals - INFO - Initializing Gutzwiller orbitals with h=0.02, phi=0.5
2025-12-04 09:54:35,177 - HFDS_Heisenberg.Gutzwiller_MF_Init - INFO - MF energy Initialize orbitals: Traced<ShapedArray(float64[])>with<DynamicJaxprTrace>
2025-12-04 09:54:35,332 - HFDS_Heisenberg.Gutzwiller_MF_Init - INFO - MF energy Initialize orbitals: Traced<ShapedArray(float64[])>with<DynamicJaxprTrace>
2025-12-04 09:54:35,332 - HFDS_Heisenberg.Gutzwiller_MF_Init - INFO - Finished updating Gutzwiller MF orbitals.
2025-12-04 09:55:03,852 - HFDS_Heisenberg.HFDS_model_spin - INFO - Setting up HiddenFermion model.
2025-12-04 09:55:03,854 - HFDS_Heisenberg.HFDS_model_spin - INFO - HiddenFermion model setup complete.
2025-12-04 09:55:03,864 - HFDS_Heisenberg.Init_orbitals - INFO - Initializing Gutzwiller orbitals with h=0.02, phi=0.5
2025-12-04 09:55:04,017 - HFDS_Heisenberg.Gutzwiller_MF_Init - INFO - MF energy Initialize orbitals: Traced<ShapedArray(float64[])>with<DynamicJaxprTrace>
2025-12-04 09:55:04,170 - HFDS_Heisenberg.Gutzwiller_MF_Init - INFO - MF energy Initialize orbitals: Traced<ShapedArray(float64[])>with<DynamicJaxprTrace>
2025-12-04 09:55:04,171 - HFDS_Heisenberg.Gutzwiller_MF_Init - INFO - Finished updating Gutzwiller MF orbitals.
2025-12-04 09:56:13,195 - __main__ - INFO - VMC optimization finished.
  0%|          | 0/3 [00:00<?, ?it/s]  0%|          | 0/3 [00:35<?, ?it/s, Energy=-23.99-0.16j ± 0.95 [σ²=1.6e+02, R̂=1.225]]  0%|          | 0/3 [00:33<?, ?it/s, Energy=-32.18-0.85j ± 0.97 [σ²=1.8e+02, R̂=1.225]] 33%|███▎      | 1/3 [00:33<01:07, 33.96s/it, Energy=-32.18-0.85j ± 0.97 [σ²=1.8e+02, R̂=1.225]] 33%|███▎      | 1/3 [01:09<01:07, 33.96s/it, Energy=-37.63-0.13j ± 0.47 [σ²=6.4e+01, R̂=1.225]] 67%|██████▋   | 2/3 [01:09<00:34, 34.82s/it, Energy=-37.63-0.13j ± 0.47 [σ²=6.4e+01, R̂=1.225]]100%|██████████| 3/3 [01:09<00:00, 23.13s/it, Energy=-37.63-0.13j ± 0.47 [σ²=6.4e+01, R̂=1.225]]
2025-12-04 09:56:13,295 - __main__ - INFO - Starting post-simulation analysis.
2025-12-04 09:56:13,685 - HFDS_Heisenberg.HFDS_model_spin - INFO - Setting up HiddenFermion model.
2025-12-04 09:56:13,686 - HFDS_Heisenberg.HFDS_model_spin - INFO - HiddenFermion model setup complete.
2025-12-04 09:56:13,696 - HFDS_Heisenberg.Init_orbitals - INFO - Initializing Gutzwiller orbitals with h=0.02, phi=0.5
2025-12-04 09:56:13,849 - HFDS_Heisenberg.Gutzwiller_MF_Init - INFO - MF energy Initialize orbitals: Traced<ShapedArray(float64[])>with<DynamicJaxprTrace>
2025-12-04 09:56:14,005 - HFDS_Heisenberg.Gutzwiller_MF_Init - INFO - MF energy Initialize orbitals: Traced<ShapedArray(float64[])>with<DynamicJaxprTrace>
2025-12-04 09:56:14,006 - HFDS_Heisenberg.Gutzwiller_MF_Init - INFO - Finished updating Gutzwiller MF orbitals.
2025-12-04 09:56:15,065 - HFDS_Heisenberg.HFDS_model_spin - INFO - Setting up HiddenFermion model.
2025-12-04 09:56:15,067 - HFDS_Heisenberg.HFDS_model_spin - INFO - HiddenFermion model setup complete.
2025-12-04 09:56:15,075 - HFDS_Heisenberg.Init_orbitals - INFO - Initializing Gutzwiller orbitals with h=0.02, phi=0.5
2025-12-04 09:56:15,239 - HFDS_Heisenberg.Gutzwiller_MF_Init - INFO - MF energy Initialize orbitals: Traced<ShapedArray(float64[])>with<DynamicJaxprTrace>
2025-12-04 09:56:15,405 - HFDS_Heisenberg.Gutzwiller_MF_Init - INFO - MF energy Initialize orbitals: Traced<ShapedArray(float64[])>with<DynamicJaxprTrace>
2025-12-04 09:56:15,406 - HFDS_Heisenberg.Gutzwiller_MF_Init - INFO - Finished updating Gutzwiller MF orbitals.
2025-12-04 09:56:15,518 - HFDS_Heisenberg.HFDS_model_spin - INFO - Setting up HiddenFermion model.
2025-12-04 09:56:15,520 - HFDS_Heisenberg.HFDS_model_spin - INFO - HiddenFermion model setup complete.
2025-12-04 09:56:15,527 - HFDS_Heisenberg.Init_orbitals - INFO - Initializing Gutzwiller orbitals with h=0.02, phi=0.5
2025-12-04 09:56:15,691 - HFDS_Heisenberg.Gutzwiller_MF_Init - INFO - MF energy Initialize orbitals: Traced<ShapedArray(float64[])>with<DynamicJaxprTrace>
2025-12-04 09:56:15,854 - HFDS_Heisenberg.Gutzwiller_MF_Init - INFO - MF energy Initialize orbitals: Traced<ShapedArray(float64[])>with<DynamicJaxprTrace>
2025-12-04 09:56:15,855 - HFDS_Heisenberg.Gutzwiller_MF_Init - INFO - Finished updating Gutzwiller MF orbitals.
2025-12-04 09:56:48,818 - HFDS_Heisenberg.HFDS_model_spin - INFO - Setting up HiddenFermion model.
2025-12-04 09:56:48,819 - HFDS_Heisenberg.HFDS_model_spin - INFO - HiddenFermion model setup complete.
2025-12-04 09:56:48,827 - HFDS_Heisenberg.Init_orbitals - INFO - Initializing Gutzwiller orbitals with h=0.02, phi=0.5
2025-12-04 09:56:48,987 - HFDS_Heisenberg.Gutzwiller_MF_Init - INFO - MF energy Initialize orbitals: Traced<ShapedArray(float64[])>with<DynamicJaxprTrace>
2025-12-04 09:56:49,150 - HFDS_Heisenberg.Gutzwiller_MF_Init - INFO - MF energy Initialize orbitals: Traced<ShapedArray(float64[])>with<DynamicJaxprTrace>
2025-12-04 09:56:49,150 - HFDS_Heisenberg.Gutzwiller_MF_Init - INFO - Finished updating Gutzwiller MF orbitals.
2025-12-04 09:56:49,212 - HFDS_Heisenberg.HFDS_model_spin - INFO - Setting up HiddenFermion model.
2025-12-04 09:56:49,213 - HFDS_Heisenberg.HFDS_model_spin - INFO - HiddenFermion model setup complete.
2025-12-04 09:56:49,221 - HFDS_Heisenberg.Init_orbitals - INFO - Initializing Gutzwiller orbitals with h=0.02, phi=0.5
2025-12-04 09:56:49,382 - HFDS_Heisenberg.Gutzwiller_MF_Init - INFO - MF energy Initialize orbitals: Traced<ShapedArray(float64[])>with<DynamicJaxprTrace>
2025-12-04 09:56:49,542 - HFDS_Heisenberg.Gutzwiller_MF_Init - INFO - MF energy Initialize orbitals: Traced<ShapedArray(float64[])>with<DynamicJaxprTrace>
2025-12-04 09:56:49,543 - HFDS_Heisenberg.Gutzwiller_MF_Init - INFO - Finished updating Gutzwiller MF orbitals.
2025-12-04 09:57:43,473 - HFDS_Heisenberg.HFDS_model_spin - INFO - Setting up HiddenFermion model.
2025-12-04 09:57:43,474 - HFDS_Heisenberg.HFDS_model_spin - INFO - HiddenFermion model setup complete.
2025-12-04 09:57:43,482 - HFDS_Heisenberg.Init_orbitals - INFO - Initializing Gutzwiller orbitals with h=0.02, phi=0.5
2025-12-04 09:57:43,712 - HFDS_Heisenberg.Gutzwiller_MF_Init - INFO - MF energy Initialize orbitals: Traced<ShapedArray(float64[])>with<DynamicJaxprTrace>
2025-12-04 09:57:43,921 - HFDS_Heisenberg.Gutzwiller_MF_Init - INFO - MF energy Initialize orbitals: Traced<ShapedArray(float64[])>with<DynamicJaxprTrace>
2025-12-04 09:57:43,922 - HFDS_Heisenberg.Gutzwiller_MF_Init - INFO - Finished updating Gutzwiller MF orbitals.
2025-12-04 09:57:45,271 - HFDS_Heisenberg.HFDS_model_spin - INFO - Setting up HiddenFermion model.
2025-12-04 09:57:45,272 - HFDS_Heisenberg.HFDS_model_spin - INFO - HiddenFermion model setup complete.
2025-12-04 09:57:45,280 - HFDS_Heisenberg.Init_orbitals - INFO - Initializing Gutzwiller orbitals with h=0.02, phi=0.5
2025-12-04 09:57:45,650 - HFDS_Heisenberg.Gutzwiller_MF_Init - INFO - MF energy Initialize orbitals: Traced<ShapedArray(float64[])>with<DynamicJaxprTrace>
2025-12-04 09:57:45,812 - HFDS_Heisenberg.Gutzwiller_MF_Init - INFO - MF energy Initialize orbitals: Traced<ShapedArray(float64[])>with<DynamicJaxprTrace>
2025-12-04 09:57:45,813 - HFDS_Heisenberg.Gutzwiller_MF_Init - INFO - Finished updating Gutzwiller MF orbitals.
2025-12-04 09:57:45,873 - HFDS_Heisenberg.HFDS_model_spin - INFO - Setting up HiddenFermion model.
2025-12-04 09:57:45,874 - HFDS_Heisenberg.HFDS_model_spin - INFO - HiddenFermion model setup complete.
2025-12-04 09:57:45,882 - HFDS_Heisenberg.Init_orbitals - INFO - Initializing Gutzwiller orbitals with h=0.02, phi=0.5
2025-12-04 09:57:46,044 - HFDS_Heisenberg.Gutzwiller_MF_Init - INFO - MF energy Initialize orbitals: Traced<ShapedArray(float64[])>with<DynamicJaxprTrace>
2025-12-04 09:57:46,206 - HFDS_Heisenberg.Gutzwiller_MF_Init - INFO - MF energy Initialize orbitals: Traced<ShapedArray(float64[])>with<DynamicJaxprTrace>
2025-12-04 09:57:46,207 - HFDS_Heisenberg.Gutzwiller_MF_Init - INFO - Finished updating Gutzwiller MF orbitals.
2025-12-04 09:57:47,119 - HFDS_Heisenberg.HFDS_model_spin - INFO - Setting up HiddenFermion model.
2025-12-04 09:57:47,121 - HFDS_Heisenberg.HFDS_model_spin - INFO - HiddenFermion model setup complete.
2025-12-04 09:57:47,131 - HFDS_Heisenberg.Init_orbitals - INFO - Initializing Gutzwiller orbitals with h=0.02, phi=0.5
2025-12-04 09:57:47,327 - HFDS_Heisenberg.Gutzwiller_MF_Init - INFO - MF energy Initialize orbitals: Traced<ShapedArray(float64[])>with<DynamicJaxprTrace>
2025-12-04 09:57:47,522 - HFDS_Heisenberg.Gutzwiller_MF_Init - INFO - MF energy Initialize orbitals: Traced<ShapedArray(float64[])>with<DynamicJaxprTrace>
2025-12-04 09:57:47,523 - HFDS_Heisenberg.Gutzwiller_MF_Init - INFO - Finished updating Gutzwiller MF orbitals.
2025-12-04 09:57:49,356 - HFDS_Heisenberg.HFDS_model_spin - INFO - Setting up HiddenFermion model.
2025-12-04 09:57:49,358 - HFDS_Heisenberg.HFDS_model_spin - INFO - HiddenFermion model setup complete.
2025-12-04 09:57:49,369 - HFDS_Heisenberg.Init_orbitals - INFO - Initializing Gutzwiller orbitals with h=0.02, phi=0.5
2025-12-04 09:57:49,545 - HFDS_Heisenberg.Gutzwiller_MF_Init - INFO - MF energy Initialize orbitals: Traced<ShapedArray(float64[])>with<DynamicJaxprTrace>
2025-12-04 09:57:49,722 - HFDS_Heisenberg.Gutzwiller_MF_Init - INFO - MF energy Initialize orbitals: Traced<ShapedArray(float64[])>with<DynamicJaxprTrace>
2025-12-04 09:57:49,723 - HFDS_Heisenberg.Gutzwiller_MF_Init - INFO - Finished updating Gutzwiller MF orbitals.
2025-12-04 09:57:53,607 - HFDS_Heisenberg.HFDS_model_spin - INFO - Setting up HiddenFermion model.
2025-12-04 09:57:53,609 - HFDS_Heisenberg.HFDS_model_spin - INFO - HiddenFermion model setup complete.
2025-12-04 09:57:53,619 - HFDS_Heisenberg.Init_orbitals - INFO - Initializing Gutzwiller orbitals with h=0.02, phi=0.5
2025-12-04 09:57:53,802 - HFDS_Heisenberg.Gutzwiller_MF_Init - INFO - MF energy Initialize orbitals: Traced<ShapedArray(float64[])>with<DynamicJaxprTrace>
2025-12-04 09:57:54,205 - HFDS_Heisenberg.Gutzwiller_MF_Init - INFO - MF energy Initialize orbitals: Traced<ShapedArray(float64[])>with<DynamicJaxprTrace>
2025-12-04 09:57:54,206 - HFDS_Heisenberg.Gutzwiller_MF_Init - INFO - Finished updating Gutzwiller MF orbitals.
/cluster/home/fconoscenti/Thesis_QSL/Elaborate/Plotting/Sign_vs_iteration.py:352: UserWarning: This figure includes Axes that are not compatible with tight_layout, so results might be incorrect.
  plt.tight_layout(rect=[0, 0, 0.80, 1])  # leave room on the right for our insets
2025-12-04 09:58:20,469 - __main__ - INFO - Analysis variables saved to pickle file.
2025-12-04 09:58:20,469 - __main__ - INFO - Script finished successfully.
