2025-12-04 11:00:58,948 - __main__ - INFO - Parsing command-line arguments.
2025-12-04 11:00:58,948 - __main__ - INFO - J2 coupling parameter set to: 0.7
2025-12-04 11:00:58,948 - __main__ - INFO - Physical and model parameters set.
2025-12-04 11:00:58,948 - __main__ - INFO - Script starting execution.
2025-12-04 11:00:58,953 - __main__ - INFO - Output will be saved to: HFDS_Heisenberg/plot/spin_new/layers1_hidd1_feat1_sample256_lr0.025_iter3_parityTrue_rotTrue_InitG_MF_typecomplex_try/J=0.7/seed_2
2025-12-04 11:01:00,478 - __main__ - INFO - Hilbert space created.
2025-12-04 11:01:00,483 - __main__ - INFO - Hamiltonian created.
2025-12-04 11:01:04,295 - __main__ - INFO - Exact ground state calculated.
2025-12-04 11:01:04,295 - __main__ - INFO - HiddenFermion model initialized.
2025-12-04 11:01:04,377 - __main__ - INFO - MetropolisExchange sampler created.
2025-12-04 11:01:04,570 - HFDS_Heisenberg.HFDS_model_spin - INFO - Setting up HiddenFermion model.
2025-12-04 11:01:04,572 - HFDS_Heisenberg.HFDS_model_spin - INFO - HiddenFermion model setup complete.
2025-12-04 11:01:04,581 - HFDS_Heisenberg.Init_orbitals - INFO - Initializing Gutzwiller orbitals with h=0.02, phi=0.4
Traceback (most recent call last):
  File "<frozen runpy>", line 198, in _run_module_as_main
  File "<frozen runpy>", line 88, in _run_code
  File "/cluster/home/fconoscenti/Thesis_QSL/HFDS_Heisenberg/run_spin.py", line 172, in <module>
    vstate = nk.vqs.MCState(
             ^^^^^^^^^^^^^^^
  File "/cluster/home/fconoscenti/netket_venv/lib/python3.11/site-packages/netket/vqs/mc/mc_state/state.py", line 279, in __init__
    self.init(seed, dtype=sampler.dtype)
  File "/cluster/home/fconoscenti/netket_venv/lib/python3.11/site-packages/netket/vqs/mc/mc_state/state.py", line 328, in init
    variables = jax.jit(self._init_fun, out_shardings=par_sharding)(
                ^^^^^^^^^^^^^^^^^^^^^^^^^^^^^^^^^^^^^^^^^^^^^^^^^^^^
  File "/cluster/home/fconoscenti/netket_venv/lib/python3.11/site-packages/netket/vqs/mc/mc_state/state.py", line 249, in <lambda>
    lambda model, *args, **kwargs: model.init(*args, **kwargs), model
                                   ^^^^^^^^^^^^^^^^^^^^^^^^^^^
  File "/cluster/home/fconoscenti/Thesis_QSL/HFDS_Heisenberg/HFDS_model_spin.py", line 117, in __call__
    log_det, log_sign = jax.vmap(self.calc_psi)(jnp.stack(x_sym))
                        ^^^^^^^^^^^^^^^^^^^^^^^^^^^^^^^^^^^^^^^^^
  File "/cluster/home/fconoscenti/Thesis_QSL/HFDS_Heisenberg/HFDS_model_spin.py", line 64, in calc_psi
    orbitals = self.orbitals(x)
               ^^^^^^^^^^^^^^^^
  File "/cluster/home/fconoscenti/Thesis_QSL/HFDS_Heisenberg/Init_orbitals.py", line 58, in setup
    self.orbitals_mfmf = self.param('orbitals_mf', self._init_gutzwiller, (N_sites, self.n_elecs), self.dtype)
                         ^^^^^^^^^^^^^^^^^^^^^^^^^^^^^^^^^^^^^^^^^^^^^^^^^^^^^^^^^^^^^^^^^^^^^^^^^^^^^^^^^^^^^
  File "/cluster/home/fconoscenti/Thesis_QSL/HFDS_Heisenberg/Init_orbitals.py", line 45, in _init_gutzwiller
    mf = update_orbitals_gmf(self.lattice, dtype=dtype, h=self.h_opt, phi=self.phi_opt)
         ^^^^^^^^^^^^^^^^^^^^^^^^^^^^^^^^^^^^^^^^^^^^^^^^^^^^^^^^^^^^^^^^^^^^^^^^^^^^^^
  File "/cluster/home/fconoscenti/Thesis_QSL/HFDS_Heisenberg/Gutzwiller_MF_Init.py", line 160, in update_orbitals_gmf
    upmatrix = initialize_real(n_elecs//2, sigmaz = +1)
               ^^^^^^^^^^^^^^^^^^^^^^^^^^^^^^^^^^^^^^^^
  File "/cluster/home/fconoscenti/Thesis_QSL/HFDS_Heisenberg/Gutzwiller_MF_Init.py", line 134, in initialize_real
    energies, eigenstates = Hk(sigmaz, phi, h, N_sites, positions, lattice, dtype)
                            ^^^^^^^^^^^^^^^^^^^^^^^^^^^^^^^^^^^^^^^^^^^^^^^^^^^^^^
  File "/cluster/home/fconoscenti/Thesis_QSL/HFDS_Heisenberg/Gutzwiller_MF_Init.py", line 86, in Hk
    directed_nns = determine_directed_nns(lattice)
                   ^^^^^^^^^^^^^^^^^^^^^^^^^^^^^^^
  File "/cluster/home/fconoscenti/Thesis_QSL/HFDS_Heisenberg/Gutzwiller_MF_Init.py", line 47, in determine_directed_nns
    if jnp.isclose(pos_u[1], pos_v[1]): 
    ^^^^^^^^^^^^^^^^^^^^^^^^^^^^^^^^^^^
jax.errors.TracerBoolConversionError: Attempted boolean conversion of traced array with shape bool[].
The error occurred while tracing the function <lambda> at /cluster/home/fconoscenti/netket_venv/lib/python3.11/site-packages/netket/vqs/mc/mc_state/state.py:249 for jit. This value became a tracer due to JAX operations on these lines:

  operation c:bool[] = pjit[
  name=isclose
  jaxpr={ lambda ; a:f64[] b:f64[]. let
      d:f64[] = sub a b
      e:f64[] = abs d
      f:f64[] = abs b
      g:f64[] = mul 1e-05 f
      h:f64[] = add 1e-08 g
      i:bool[] = le e h
      j:bool[] = pjit[
        name=isinf
        jaxpr={ lambda ; a:f64[]. let
            k:f64[] = abs a
            j:bool[] = eq k inf
          in (j,) }
      ] a
      l:bool[] = pjit[
        name=isinf
        jaxpr={ lambda ; a:f64[]. let
            k:f64[] = abs a
            j:bool[] = eq k inf
          in (j,) }
      ] b
      m:bool[] = or j l
      n:bool[] = and j l
      o:bool[] = not m
      p:bool[] = and i o
      q:bool[] = eq a b
      r:bool[] = and n q
      s:bool[] = or p r
      t:bool[] = ne a a
      u:bool[] = ne b b
      v:bool[] = or t u
      w:bool[] = not v
      c:bool[] = and s w
    in (c,) }
] a b
    from line /cluster/home/fconoscenti/Thesis_QSL/HFDS_Heisenberg/Gutzwiller_MF_Init.py:47:13 (Hk.<locals>.determine_directed_nns)
See https://jax.readthedocs.io/en/latest/errors.html#jax.errors.TracerBoolConversionError
--------------------
For simplicity, JAX has removed its internal frames from the traceback of the following exception. Set JAX_TRACEBACK_FILTERING=off to include these.
srun: error: eu-g9-028-2: task 0: Exited with exit code 1
