--- Loading pre-trained DMRG state from DMRG/trained_models/dmrg_L4_J2_0.5.pkl.gz ---
--- DMRG state loaded. ---

--- Generating 1024 samples from DMRG wavefunction ---
--- Sampling complete ---

--- Starting NetKet RBM Calculation ---
Automatic SR implementation choice:  QGT
  0%|          | 0/1 [00:00<?, ?it/s]  0%|          | 0/1 [00:18<?, ?it/s, Energy=11.9978-0.0014j ± 0.0039 [σ²=1.3e-02, R̂=1.013]]100%|██████████| 1/1 [00:00<00:00, 13.99it/s, Energy=11.9978-0.0014j ± 0.0039 [σ²=1.3e-02, R̂=1.013]]
Final RBM Energy: 11.997799
Final RBM Energy per site: 0.749862
--- NetKet RBM Calculation Finished ---

==================== Running for n_iter = 40 ====================

--- Starting NetKet RBM Calculation ---
--- Loading pre-trained RBM parameters from DMRG/trained_models/rbm_L4_J2_0.5_iter40_iter40.mpack ---
--- RBM parameters loaded. ---
--- NetKet RBM Calculation Finished ---

Fidelity exact (RBM_Full vs DMRG_Full): 0.000019
Fidelity sampled (RBM_sampled vs DMRG_sampled): 0.000031

==================== Running for n_iter = 60 ====================

--- Starting NetKet RBM Calculation ---
--- Loading pre-trained RBM parameters from DMRG/trained_models/rbm_L4_J2_0.5_iter60_iter60.mpack ---
--- RBM parameters loaded. ---
--- NetKet RBM Calculation Finished ---

Fidelity exact (RBM_Full vs DMRG_Full): 0.003106
Fidelity sampled (RBM_sampled vs DMRG_sampled): 0.018643

==================== Running for n_iter = 80 ====================

--- Starting NetKet RBM Calculation ---
--- Loading pre-trained RBM parameters from DMRG/trained_models/rbm_L4_J2_0.5_iter80_iter80.mpack ---
--- RBM parameters loaded. ---
--- NetKet RBM Calculation Finished ---

Fidelity exact (RBM_Full vs DMRG_Full): 0.016908
Fidelity sampled (RBM_sampled vs DMRG_sampled): 0.055785

==================== Running for n_iter = 100 ====================

--- Starting NetKet RBM Calculation ---
--- Loading pre-trained RBM parameters from DMRG/trained_models/rbm_L4_J2_0.5_iter100_iter100.mpack ---
--- RBM parameters loaded. ---
--- NetKet RBM Calculation Finished ---

Fidelity exact (RBM_Full vs DMRG_Full): 0.040707
Fidelity sampled (RBM_sampled vs DMRG_sampled): 0.089038

==================== Running for n_iter = 120 ====================

--- Starting NetKet RBM Calculation ---
--- Loading pre-trained RBM parameters from DMRG/trained_models/rbm_L4_J2_0.5_iter120_iter120.mpack ---
--- RBM parameters loaded. ---
--- NetKet RBM Calculation Finished ---

Fidelity exact (RBM_Full vs DMRG_Full): 0.071600
Fidelity sampled (RBM_sampled vs DMRG_sampled): 0.119011

==================== Running for n_iter = 140 ====================

--- Starting NetKet RBM Calculation ---
--- Loading pre-trained RBM parameters from DMRG/trained_models/rbm_L4_J2_0.5_iter140_iter140.mpack ---
--- RBM parameters loaded. ---
--- NetKet RBM Calculation Finished ---

Fidelity exact (RBM_Full vs DMRG_Full): 0.108528
Fidelity sampled (RBM_sampled vs DMRG_sampled): 0.151087

==================== Running for n_iter = 160 ====================

--- Starting NetKet RBM Calculation ---
--- Loading pre-trained RBM parameters from DMRG/trained_models/rbm_L4_J2_0.5_iter160_iter160.mpack ---
--- RBM parameters loaded. ---
--- NetKet RBM Calculation Finished ---

Fidelity exact (RBM_Full vs DMRG_Full): 0.146618
Fidelity sampled (RBM_sampled vs DMRG_sampled): 0.181619

==================== Running for n_iter = 180 ====================

--- Starting NetKet RBM Calculation ---
--- Loading pre-trained RBM parameters from DMRG/trained_models/rbm_L4_J2_0.5_iter180_iter180.mpack ---
--- RBM parameters loaded. ---
--- NetKet RBM Calculation Finished ---

Fidelity exact (RBM_Full vs DMRG_Full): 0.179862
Fidelity sampled (RBM_sampled vs DMRG_sampled): 0.206854

==================== Running for n_iter = 200 ====================

--- Starting NetKet RBM Calculation ---
--- Loading pre-trained RBM parameters from DMRG/trained_models/rbm_L4_J2_0.5_iter200_iter200.mpack ---
--- RBM parameters loaded. ---
--- NetKet RBM Calculation Finished ---

Fidelity exact (RBM_Full vs DMRG_Full): 0.207753
Fidelity sampled (RBM_sampled vs DMRG_sampled): 0.231168

==================== Running for n_iter = 220 ====================

--- Starting NetKet RBM Calculation ---
--- Loading pre-trained RBM parameters from DMRG/trained_models/rbm_L4_J2_0.5_iter220_iter220.mpack ---
--- RBM parameters loaded. ---
--- NetKet RBM Calculation Finished ---

Fidelity exact (RBM_Full vs DMRG_Full): 0.239373
Fidelity sampled (RBM_sampled vs DMRG_sampled): 0.260332

==================== Running for n_iter = 240 ====================

--- Starting NetKet RBM Calculation ---
--- Loading pre-trained RBM parameters from DMRG/trained_models/rbm_L4_J2_0.5_iter240_iter240.mpack ---
--- RBM parameters loaded. ---
--- NetKet RBM Calculation Finished ---

Fidelity exact (RBM_Full vs DMRG_Full): 0.265420
Fidelity sampled (RBM_sampled vs DMRG_sampled): 0.281826

==================== Running for n_iter = 260 ====================

--- Starting NetKet RBM Calculation ---
--- Loading pre-trained RBM parameters from DMRG/trained_models/rbm_L4_J2_0.5_iter260_iter260.mpack ---
--- RBM parameters loaded. ---
--- NetKet RBM Calculation Finished ---

Fidelity exact (RBM_Full vs DMRG_Full): 0.287261
Fidelity sampled (RBM_sampled vs DMRG_sampled): 0.303221

==================== Running for n_iter = 280 ====================

--- Starting NetKet RBM Calculation ---
--- Loading pre-trained RBM parameters from DMRG/trained_models/rbm_L4_J2_0.5_iter280_iter280.mpack ---
--- RBM parameters loaded. ---
--- NetKet RBM Calculation Finished ---

Fidelity exact (RBM_Full vs DMRG_Full): 0.311078
Fidelity sampled (RBM_sampled vs DMRG_sampled): 0.326685

==================== Running for n_iter = 300 ====================

--- Starting NetKet RBM Calculation ---
--- Loading pre-trained RBM parameters from DMRG/trained_models/rbm_L4_J2_0.5_iter300_iter300.mpack ---
--- RBM parameters loaded. ---
--- NetKet RBM Calculation Finished ---

Fidelity exact (RBM_Full vs DMRG_Full): 0.337440
Fidelity sampled (RBM_sampled vs DMRG_sampled): 0.352409

==================== Running for n_iter = 400 ====================

--- Starting NetKet RBM Calculation ---
--- Loading pre-trained RBM parameters from DMRG/trained_models/rbm_L4_J2_0.5_iter400_iter400.mpack ---
--- RBM parameters loaded. ---
--- NetKet RBM Calculation Finished ---

Fidelity exact (RBM_Full vs DMRG_Full): 0.482245
Fidelity sampled (RBM_sampled vs DMRG_sampled): 0.507747

==================== Running for n_iter = 500 ====================

--- Starting NetKet RBM Calculation ---
--- Loading pre-trained RBM parameters from DMRG/trained_models/rbm_L4_J2_0.5_iter500_iter500.mpack ---
--- RBM parameters loaded. ---
--- NetKet RBM Calculation Finished ---

Fidelity exact (RBM_Full vs DMRG_Full): 0.544088
Fidelity sampled (RBM_sampled vs DMRG_sampled): 0.564320

==================== Running for n_iter = 600 ====================

--- Starting NetKet RBM Calculation ---
--- Loading pre-trained RBM parameters from DMRG/trained_models/rbm_L4_J2_0.5_iter600_iter600.mpack ---
--- RBM parameters loaded. ---
--- NetKet RBM Calculation Finished ---

Fidelity exact (RBM_Full vs DMRG_Full): 0.592284
Fidelity sampled (RBM_sampled vs DMRG_sampled): 0.610972

==================== Running for n_iter = 700 ====================

--- Starting NetKet RBM Calculation ---
--- Loading pre-trained RBM parameters from DMRG/trained_models/rbm_L4_J2_0.5_iter700_iter700.mpack ---
--- RBM parameters loaded. ---
--- NetKet RBM Calculation Finished ---

Fidelity exact (RBM_Full vs DMRG_Full): 0.602417
Fidelity sampled (RBM_sampled vs DMRG_sampled): 0.621127

==================== Running for n_iter = 800 ====================

--- Starting NetKet RBM Calculation ---
--- Loading pre-trained RBM parameters from DMRG/trained_models/rbm_L4_J2_0.5_iter800_iter800.mpack ---
--- RBM parameters loaded. ---
--- NetKet RBM Calculation Finished ---

Fidelity exact (RBM_Full vs DMRG_Full): 0.595737
Fidelity sampled (RBM_sampled vs DMRG_sampled): 0.620705

==================== Running for n_iter = 900 ====================

--- Starting NetKet RBM Calculation ---
--- Loading pre-trained RBM parameters from DMRG/trained_models/rbm_L4_J2_0.5_iter900_iter900.mpack ---
--- RBM parameters loaded. ---
--- NetKet RBM Calculation Finished ---

Fidelity exact (RBM_Full vs DMRG_Full): 0.618605
Fidelity sampled (RBM_sampled vs DMRG_sampled): 0.633466

==================== Running for n_iter = 1000 ====================

--- Starting NetKet RBM Calculation ---
--- Loading pre-trained RBM parameters from DMRG/trained_models/rbm_L4_J2_0.5_iter1000_iter1000.mpack ---
--- RBM parameters loaded. ---
--- NetKet RBM Calculation Finished ---

Fidelity exact (RBM_Full vs DMRG_Full): 0.619020
Fidelity sampled (RBM_sampled vs DMRG_sampled): 0.635942

==================== Running for n_iter = 2000 ====================

--- Starting NetKet RBM Calculation ---
--- Loading pre-trained RBM parameters from DMRG/trained_models/rbm_L4_J2_0.5_iter2000_iter2000.mpack ---
--- RBM parameters loaded. ---
--- NetKet RBM Calculation Finished ---

Fidelity exact (RBM_Full vs DMRG_Full): 0.603918
Fidelity sampled (RBM_sampled vs DMRG_sampled): 0.619521

==================== Running for n_iter = 3000 ====================

--- Starting NetKet RBM Calculation ---
--- Loading pre-trained RBM parameters from DMRG/trained_models/rbm_L4_J2_0.5_iter3000_iter3000.mpack ---
--- RBM parameters loaded. ---
--- NetKet RBM Calculation Finished ---

Fidelity exact (RBM_Full vs DMRG_Full): 0.576409
Fidelity sampled (RBM_sampled vs DMRG_sampled): 0.588050

==================== Running for n_iter = 5000 ====================

--- Starting NetKet RBM Calculation ---
--- Loading pre-trained RBM parameters from DMRG/trained_models/rbm_L4_J2_0.5_iter5000_iter5000.mpack ---
--- RBM parameters loaded. ---
--- NetKet RBM Calculation Finished ---

Fidelity exact (RBM_Full vs DMRG_Full): 0.595066
Fidelity sampled (RBM_sampled vs DMRG_sampled): 0.608213

✅ Final fidelity plot saved to DMRG/plot/Fidelity_vs_Iterations/fidelity_vs_n_iter_L4_J2_0.5.png
