2025-12-04 09:54:28,713 - __main__ - INFO - Parsing command-line arguments.
2025-12-04 09:54:28,713 - __main__ - INFO - J2 coupling parameter set to: 0.2
2025-12-04 09:54:28,713 - __main__ - INFO - Physical and model parameters set.
2025-12-04 09:54:28,713 - __main__ - INFO - Script starting execution.
2025-12-04 09:54:28,741 - __main__ - INFO - Output will be saved to: HFDS_Heisenberg/plot/spin_new/layers1_hidd1_feat1_sample256_lr0.025_iter3_parityTrue_rotTrue_InitG_MF_typecomplex_opt_1/J=0.2/seed_3
2025-12-04 09:54:28,797 - __main__ - INFO - Hilbert space created.
2025-12-04 09:54:28,808 - __main__ - INFO - Hamiltonian created.
2025-12-04 09:54:33,501 - __main__ - INFO - Exact ground state calculated.
2025-12-04 09:54:33,501 - __main__ - INFO - HiddenFermion model initialized.
2025-12-04 09:54:33,533 - __main__ - INFO - MetropolisExchange sampler created.
2025-12-04 09:54:33,790 - HFDS_Heisenberg.HFDS_model_spin - INFO - Setting up HiddenFermion model.
2025-12-04 09:54:33,792 - HFDS_Heisenberg.HFDS_model_spin - INFO - HiddenFermion model setup complete.
2025-12-04 09:54:33,801 - HFDS_Heisenberg.Init_orbitals - INFO - Initializing Gutzwiller orbitals with h=0.02, phi=0.5
2025-12-04 09:54:33,994 - HFDS_Heisenberg.Gutzwiller_MF_Init - INFO - MF energy Initialize orbitals: Traced<ShapedArray(float64[])>with<DynamicJaxprTrace>
2025-12-04 09:54:34,171 - HFDS_Heisenberg.Gutzwiller_MF_Init - INFO - MF energy Initialize orbitals: Traced<ShapedArray(float64[])>with<DynamicJaxprTrace>
2025-12-04 09:54:34,174 - HFDS_Heisenberg.Gutzwiller_MF_Init - INFO - Finished updating Gutzwiller MF orbitals.
2025-12-04 09:54:35,635 - HFDS_Heisenberg.HFDS_model_spin - INFO - Setting up HiddenFermion model.
2025-12-04 09:54:35,637 - HFDS_Heisenberg.HFDS_model_spin - INFO - HiddenFermion model setup complete.
2025-12-04 09:54:35,647 - HFDS_Heisenberg.Init_orbitals - INFO - Initializing Gutzwiller orbitals with h=0.02, phi=0.5
2025-12-04 09:54:35,799 - HFDS_Heisenberg.Gutzwiller_MF_Init - INFO - MF energy Initialize orbitals: Traced<ShapedArray(float64[])>with<DynamicJaxprTrace>
2025-12-04 09:54:35,951 - HFDS_Heisenberg.Gutzwiller_MF_Init - INFO - MF energy Initialize orbitals: Traced<ShapedArray(float64[])>with<DynamicJaxprTrace>
2025-12-04 09:54:35,952 - HFDS_Heisenberg.Gutzwiller_MF_Init - INFO - Finished updating Gutzwiller MF orbitals.
2025-12-04 09:54:36,492 - __main__ - INFO - MCState (vstate) created.
2025-12-04 09:54:36,559 - __main__ - INFO - VMC_SR driver created.
2025-12-04 09:54:36,559 - __main__ - INFO - Starting VMC optimization for 3 iterations.
2025-12-04 09:54:36,589 - HFDS_Heisenberg.HFDS_model_spin - INFO - Setting up HiddenFermion model.
2025-12-04 09:54:36,590 - HFDS_Heisenberg.HFDS_model_spin - INFO - HiddenFermion model setup complete.
2025-12-04 09:54:36,598 - HFDS_Heisenberg.Init_orbitals - INFO - Initializing Gutzwiller orbitals with h=0.02, phi=0.5
2025-12-04 09:54:36,750 - HFDS_Heisenberg.Gutzwiller_MF_Init - INFO - MF energy Initialize orbitals: Traced<ShapedArray(float64[])>with<DynamicJaxprTrace>
2025-12-04 09:54:36,902 - HFDS_Heisenberg.Gutzwiller_MF_Init - INFO - MF energy Initialize orbitals: Traced<ShapedArray(float64[])>with<DynamicJaxprTrace>
2025-12-04 09:54:36,903 - HFDS_Heisenberg.Gutzwiller_MF_Init - INFO - Finished updating Gutzwiller MF orbitals.
2025-12-04 09:54:37,209 - HFDS_Heisenberg.HFDS_model_spin - INFO - Setting up HiddenFermion model.
2025-12-04 09:54:37,211 - HFDS_Heisenberg.HFDS_model_spin - INFO - HiddenFermion model setup complete.
2025-12-04 09:54:37,221 - HFDS_Heisenberg.Init_orbitals - INFO - Initializing Gutzwiller orbitals with h=0.02, phi=0.5
2025-12-04 09:54:37,373 - HFDS_Heisenberg.Gutzwiller_MF_Init - INFO - MF energy Initialize orbitals: Traced<ShapedArray(float64[])>with<DynamicJaxprTrace>
2025-12-04 09:54:37,528 - HFDS_Heisenberg.Gutzwiller_MF_Init - INFO - MF energy Initialize orbitals: Traced<ShapedArray(float64[])>with<DynamicJaxprTrace>
2025-12-04 09:54:37,529 - HFDS_Heisenberg.Gutzwiller_MF_Init - INFO - Finished updating Gutzwiller MF orbitals.
2025-12-04 09:54:38,137 - HFDS_Heisenberg.HFDS_model_spin - INFO - Setting up HiddenFermion model.
2025-12-04 09:54:38,139 - HFDS_Heisenberg.HFDS_model_spin - INFO - HiddenFermion model setup complete.
2025-12-04 09:54:38,150 - HFDS_Heisenberg.Init_orbitals - INFO - Initializing Gutzwiller orbitals with h=0.02, phi=0.5
2025-12-04 09:54:38,301 - HFDS_Heisenberg.Gutzwiller_MF_Init - INFO - MF energy Initialize orbitals: Traced<ShapedArray(float64[])>with<DynamicJaxprTrace>
2025-12-04 09:54:38,700 - HFDS_Heisenberg.Gutzwiller_MF_Init - INFO - MF energy Initialize orbitals: Traced<ShapedArray(float64[])>with<DynamicJaxprTrace>
2025-12-04 09:54:38,700 - HFDS_Heisenberg.Gutzwiller_MF_Init - INFO - Finished updating Gutzwiller MF orbitals.
2025-12-04 09:54:39,339 - HFDS_Heisenberg.HFDS_model_spin - INFO - Setting up HiddenFermion model.
2025-12-04 09:54:39,340 - HFDS_Heisenberg.HFDS_model_spin - INFO - HiddenFermion model setup complete.
2025-12-04 09:54:39,349 - HFDS_Heisenberg.Init_orbitals - INFO - Initializing Gutzwiller orbitals with h=0.02, phi=0.5
2025-12-04 09:54:39,512 - HFDS_Heisenberg.Gutzwiller_MF_Init - INFO - MF energy Initialize orbitals: Traced<ShapedArray(float64[])>with<DynamicJaxprTrace>
2025-12-04 09:54:39,674 - HFDS_Heisenberg.Gutzwiller_MF_Init - INFO - MF energy Initialize orbitals: Traced<ShapedArray(float64[])>with<DynamicJaxprTrace>
2025-12-04 09:54:39,675 - HFDS_Heisenberg.Gutzwiller_MF_Init - INFO - Finished updating Gutzwiller MF orbitals.
2025-12-04 09:54:39,782 - HFDS_Heisenberg.HFDS_model_spin - INFO - Setting up HiddenFermion model.
2025-12-04 09:54:39,783 - HFDS_Heisenberg.HFDS_model_spin - INFO - HiddenFermion model setup complete.
2025-12-04 09:54:39,790 - HFDS_Heisenberg.Init_orbitals - INFO - Initializing Gutzwiller orbitals with h=0.02, phi=0.5
2025-12-04 09:54:39,953 - HFDS_Heisenberg.Gutzwiller_MF_Init - INFO - MF energy Initialize orbitals: Traced<ShapedArray(float64[])>with<DynamicJaxprTrace>
2025-12-04 09:54:40,114 - HFDS_Heisenberg.Gutzwiller_MF_Init - INFO - MF energy Initialize orbitals: Traced<ShapedArray(float64[])>with<DynamicJaxprTrace>
2025-12-04 09:54:40,115 - HFDS_Heisenberg.Gutzwiller_MF_Init - INFO - Finished updating Gutzwiller MF orbitals.
2025-12-04 09:54:40,823 - HFDS_Heisenberg.HFDS_model_spin - INFO - Setting up HiddenFermion model.
2025-12-04 09:54:40,825 - HFDS_Heisenberg.HFDS_model_spin - INFO - HiddenFermion model setup complete.
2025-12-04 09:54:40,838 - HFDS_Heisenberg.Init_orbitals - INFO - Initializing Gutzwiller orbitals with h=0.02, phi=0.5
2025-12-04 09:54:41,014 - HFDS_Heisenberg.Gutzwiller_MF_Init - INFO - MF energy Initialize orbitals: Traced<ShapedArray(float64[])>with<DynamicJaxprTrace>
2025-12-04 09:54:41,451 - HFDS_Heisenberg.Gutzwiller_MF_Init - INFO - MF energy Initialize orbitals: Traced<ShapedArray(float64[])>with<DynamicJaxprTrace>
2025-12-04 09:54:41,454 - HFDS_Heisenberg.Gutzwiller_MF_Init - INFO - Finished updating Gutzwiller MF orbitals.
2025-12-04 09:54:41,613 - HFDS_Heisenberg.HFDS_model_spin - INFO - Setting up HiddenFermion model.
2025-12-04 09:54:41,615 - HFDS_Heisenberg.HFDS_model_spin - INFO - HiddenFermion model setup complete.
2025-12-04 09:54:41,636 - HFDS_Heisenberg.Init_orbitals - INFO - Initializing Gutzwiller orbitals with h=0.02, phi=0.5
2025-12-04 09:54:41,804 - HFDS_Heisenberg.Gutzwiller_MF_Init - INFO - MF energy Initialize orbitals: Traced<ShapedArray(float64[])>with<DynamicJaxprTrace>
2025-12-04 09:54:41,973 - HFDS_Heisenberg.Gutzwiller_MF_Init - INFO - MF energy Initialize orbitals: Traced<ShapedArray(float64[])>with<DynamicJaxprTrace>
2025-12-04 09:54:41,974 - HFDS_Heisenberg.Gutzwiller_MF_Init - INFO - Finished updating Gutzwiller MF orbitals.
2025-12-04 09:54:42,304 - HFDS_Heisenberg.HFDS_model_spin - INFO - Setting up HiddenFermion model.
2025-12-04 09:54:42,306 - HFDS_Heisenberg.HFDS_model_spin - INFO - HiddenFermion model setup complete.
2025-12-04 09:54:42,326 - HFDS_Heisenberg.Init_orbitals - INFO - Initializing Gutzwiller orbitals with h=0.02, phi=0.5
2025-12-04 09:54:42,494 - HFDS_Heisenberg.Gutzwiller_MF_Init - INFO - MF energy Initialize orbitals: Traced<ShapedArray(float64[])>with<DynamicJaxprTrace>
2025-12-04 09:54:42,663 - HFDS_Heisenberg.Gutzwiller_MF_Init - INFO - MF energy Initialize orbitals: Traced<ShapedArray(float64[])>with<DynamicJaxprTrace>
2025-12-04 09:54:42,664 - HFDS_Heisenberg.Gutzwiller_MF_Init - INFO - Finished updating Gutzwiller MF orbitals.
2025-12-04 09:54:43,067 - HFDS_Heisenberg.HFDS_model_spin - INFO - Setting up HiddenFermion model.
2025-12-04 09:54:43,070 - HFDS_Heisenberg.HFDS_model_spin - INFO - HiddenFermion model setup complete.
2025-12-04 09:54:43,078 - HFDS_Heisenberg.Init_orbitals - INFO - Initializing Gutzwiller orbitals with h=0.02, phi=0.5
2025-12-04 09:54:43,233 - HFDS_Heisenberg.Gutzwiller_MF_Init - INFO - MF energy Initialize orbitals: Traced<ShapedArray(float64[])>with<DynamicJaxprTrace>
2025-12-04 09:54:43,387 - HFDS_Heisenberg.Gutzwiller_MF_Init - INFO - MF energy Initialize orbitals: Traced<ShapedArray(float64[])>with<DynamicJaxprTrace>
2025-12-04 09:54:43,388 - HFDS_Heisenberg.Gutzwiller_MF_Init - INFO - Finished updating Gutzwiller MF orbitals.
2025-12-04 09:54:43,465 - HFDS_Heisenberg.HFDS_model_spin - INFO - Setting up HiddenFermion model.
2025-12-04 09:54:43,469 - HFDS_Heisenberg.HFDS_model_spin - INFO - HiddenFermion model setup complete.
2025-12-04 09:54:43,482 - HFDS_Heisenberg.Init_orbitals - INFO - Initializing Gutzwiller orbitals with h=0.02, phi=0.5
2025-12-04 09:54:43,637 - HFDS_Heisenberg.Gutzwiller_MF_Init - INFO - MF energy Initialize orbitals: Traced<ShapedArray(float64[])>with<DynamicJaxprTrace>
2025-12-04 09:54:43,790 - HFDS_Heisenberg.Gutzwiller_MF_Init - INFO - MF energy Initialize orbitals: Traced<ShapedArray(float64[])>with<DynamicJaxprTrace>
2025-12-04 09:54:43,791 - HFDS_Heisenberg.Gutzwiller_MF_Init - INFO - Finished updating Gutzwiller MF orbitals.
2025-12-04 09:55:13,766 - HFDS_Heisenberg.HFDS_model_spin - INFO - Setting up HiddenFermion model.
2025-12-04 09:55:13,768 - HFDS_Heisenberg.HFDS_model_spin - INFO - HiddenFermion model setup complete.
2025-12-04 09:55:13,780 - HFDS_Heisenberg.Init_orbitals - INFO - Initializing Gutzwiller orbitals with h=0.02, phi=0.5
2025-12-04 09:55:13,933 - HFDS_Heisenberg.Gutzwiller_MF_Init - INFO - MF energy Initialize orbitals: Traced<ShapedArray(float64[])>with<DynamicJaxprTrace>
2025-12-04 09:55:14,085 - HFDS_Heisenberg.Gutzwiller_MF_Init - INFO - MF energy Initialize orbitals: Traced<ShapedArray(float64[])>with<DynamicJaxprTrace>
2025-12-04 09:55:14,086 - HFDS_Heisenberg.Gutzwiller_MF_Init - INFO - Finished updating Gutzwiller MF orbitals.
2025-12-04 09:56:23,534 - __main__ - INFO - VMC optimization finished.
  0%|          | 0/3 [00:00<?, ?it/s]  0%|          | 0/3 [00:37<?, ?it/s, Energy=-20.10+0.06j ± 0.90 [σ²=1.5e+02, R̂=1.225]]  0%|          | 0/3 [00:35<?, ?it/s, Energy=-27.93-0.93j ± 0.67 [σ²=8.8e+01, R̂=1.225]] 33%|███▎      | 1/3 [00:35<01:11, 35.85s/it, Energy=-27.93-0.93j ± 0.67 [σ²=8.8e+01, R̂=1.225]] 33%|███▎      | 1/3 [01:09<01:11, 35.85s/it, Energy=-32.14+0.26j ± 0.50 [σ²=6.7e+01, R̂=1.225]] 67%|██████▋   | 2/3 [01:09<00:34, 34.74s/it, Energy=-32.14+0.26j ± 0.50 [σ²=6.7e+01, R̂=1.225]]100%|██████████| 3/3 [01:09<00:00, 23.27s/it, Energy=-32.14+0.26j ± 0.50 [σ²=6.7e+01, R̂=1.225]]
2025-12-04 09:56:23,536 - __main__ - INFO - Starting post-simulation analysis.
2025-12-04 09:56:23,675 - HFDS_Heisenberg.HFDS_model_spin - INFO - Setting up HiddenFermion model.
2025-12-04 09:56:23,676 - HFDS_Heisenberg.HFDS_model_spin - INFO - HiddenFermion model setup complete.
2025-12-04 09:56:23,687 - HFDS_Heisenberg.Init_orbitals - INFO - Initializing Gutzwiller orbitals with h=0.02, phi=0.5
2025-12-04 09:56:23,840 - HFDS_Heisenberg.Gutzwiller_MF_Init - INFO - MF energy Initialize orbitals: Traced<ShapedArray(float64[])>with<DynamicJaxprTrace>
2025-12-04 09:56:23,995 - HFDS_Heisenberg.Gutzwiller_MF_Init - INFO - MF energy Initialize orbitals: Traced<ShapedArray(float64[])>with<DynamicJaxprTrace>
2025-12-04 09:56:23,995 - HFDS_Heisenberg.Gutzwiller_MF_Init - INFO - Finished updating Gutzwiller MF orbitals.
2025-12-04 09:56:24,986 - HFDS_Heisenberg.HFDS_model_spin - INFO - Setting up HiddenFermion model.
2025-12-04 09:56:24,988 - HFDS_Heisenberg.HFDS_model_spin - INFO - HiddenFermion model setup complete.
2025-12-04 09:56:24,996 - HFDS_Heisenberg.Init_orbitals - INFO - Initializing Gutzwiller orbitals with h=0.02, phi=0.5
2025-12-04 09:56:25,159 - HFDS_Heisenberg.Gutzwiller_MF_Init - INFO - MF energy Initialize orbitals: Traced<ShapedArray(float64[])>with<DynamicJaxprTrace>
2025-12-04 09:56:25,324 - HFDS_Heisenberg.Gutzwiller_MF_Init - INFO - MF energy Initialize orbitals: Traced<ShapedArray(float64[])>with<DynamicJaxprTrace>
2025-12-04 09:56:25,325 - HFDS_Heisenberg.Gutzwiller_MF_Init - INFO - Finished updating Gutzwiller MF orbitals.
2025-12-04 09:56:25,436 - HFDS_Heisenberg.HFDS_model_spin - INFO - Setting up HiddenFermion model.
2025-12-04 09:56:25,437 - HFDS_Heisenberg.HFDS_model_spin - INFO - HiddenFermion model setup complete.
2025-12-04 09:56:25,445 - HFDS_Heisenberg.Init_orbitals - INFO - Initializing Gutzwiller orbitals with h=0.02, phi=0.5
2025-12-04 09:56:25,608 - HFDS_Heisenberg.Gutzwiller_MF_Init - INFO - MF energy Initialize orbitals: Traced<ShapedArray(float64[])>with<DynamicJaxprTrace>
2025-12-04 09:56:25,770 - HFDS_Heisenberg.Gutzwiller_MF_Init - INFO - MF energy Initialize orbitals: Traced<ShapedArray(float64[])>with<DynamicJaxprTrace>
2025-12-04 09:56:25,771 - HFDS_Heisenberg.Gutzwiller_MF_Init - INFO - Finished updating Gutzwiller MF orbitals.
2025-12-04 09:56:58,527 - HFDS_Heisenberg.HFDS_model_spin - INFO - Setting up HiddenFermion model.
2025-12-04 09:56:58,528 - HFDS_Heisenberg.HFDS_model_spin - INFO - HiddenFermion model setup complete.
2025-12-04 09:56:58,536 - HFDS_Heisenberg.Init_orbitals - INFO - Initializing Gutzwiller orbitals with h=0.02, phi=0.5
2025-12-04 09:56:58,695 - HFDS_Heisenberg.Gutzwiller_MF_Init - INFO - MF energy Initialize orbitals: Traced<ShapedArray(float64[])>with<DynamicJaxprTrace>
2025-12-04 09:56:58,856 - HFDS_Heisenberg.Gutzwiller_MF_Init - INFO - MF energy Initialize orbitals: Traced<ShapedArray(float64[])>with<DynamicJaxprTrace>
2025-12-04 09:56:58,857 - HFDS_Heisenberg.Gutzwiller_MF_Init - INFO - Finished updating Gutzwiller MF orbitals.
2025-12-04 09:56:58,917 - HFDS_Heisenberg.HFDS_model_spin - INFO - Setting up HiddenFermion model.
2025-12-04 09:56:58,918 - HFDS_Heisenberg.HFDS_model_spin - INFO - HiddenFermion model setup complete.
2025-12-04 09:56:58,926 - HFDS_Heisenberg.Init_orbitals - INFO - Initializing Gutzwiller orbitals with h=0.02, phi=0.5
2025-12-04 09:56:59,086 - HFDS_Heisenberg.Gutzwiller_MF_Init - INFO - MF energy Initialize orbitals: Traced<ShapedArray(float64[])>with<DynamicJaxprTrace>
2025-12-04 09:56:59,246 - HFDS_Heisenberg.Gutzwiller_MF_Init - INFO - MF energy Initialize orbitals: Traced<ShapedArray(float64[])>with<DynamicJaxprTrace>
2025-12-04 09:56:59,246 - HFDS_Heisenberg.Gutzwiller_MF_Init - INFO - Finished updating Gutzwiller MF orbitals.
2025-12-04 09:57:54,728 - HFDS_Heisenberg.HFDS_model_spin - INFO - Setting up HiddenFermion model.
2025-12-04 09:57:54,729 - HFDS_Heisenberg.HFDS_model_spin - INFO - HiddenFermion model setup complete.
2025-12-04 09:57:54,737 - HFDS_Heisenberg.Init_orbitals - INFO - Initializing Gutzwiller orbitals with h=0.02, phi=0.5
2025-12-04 09:57:54,965 - HFDS_Heisenberg.Gutzwiller_MF_Init - INFO - MF energy Initialize orbitals: Traced<ShapedArray(float64[])>with<DynamicJaxprTrace>
2025-12-04 09:57:55,168 - HFDS_Heisenberg.Gutzwiller_MF_Init - INFO - MF energy Initialize orbitals: Traced<ShapedArray(float64[])>with<DynamicJaxprTrace>
2025-12-04 09:57:55,169 - HFDS_Heisenberg.Gutzwiller_MF_Init - INFO - Finished updating Gutzwiller MF orbitals.
2025-12-04 09:57:56,861 - HFDS_Heisenberg.HFDS_model_spin - INFO - Setting up HiddenFermion model.
2025-12-04 09:57:56,862 - HFDS_Heisenberg.HFDS_model_spin - INFO - HiddenFermion model setup complete.
2025-12-04 09:57:56,871 - HFDS_Heisenberg.Init_orbitals - INFO - Initializing Gutzwiller orbitals with h=0.02, phi=0.5
2025-12-04 09:57:57,067 - HFDS_Heisenberg.Gutzwiller_MF_Init - INFO - MF energy Initialize orbitals: Traced<ShapedArray(float64[])>with<DynamicJaxprTrace>
2025-12-04 09:57:57,261 - HFDS_Heisenberg.Gutzwiller_MF_Init - INFO - MF energy Initialize orbitals: Traced<ShapedArray(float64[])>with<DynamicJaxprTrace>
2025-12-04 09:57:57,262 - HFDS_Heisenberg.Gutzwiller_MF_Init - INFO - Finished updating Gutzwiller MF orbitals.
2025-12-04 09:57:57,333 - HFDS_Heisenberg.HFDS_model_spin - INFO - Setting up HiddenFermion model.
2025-12-04 09:57:57,334 - HFDS_Heisenberg.HFDS_model_spin - INFO - HiddenFermion model setup complete.
2025-12-04 09:57:57,343 - HFDS_Heisenberg.Init_orbitals - INFO - Initializing Gutzwiller orbitals with h=0.02, phi=0.5
2025-12-04 09:57:57,530 - HFDS_Heisenberg.Gutzwiller_MF_Init - INFO - MF energy Initialize orbitals: Traced<ShapedArray(float64[])>with<DynamicJaxprTrace>
2025-12-04 09:57:57,716 - HFDS_Heisenberg.Gutzwiller_MF_Init - INFO - MF energy Initialize orbitals: Traced<ShapedArray(float64[])>with<DynamicJaxprTrace>
2025-12-04 09:57:57,717 - HFDS_Heisenberg.Gutzwiller_MF_Init - INFO - Finished updating Gutzwiller MF orbitals.
2025-12-04 09:57:58,669 - HFDS_Heisenberg.HFDS_model_spin - INFO - Setting up HiddenFermion model.
2025-12-04 09:57:58,671 - HFDS_Heisenberg.HFDS_model_spin - INFO - HiddenFermion model setup complete.
2025-12-04 09:57:58,681 - HFDS_Heisenberg.Init_orbitals - INFO - Initializing Gutzwiller orbitals with h=0.02, phi=0.5
2025-12-04 09:57:58,905 - HFDS_Heisenberg.Gutzwiller_MF_Init - INFO - MF energy Initialize orbitals: Traced<ShapedArray(float64[])>with<DynamicJaxprTrace>
2025-12-04 09:57:59,130 - HFDS_Heisenberg.Gutzwiller_MF_Init - INFO - MF energy Initialize orbitals: Traced<ShapedArray(float64[])>with<DynamicJaxprTrace>
2025-12-04 09:57:59,132 - HFDS_Heisenberg.Gutzwiller_MF_Init - INFO - Finished updating Gutzwiller MF orbitals.
2025-12-04 09:58:00,997 - HFDS_Heisenberg.HFDS_model_spin - INFO - Setting up HiddenFermion model.
2025-12-04 09:58:00,999 - HFDS_Heisenberg.HFDS_model_spin - INFO - HiddenFermion model setup complete.
2025-12-04 09:58:01,010 - HFDS_Heisenberg.Init_orbitals - INFO - Initializing Gutzwiller orbitals with h=0.02, phi=0.5
2025-12-04 09:58:01,188 - HFDS_Heisenberg.Gutzwiller_MF_Init - INFO - MF energy Initialize orbitals: Traced<ShapedArray(float64[])>with<DynamicJaxprTrace>
2025-12-04 09:58:01,366 - HFDS_Heisenberg.Gutzwiller_MF_Init - INFO - MF energy Initialize orbitals: Traced<ShapedArray(float64[])>with<DynamicJaxprTrace>
2025-12-04 09:58:01,367 - HFDS_Heisenberg.Gutzwiller_MF_Init - INFO - Finished updating Gutzwiller MF orbitals.
2025-12-04 09:58:05,178 - HFDS_Heisenberg.HFDS_model_spin - INFO - Setting up HiddenFermion model.
2025-12-04 09:58:05,179 - HFDS_Heisenberg.HFDS_model_spin - INFO - HiddenFermion model setup complete.
2025-12-04 09:58:05,188 - HFDS_Heisenberg.Init_orbitals - INFO - Initializing Gutzwiller orbitals with h=0.02, phi=0.5
2025-12-04 09:58:05,676 - HFDS_Heisenberg.Gutzwiller_MF_Init - INFO - MF energy Initialize orbitals: Traced<ShapedArray(float64[])>with<DynamicJaxprTrace>
2025-12-04 09:58:05,861 - HFDS_Heisenberg.Gutzwiller_MF_Init - INFO - MF energy Initialize orbitals: Traced<ShapedArray(float64[])>with<DynamicJaxprTrace>
2025-12-04 09:58:05,862 - HFDS_Heisenberg.Gutzwiller_MF_Init - INFO - Finished updating Gutzwiller MF orbitals.
/cluster/home/fconoscenti/Thesis_QSL/Elaborate/Plotting/Sign_vs_iteration.py:352: UserWarning: This figure includes Axes that are not compatible with tight_layout, so results might be incorrect.
  plt.tight_layout(rect=[0, 0, 0.80, 1])  # leave room on the right for our insets
2025-12-04 09:58:32,541 - __main__ - INFO - Analysis variables saved to pickle file.
2025-12-04 09:58:32,541 - __main__ - INFO - Script finished successfully.
